2024-12-30T16:16:42
ID	Read	R1_Forward	R1_Reverse	R2_Forward	R2_Reverse	R1_Penalty	R2_Penalty
ERR2188723.1160724 7001289F:119:HH7GHBCXY:2:2104:2048:41433/1	R1	-	+	-	+	0.526316	0.526316
ERR2188723.2115768 7001289F:119:HH7GHBCXY:1:2108:15481:62154/1	R1	-	+	-	+	0.736842	0.736842
ERR2188723.2226264 7001289F:119:HH7GHBCXY:2:2105:20049:12961/1	R1	-	+	-	+	0.684211	0.684211
ERR2188723.3173315 7001289F:119:HH7GHBCXY:2:2109:6372:80572/1	R1	-	+	-	+	0.666667	0.666667
ERR2188723.3264793 7001289F:119:HH7GHBCXY:2:1215:14830:45419/1	R1	+	-	+	-	0.000000	0.000000
ERR2188723.3264795 7001289F:119:HH7GHBCXY:1:2201:18915:15582/1	R1	+	-	+	-	0.390909	0.390909
ERR2188723.3264796 7001289F:119:HH7GHBCXY:1:2206:2880:43733/1	R1	+	-	+	-	0.558824	0.558824
ERR2188723.3264797 7001289F:119:HH7GHBCXY:2:1101:19457:19314/1	R1	+	-	+	-	0.500000	0.500000
ERR2188723.3264798 7001289F:119:HH7GHBCXY:2:1204:17273:87192/1	R1	+	-	+	-	0.413043	0.413043
ERR2188723.3264799 7001289F:119:HH7GHBCXY:2:1215:8584:19073/1	R1	+	-	+	-	0.504673	0.504673
ERR2188723.3264803 7001289F:119:HH7GHBCXY:2:2201:12226:98693/1	R1	+	-	+	-	0.514019	0.514019
ERR2188723.3264805 7001289F:119:HH7GHBCXY:1:1201:12311:44233/1	R1	+	-	+	-	0.345455	0.345455
ERR2188723.3264806 7001289F:119:HH7GHBCXY:1:1215:9369:17782/1	R1	+	-	+	-	0.585106	0.585106
ERR2188723.3264807 7001289F:119:HH7GHBCXY:1:2102:6892:69578/1	R1	+	-	+	-	0.446429	0.446429
ERR2188723.3264809 7001289F:119:HH7GHBCXY:1:1205:11827:55906/1	R1	+	-	+	-	0.345455	0.345455
ERR2188723.3264813 7001289F:119:HH7GHBCXY:1:2214:18353:8892/1	R1	+	-	+	-	0.433628	0.433628
ERR2188723.3264814 7001289F:119:HH7GHBCXY:1:2216:2419:55972/1	R1	+	-	+	-	0.620000	0.620000
ERR2188723.3264818 7001289F:119:HH7GHBCXY:1:1107:7629:38399/1	R1	+	-	+	-	0.759259	0.759259
ERR2188723.3264822 7001289F:119:HH7GHBCXY:1:2211:8064:34902/1	R1	+	-	+	-	0.000000	0.000000
ERR2188723.3264823 7001289F:119:HH7GHBCXY:2:1112:8476:44650/1	R1	+	-	+	-	0.759259	0.759259
ERR2188723.3264824 7001289F:119:HH7GHBCXY:2:1114:19480:30861/1	R1	+	-	+	-	0.320388	0.320388
ERR2188723.3264825 7001289F:119:HH7GHBCXY:2:1210:8231:99529/1	R1	+	-	+	-	0.457944	0.457944
ERR2188723.3264826 7001289F:119:HH7GHBCXY:2:2202:1210:69087/1	R1	+	-	+	-	0.570093	0.570093
ERR2188723.3264827 7001289F:119:HH7GHBCXY:1:1114:8430:10770/1	R1	+	-	+	-	0.302752	0.302752
ERR2188723.3264828 7001289F:119:HH7GHBCXY:1:2114:7141:4398/1	R1	+	-	+	-	0.302752	0.302752
ERR2188723.3264829 7001289F:119:HH7GHBCXY:2:2111:19096:41728/1	R1	+	-	+	-	0.550562	0.550562
ERR2188723.3264830 7001289F:119:HH7GHBCXY:2:2115:15642:86733/1	R1	+	-	+	-	0.302752	0.302752
ERR2188723.3264831 7001289F:119:HH7GHBCXY:2:2203:12421:66226/1	R1	+	-	+	-	0.302752	0.302752
ERR2188723.3264832 7001289F:119:HH7GHBCXY:2:2204:16683:57875/1	R1	+	-	+	-	0.302752	0.302752
ERR2188723.3264834 7001289F:119:HH7GHBCXY:1:1105:9052:44950/1	R1	+	-	+	-	0.302752	0.302752
ERR2188723.3264835 7001289F:119:HH7GHBCXY:1:1109:8435:9052/1	R1	+	-	+	-	0.345455	0.345455
ERR2188723.3264838 7001289F:119:HH7GHBCXY:1:2104:16460:76656/1	R1	+	-	+	-	0.345455	0.345455
ERR2188723.3264839 7001289F:119:HH7GHBCXY:1:2214:1924:23010/1	R1	+	-	+	-	0.000000	0.000000
ERR2188723.3264841 7001289F:119:HH7GHBCXY:2:1203:5411:72827/1	R1	+	-	+	-	0.345455	0.345455
ERR2188723.3264845 7001289F:119:HH7GHBCXY:2:2112:14560:68332/1	R1	+	-	+	-	0.000000	0.000000
ERR2188723.3264847 7001289F:119:HH7GHBCXY:2:2211:16298:42999/1	R1	-	+	-	+	0.000000	0.000000
ERR2188723.3264853 7001289F:119:HH7GHBCXY:1:2201:12867:83909/1	R1	+	-	+	-	0.000000	0.000000
ERR2188723.3264862 7001289F:119:HH7GHBCXY:2:1214:19245:74524/1	R1	+	-	+	-	0.000000	0.000000
ERR2188723.3264864 7001289F:119:HH7GHBCXY:2:2216:3379:4540/1	R1	+	-	+	-	0.000000	0.000000
ERR2188723.3264865 7001289F:119:HH7GHBCXY:2:2213:5211:78004/1	R1	+	-	+	-	0.477876	0.477876
ERR2188723.3264866 7001289F:119:HH7GHBCXY:2:1205:15829:13030/1	R1	-	+	-	+	0.047619	0.047619
ERR2188723.3264867 7001289F:119:HH7GHBCXY:1:1206:18503:84054/1	R1	+	-	+	-	0.553571	0.553571
ERR2188723.3264868 7001289F:119:HH7GHBCXY:2:1203:6801:54082/1	R1	-	+	-	+	0.000000	0.000000
ERR2188723.3264871 7001289F:119:HH7GHBCXY:2:1204:8763:55451/1	R1	-	+	-	+	0.000000	0.000000
ERR2188723.3264873 7001289F:119:HH7GHBCXY:2:1202:18704:64167/1	R1	+	-	+	-	0.320388	0.320388
ERR2188723.3264875 7001289F:119:HH7GHBCXY:1:1202:13858:20901/1	R1	+	-	+	-	0.345455	0.345455
ERR2188723.3264876 7001289F:119:HH7GHBCXY:1:1212:15393:62157/1	R1	+	-	+	-	0.345455	0.345455
ERR2188723.3264878 7001289F:119:HH7GHBCXY:1:2210:4926:8431/1	R1	+	-	+	-	0.454545	0.454545
ERR2188723.3264879 7001289F:119:HH7GHBCXY:1:2212:12573:94718/1	R1	+	-	+	-	0.639640	0.639640
ERR2188723.3264880 7001289F:119:HH7GHBCXY:2:1110:17389:27977/1	R1	+	-	+	-	0.345455	0.345455
ERR2188723.3264881 7001289F:119:HH7GHBCXY:2:1213:13834:30942/1	R1	+	-	+	-	0.639640	0.639640
ERR2188723.3264883 7001289F:119:HH7GHBCXY:1:2212:12621:89940/1	R1	-	+	-	+	0.000000	0.000000
ERR2188723.3264885 7001289F:119:HH7GHBCXY:2:1107:3242:48158/1	R1	+	-	+	-	0.302752	0.302752
ERR2188723.3264886 7001289F:119:HH7GHBCXY:2:2205:13026:6042/1	R1	+	-	+	-	0.302752	0.302752
ERR2188723.3264888 7001289F:119:HH7GHBCXY:2:1112:5738:37080/1	R1	+	-	+	-	0.302752	0.302752
ERR2188723.3264891 7001289F:119:HH7GHBCXY:1:1203:18452:84898/1	R1	+	-	+	-	0.433628	0.433628
ERR2188723.3264892 7001289F:119:HH7GHBCXY:1:1206:10103:43313/1	R1	+	-	+	-	0.433628	0.433628
ERR2188723.3264893 7001289F:119:HH7GHBCXY:2:1201:9849:38794/1	R1	+	-	+	-	0.433628	0.433628
ERR2188723.3264894 7001289F:119:HH7GHBCXY:2:2209:3442:10166/1	R1	+	-	+	-	0.457944	0.457944
ERR2188723.3264895 7001289F:119:HH7GHBCXY:1:1205:8487:89622/1	R1	+	-	+	-	0.446429	0.446429
ERR2188723.3264896 7001289F:119:HH7GHBCXY:1:1208:19291:47862/1	R1	+	-	+	-	0.471698	0.471698
ERR2188723.3264898 7001289F:119:HH7GHBCXY:2:2102:1323:44026/1	R1	+	-	+	-	0.446429	0.446429
ERR2188723.3264899 7001289F:119:HH7GHBCXY:1:2104:18053:78174/1	R1	-	+	-	+	0.158333	0.158333
ERR2188723.3264901 7001289F:119:HH7GHBCXY:2:2201:2982:42770/1	R1	+	-	+	-	0.417722	0.417722
ERR2188723.3264902 7001289F:119:HH7GHBCXY:2:2116:4839:62750/1	R1	+	-	+	-	0.471698	0.471698
ERR2188723.3264906 7001289F:119:HH7GHBCXY:1:1110:2587:11075/1	R1	-	+	-	+	0.000000	0.000000
ERR2188723.3264907 7001289F:119:HH7GHBCXY:1:1209:14328:9915/1	R1	+	-	+	-	0.000000	0.000000
ERR2188723.3264916 7001289F:119:HH7GHBCXY:2:1116:7438:92208/1	R1	+	-	+	-	0.000000	0.000000
ERR2188723.5053606 7001289F:119:HH7GHBCXY:1:1115:20222:82259/1	R1	+	-	+	-	0.000000	0.000000
ERR2188723.5313592 7001289F:119:HH7GHBCXY:1:1204:16244:72594/1	R1	+	-	+	-	0.504673	0.504673
ERR2188723.5568755 7001289F:119:HH7GHBCXY:1:1116:3162:78646/1	R1	+	-	+	-	0.530973	0.530973
ERR2188723.6765229 7001289F:119:HH7GHBCXY:1:2110:17469:62919/1	R1	-	+	-	+	0.000000	0.000000
ERR2188723.6844155 7001289F:119:HH7GHBCXY:2:2210:18253:90378/1	R1	+	-	+	-	0.166667	0.166667
ERR2188723.6844159 7001289F:119:HH7GHBCXY:1:2201:9716:5299/1	R1	+	-	+	-	0.485149	0.485149
ERR2188723.6844164 7001289F:119:HH7GHBCXY:2:1209:19027:38521/1	R1	+	-	+	-	0.863636	0.863636
ERR2188723.6844165 7001289F:119:HH7GHBCXY:2:1213:1627:88735/1	R1	+	-	+	-	0.477876	0.477876
ERR2188723.6844170 7001289F:119:HH7GHBCXY:1:1207:17144:42765/1	R1	+	-	+	-	0.000000	0.000000
ERR2188723.6844172 7001289F:119:HH7GHBCXY:2:2205:14876:6100/1	R1	+	-	+	-	0.639640	0.639640
ERR2188723.6844173 7001289F:119:HH7GHBCXY:1:2116:11314:29668/1	R1	+	-	+	-	0.446429	0.446429
ERR2188723.6844174 7001289F:119:HH7GHBCXY:1:1106:20034:64304/1	R1	+	-	+	-	0.433628	0.433628
ERR2188723.6844175 7001289F:119:HH7GHBCXY:1:1110:14784:50913/1	R1	+	-	+	-	0.929204	0.929204
ERR2188723.6844176 7001289F:119:HH7GHBCXY:1:1213:14593:75314/1	R1	+	-	+	-	0.433628	0.433628
ERR2188723.6844177 7001289F:119:HH7GHBCXY:1:1212:7939:13862/1	R1	+	-	+	-	0.433628	0.433628
ERR2188723.6844178 7001289F:119:HH7GHBCXY:1:2204:21127:49329/1	R1	+	-	+	-	0.553571	0.553571
ERR2188723.6844179 7001289F:119:HH7GHBCXY:1:2206:10140:49618/1	R1	+	-	+	-	0.433628	0.433628
ERR2188723.6844182 7001289F:119:HH7GHBCXY:1:1111:8763:30511/1	R1	+	-	+	-	0.000000	0.000000
ERR2188723.6844187 7001289F:119:HH7GHBCXY:1:2204:12709:55162/1	R1	+	-	+	-	0.471698	0.471698
ERR2188723.6844188 7001289F:119:HH7GHBCXY:2:1107:18774:88853/1	R1	+	-	+	-	0.000000	0.000000
ERR2188723.6844192 7001289F:119:HH7GHBCXY:2:2215:16722:41530/1	R1	+	-	+	-	0.560000	0.560000
ERR2188723.6844193 7001289F:119:HH7GHBCXY:1:1109:19503:82254/1	R1	+	-	+	-	0.000000	0.000000
ERR2188723.6844194 7001289F:119:HH7GHBCXY:1:2210:9170:11314/1	R1	+	-	+	-	0.616822	0.616822
ERR2188723.6844197 7001289F:119:HH7GHBCXY:2:2109:11491:21238/1	R1	+	-	+	-	0.302752	0.302752
ERR2188723.6844198 7001289F:119:HH7GHBCXY:2:2113:9363:23713/1	R1	+	-	+	-	0.302752	0.302752
ERR2188723.6844199 7001289F:119:HH7GHBCXY:2:2203:10458:69660/1	R1	+	-	+	-	0.000000	0.000000
ERR2188723.6844200 7001289F:119:HH7GHBCXY:1:1102:12394:8318/1	R1	+	-	+	-	0.302752	0.302752
ERR2188723.6844201 7001289F:119:HH7GHBCXY:1:1201:8449:44711/1	R1	+	-	+	-	0.345455	0.345455
ERR2188723.6844202 7001289F:119:HH7GHBCXY:1:1210:7687:2636/1	R1	+	-	+	-	0.345455	0.345455
ERR2188723.6844205 7001289F:119:HH7GHBCXY:2:1111:11801:65283/1	R1	+	-	+	-	0.808989	0.808989
ERR2188723.6844206 7001289F:119:HH7GHBCXY:2:1208:8049:97728/1	R1	+	-	+	-	0.345455	0.345455
ERR2188723.6844207 7001289F:119:HH7GHBCXY:2:1213:14313:70975/1	R1	+	-	+	-	0.345455	0.345455
ERR2188723.6844208 7001289F:119:HH7GHBCXY:2:1102:9087:98885/1	R1	-	+	-	+	0.000000	0.000000
ERR2188723.6844209 7001289F:119:HH7GHBCXY:1:1203:2831:62608/1	R1	+	-	+	-	0.632353	0.632353
ERR2188723.6844210 7001289F:119:HH7GHBCXY:1:1110:18872:55299/1	R1	-	+	-	+	0.000000	0.000000
ERR2188723.6844211 7001289F:119:HH7GHBCXY:2:2205:5875:65132/1	R1	+	-	+	-	0.433628	0.433628
ERR2188723.6844217 7001289F:119:HH7GHBCXY:2:2210:8708:94115/1	R1	-	+	-	+	0.000000	0.000000
ERR2188723.6844220 7001289F:119:HH7GHBCXY:1:1213:4645:55055/1	R1	+	-	+	-	0.514019	0.514019
ERR2188723.6844221 7001289F:119:HH7GHBCXY:2:2203:8965:50933/1	R1	-	+	-	+	0.087500	0.087500
ERR2188723.6844222 7001289F:119:HH7GHBCXY:1:2101:11037:99892/1	R1	+	-	+	-	0.320388	0.320388
ERR2188723.6844228 7001289F:119:HH7GHBCXY:2:1215:4740:93681/1	R1	+	-	+	-	0.789474	0.789474
ERR2188723.6844229 7001289F:119:HH7GHBCXY:1:1209:10604:50838/1	R1	-	+	-	+	0.000000	0.000000
ERR2188723.6844230 7001289F:119:HH7GHBCXY:2:2113:6748:16967/1	R1	-	+	-	+	0.000000	0.000000
ERR2188723.6844234 7001289F:119:HH7GHBCXY:2:2112:21239:52981/1	R1	+	-	+	-	0.616438	0.616438
ERR2188723.6844235 7001289F:119:HH7GHBCXY:2:1112:20219:66209/1	R1	+	-	+	-	0.551402	0.551402
ERR2188723.6844236 7001289F:119:HH7GHBCXY:1:1216:4743:72916/1	R1	-	+	-	+	0.000000	0.000000
ERR2188723.6844237 7001289F:119:HH7GHBCXY:2:2214:21260:34521/1	R1	+	-	+	-	0.590361	0.590361
ERR2188723.6844240 7001289F:119:HH7GHBCXY:2:1212:14333:74011/1	R1	+	-	+	-	0.302752	0.302752
ERR2188723.6844243 7001289F:119:HH7GHBCXY:1:1115:11310:18532/1	R1	+	-	+	-	0.000000	0.000000
ERR2188723.6844247 7001289F:119:HH7GHBCXY:1:2206:12520:27612/1	R1	-	+	-	+	0.000000	0.000000
ERR2188723.6844249 7001289F:119:HH7GHBCXY:1:2202:13972:57658/1	R1	+	-	+	-	0.678571	0.678571
ERR2188723.6844252 7001289F:119:HH7GHBCXY:1:1101:21022:67476/1	R1	+	-	+	-	0.515789	0.515789
ERR2188723.6844258 7001289F:119:HH7GHBCXY:2:1211:17775:47369/1	R1	+	-	+	-	0.000000	0.000000
ERR2188723.6844260 7001289F:119:HH7GHBCXY:1:1116:12797:99753/1	R1	+	-	+	-	0.433628	0.433628
ERR2188723.6844263 7001289F:119:HH7GHBCXY:1:1204:16423:65659/1	R1	+	-	+	-	0.433628	0.433628
ERR2188723.6844264 7001289F:119:HH7GHBCXY:1:1214:18994:39473/1	R1	+	-	+	-	0.433628	0.433628
ERR2188723.6844265 7001289F:119:HH7GHBCXY:2:1212:17253:7603/1	R1	+	-	+	-	0.433628	0.433628
ERR2188723.6844266 7001289F:119:HH7GHBCXY:2:2201:7239:30730/1	R1	+	-	+	-	0.495327	0.495327
ERR2188723.6844267 7001289F:119:HH7GHBCXY:2:2215:8427:85994/1	R1	+	-	+	-	0.433628	0.433628
ERR2188723.6844268 7001289F:119:HH7GHBCXY:1:2108:2001:82881/1	R1	+	-	+	-	0.531915	0.531915
ERR2188723.6844269 7001289F:119:HH7GHBCXY:2:1104:1390:17488/1	R1	+	-	+	-	0.446429	0.446429
ERR2188723.6844270 7001289F:119:HH7GHBCXY:2:1211:2287:50146/1	R1	+	-	+	-	0.446429	0.446429
ERR2188723.6844271 7001289F:119:HH7GHBCXY:2:1105:13810:8362/1	R1	+	-	+	-	0.345455	0.345455
ERR2188723.6844273 7001289F:119:HH7GHBCXY:1:1103:13486:63039/1	R1	+	-	+	-	0.388235	0.388235
ERR2188723.6844274 7001289F:119:HH7GHBCXY:1:1102:11899:35047/1	R1	+	-	+	-	0.302752	0.302752
ERR2188723.6844275 7001289F:119:HH7GHBCXY:1:1205:7271:39720/1	R1	+	-	+	-	0.540984	0.540984
ERR2188723.6844276 7001289F:119:HH7GHBCXY:1:2105:8910:21641/1	R1	+	-	+	-	0.302752	0.302752
ERR2188723.6844278 7001289F:119:HH7GHBCXY:1:2104:17599:44642/1	R1	+	-	+	-	0.302752	0.302752
ERR2188723.6844279 7001289F:119:HH7GHBCXY:1:2201:8643:78184/1	R1	+	-	+	-	0.302752	0.302752
ERR2188723.6844280 7001289F:119:HH7GHBCXY:1:2207:11910:27707/1	R1	+	-	+	-	0.302752	0.302752
ERR2188723.6844281 7001289F:119:HH7GHBCXY:1:2209:8201:33104/1	R1	+	-	+	-	0.302752	0.302752
ERR2188723.6844282 7001289F:119:HH7GHBCXY:2:1112:8807:15038/1	R1	+	-	+	-	0.302752	0.302752
ERR2188723.6844283 7001289F:119:HH7GHBCXY:2:1213:2162:16481/1	R1	+	-	+	-	0.302752	0.302752
ERR2188723.6844284 7001289F:119:HH7GHBCXY:2:2108:7583:51153/1	R1	+	-	+	-	0.302752	0.302752
ERR2188723.6844285 7001289F:119:HH7GHBCXY:2:2107:19707:47700/1	R1	+	-	+	-	0.302752	0.302752
ERR2188723.6844286 7001289F:119:HH7GHBCXY:2:2114:9342:45400/1	R1	+	-	+	-	0.302752	0.302752
ERR2188723.6844287 7001289F:119:HH7GHBCXY:2:2205:10122:43530/1	R1	+	-	+	-	0.600000	0.600000
ERR2188723.6844289 7001289F:119:HH7GHBCXY:2:2114:20306:29060/1	R1	+	-	+	-	0.000000	0.000000
ERR2188723.6844292 7001289F:119:HH7GHBCXY:1:1213:12227:54507/1	R1	-	+	-	+	0.000000	0.000000
ERR2188723.6844294 7001289F:119:HH7GHBCXY:2:2109:4428:55988/1	R1	+	-	+	-	0.471698	0.471698
ERR2188723.6844304 7001289F:119:HH7GHBCXY:2:2206:13849:58215/1	R1	-	+	-	+	0.000000	0.000000
ERR2188723.6844305 7001289F:119:HH7GHBCXY:1:2208:6114:67909/1	R1	-	+	-	+	0.123077	0.123077
ERR2188723.6844306 7001289F:119:HH7GHBCXY:1:1204:7765:19586/1	R1	-	+	-	+	0.125000	0.125000
ERR2188723.6844308 7001289F:119:HH7GHBCXY:2:2114:11577:71638/1	R1	+	-	+	-	0.345455	0.345455
ERR2188723.6844309 7001289F:119:HH7GHBCXY:2:1110:5952:89604/1	R1	+	-	+	-	0.690141	0.690141
ERR2188723.6844310 7001289F:119:HH7GHBCXY:2:2116:13604:17919/1	R1	+	-	+	-	0.753846	0.753846
ERR2188723.6844311 7001289F:119:HH7GHBCXY:2:1116:10278:29845/1	R1	+	-	+	-	0.678571	0.678571
ERR2188723.7026014 7001289F:119:HH7GHBCXY:1:1210:15944:86722/1	R1	+	-	+	-	0.477876	0.477876
ERR2188723.7139519 7001289F:119:HH7GHBCXY:2:1109:6429:39132/1	R1	-	+	-	+	0.000000	0.000000
ERR2188723.8611205 7001289F:119:HH7GHBCXY:2:1114:15378:85216/1	R1	+	-	+	-	0.000000	0.000000
ERR2188723.9008804 7001289F:119:HH7GHBCXY:2:2201:13625:101046/1	R1	+	-	+	-	0.302752	0.302752
ERR2188723.9341062 7001289F:119:HH7GHBCXY:1:2210:15351:44130/1	R1	+	-	+	-	0.457944	0.457944
ERR2188723.9392890 7001289F:119:HH7GHBCXY:2:2108:13701:41540/1	R1	+	-	+	-	0.413043	0.413043
ERR2188723.9475083 7001289F:119:HH7GHBCXY:2:2205:14149:2858/1	R1	-	+	-	+	0.000000	0.000000
ERR2188723.9567961 7001289F:119:HH7GHBCXY:1:1116:20930:29634/1	R1	+	-	+	-	0.735294	0.735294
ERR2188723.9567970 7001289F:119:HH7GHBCXY:2:2203:7976:98240/1	R1	+	-	+	-	0.000000	0.000000
ERR2188723.9567971 7001289F:119:HH7GHBCXY:1:2213:20229:4620/1	R1	+	-	+	-	0.345455	0.345455
ERR2188723.9567972 7001289F:119:HH7GHBCXY:2:2111:13121:87326/1	R1	+	-	+	-	0.446429	0.446429
ERR2188723.9567974 7001289F:119:HH7GHBCXY:1:1101:5524:28701/1	R1	+	-	+	-	0.000000	0.000000
ERR2188723.9567976 7001289F:119:HH7GHBCXY:1:2201:10091:19617/1	R1	+	-	+	-	0.000000	0.000000
ERR2188723.9567978 7001289F:119:HH7GHBCXY:2:1211:17086:75672/1	R1	+	-	+	-	0.446429	0.446429
ERR2188723.9567979 7001289F:119:HH7GHBCXY:2:1213:13450:91588/1	R1	+	-	+	-	0.433628	0.433628
ERR2188723.9567980 7001289F:119:HH7GHBCXY:1:2115:13118:30277/1	R1	+	-	+	-	0.457944	0.457944
ERR2188723.9567983 7001289F:119:HH7GHBCXY:1:2210:16607:87539/1	R1	+	-	+	-	0.759259	0.759259
ERR2188723.9567984 7001289F:119:HH7GHBCXY:1:2215:6672:98838/1	R1	+	-	+	-	0.673469	0.673469
ERR2188723.9567988 7001289F:119:HH7GHBCXY:2:2204:2676:17748/1	R1	+	-	+	-	0.000000	0.000000
ERR2188723.9567990 7001289F:119:HH7GHBCXY:1:2216:15251:37578/1	R1	+	-	+	-	0.302752	0.302752
ERR2188723.9567991 7001289F:119:HH7GHBCXY:2:2204:11019:13637/1	R1	+	-	+	-	0.302752	0.302752
ERR2188723.9567993 7001289F:119:HH7GHBCXY:1:1112:6717:29013/1	R1	+	-	+	-	0.524752	0.524752
ERR2188723.9567994 7001289F:119:HH7GHBCXY:1:2115:12793:98722/1	R1	+	-	+	-	0.600000	0.600000
ERR2188723.9567995 7001289F:119:HH7GHBCXY:1:2204:20284:42711/1	R1	+	-	+	-	0.457944	0.457944
ERR2188723.9567997 7001289F:119:HH7GHBCXY:2:1204:17523:77870/1	R1	+	-	+	-	0.345455	0.345455
ERR2188723.9567998 7001289F:119:HH7GHBCXY:2:2101:14691:96597/1	R1	+	-	+	-	0.345455	0.345455
ERR2188723.9567999 7001289F:119:HH7GHBCXY:2:2103:20569:79158/1	R1	+	-	+	-	0.345455	0.345455
ERR2188723.9568000 7001289F:119:HH7GHBCXY:1:2115:12753:18294/1	R1	-	+	-	+	0.000000	0.000000
ERR2188723.9568001 7001289F:119:HH7GHBCXY:2:2203:5550:82883/1	R1	+	-	+	-	0.302752	0.302752
ERR2188723.9568002 7001289F:119:HH7GHBCXY:1:1104:18910:70339/1	R1	+	-	+	-	0.345455	0.345455
ERR2188723.9568003 7001289F:119:HH7GHBCXY:1:2105:11562:2517/1	R1	+	-	+	-	0.302752	0.302752
ERR2188723.9568005 7001289F:119:HH7GHBCXY:2:1113:17542:33148/1	R1	+	-	+	-	0.585586	0.585586
ERR2188723.9568006 7001289F:119:HH7GHBCXY:2:1216:20393:77310/1	R1	+	-	+	-	0.345455	0.345455
ERR2188723.9568007 7001289F:119:HH7GHBCXY:2:2202:5150:99416/1	R1	+	-	+	-	0.345455	0.345455
ERR2188723.9568008 7001289F:119:HH7GHBCXY:2:2206:8969:36706/1	R1	-	+	-	+	0.092437	0.092437
ERR2188723.9568011 7001289F:119:HH7GHBCXY:1:2112:17802:8713/1	R1	-	+	-	+	0.298701	0.298701
ERR2188723.9568012 7001289F:119:HH7GHBCXY:1:2209:16174:83200/1	R1	-	+	-	+	0.232877	0.232877
ERR2188723.9568013 7001289F:119:HH7GHBCXY:2:2203:19514:75561/1	R1	+	-	+	-	0.642105	0.642105
ERR2188723.9568015 7001289F:119:HH7GHBCXY:1:1106:16631:89129/1	R1	+	-	+	-	0.000000	0.000000
ERR2188723.9568016 7001289F:119:HH7GHBCXY:2:1202:8595:21539/1	R1	+	-	+	-	0.345455	0.345455
ERR2188723.9568018 7001289F:119:HH7GHBCXY:1:2103:4911:46623/1	R1	-	+	-	+	0.000000	0.000000
ERR2188723.9568020 7001289F:119:HH7GHBCXY:1:1204:9649:17871/1	R1	-	+	-	+	0.000000	0.000000
ERR2188723.9568023 7001289F:119:HH7GHBCXY:2:2102:7147:32226/1	R1	-	+	-	+	0.243590	0.243590
ERR2188723.9568026 7001289F:119:HH7GHBCXY:1:2111:10537:68963/1	R1	-	+	-	+	0.000000	0.000000
ERR2188723.9568027 7001289F:119:HH7GHBCXY:2:1202:13072:57864/1	R1	-	+	-	+	0.291667	0.291667
ERR2188723.9568035 7001289F:119:HH7GHBCXY:2:1116:12420:56099/1	R1	-	+	-	+	0.000000	0.000000
ERR2188723.9568038 7001289F:119:HH7GHBCXY:1:2106:4252:42173/1	R1	-	+	-	+	0.000000	0.000000
ERR2188723.9568043 7001289F:119:HH7GHBCXY:2:1109:19041:81919/1	R1	+	-	+	-	0.000000	0.000000
ERR2188723.9568044 7001289F:119:HH7GHBCXY:2:1215:17817:7881/1	R1	+	-	+	-	0.000000	0.000000
ERR2188723.9568046 7001289F:119:HH7GHBCXY:1:1114:20432:52789/1	R1	+	-	+	-	0.433628	0.433628
ERR2188723.9568047 7001289F:119:HH7GHBCXY:1:1114:17254:86289/1	R1	+	-	+	-	0.433628	0.433628
ERR2188723.9568048 7001289F:119:HH7GHBCXY:1:2102:11983:85281/1	R1	+	-	+	-	0.433628	0.433628
ERR2188723.9568049 7001289F:119:HH7GHBCXY:1:2108:12819:66510/1	R1	+	-	+	-	0.457944	0.457944
ERR2188723.9568050 7001289F:119:HH7GHBCXY:1:2201:16578:83763/1	R1	+	-	+	-	0.433628	0.433628
ERR2188723.9568051 7001289F:119:HH7GHBCXY:1:2208:6231:33221/1	R1	+	-	+	-	0.138889	0.138889
ERR2188723.9568052 7001289F:119:HH7GHBCXY:1:2208:12559:40871/1	R1	+	-	+	-	0.433628	0.433628
ERR2188723.9568054 7001289F:119:HH7GHBCXY:2:1110:14863:19290/1	R1	+	-	+	-	0.433628	0.433628
ERR2188723.9568055 7001289F:119:HH7GHBCXY:2:1210:3378:26136/1	R1	+	-	+	-	0.433628	0.433628
ERR2188723.9568058 7001289F:119:HH7GHBCXY:1:2103:4473:2922/1	R1	+	-	+	-	0.000000	0.000000
ERR2188723.9568060 7001289F:119:HH7GHBCXY:2:2108:5330:100888/1	R1	+	-	+	-	0.000000	0.000000
ERR2188723.9568062 7001289F:119:HH7GHBCXY:1:2108:15314:33519/1	R1	+	-	+	-	0.345455	0.345455
ERR2188723.9568063 7001289F:119:HH7GHBCXY:1:2201:13965:78046/1	R1	+	-	+	-	0.345455	0.345455
ERR2188723.9568066 7001289F:119:HH7GHBCXY:2:1116:16835:56309/1	R1	+	-	+	-	0.612903	0.612903
ERR2188723.9568068 7001289F:119:HH7GHBCXY:2:2206:12902:45477/1	R1	+	-	+	-	0.345455	0.345455
ERR2188723.9568069 7001289F:119:HH7GHBCXY:1:1106:15254:45223/1	R1	+	-	+	-	0.302752	0.302752
ERR2188723.9568070 7001289F:119:HH7GHBCXY:1:1207:3073:10670/1	R1	+	-	+	-	0.302752	0.302752
ERR2188723.9568071 7001289F:119:HH7GHBCXY:1:1204:20283:92535/1	R1	+	-	+	-	0.302752	0.302752
ERR2188723.9568074 7001289F:119:HH7GHBCXY:2:1108:16454:31537/1	R1	+	-	+	-	0.433628	0.433628
ERR2188723.9568076 7001289F:119:HH7GHBCXY:1:1216:2205:34241/1	R1	+	-	+	-	0.000000	0.000000
ERR2188723.9568077 7001289F:119:HH7GHBCXY:2:1102:19841:36718/1	R1	+	-	+	-	0.000000	0.000000
ERR2188723.9568084 7001289F:119:HH7GHBCXY:2:2111:10332:85794/1	R1	-	+	-	+	0.000000	0.000000
ERR2188723.9568085 7001289F:119:HH7GHBCXY:1:2108:17738:8142/1	R1	+	-	+	-	0.504673	0.504673
ERR2188723.9568086 7001289F:119:HH7GHBCXY:2:1103:8350:11186/1	R1	-	+	-	+	0.000000	0.000000
ERR2188723.9568088 7001289F:119:HH7GHBCXY:2:2115:13735:58919/1	R1	+	-	+	-	0.600000	0.600000
ERR2188723.9568089 7001289F:119:HH7GHBCXY:1:1111:3378:64689/1	R1	+	-	+	-	0.114583	0.114583
ERR2188723.9568090 7001289F:119:HH7GHBCXY:1:1106:6392:69917/1	R1	-	+	-	+	0.000000	0.000000
ERR2188723.9568096 7001289F:119:HH7GHBCXY:2:2206:18917:2470/1	R1	+	-	+	-	0.452055	0.452055
ERR2188723.9568097 7001289F:119:HH7GHBCXY:1:1214:17058:34296/1	R1	-	+	-	+	0.000000	0.000000
ERR2188723.9625740 7001289F:119:HH7GHBCXY:1:2202:15115:86649/1	R1	+	-	+	-	0.345455	0.345455
ERR2188723.10082632 7001289F:119:HH7GHBCXY:1:2115:3039:59778/1	R1	-	+	-	+	0.200000	0.200000
ERR2188723.10120217 7001289F:119:HH7GHBCXY:1:2214:18482:100956/1	R1	-	+	-	+	0.000000	0.000000
ERR2188723.10201266 7001289F:119:HH7GHBCXY:2:1101:20617:39042/1	R1	+	-	+	-	0.495327	0.495327
ERR2188723.11593658 7001289F:119:HH7GHBCXY:1:2204:18585:5648/1	R1	-	+	-	+	0.666667	0.666667
ERR2188723.11979049 7001289F:119:HH7GHBCXY:1:2102:16961:87199/1	R1	-	+	-	+	0.000000	0.000000
ERR2188723.12007658 7001289F:119:HH7GHBCXY:1:1111:17722:29760/1	R1	+	-	+	-	0.648649	0.648649
ERR2188723.12007662 7001289F:119:HH7GHBCXY:1:1212:9044:60807/1	R1	+	-	+	-	0.471154	0.471154
ERR2188723.12007666 7001289F:119:HH7GHBCXY:1:2203:20666:92379/1	R1	+	-	+	-	0.774648	0.774648
ERR2188723.12007668 7001289F:119:HH7GHBCXY:2:1110:1862:6072/1	R1	+	-	+	-	0.394495	0.394495
ERR2188723.12007669 7001289F:119:HH7GHBCXY:2:2116:11603:8700/1	R1	+	-	+	-	0.657895	0.657895
ERR2188723.12007671 7001289F:119:HH7GHBCXY:2:2209:5125:8553/1	R1	+	-	+	-	0.567164	0.567164
ERR2188723.12007672 7001289F:119:HH7GHBCXY:1:1208:2674:61816/1	R1	+	-	+	-	0.457944	0.457944
ERR2188723.12007674 7001289F:119:HH7GHBCXY:2:1106:11723:74373/1	R1	+	-	+	-	0.433628	0.433628
ERR2188723.12007675 7001289F:119:HH7GHBCXY:2:1116:18043:89399/1	R1	+	-	+	-	0.491071	0.491071
ERR2188723.12007676 7001289F:119:HH7GHBCXY:2:2107:20141:12598/1	R1	+	-	+	-	0.457944	0.457944
ERR2188723.12007677 7001289F:119:HH7GHBCXY:2:2114:4361:89417/1	R1	+	-	+	-	0.433628	0.433628
ERR2188723.12007678 7001289F:119:HH7GHBCXY:2:2202:20536:81715/1	R1	+	-	+	-	0.550562	0.550562
ERR2188723.12007679 7001289F:119:HH7GHBCXY:1:1104:18725:35774/1	R1	+	-	+	-	0.000000	0.000000
ERR2188723.12007680 7001289F:119:HH7GHBCXY:1:1110:5782:4202/1	R1	+	-	+	-	0.471698	0.471698
ERR2188723.12007682 7001289F:119:HH7GHBCXY:1:2111:16692:9081/1	R1	+	-	+	-	0.000000	0.000000
ERR2188723.12007683 7001289F:119:HH7GHBCXY:2:1105:2159:53536/1	R1	+	-	+	-	0.000000	0.000000
ERR2188723.12007685 7001289F:119:HH7GHBCXY:2:2108:12613:27803/1	R1	+	-	+	-	0.759259	0.759259
ERR2188723.12007686 7001289F:119:HH7GHBCXY:2:2107:8246:91383/1	R1	+	-	+	-	0.471698	0.471698
ERR2188723.12007688 7001289F:119:HH7GHBCXY:2:2216:5089:40969/1	R1	+	-	+	-	0.000000	0.000000
ERR2188723.12007689 7001289F:119:HH7GHBCXY:1:1101:13202:24869/1	R1	+	-	+	-	0.302752	0.302752
ERR2188723.12007690 7001289F:119:HH7GHBCXY:1:1111:10442:34119/1	R1	+	-	+	-	0.302752	0.302752
ERR2188723.12007691 7001289F:119:HH7GHBCXY:1:2211:10094:25110/1	R1	+	-	+	-	0.457944	0.457944
ERR2188723.12007694 7001289F:119:HH7GHBCXY:2:2109:18833:67749/1	R1	+	-	+	-	0.302752	0.302752
ERR2188723.12007695 7001289F:119:HH7GHBCXY:1:1107:17623:68042/1	R1	+	-	+	-	0.345455	0.345455
ERR2188723.12007696 7001289F:119:HH7GHBCXY:1:1112:17421:87459/1	R1	+	-	+	-	0.509615	0.509615
ERR2188723.12007697 7001289F:119:HH7GHBCXY:1:1202:7542:44452/1	R1	+	-	+	-	0.345455	0.345455
ERR2188723.12007698 7001289F:119:HH7GHBCXY:1:1213:16951:22707/1	R1	+	-	+	-	0.302752	0.302752
ERR2188723.12007699 7001289F:119:HH7GHBCXY:1:2102:16549:43907/1	R1	+	-	+	-	0.302752	0.302752
ERR2188723.12007700 7001289F:119:HH7GHBCXY:1:2110:13710:44154/1	R1	+	-	+	-	0.302752	0.302752
ERR2188723.12007701 7001289F:119:HH7GHBCXY:1:2205:13558:52195/1	R1	+	-	+	-	0.345455	0.345455
ERR2188723.12007703 7001289F:119:HH7GHBCXY:2:2116:4084:94705/1	R1	+	-	+	-	0.490909	0.490909
ERR2188723.12007704 7001289F:119:HH7GHBCXY:2:2115:6910:22718/1	R1	+	-	+	-	0.345455	0.345455
ERR2188723.12007705 7001289F:119:HH7GHBCXY:2:2201:14648:59222/1	R1	+	-	+	-	0.000000	0.000000
ERR2188723.12007706 7001289F:119:HH7GHBCXY:1:1107:9545:61596/1	R1	+	-	+	-	0.345455	0.345455
ERR2188723.12007707 7001289F:119:HH7GHBCXY:1:1209:12391:33288/1	R1	+	-	+	-	0.585586	0.585586
ERR2188723.12007710 7001289F:119:HH7GHBCXY:2:2112:14629:2915/1	R1	+	-	+	-	0.000000	0.000000
ERR2188723.12007711 7001289F:119:HH7GHBCXY:1:1212:3020:60515/1	R1	+	-	+	-	0.000000	0.000000
ERR2188723.12007713 7001289F:119:HH7GHBCXY:1:2112:16461:65531/1	R1	-	+	-	+	0.119048	0.119048
ERR2188723.12007714 7001289F:119:HH7GHBCXY:1:2101:16798:65821/1	R1	+	-	+	-	0.452055	0.452055
ERR2188723.12007716 7001289F:119:HH7GHBCXY:1:1201:3608:95109/1	R1	-	+	-	+	0.000000	0.000000
ERR2188723.12007726 7001289F:119:HH7GHBCXY:2:1103:12149:16279/1	R1	-	+	-	+	0.000000	0.000000
ERR2188723.12007729 7001289F:119:HH7GHBCXY:1:1216:2174:97750/1	R1	-	+	-	+	0.000000	0.000000
ERR2188723.12007731 7001289F:119:HH7GHBCXY:2:2210:2976:22491/1	R1	+	-	+	-	0.612903	0.612903
ERR2188723.12007736 7001289F:119:HH7GHBCXY:2:1111:12930:95237/1	R1	+	-	+	-	0.000000	0.000000
ERR2188723.12007737 7001289F:119:HH7GHBCXY:1:1216:5703:27673/1	R1	+	-	+	-	0.714286	0.714286
ERR2188723.12007739 7001289F:119:HH7GHBCXY:1:1112:4970:2239/1	R1	-	+	-	+	0.065574	0.065574
ERR2188723.12007745 7001289F:119:HH7GHBCXY:1:1213:19098:21273/1	R1	+	-	+	-	0.000000	0.000000
ERR2188723.12007747 7001289F:119:HH7GHBCXY:1:1104:17408:52580/1	R1	-	+	-	+	0.108108	0.108108
ERR2188723.12007748 7001289F:119:HH7GHBCXY:1:1112:12667:32239/1	R1	+	-	+	-	0.737705	0.737705
ERR2188723.12007749 7001289F:119:HH7GHBCXY:1:1105:4914:96319/1	R1	+	-	+	-	0.590361	0.590361
ERR2188723.12007751 7001289F:119:HH7GHBCXY:2:2211:6303:72511/1	R1	+	-	+	-	0.185185	0.185185
ERR2188723.12007752 7001289F:119:HH7GHBCXY:2:2108:4604:50112/1	R1	+	-	+	-	0.368932	0.368932
ERR2188723.12007753 7001289F:119:HH7GHBCXY:2:2208:14181:89914/1	R1	+	-	+	-	0.320388	0.320388
ERR2188723.12007755 7001289F:119:HH7GHBCXY:2:1202:10239:58515/1	R1	+	-	+	-	0.000000	0.000000
ERR2188723.12007757 7001289F:119:HH7GHBCXY:2:1107:17334:76645/1	R1	+	-	+	-	0.676190	0.676190
ERR2188723.12007761 7001289F:119:HH7GHBCXY:2:2115:15054:90951/1	R1	+	-	+	-	0.345455	0.345455
ERR2188723.12007763 7001289F:119:HH7GHBCXY:1:1103:13969:99522/1	R1	+	-	+	-	0.302752	0.302752
ERR2188723.12007764 7001289F:119:HH7GHBCXY:1:1102:5303:34675/1	R1	+	-	+	-	0.302752	0.302752
ERR2188723.12007766 7001289F:119:HH7GHBCXY:1:1115:19177:52526/1	R1	+	-	+	-	0.302752	0.302752
ERR2188723.12007767 7001289F:119:HH7GHBCXY:2:1105:7347:41421/1	R1	+	-	+	-	0.302752	0.302752
ERR2188723.12007768 7001289F:119:HH7GHBCXY:2:2102:2400:92027/1	R1	+	-	+	-	0.403670	0.403670
ERR2188723.12007770 7001289F:119:HH7GHBCXY:1:1110:6146:32935/1	R1	-	+	-	+	0.247706	0.247706
ERR2188723.12007771 7001289F:119:HH7GHBCXY:1:1107:18049:40997/1	R1	+	-	+	-	0.000000	0.000000
ERR2188723.12007775 7001289F:119:HH7GHBCXY:2:2113:20583:9797/1	R1	+	-	+	-	0.046296	0.046296
ERR2188723.12007776 7001289F:119:HH7GHBCXY:2:2208:14827:56225/1	R1	+	-	+	-	0.000000	0.000000
ERR2188723.12007779 7001289F:119:HH7GHBCXY:1:2102:18180:10519/1	R1	+	-	+	-	0.759259	0.759259
ERR2188723.12007781 7001289F:119:HH7GHBCXY:1:2215:15553:39857/1	R1	+	-	+	-	0.433628	0.433628
ERR2188723.12007782 7001289F:119:HH7GHBCXY:1:2215:1744:70133/1	R1	+	-	+	-	0.433628	0.433628
ERR2188723.12007783 7001289F:119:HH7GHBCXY:2:1105:5048:20343/1	R1	+	-	+	-	0.753846	0.753846
ERR2188723.12007787 7001289F:119:HH7GHBCXY:2:2114:12377:59960/1	R1	+	-	+	-	0.457944	0.457944
ERR2188723.12007790 7001289F:119:HH7GHBCXY:2:2211:2004:92962/1	R1	+	-	+	-	0.457944	0.457944
ERR2188723.12007791 7001289F:119:HH7GHBCXY:1:2102:9758:87051/1	R1	-	+	-	+	0.000000	0.000000
ERR2188723.12007793 7001289F:119:HH7GHBCXY:1:2204:9725:75776/1	R1	+	-	+	-	0.446429	0.446429
ERR2188723.12007794 7001289F:119:HH7GHBCXY:2:1101:12172:86421/1	R1	+	-	+	-	0.446429	0.446429
ERR2188723.12007799 7001289F:119:HH7GHBCXY:1:2105:16657:33006/1	R1	+	-	+	-	0.482143	0.482143
ERR2188723.12007800 7001289F:119:HH7GHBCXY:2:2112:5079:76723/1	R1	+	-	+	-	0.509615	0.509615
ERR2188723.12007801 7001289F:119:HH7GHBCXY:2:2205:10039:21252/1	R1	+	-	+	-	0.345455	0.345455
ERR2188723.12007803 7001289F:119:HH7GHBCXY:2:1203:11790:40007/1	R1	+	-	+	-	0.452055	0.452055
ERR2188723.12007804 7001289F:119:HH7GHBCXY:1:2107:8579:85325/1	R1	+	-	+	-	0.302752	0.302752
ERR2188723.12007805 7001289F:119:HH7GHBCXY:1:2214:18533:94249/1	R1	-	+	-	+	0.059701	0.059701
ERR2188723.12007806 7001289F:119:HH7GHBCXY:2:1204:10563:57368/1	R1	-	+	-	+	0.000000	0.000000
ERR2188723.12007807 7001289F:119:HH7GHBCXY:1:1114:8398:78579/1	R1	+	-	+	-	0.678571	0.678571
ERR2188723.12007808 7001289F:119:HH7GHBCXY:2:2210:2748:57472/1	R1	-	+	-	+	0.000000	0.000000
ERR2188723.12007810 7001289F:119:HH7GHBCXY:2:1202:13270:35308/1	R1	-	+	-	+	0.000000	0.000000
ERR2188723.12007816 7001289F:119:HH7GHBCXY:1:1210:4727:25792/1	R1	+	-	+	-	0.452055	0.452055
ERR2188723.12007825 7001289F:119:HH7GHBCXY:1:2109:19557:65911/1	R1	-	+	-	+	0.000000	0.000000
ERR2188723.12073961 7001289F:119:HH7GHBCXY:2:1214:17070:69406/1	R1	-	+	-	+	0.000000	0.000000
ERR2188723.12076672 7001289F:119:HH7GHBCXY:1:1105:13985:53015/1	R1	-	+	-	+	0.480000	0.480000
ERR2188723.12076734 7001289F:119:HH7GHBCXY:1:2114:6710:20224/1	R1	-	+	-	+	0.812500	0.812500
ERR2188723.12076854 7001289F:119:HH7GHBCXY:2:2205:9413:96594/1	R1	-	+	-	+	0.000000	0.000000
ERR2188723.12800487 7001289F:119:HH7GHBCXY:2:2110:14531:66583/1	R1	-	+	-	+	0.000000	0.000000
ERR2188723.13207976 7001289F:119:HH7GHBCXY:1:2209:16318:13360/1	R1	+	-	+	-	0.345455	0.345455
ERR2188723.13208171 7001289F:119:HH7GHBCXY:2:2207:9538:69436/1	R1	+	-	+	-	0.486726	0.486726
ERR2188723.13208551 7001289F:119:HH7GHBCXY:1:1107:4370:3650/1	R1	+	-	+	-	0.433628	0.433628
ERR2188723.13208602 7001289F:119:HH7GHBCXY:1:1113:6761:47516/1	R1	+	-	+	-	0.446429	0.446429
ERR2188723.13208670 7001289F:119:HH7GHBCXY:1:1211:8306:94289/1	R1	+	-	+	-	0.000000	0.000000
ERR2188723.13208697 7001289F:119:HH7GHBCXY:1:1212:11746:18303/1	R1	+	-	+	-	0.101852	0.101852
ERR2188723.13208706 7001289F:119:HH7GHBCXY:1:2105:10915:24044/1	R1	+	-	+	-	0.000000	0.000000
ERR2188723.13208750 7001289F:119:HH7GHBCXY:1:2107:12277:99453/1	R1	+	-	+	-	0.345455	0.345455
ERR2188723.13208856 7001289F:119:HH7GHBCXY:1:2212:1546:16134/1	R1	+	-	+	-	0.362637	0.362637
ERR2188723.13208906 7001289F:119:HH7GHBCXY:2:1107:18623:96837/1	R1	+	-	+	-	0.365385	0.365385
ERR2188723.13208968 7001289F:119:HH7GHBCXY:2:1208:18806:90391/1	R1	+	-	+	-	0.433628	0.433628
ERR2188723.13209023 7001289F:119:HH7GHBCXY:2:2102:13807:95345/1	R1	+	-	+	-	0.302752	0.302752
ERR2188723.13209080 7001289F:119:HH7GHBCXY:2:2113:2355:80991/1	R1	+	-	+	-	0.365385	0.365385
ERR2188723.13209091 7001289F:119:HH7GHBCXY:2:2115:19884:29866/1	R1	+	-	+	-	0.302752	0.302752
ERR2188723.13209135 7001289F:119:HH7GHBCXY:2:2207:10615:3974/1	R1	+	-	+	-	0.961538	0.961538
ERR2188723.13209139 7001289F:119:HH7GHBCXY:2:2207:9871:40020/1	R1	+	-	+	-	0.345455	0.345455
ERR2188723.13214461 7001289F:119:HH7GHBCXY:2:1105:1299:34105/1	R1	+	-	+	-	0.457944	0.457944
ERR2188723.13801551 7001289F:119:HH7GHBCXY:2:2208:6821:17983/1	R1	-	+	-	+	0.000000	0.000000
ERR2188723.14116044 7001289F:119:HH7GHBCXY:1:1103:1460:5728/1	R1	+	-	+	-	0.433628	0.433628
ERR2188723.14116046 7001289F:119:HH7GHBCXY:1:2116:8162:65248/1	R1	+	-	+	-	0.446429	0.446429
ERR2188723.14116047 7001289F:119:HH7GHBCXY:1:2205:5317:58477/1	R1	+	-	+	-	0.446429	0.446429
ERR2188723.14116048 7001289F:119:HH7GHBCXY:2:1104:4124:83301/1	R1	+	-	+	-	0.433628	0.433628
ERR2188723.14116050 7001289F:119:HH7GHBCXY:1:1102:4757:18657/1	R1	+	-	+	-	0.672897	0.672897
ERR2188723.14116051 7001289F:119:HH7GHBCXY:1:1112:10801:101135/1	R1	+	-	+	-	0.457944	0.457944
ERR2188723.14116052 7001289F:119:HH7GHBCXY:1:1202:6571:45959/1	R1	+	-	+	-	0.457944	0.457944
ERR2188723.14116053 7001289F:119:HH7GHBCXY:1:1206:19148:37900/1	R1	+	-	+	-	0.457944	0.457944
ERR2188723.14116054 7001289F:119:HH7GHBCXY:1:1208:2667:3357/1	R1	+	-	+	-	0.519231	0.519231
ERR2188723.14116056 7001289F:119:HH7GHBCXY:1:2107:2104:19540/1	R1	+	-	+	-	0.345455	0.345455
ERR2188723.14116057 7001289F:119:HH7GHBCXY:1:2111:16363:56642/1	R1	+	-	+	-	0.000000	0.000000
ERR2188723.14116058 7001289F:119:HH7GHBCXY:2:1211:12651:57566/1	R1	+	-	+	-	0.000000	0.000000
ERR2188723.14116059 7001289F:119:HH7GHBCXY:2:1216:5472:53192/1	R1	+	-	+	-	0.000000	0.000000
ERR2188723.14116060 7001289F:119:HH7GHBCXY:1:1214:2559:48414/1	R1	-	+	-	+	0.385246	0.385246
ERR2188723.14116061 7001289F:119:HH7GHBCXY:2:1210:13494:9900/1	R1	+	-	+	-	0.000000	0.000000
ERR2188723.14116062 7001289F:119:HH7GHBCXY:2:2210:5173:6406/1	R1	+	-	+	-	0.531915	0.531915
ERR2188723.14116063 7001289F:119:HH7GHBCXY:2:1110:9701:15577/1	R1	+	-	+	-	0.635514	0.635514
ERR2188723.14116065 7001289F:119:HH7GHBCXY:2:2205:7882:78960/1	R1	+	-	+	-	0.365385	0.365385
ERR2188723.14116067 7001289F:119:HH7GHBCXY:2:1212:9813:6658/1	R1	+	-	+	-	0.388235	0.388235
ERR2188723.14116068 7001289F:119:HH7GHBCXY:2:2109:11321:79632/1	R1	+	-	+	-	0.185185	0.185185
ERR2188723.14116069 7001289F:119:HH7GHBCXY:2:1111:6334:50760/1	R1	-	+	-	+	0.000000	0.000000
ERR2188723.14116070 7001289F:119:HH7GHBCXY:2:1212:15323:52093/1	R1	+	-	+	-	0.000000	0.000000
ERR2188723.14116071 7001289F:119:HH7GHBCXY:2:1103:10931:82741/1	R1	-	+	-	+	0.000000	0.000000
ERR2188723.14116073 7001289F:119:HH7GHBCXY:1:2203:11267:12945/1	R1	-	+	-	+	0.240000	0.240000
ERR2188723.14116074 7001289F:119:HH7GHBCXY:2:1109:4309:86273/1	R1	-	+	-	+	0.000000	0.000000
ERR2188723.14116082 7001289F:119:HH7GHBCXY:1:1114:20820:28135/1	R1	+	-	+	-	0.491071	0.491071
ERR2188723.14917961 7001289F:119:HH7GHBCXY:2:1113:2335:37873/1	R1	-	+	-	+	0.481013	0.481013
ERR2188723.15168567 7001289F:119:HH7GHBCXY:1:2105:8625:58400/1	R1	-	+	-	+	0.000000	0.000000
ERR2188723.15314515 7001289F:119:HH7GHBCXY:1:2112:9034:88864/1	R1	+	-	+	-	0.302752	0.302752
ERR2188723.15722128 7001289F:119:HH7GHBCXY:2:1105:19259:45812/1	R1	+	-	+	-	0.446429	0.446429
ERR2188723.15760723 7001289F:119:HH7GHBCXY:2:2108:12752:15774/1	R1	+	-	+	-	0.657895	0.657895
ERR2188723.15793047 7001289F:119:HH7GHBCXY:1:2212:5814:89162/1	R1	-	+	-	+	0.904762	0.904762
ERR2188723.15897943 7001289F:119:HH7GHBCXY:2:2107:6323:52395/1	R1	+	-	+	-	0.000000	0.000000
ERR2188723.15900532 7001289F:119:HH7GHBCXY:2:1210:15616:66267/1	R1	+	-	+	-	0.471698	0.471698
ERR2188723.15941251 7001289F:119:HH7GHBCXY:1:1110:20432:98778/1	R1	+	-	+	-	0.388235	0.388235
ERR2188723.15941254 7001289F:119:HH7GHBCXY:2:1209:18418:96088/1	R1	+	-	+	-	0.413462	0.413462
ERR2188723.15941262 7001289F:119:HH7GHBCXY:1:1208:19876:33717/1	R1	+	-	+	-	0.000000	0.000000
ERR2188723.15941263 7001289F:119:HH7GHBCXY:1:1209:14991:7173/1	R1	+	-	+	-	0.800000	0.800000
ERR2188723.15941271 7001289F:119:HH7GHBCXY:1:2114:9686:16008/1	R1	+	-	+	-	0.967742	0.967742
ERR2188723.15941274 7001289F:119:HH7GHBCXY:1:2209:15919:67506/1	R1	+	-	+	-	0.000000	0.000000
ERR2188723.15941277 7001289F:119:HH7GHBCXY:2:1104:10618:77303/1	R1	+	-	+	-	0.345455	0.345455
ERR2188723.15941279 7001289F:119:HH7GHBCXY:2:1108:12306:14757/1	R1	+	-	+	-	0.657895	0.657895
ERR2188723.15941280 7001289F:119:HH7GHBCXY:2:1108:6621:66571/1	R1	+	-	+	-	0.417722	0.417722
ERR2188723.15941281 7001289F:119:HH7GHBCXY:2:1109:17103:24563/1	R1	+	-	+	-	0.302752	0.302752
ERR2188723.15941283 7001289F:119:HH7GHBCXY:2:1110:17298:77330/1	R1	+	-	+	-	0.000000	0.000000
ERR2188723.15941284 7001289F:119:HH7GHBCXY:2:1115:11444:66917/1	R1	+	-	+	-	0.340206	0.340206
ERR2188723.15941287 7001289F:119:HH7GHBCXY:2:1211:2830:96311/1	R1	+	-	+	-	0.345455	0.345455
ERR2188723.15941290 7001289F:119:HH7GHBCXY:2:1216:1544:90497/1	R1	+	-	+	-	0.818182	0.818182
ERR2188723.15941291 7001289F:119:HH7GHBCXY:2:1215:4681:60912/1	R1	+	-	+	-	0.000000	0.000000
ERR2188723.15941302 7001289F:119:HH7GHBCXY:2:2205:20226:74252/1	R1	+	-	+	-	0.760563	0.760563
ERR2188723.15941304 7001289F:119:HH7GHBCXY:2:2211:2870:99795/1	R1	+	-	+	-	0.605505	0.605505
ERR2188723.15941305 7001289F:119:HH7GHBCXY:2:2212:15421:7730/1	R1	+	-	+	-	0.457944	0.457944
ERR2188723.15941313 7001289F:119:HH7GHBCXY:1:1106:14362:100830/1	R1	+	-	+	-	0.433628	0.433628
ERR2188723.15941315 7001289F:119:HH7GHBCXY:1:2101:20378:14377/1	R1	+	-	+	-	0.433628	0.433628
ERR2188723.15941316 7001289F:119:HH7GHBCXY:1:2209:3094:87184/1	R1	+	-	+	-	0.433628	0.433628
ERR2188723.15941318 7001289F:119:HH7GHBCXY:2:1207:11908:16528/1	R1	+	-	+	-	0.446429	0.446429
ERR2188723.15941321 7001289F:119:HH7GHBCXY:2:2210:13264:68526/1	R1	+	-	+	-	0.433628	0.433628
ERR2188723.15941322 7001289F:119:HH7GHBCXY:2:2216:13541:92473/1	R1	-	+	-	+	0.256000	0.256000
ERR2188723.15941323 7001289F:119:HH7GHBCXY:1:1207:10857:96835/1	R1	+	-	+	-	0.000000	0.000000
ERR2188723.15941325 7001289F:119:HH7GHBCXY:1:2213:17580:73228/1	R1	+	-	+	-	0.457944	0.457944
ERR2188723.15941327 7001289F:119:HH7GHBCXY:2:1201:2006:14629/1	R1	+	-	+	-	0.000000	0.000000
ERR2188723.15941328 7001289F:119:HH7GHBCXY:2:1205:3356:3298/1	R1	+	-	+	-	0.457944	0.457944
ERR2188723.15941330 7001289F:119:HH7GHBCXY:2:2216:17329:93376/1	R1	+	-	+	-	0.714286	0.714286
ERR2188723.15941332 7001289F:119:HH7GHBCXY:1:2207:8777:67654/1	R1	+	-	+	-	0.302752	0.302752
ERR2188723.15941333 7001289F:119:HH7GHBCXY:1:2213:10192:99401/1	R1	+	-	+	-	0.000000	0.000000
ERR2188723.15941337 7001289F:119:HH7GHBCXY:1:1104:4465:11532/1	R1	+	-	+	-	0.345455	0.345455
ERR2188723.15941344 7001289F:119:HH7GHBCXY:2:1201:3630:75946/1	R1	+	-	+	-	0.345455	0.345455
ERR2188723.15941345 7001289F:119:HH7GHBCXY:2:2215:4573:34141/1	R1	+	-	+	-	0.345455	0.345455
ERR2188723.15941346 7001289F:119:HH7GHBCXY:1:1105:20553:50832/1	R1	-	+	-	+	0.000000	0.000000
ERR2188723.15941347 7001289F:119:HH7GHBCXY:1:2114:18893:33211/1	R1	-	+	-	+	0.000000	0.000000
ERR2188723.15941348 7001289F:119:HH7GHBCXY:2:1212:16648:50391/1	R1	+	-	+	-	0.302752	0.302752
ERR2188723.15941349 7001289F:119:HH7GHBCXY:2:1115:17703:5963/1	R1	-	+	-	+	0.000000	0.000000
ERR2188723.15941351 7001289F:119:HH7GHBCXY:2:2208:18409:10215/1	R1	+	-	+	-	0.639640	0.639640
ERR2188723.15941352 7001289F:119:HH7GHBCXY:1:2203:8093:41643/1	R1	+	-	+	-	0.991071	0.991071
ERR2188723.15941353 7001289F:119:HH7GHBCXY:2:1202:12872:47206/1	R1	+	-	+	-	0.302752	0.302752
ERR2188723.15941354 7001289F:119:HH7GHBCXY:2:2103:12468:30702/1	R1	+	-	+	-	0.669643	0.669643
ERR2188723.15941355 7001289F:119:HH7GHBCXY:2:2106:6845:63751/1	R1	+	-	+	-	0.446429	0.446429
ERR2188723.15941356 7001289F:119:HH7GHBCXY:1:1205:13231:46660/1	R1	-	+	-	+	0.000000	0.000000
ERR2188723.15941357 7001289F:119:HH7GHBCXY:2:2102:16779:100342/1	R1	-	+	-	+	0.000000	0.000000
ERR2188723.15941360 7001289F:119:HH7GHBCXY:1:2216:8921:90473/1	R1	-	+	-	+	0.000000	0.000000
ERR2188723.15941361 7001289F:119:HH7GHBCXY:2:1208:17403:52452/1	R1	+	-	+	-	0.531915	0.531915
ERR2188723.15941362 7001289F:119:HH7GHBCXY:1:2108:8122:63974/1	R1	+	-	+	-	0.805310	0.805310
ERR2188723.15941363 7001289F:119:HH7GHBCXY:1:2207:12995:85163/1	R1	-	+	-	+	0.186992	0.186992
ERR2188723.15941364 7001289F:119:HH7GHBCXY:1:1114:15212:15436/1	R1	-	+	-	+	0.000000	0.000000
ERR2188723.15941365 7001289F:119:HH7GHBCXY:2:1114:19925:67737/1	R1	-	+	-	+	0.000000	0.000000
ERR2188723.15941366 7001289F:119:HH7GHBCXY:2:1209:1331:94406/1	R1	+	-	+	-	0.000000	0.000000
ERR2188723.15941368 7001289F:119:HH7GHBCXY:1:1110:14590:79223/1	R1	-	+	-	+	0.000000	0.000000
ERR2188723.15941369 7001289F:119:HH7GHBCXY:1:1105:8637:66720/1	R1	-	+	-	+	0.000000	0.000000
ERR2188723.15941370 7001289F:119:HH7GHBCXY:1:1101:12735:5328/1	R1	+	-	+	-	0.000000	0.000000
ERR2188723.15941371 7001289F:119:HH7GHBCXY:1:2204:13323:41596/1	R1	+	-	+	-	0.376147	0.376147
ERR2188723.15941372 7001289F:119:HH7GHBCXY:1:2210:13571:70465/1	R1	-	+	-	+	0.218182	0.218182
ERR2188723.15941374 7001289F:119:HH7GHBCXY:2:2115:12389:82569/1	R1	-	+	-	+	0.108108	0.108108
ERR2188723.15941375 7001289F:119:HH7GHBCXY:1:1110:10456:94252/1	R1	+	-	+	-	0.340206	0.340206
ERR2188723.15941376 7001289F:119:HH7GHBCXY:1:2211:17654:2219/1	R1	-	+	-	+	0.046296	0.046296
ERR2188723.15941378 7001289F:119:HH7GHBCXY:1:1208:7962:25322/1	R1	-	+	-	+	0.000000	0.000000
ERR2188723.15941380 7001289F:119:HH7GHBCXY:2:2112:13536:21927/1	R1	-	+	-	+	0.000000	0.000000
ERR2188723.15941382 7001289F:119:HH7GHBCXY:1:2204:8494:66868/1	R1	+	-	+	-	0.636364	0.636364
ERR2188723.15941384 7001289F:119:HH7GHBCXY:2:1112:7708:68852/1	R1	-	+	-	+	0.000000	0.000000
ERR2188723.15941387 7001289F:119:HH7GHBCXY:2:2207:11557:4361/1	R1	+	-	+	-	0.830508	0.830508
ERR2188723.15941388 7001289F:119:HH7GHBCXY:2:2114:10469:50397/1	R1	-	+	-	+	0.000000	0.000000
ERR2188723.15941391 7001289F:119:HH7GHBCXY:2:1201:12657:12009/1	R1	-	+	-	+	0.000000	0.000000
ERR2188723.15941394 7001289F:119:HH7GHBCXY:1:1206:20793:93595/1	R1	+	-	+	-	0.514019	0.514019
ERR2188723.15941395 7001289F:119:HH7GHBCXY:1:2209:3863:35305/1	R1	+	-	+	-	0.530973	0.530973
ERR2188723.15941398 7001289F:119:HH7GHBCXY:2:2105:20347:99166/1	R1	+	-	+	-	0.469027	0.469027
ERR2188723.15941402 7001289F:119:HH7GHBCXY:1:2101:13294:9262/1	R1	+	-	+	-	0.365385	0.365385
ERR2188723.15941403 7001289F:119:HH7GHBCXY:1:2116:16043:28172/1	R1	+	-	+	-	0.388235	0.388235
ERR2188723.15941404 7001289F:119:HH7GHBCXY:2:2205:4204:32529/1	R1	+	-	+	-	0.320388	0.320388
ERR2188723.15941406 7001289F:119:HH7GHBCXY:1:2214:5869:82384/1	R1	+	-	+	-	0.471698	0.471698
ERR2188723.15941408 7001289F:119:HH7GHBCXY:2:2207:21297:88431/1	R1	+	-	+	-	0.700000	0.700000
ERR2188723.15941409 7001289F:119:HH7GHBCXY:1:1108:16052:45724/1	R1	-	+	-	+	0.196721	0.196721
ERR2188723.15941411 7001289F:119:HH7GHBCXY:1:1101:14719:96482/1	R1	-	+	-	+	0.000000	0.000000
ERR2188723.15941412 7001289F:119:HH7GHBCXY:1:1213:1458:62242/1	R1	+	-	+	-	0.625000	0.625000
ERR2188723.15941413 7001289F:119:HH7GHBCXY:1:1106:12004:64506/1	R1	+	-	+	-	0.000000	0.000000
ERR2188723.15941416 7001289F:119:HH7GHBCXY:1:2213:5009:60257/1	R1	+	-	+	-	0.570093	0.570093
ERR2188723.15941417 7001289F:119:HH7GHBCXY:1:1202:4241:83967/1	R1	+	-	+	-	0.345455	0.345455
ERR2188723.15941418 7001289F:119:HH7GHBCXY:1:2205:16467:47113/1	R1	+	-	+	-	0.345455	0.345455
ERR2188723.15941420 7001289F:119:HH7GHBCXY:2:1110:14139:37721/1	R1	+	-	+	-	0.365385	0.365385
ERR2188723.15941421 7001289F:119:HH7GHBCXY:2:1204:7893:93688/1	R1	+	-	+	-	0.345455	0.345455
ERR2188723.15941422 7001289F:119:HH7GHBCXY:2:2105:3520:32735/1	R1	+	-	+	-	0.345455	0.345455
ERR2188723.15941423 7001289F:119:HH7GHBCXY:2:2213:19732:6336/1	R1	+	-	+	-	0.639640	0.639640
ERR2188723.15941424 7001289F:119:HH7GHBCXY:2:2214:8673:60913/1	R1	+	-	+	-	0.345455	0.345455
ERR2188723.15941425 7001289F:119:HH7GHBCXY:1:1103:5133:25476/1	R1	+	-	+	-	0.302752	0.302752
ERR2188723.15941426 7001289F:119:HH7GHBCXY:1:1207:14336:23029/1	R1	+	-	+	-	0.302752	0.302752
ERR2188723.15941427 7001289F:119:HH7GHBCXY:1:1207:15122:93795/1	R1	+	-	+	-	0.302752	0.302752
ERR2188723.15941428 7001289F:119:HH7GHBCXY:1:1204:15249:37753/1	R1	+	-	+	-	0.302752	0.302752
ERR2188723.15941431 7001289F:119:HH7GHBCXY:1:2215:10397:39464/1	R1	+	-	+	-	0.302752	0.302752
ERR2188723.15941432 7001289F:119:HH7GHBCXY:2:1103:9820:7823/1	R1	+	-	+	-	0.357798	0.357798
ERR2188723.15941433 7001289F:119:HH7GHBCXY:2:1214:6349:24479/1	R1	+	-	+	-	0.634615	0.634615
ERR2188723.15941434 7001289F:119:HH7GHBCXY:2:2209:10769:71168/1	R1	+	-	+	-	0.302752	0.302752
ERR2188723.15941435 7001289F:119:HH7GHBCXY:1:1208:17234:82499/1	R1	+	-	+	-	0.000000	0.000000
ERR2188723.15941436 7001289F:119:HH7GHBCXY:2:1112:16762:55433/1	R1	+	-	+	-	0.000000	0.000000
ERR2188723.15941438 7001289F:119:HH7GHBCXY:1:2206:2790:52474/1	R1	+	-	+	-	0.433628	0.433628
ERR2188723.15941439 7001289F:119:HH7GHBCXY:1:2213:7319:64924/1	R1	+	-	+	-	0.433628	0.433628
ERR2188723.15941440 7001289F:119:HH7GHBCXY:1:2214:12998:8955/1	R1	+	-	+	-	0.433628	0.433628
ERR2188723.15941441 7001289F:119:HH7GHBCXY:2:1103:1717:8997/1	R1	+	-	+	-	0.457944	0.457944
ERR2188723.15941442 7001289F:119:HH7GHBCXY:2:2110:14784:83990/1	R1	+	-	+	-	0.570093	0.570093
ERR2188723.15941443 7001289F:119:HH7GHBCXY:1:2210:2677:31034/1	R1	+	-	+	-	0.584906	0.584906
ERR2188723.15941449 7001289F:119:HH7GHBCXY:2:1109:5363:25320/1	R1	-	+	-	+	0.000000	0.000000
ERR2188723.15941450 7001289F:119:HH7GHBCXY:1:1210:5469:44450/1	R1	+	-	+	-	0.000000	0.000000
ERR2188723.15941451 7001289F:119:HH7GHBCXY:1:1106:3677:28626/1	R1	+	-	+	-	0.433628	0.433628
ERR2188723.15941452 7001289F:119:HH7GHBCXY:2:2111:16530:36631/1	R1	+	-	+	-	0.433628	0.433628
ERR2188723.15941454 7001289F:119:HH7GHBCXY:1:2116:6543:38394/1	R1	+	-	+	-	0.446429	0.446429
ERR2188723.15941455 7001289F:119:HH7GHBCXY:2:1110:12164:67407/1	R1	+	-	+	-	0.734513	0.734513
ERR2188723.15941456 7001289F:119:HH7GHBCXY:1:1214:2373:28925/1	R1	+	-	+	-	0.000000	0.000000
ERR2188723.15941457 7001289F:119:HH7GHBCXY:1:2208:11835:93653/1	R1	+	-	+	-	0.345455	0.345455
ERR2188723.15941458 7001289F:119:HH7GHBCXY:2:2112:12059:73404/1	R1	+	-	+	-	0.413462	0.413462
ERR2188723.15941462 7001289F:119:HH7GHBCXY:2:2215:19138:94496/1	R1	+	-	+	-	0.714286	0.714286
ERR2188723.15941463 7001289F:119:HH7GHBCXY:1:2215:19068:19753/1	R1	+	-	+	-	0.413043	0.413043
ERR2188723.15941464 7001289F:119:HH7GHBCXY:2:1102:10802:65032/1	R1	+	-	+	-	0.320388	0.320388
ERR2188723.15941465 7001289F:119:HH7GHBCXY:2:2208:18741:54876/1	R1	+	-	+	-	0.544304	0.544304
ERR2188723.15941466 7001289F:119:HH7GHBCXY:2:1203:7929:65465/1	R1	+	-	+	-	0.590361	0.590361
ERR2188723.15941467 7001289F:119:HH7GHBCXY:1:1202:1438:8562/1	R1	-	+	-	+	0.000000	0.000000
ERR2188723.15941472 7001289F:119:HH7GHBCXY:1:2104:17078:48078/1	R1	+	-	+	-	0.457944	0.457944
ERR2188723.15941474 7001289F:119:HH7GHBCXY:2:2202:12959:89534/1	R1	-	+	-	+	0.000000	0.000000
ERR2188723.15941475 7001289F:119:HH7GHBCXY:2:2206:5755:12770/1	R1	+	-	+	-	0.400000	0.400000
ERR2188723.15941476 7001289F:119:HH7GHBCXY:2:2101:15087:81561/1	R1	-	+	-	+	0.000000	0.000000
ERR2188723.15941479 7001289F:119:HH7GHBCXY:1:1109:6058:19990/1	R1	-	+	-	+	0.000000	0.000000
ERR2188723.16171741 7001289F:119:HH7GHBCXY:2:2209:4496:76495/1	R1	+	-	+	-	0.446429	0.446429
ERR2188723.16383312 7001289F:119:HH7GHBCXY:2:1211:6500:62919/1	R1	+	-	+	-	0.302752	0.302752
ERR2188723.16944770 7001289F:119:HH7GHBCXY:2:1203:6885:97276/1	R1	+	-	+	-	0.690141	0.690141
ERR2188723.16944780 7001289F:119:HH7GHBCXY:1:2105:19419:21274/1	R1	+	-	+	-	0.000000	0.000000
ERR2188723.16944782 7001289F:119:HH7GHBCXY:2:1110:16533:55061/1	R1	+	-	+	-	0.000000	0.000000
ERR2188723.17021095 7001289F:119:HH7GHBCXY:1:1213:17984:13799/1	R1	+	-	+	-	0.302752	0.302752
ERR2188723.17316327 7001289F:119:HH7GHBCXY:2:2112:14737:6666/1	R1	+	-	+	-	0.433628	0.433628
ERR2188723.17363712 7001289F:119:HH7GHBCXY:1:1104:14692:45792/1	R1	-	+	-	+	0.000000	0.000000
ERR2188723.17378112 7001289F:119:HH7GHBCXY:1:1203:6084:72117/1	R1	+	-	+	-	0.000000	0.000000
ERR2188723.17447598 7001289F:119:HH7GHBCXY:1:2101:18740:96857/1	R1	-	+	-	+	0.850000	0.850000
ERR2188723.17544533 7001289F:119:HH7GHBCXY:1:2113:20108:85538/1	R1	+	-	+	-	0.345455	0.345455
ERR2188723.17544534 7001289F:119:HH7GHBCXY:1:2204:11212:16457/1	R1	+	-	+	-	0.345455	0.345455
ERR2188723.17544535 7001289F:119:HH7GHBCXY:2:1110:18567:4149/1	R1	+	-	+	-	0.348624	0.348624
ERR2188723.17544536 7001289F:119:HH7GHBCXY:1:1104:4988:54553/1	R1	+	-	+	-	0.492537	0.492537
ERR2188723.17544538 7001289F:119:HH7GHBCXY:1:1204:12642:62157/1	R1	+	-	+	-	0.388235	0.388235
ERR2188723.17544543 7001289F:119:HH7GHBCXY:2:2113:18294:27429/1	R1	+	-	+	-	0.556962	0.556962
ERR2188723.17544545 7001289F:119:HH7GHBCXY:2:1102:16677:14699/1	R1	+	-	+	-	0.875000	0.875000
ERR2188723.17544547 7001289F:119:HH7GHBCXY:2:1201:2692:10724/1	R1	+	-	+	-	0.446429	0.446429
ERR2188723.17544549 7001289F:119:HH7GHBCXY:2:2106:7399:9360/1	R1	+	-	+	-	0.000000	0.000000
ERR2188723.17544550 7001289F:119:HH7GHBCXY:1:1203:9504:67382/1	R1	+	-	+	-	0.446429	0.446429
ERR2188723.17544551 7001289F:119:HH7GHBCXY:1:2101:12470:62269/1	R1	+	-	+	-	0.433628	0.433628
ERR2188723.17544552 7001289F:119:HH7GHBCXY:1:2112:2569:91337/1	R1	+	-	+	-	0.433628	0.433628
ERR2188723.17544553 7001289F:119:HH7GHBCXY:2:1105:6789:7899/1	R1	+	-	+	-	0.446429	0.446429
ERR2188723.17544555 7001289F:119:HH7GHBCXY:2:1204:3824:4693/1	R1	+	-	+	-	0.433628	0.433628
ERR2188723.17544556 7001289F:119:HH7GHBCXY:2:2115:10054:23176/1	R1	+	-	+	-	0.433628	0.433628
ERR2188723.17544557 7001289F:119:HH7GHBCXY:2:2205:11406:41441/1	R1	+	-	+	-	0.539823	0.539823
ERR2188723.17544558 7001289F:119:HH7GHBCXY:2:2206:11739:17048/1	R1	+	-	+	-	0.433628	0.433628
ERR2188723.17544562 7001289F:119:HH7GHBCXY:1:2202:18787:6695/1	R1	+	-	+	-	0.457944	0.457944
ERR2188723.17544564 7001289F:119:HH7GHBCXY:2:2115:5309:24216/1	R1	+	-	+	-	0.000000	0.000000
ERR2188723.17544566 7001289F:119:HH7GHBCXY:2:2216:10784:26134/1	R1	+	-	+	-	0.457944	0.457944
ERR2188723.17544567 7001289F:119:HH7GHBCXY:1:1203:2857:63669/1	R1	+	-	+	-	0.302752	0.302752
ERR2188723.17544568 7001289F:119:HH7GHBCXY:1:1206:4959:84135/1	R1	+	-	+	-	0.302752	0.302752
ERR2188723.17544569 7001289F:119:HH7GHBCXY:1:2107:17501:36990/1	R1	+	-	+	-	0.302752	0.302752
ERR2188723.17544570 7001289F:119:HH7GHBCXY:1:2111:6222:4324/1	R1	+	-	+	-	0.302752	0.302752
ERR2188723.17544571 7001289F:119:HH7GHBCXY:1:2208:6468:21047/1	R1	+	-	+	-	0.391753	0.391753
ERR2188723.17544572 7001289F:119:HH7GHBCXY:2:1111:16401:36927/1	R1	+	-	+	-	0.302752	0.302752
ERR2188723.17544573 7001289F:119:HH7GHBCXY:2:2211:12381:77469/1	R1	+	-	+	-	0.000000	0.000000
ERR2188723.17544574 7001289F:119:HH7GHBCXY:2:2213:15343:30193/1	R1	+	-	+	-	0.302752	0.302752
ERR2188723.17544579 7001289F:119:HH7GHBCXY:1:2107:20757:85351/1	R1	+	-	+	-	0.302752	0.302752
ERR2188723.17544580 7001289F:119:HH7GHBCXY:1:2214:4300:99036/1	R1	+	-	+	-	0.457944	0.457944
ERR2188723.17544581 7001289F:119:HH7GHBCXY:2:1116:11794:29866/1	R1	+	-	+	-	0.608696	0.608696
ERR2188723.17544584 7001289F:119:HH7GHBCXY:1:2105:16735:101087/1	R1	+	-	+	-	0.000000	0.000000
ERR2188723.17544586 7001289F:119:HH7GHBCXY:1:2116:4785:30409/1	R1	+	-	+	-	0.345455	0.345455
ERR2188723.17544587 7001289F:119:HH7GHBCXY:2:1114:12906:13968/1	R1	+	-	+	-	0.345455	0.345455
ERR2188723.17544593 7001289F:119:HH7GHBCXY:1:1111:5656:69826/1	R1	-	+	-	+	0.000000	0.000000
ERR2188723.17544597 7001289F:119:HH7GHBCXY:1:1214:5293:70583/1	R1	+	-	+	-	0.210526	0.210526
ERR2188723.17544598 7001289F:119:HH7GHBCXY:2:1212:7184:13526/1	R1	+	-	+	-	0.000000	0.000000
ERR2188723.17544599 7001289F:119:HH7GHBCXY:1:2107:12076:65435/1	R1	-	+	-	+	0.000000	0.000000
ERR2188723.17544601 7001289F:119:HH7GHBCXY:2:2101:21094:19024/1	R1	-	+	-	+	0.000000	0.000000
ERR2188723.17544603 7001289F:119:HH7GHBCXY:2:1201:15564:34867/1	R1	-	+	-	+	0.000000	0.000000
ERR2188723.17544605 7001289F:119:HH7GHBCXY:2:1113:18152:34312/1	R1	+	-	+	-	0.387755	0.387755
ERR2188723.17544606 7001289F:119:HH7GHBCXY:1:1115:20713:63971/1	R1	-	+	-	+	0.000000	0.000000
ERR2188723.17544608 7001289F:119:HH7GHBCXY:2:2206:11601:37272/1	R1	-	+	-	+	0.000000	0.000000
ERR2188723.17544609 7001289F:119:HH7GHBCXY:1:2215:5647:53199/1	R1	+	-	+	-	0.730000	0.730000
ERR2188723.17544611 7001289F:119:HH7GHBCXY:1:1109:9408:49562/1	R1	+	-	+	-	0.891892	0.891892
ERR2188723.17544620 7001289F:119:HH7GHBCXY:2:2209:4355:77246/1	R1	+	-	+	-	0.000000	0.000000
ERR2188723.17635491 7001289F:119:HH7GHBCXY:1:1203:7188:53393/1	R1	+	-	+	-	0.433628	0.433628
ERR2188723.17635543 7001289F:119:HH7GHBCXY:2:1216:4697:43524/1	R1	+	-	+	-	0.609756	0.609756
ERR2188723.17635553 7001289F:119:HH7GHBCXY:2:2106:16278:52271/1	R1	+	-	+	-	0.457944	0.457944
ERR2188723.17635631 7001289F:119:HH7GHBCXY:1:2208:3801:74173/1	R1	+	-	+	-	0.302752	0.302752
ERR2188723.17635737 7001289F:119:HH7GHBCXY:1:1103:9954:81602/1	R1	+	-	+	-	0.550562	0.550562
ERR2188723.17635740 7001289F:119:HH7GHBCXY:1:1215:9944:77566/1	R1	+	-	+	-	0.584071	0.584071
ERR2188723.18055644 7001289F:119:HH7GHBCXY:1:2114:10320:26899/1	R1	+	-	+	-	0.446429	0.446429
ERR2188723.18090476 7001289F:119:HH7GHBCXY:1:1109:17942:23190/1	R1	-	+	-	+	0.000000	0.000000
ERR2188723.18336698 7001289F:119:HH7GHBCXY:1:1111:15280:101101/1	R1	-	+	-	+	0.000000	0.000000
ERR2188723.18646219 7001289F:119:HH7GHBCXY:1:1110:7132:12481/1	R1	-	+	-	+	1.000000	1.000000
ERR2188723.19067681 7001289F:119:HH7GHBCXY:1:2104:13589:63138/1	R1	-	+	-	+	0.950000	0.950000
ERR2188723.19746090 7001289F:119:HH7GHBCXY:2:1202:11198:43990/1	R1	+	-	+	-	0.412844	0.412844
ERR2188723.20081958 7001289F:119:HH7GHBCXY:2:2109:19798:57034/1	R1	-	+	-	+	0.526316	0.526316
