2024-12-26T17:00:40
ID	Read	R1_Forward	R1_Reverse	R2_Forward	R2_Reverse	R1_Penalty	R2_Penalty
ERR2061612.325699 7001289F:103:C9WFLANXX:3:1104:12365:2527/1	R1	-	+	-	+	0.580645	0.580645
ERR2061612.325728 7001289F:103:C9WFLANXX:4:1108:11804:65539/1	R1	-	+	-	+	0.764706	0.764706
ERR2061612.325733 7001289F:103:C9WFLANXX:4:2302:12532:63080/1	R1	-	+	-	+	0.764706	0.764706
ERR2061612.404070 7001289F:103:C9WFLANXX:4:2302:8700:82672/1	R1	-	+	-	+	0.526316	0.526316
ERR2061612.1315500 7001289F:103:C9WFLANXX:3:1103:14428:11610/1	R1	-	+	-	+	0.777778	0.777778
ERR2061612.3345688 7001289F:103:C9WFLANXX:3:1108:16923:90452/1	R1	-	+	-	+	0.000000	0.000000
ERR2061612.3623952 7001289F:103:C9WFLANXX:4:1313:8636:71376/1	R1	-	+	-	+	0.666667	0.666667
ERR2061612.3624195 7001289F:103:C9WFLANXX:3:2103:7009:89007/1	R1	-	+	-	+	0.526316	0.526316
ERR2061612.3730796 7001289F:103:C9WFLANXX:4:2109:7362:42930/1	R1	+	-	+	-	0.595745	0.595745
ERR2061612.3730797 7001289F:103:C9WFLANXX:3:2111:13910:33998/1	R1	+	-	+	-	0.446429	0.446429
ERR2061612.3730799 7001289F:103:C9WFLANXX:4:1210:18485:21376/1	R1	+	-	+	-	0.446429	0.446429
ERR2061612.3730800 7001289F:103:C9WFLANXX:4:1316:17031:51441/1	R1	+	-	+	-	0.446429	0.446429
ERR2061612.3730801 7001289F:103:C9WFLANXX:4:1213:1396:96247/1	R1	+	-	+	-	0.446429	0.446429
ERR2061612.3730803 7001289F:103:C9WFLANXX:4:1116:5967:47614/1	R1	+	-	+	-	0.741071	0.741071
ERR2061612.3730805 7001289F:103:C9WFLANXX:3:2315:19505:38587/1	R1	+	-	+	-	0.433628	0.433628
ERR2061612.3730806 7001289F:103:C9WFLANXX:3:2214:7749:48343/1	R1	+	-	+	-	0.000000	0.000000
ERR2061612.3730808 7001289F:103:C9WFLANXX:3:2304:14942:90825/1	R1	+	-	+	-	0.433628	0.433628
ERR2061612.3730810 7001289F:103:C9WFLANXX:3:1201:15329:21928/1	R1	+	-	+	-	0.446429	0.446429
ERR2061612.3730813 7001289F:103:C9WFLANXX:4:2316:8034:72799/1	R1	+	-	+	-	0.560000	0.560000
ERR2061612.3730815 7001289F:103:C9WFLANXX:4:2111:20737:61243/1	R1	+	-	+	-	0.433628	0.433628
ERR2061612.3730823 7001289F:103:C9WFLANXX:3:2103:6460:35758/1	R1	+	-	+	-	0.000000	0.000000
ERR2061612.3730827 7001289F:103:C9WFLANXX:3:1109:12391:89828/1	R1	+	-	+	-	0.457944	0.457944
ERR2061612.3730829 7001289F:103:C9WFLANXX:4:2116:14237:58306/1	R1	+	-	+	-	0.457944	0.457944
ERR2061612.3730830 7001289F:103:C9WFLANXX:4:1309:20390:54966/1	R1	+	-	+	-	0.457944	0.457944
ERR2061612.3730831 7001289F:103:C9WFLANXX:3:2106:17244:18289/1	R1	+	-	+	-	0.345455	0.345455
ERR2061612.3730835 7001289F:103:C9WFLANXX:3:1204:14240:56013/1	R1	+	-	+	-	0.000000	0.000000
ERR2061612.3730837 7001289F:103:C9WFLANXX:4:1204:17023:39831/1	R1	+	-	+	-	0.981308	0.981308
ERR2061612.3730840 7001289F:103:C9WFLANXX:3:2204:20161:33332/1	R1	+	-	+	-	0.000000	0.000000
ERR2061612.3730841 7001289F:103:C9WFLANXX:3:1112:18839:3059/1	R1	+	-	+	-	0.345455	0.345455
ERR2061612.3730845 7001289F:103:C9WFLANXX:4:2103:6552:5805/1	R1	+	-	+	-	0.438776	0.438776
ERR2061612.3730849 7001289F:103:C9WFLANXX:4:1302:13874:93008/1	R1	+	-	+	-	0.101852	0.101852
ERR2061612.3730851 7001289F:103:C9WFLANXX:4:1203:18389:11119/1	R1	+	-	+	-	0.302752	0.302752
ERR2061612.3730852 7001289F:103:C9WFLANXX:4:1312:10949:61804/1	R1	+	-	+	-	0.000000	0.000000
ERR2061612.3730854 7001289F:103:C9WFLANXX:4:1212:16005:35465/1	R1	+	-	+	-	0.302752	0.302752
ERR2061612.3730855 7001289F:103:C9WFLANXX:4:1204:1268:10852/1	R1	+	-	+	-	0.000000	0.000000
ERR2061612.3730858 7001289F:103:C9WFLANXX:3:1207:9766:25160/1	R1	+	-	+	-	0.837838	0.837838
ERR2061612.3730859 7001289F:103:C9WFLANXX:4:2108:19055:47326/1	R1	+	-	+	-	0.000000	0.000000
ERR2061612.3730860 7001289F:103:C9WFLANXX:4:1103:18028:62224/1	R1	+	-	+	-	0.000000	0.000000
ERR2061612.3730863 7001289F:103:C9WFLANXX:3:1312:16860:19301/1	R1	+	-	+	-	0.961538	0.961538
ERR2061612.3730865 7001289F:103:C9WFLANXX:3:1208:11961:68237/1	R1	-	+	-	+	0.000000	0.000000
ERR2061612.3730866 7001289F:103:C9WFLANXX:4:1208:8836:20048/1	R1	-	+	-	+	0.000000	0.000000
ERR2061612.3730869 7001289F:103:C9WFLANXX:3:2213:2635:47751/1	R1	+	-	+	-	0.558824	0.558824
ERR2061612.3730871 7001289F:103:C9WFLANXX:3:1113:9731:40491/1	R1	-	+	-	+	0.000000	0.000000
ERR2061612.3730872 7001289F:103:C9WFLANXX:4:1201:14416:20375/1	R1	-	+	-	+	0.000000	0.000000
ERR2061612.3730873 7001289F:103:C9WFLANXX:3:1103:3856:4567/1	R1	-	+	-	+	0.064516	0.064516
ERR2061612.3730874 7001289F:103:C9WFLANXX:3:2207:18422:68405/1	R1	-	+	-	+	0.000000	0.000000
ERR2061612.3730875 7001289F:103:C9WFLANXX:3:2101:1661:21362/1	R1	-	+	-	+	0.000000	0.000000
ERR2061612.3730878 7001289F:103:C9WFLANXX:4:1208:12035:91139/1	R1	-	+	-	+	0.000000	0.000000
ERR2061612.3730879 7001289F:103:C9WFLANXX:4:2114:9159:91308/1	R1	-	+	-	+	0.000000	0.000000
ERR2061612.3730880 7001289F:103:C9WFLANXX:4:2116:7739:76983/1	R1	-	+	-	+	0.000000	0.000000
ERR2061612.3730882 7001289F:103:C9WFLANXX:3:2102:12372:48839/1	R1	+	-	+	-	0.345455	0.345455
ERR2061612.3730883 7001289F:103:C9WFLANXX:4:1109:3106:19245/1	R1	+	-	+	-	0.513514	0.513514
ERR2061612.3730884 7001289F:103:C9WFLANXX:4:2315:2441:77971/1	R1	+	-	+	-	0.302752	0.302752
ERR2061612.3730885 7001289F:103:C9WFLANXX:4:2110:16655:73960/1	R1	-	+	-	+	0.103448	0.103448
ERR2061612.3730886 7001289F:103:C9WFLANXX:3:1114:6128:40139/1	R1	+	-	+	-	0.574468	0.574468
ERR2061612.3730887 7001289F:103:C9WFLANXX:3:1201:2242:42778/1	R1	-	+	-	+	0.047619	0.047619
ERR2061612.3730888 7001289F:103:C9WFLANXX:3:2213:11450:62978/1	R1	+	-	+	-	0.492537	0.492537
ERR2061612.3730891 7001289F:103:C9WFLANXX:4:2313:17702:80051/1	R1	+	-	+	-	0.475000	0.475000
ERR2061612.3730892 7001289F:103:C9WFLANXX:3:2112:10685:39646/1	R1	+	-	+	-	0.000000	0.000000
ERR2061612.3730893 7001289F:103:C9WFLANXX:3:1215:10182:71446/1	R1	-	+	-	+	0.000000	0.000000
ERR2061612.3730894 7001289F:103:C9WFLANXX:3:1203:19847:66454/1	R1	-	+	-	+	0.034483	0.034483
ERR2061612.3730895 7001289F:103:C9WFLANXX:4:1107:3239:97444/1	R1	+	-	+	-	0.760563	0.760563
ERR2061612.3730896 7001289F:103:C9WFLANXX:3:1209:14837:53161/1	R1	-	+	-	+	0.226087	0.226087
ERR2061612.3730899 7001289F:103:C9WFLANXX:3:2313:4852:56276/1	R1	-	+	-	+	0.109091	0.109091
ERR2061612.3730901 7001289F:103:C9WFLANXX:4:1103:6568:29438/1	R1	-	+	-	+	0.000000	0.000000
ERR2061612.3730902 7001289F:103:C9WFLANXX:3:1106:14075:4611/1	R1	+	-	+	-	0.714286	0.714286
ERR2061612.3730903 7001289F:103:C9WFLANXX:3:2212:9264:99953/1	R1	-	+	-	+	0.000000	0.000000
ERR2061612.3730904 7001289F:103:C9WFLANXX:4:2105:9133:46502/1	R1	+	-	+	-	0.000000	0.000000
ERR2061612.3730905 7001289F:103:C9WFLANXX:4:1209:6477:76225/1	R1	-	+	-	+	0.071429	0.071429
ERR2061612.3730907 7001289F:103:C9WFLANXX:3:1302:5754:21390/1	R1	-	+	-	+	0.120000	0.120000
ERR2061612.3730908 7001289F:103:C9WFLANXX:3:2215:8240:57319/1	R1	-	+	-	+	0.000000	0.000000
ERR2061612.3730910 7001289F:103:C9WFLANXX:3:1305:18460:95686/1	R1	+	-	+	-	0.657895	0.657895
ERR2061612.3730911 7001289F:103:C9WFLANXX:4:2106:17967:50586/1	R1	+	-	+	-	0.000000	0.000000
ERR2061612.3730912 7001289F:103:C9WFLANXX:4:1316:20145:33632/1	R1	+	-	+	-	0.673469	0.673469
ERR2061612.3730913 7001289F:103:C9WFLANXX:4:1110:1748:62107/1	R1	+	-	+	-	0.000000	0.000000
ERR2061612.3730919 7001289F:103:C9WFLANXX:3:1210:8850:9336/1	R1	-	+	-	+	0.000000	0.000000
ERR2061612.3730921 7001289F:103:C9WFLANXX:4:1115:2959:16535/1	R1	-	+	-	+	0.166667	0.166667
ERR2061612.3730923 7001289F:103:C9WFLANXX:4:1210:13953:91487/1	R1	-	+	-	+	0.222222	0.222222
ERR2061612.3730924 7001289F:103:C9WFLANXX:3:2213:12031:27023/1	R1	+	-	+	-	0.000000	0.000000
ERR2061612.3730925 7001289F:103:C9WFLANXX:3:2212:7473:6225/1	R1	+	-	+	-	0.000000	0.000000
ERR2061612.3730927 7001289F:103:C9WFLANXX:4:1113:10862:14679/1	R1	+	-	+	-	0.302752	0.302752
ERR2061612.3730930 7001289F:103:C9WFLANXX:4:2301:1724:69186/1	R1	+	-	+	-	0.504673	0.504673
ERR2061612.3730932 7001289F:103:C9WFLANXX:3:2103:12101:20496/1	R1	+	-	+	-	0.413043	0.413043
ERR2061612.3730937 7001289F:103:C9WFLANXX:3:1213:16893:3845/1	R1	+	-	+	-	0.446429	0.446429
ERR2061612.3730940 7001289F:103:C9WFLANXX:3:1203:20034:16703/1	R1	-	+	-	+	0.246032	0.246032
ERR2061612.3730941 7001289F:103:C9WFLANXX:3:2110:17526:74083/1	R1	+	-	+	-	0.345455	0.345455
ERR2061612.3730942 7001289F:103:C9WFLANXX:3:2116:4696:11703/1	R1	+	-	+	-	0.387755	0.387755
ERR2061612.3730944 7001289F:103:C9WFLANXX:4:2314:10538:90769/1	R1	+	-	+	-	0.345455	0.345455
ERR2061612.3730945 7001289F:103:C9WFLANXX:4:1109:14709:81000/1	R1	+	-	+	-	0.345455	0.345455
ERR2061612.3730948 7001289F:103:C9WFLANXX:4:1101:14701:13377/1	R1	+	-	+	-	0.513514	0.513514
ERR2061612.3730954 7001289F:103:C9WFLANXX:4:1111:10294:2480/1	R1	+	-	+	-	0.522936	0.522936
ERR2061612.3730955 7001289F:103:C9WFLANXX:3:1210:16370:54533/1	R1	+	-	+	-	0.302752	0.302752
ERR2061612.3730956 7001289F:103:C9WFLANXX:4:1104:1961:46820/1	R1	-	+	-	+	0.045977	0.045977
ERR2061612.3730958 7001289F:103:C9WFLANXX:3:2206:17987:58817/1	R1	+	-	+	-	0.000000	0.000000
ERR2061612.3730960 7001289F:103:C9WFLANXX:4:2311:18298:29531/1	R1	+	-	+	-	0.000000	0.000000
ERR2061612.3730961 7001289F:103:C9WFLANXX:4:2308:13557:17642/1	R1	+	-	+	-	0.000000	0.000000
ERR2061612.3730962 7001289F:103:C9WFLANXX:4:2206:7811:91907/1	R1	+	-	+	-	0.000000	0.000000
ERR2061612.3730963 7001289F:103:C9WFLANXX:4:2216:12493:46443/1	R1	+	-	+	-	0.000000	0.000000
ERR2061612.3730966 7001289F:103:C9WFLANXX:4:1202:11807:37155/1	R1	+	-	+	-	0.000000	0.000000
ERR2061612.3730968 7001289F:103:C9WFLANXX:4:1105:4375:52981/1	R1	+	-	+	-	0.000000	0.000000
ERR2061612.3730969 7001289F:103:C9WFLANXX:3:1212:4186:86618/1	R1	-	+	-	+	0.000000	0.000000
ERR2061612.3730970 7001289F:103:C9WFLANXX:4:1314:6384:100822/1	R1	+	-	+	-	0.000000	0.000000
ERR2061612.3730971 7001289F:103:C9WFLANXX:3:1102:15673:39712/1	R1	+	-	+	-	0.924528	0.924528
ERR2061612.3730972 7001289F:103:C9WFLANXX:3:1107:16928:78489/1	R1	+	-	+	-	0.457944	0.457944
ERR2061612.3730976 7001289F:103:C9WFLANXX:4:2104:15843:72083/1	R1	+	-	+	-	0.433628	0.433628
ERR2061612.3730977 7001289F:103:C9WFLANXX:4:1213:2120:31232/1	R1	+	-	+	-	0.457944	0.457944
ERR2061612.3730981 7001289F:103:C9WFLANXX:3:2116:2348:82519/1	R1	+	-	+	-	0.645455	0.645455
ERR2061612.3730982 7001289F:103:C9WFLANXX:3:1116:2937:47271/1	R1	-	+	-	+	0.000000	0.000000
ERR2061612.3730988 7001289F:103:C9WFLANXX:4:2214:5357:29257/1	R1	+	-	+	-	0.446429	0.446429
ERR2061612.3730989 7001289F:103:C9WFLANXX:4:1303:15142:74884/1	R1	+	-	+	-	0.446429	0.446429
ERR2061612.3730990 7001289F:103:C9WFLANXX:4:2108:3431:17837/1	R1	+	-	+	-	0.679245	0.679245
ERR2061612.3730991 7001289F:103:C9WFLANXX:3:2310:16329:80199/1	R1	+	-	+	-	0.000000	0.000000
ERR2061612.3730992 7001289F:103:C9WFLANXX:3:1106:19645:13600/1	R1	+	-	+	-	0.000000	0.000000
ERR2061612.3730993 7001289F:103:C9WFLANXX:4:1315:10618:65668/1	R1	-	+	-	+	0.194444	0.194444
ERR2061612.3730994 7001289F:103:C9WFLANXX:3:2109:11192:25131/1	R1	+	-	+	-	0.513514	0.513514
ERR2061612.3730995 7001289F:103:C9WFLANXX:3:2304:5129:81990/1	R1	+	-	+	-	0.000000	0.000000
ERR2061612.3730996 7001289F:103:C9WFLANXX:3:2307:16701:66924/1	R1	+	-	+	-	0.759259	0.759259
ERR2061612.3730997 7001289F:103:C9WFLANXX:4:1102:11962:85872/1	R1	-	+	-	+	0.000000	0.000000
ERR2061612.3730998 7001289F:103:C9WFLANXX:3:1216:4076:50037/1	R1	-	+	-	+	0.000000	0.000000
ERR2061612.3731001 7001289F:103:C9WFLANXX:4:2201:15844:55710/1	R1	+	-	+	-	0.000000	0.000000
ERR2061612.3731002 7001289F:103:C9WFLANXX:4:1302:3049:2706/1	R1	+	-	+	-	0.000000	0.000000
ERR2061612.3731003 7001289F:103:C9WFLANXX:4:1314:2492:6164/1	R1	-	+	-	+	0.320000	0.320000
ERR2061612.3731004 7001289F:103:C9WFLANXX:3:1305:14049:96918/1	R1	-	+	-	+	0.204918	0.204918
ERR2061612.3731005 7001289F:103:C9WFLANXX:4:2111:7777:92847/1	R1	+	-	+	-	0.513514	0.513514
ERR2061612.3731006 7001289F:103:C9WFLANXX:3:2110:2041:97418/1	R1	+	-	+	-	0.000000	0.000000
ERR2061612.3731008 7001289F:103:C9WFLANXX:4:2115:19627:38057/1	R1	-	+	-	+	0.145833	0.145833
ERR2061612.3731011 7001289F:103:C9WFLANXX:3:2306:13145:65824/1	R1	-	+	-	+	0.000000	0.000000
ERR2061612.3731013 7001289F:103:C9WFLANXX:3:1110:13234:66817/1	R1	+	-	+	-	0.526786	0.526786
ERR2061612.3731014 7001289F:103:C9WFLANXX:3:1112:2084:47200/1	R1	+	-	+	-	0.714286	0.714286
ERR2061612.3731016 7001289F:103:C9WFLANXX:3:1108:11976:39273/1	R1	-	+	-	+	0.000000	0.000000
ERR2061612.3731019 7001289F:103:C9WFLANXX:4:1210:12469:58654/1	R1	-	+	-	+	0.074380	0.074380
ERR2061612.5248527 7001289F:103:C9WFLANXX:4:1304:16537:60027/1	R1	+	-	+	-	0.000000	0.000000
ERR2061612.5508397 7001289F:103:C9WFLANXX:3:2302:5870:97364/1	R1	+	-	+	-	0.302752	0.302752
ERR2061612.7347111 7001289F:103:C9WFLANXX:4:1212:7813:18950/1	R1	+	-	+	-	0.568182	0.568182
ERR2061612.7508469 7001289F:103:C9WFLANXX:3:2108:11191:35503/1	R1	+	-	+	-	0.302752	0.302752
ERR2061612.7865061 7001289F:103:C9WFLANXX:3:2303:14598:30650/1	R1	+	-	+	-	0.365385	0.365385
ERR2061612.7865063 7001289F:103:C9WFLANXX:3:1209:9052:38711/1	R1	+	-	+	-	0.368932	0.368932
ERR2061612.7865066 7001289F:103:C9WFLANXX:3:1103:3707:41957/1	R1	+	-	+	-	0.504673	0.504673
ERR2061612.7865067 7001289F:103:C9WFLANXX:3:2112:19493:30219/1	R1	+	-	+	-	0.000000	0.000000
ERR2061612.7865068 7001289F:103:C9WFLANXX:3:1113:19283:19364/1	R1	+	-	+	-	0.457944	0.457944
ERR2061612.7865071 7001289F:103:C9WFLANXX:4:2301:20164:79756/1	R1	+	-	+	-	0.961538	0.961538
ERR2061612.7865074 7001289F:103:C9WFLANXX:3:1213:18697:61259/1	R1	+	-	+	-	0.446429	0.446429
ERR2061612.7865075 7001289F:103:C9WFLANXX:3:1204:12580:40368/1	R1	+	-	+	-	0.446429	0.446429
ERR2061612.7865077 7001289F:103:C9WFLANXX:4:1203:8023:25144/1	R1	+	-	+	-	0.446429	0.446429
ERR2061612.7865079 7001289F:103:C9WFLANXX:3:2314:20793:92798/1	R1	+	-	+	-	0.433628	0.433628
ERR2061612.7865087 7001289F:103:C9WFLANXX:3:2212:2678:19025/1	R1	+	-	+	-	0.471698	0.471698
ERR2061612.7865088 7001289F:103:C9WFLANXX:3:1316:18802:89587/1	R1	+	-	+	-	0.471698	0.471698
ERR2061612.7865090 7001289F:103:C9WFLANXX:3:1304:2181:46887/1	R1	+	-	+	-	0.000000	0.000000
ERR2061612.7865092 7001289F:103:C9WFLANXX:4:2303:2710:86901/1	R1	+	-	+	-	0.457944	0.457944
ERR2061612.7865093 7001289F:103:C9WFLANXX:4:2207:8456:5391/1	R1	+	-	+	-	0.457944	0.457944
ERR2061612.7865095 7001289F:103:C9WFLANXX:4:1307:17349:24064/1	R1	+	-	+	-	0.000000	0.000000
ERR2061612.7865097 7001289F:103:C9WFLANXX:4:1305:3603:22390/1	R1	+	-	+	-	0.000000	0.000000
ERR2061612.7865102 7001289F:103:C9WFLANXX:4:1315:12719:89344/1	R1	+	-	+	-	0.457944	0.457944
ERR2061612.7865105 7001289F:103:C9WFLANXX:3:2316:17945:36260/1	R1	+	-	+	-	0.345455	0.345455
ERR2061612.7865106 7001289F:103:C9WFLANXX:3:2215:3854:70232/1	R1	+	-	+	-	0.345455	0.345455
ERR2061612.7865107 7001289F:103:C9WFLANXX:3:2215:17665:86726/1	R1	+	-	+	-	0.504587	0.504587
ERR2061612.7865110 7001289F:103:C9WFLANXX:3:2102:12694:77147/1	R1	+	-	+	-	0.000000	0.000000
ERR2061612.7865114 7001289F:103:C9WFLANXX:3:1202:12307:45591/1	R1	+	-	+	-	0.000000	0.000000
ERR2061612.7865116 7001289F:103:C9WFLANXX:4:2315:13411:86450/1	R1	+	-	+	-	0.412844	0.412844
ERR2061612.7865119 7001289F:103:C9WFLANXX:4:2102:5837:92976/1	R1	+	-	+	-	0.000000	0.000000
ERR2061612.7865120 7001289F:103:C9WFLANXX:4:2115:8059:32419/1	R1	+	-	+	-	0.345455	0.345455
ERR2061612.7865122 7001289F:103:C9WFLANXX:4:1306:10081:67863/1	R1	+	-	+	-	0.302752	0.302752
ERR2061612.7865123 7001289F:103:C9WFLANXX:4:1206:5113:37124/1	R1	+	-	+	-	0.302752	0.302752
ERR2061612.7865124 7001289F:103:C9WFLANXX:4:1114:7460:2259/1	R1	+	-	+	-	0.345455	0.345455
ERR2061612.7865125 7001289F:103:C9WFLANXX:4:2211:11564:20686/1	R1	-	+	-	+	0.402985	0.402985
ERR2061612.7865128 7001289F:103:C9WFLANXX:4:2214:9974:56492/1	R1	+	-	+	-	0.924528	0.924528
ERR2061612.7865129 7001289F:103:C9WFLANXX:4:2201:14506:99839/1	R1	-	+	-	+	0.250000	0.250000
ERR2061612.7865130 7001289F:103:C9WFLANXX:4:2213:17208:61748/1	R1	+	-	+	-	0.531915	0.531915
ERR2061612.7865131 7001289F:103:C9WFLANXX:4:1206:19382:17346/1	R1	+	-	+	-	0.612903	0.612903
ERR2061612.7865132 7001289F:103:C9WFLANXX:3:1101:11994:27055/1	R1	+	-	+	-	0.830508	0.830508
ERR2061612.7865136 7001289F:103:C9WFLANXX:3:1111:6431:17588/1	R1	-	+	-	+	0.216216	0.216216
ERR2061612.7865137 7001289F:103:C9WFLANXX:4:2303:5975:13630/1	R1	-	+	-	+	0.105263	0.105263
ERR2061612.7865140 7001289F:103:C9WFLANXX:3:2303:3792:47037/1	R1	+	-	+	-	0.348624	0.348624
ERR2061612.7865141 7001289F:103:C9WFLANXX:3:2303:11017:99695/1	R1	+	-	+	-	0.362637	0.362637
ERR2061612.7865143 7001289F:103:C9WFLANXX:4:2206:1613:51165/1	R1	+	-	+	-	0.413043	0.413043
ERR2061612.7865144 7001289F:103:C9WFLANXX:4:1304:17231:2199/1	R1	+	-	+	-	0.000000	0.000000
ERR2061612.7865145 7001289F:103:C9WFLANXX:4:1113:14882:64106/1	R1	-	+	-	+	0.000000	0.000000
ERR2061612.7865146 7001289F:103:C9WFLANXX:3:1105:1911:75038/1	R1	+	-	+	-	0.558824	0.558824
ERR2061612.7865147 7001289F:103:C9WFLANXX:3:2211:1323:71688/1	R1	+	-	+	-	0.471698	0.471698
ERR2061612.7865148 7001289F:103:C9WFLANXX:3:1205:16051:90382/1	R1	-	+	-	+	0.163265	0.163265
ERR2061612.7865149 7001289F:103:C9WFLANXX:4:2309:11544:84495/1	R1	-	+	-	+	0.000000	0.000000
ERR2061612.7865152 7001289F:103:C9WFLANXX:4:1315:15279:10554/1	R1	-	+	-	+	0.000000	0.000000
ERR2061612.7865153 7001289F:103:C9WFLANXX:3:2307:16224:85774/1	R1	-	+	-	+	0.000000	0.000000
ERR2061612.7865156 7001289F:103:C9WFLANXX:4:1313:12657:39098/1	R1	+	-	+	-	0.436364	0.436364
ERR2061612.7865158 7001289F:103:C9WFLANXX:4:2309:19109:54625/1	R1	-	+	-	+	0.436170	0.436170
ERR2061612.7865161 7001289F:103:C9WFLANXX:4:1103:13894:20112/1	R1	+	-	+	-	0.302752	0.302752
ERR2061612.7865165 7001289F:103:C9WFLANXX:3:1201:18926:57866/1	R1	+	-	+	-	0.558824	0.558824
ERR2061612.7865166 7001289F:103:C9WFLANXX:3:1113:19964:94413/1	R1	+	-	+	-	0.540984	0.540984
ERR2061612.7865167 7001289F:103:C9WFLANXX:3:1101:6676:65967/1	R1	-	+	-	+	0.000000	0.000000
ERR2061612.7865168 7001289F:103:C9WFLANXX:3:1208:4170:99681/1	R1	+	-	+	-	0.000000	0.000000
ERR2061612.7865169 7001289F:103:C9WFLANXX:4:2103:19030:51982/1	R1	+	-	+	-	0.446429	0.446429
ERR2061612.7865170 7001289F:103:C9WFLANXX:3:1208:12843:37423/1	R1	+	-	+	-	0.417722	0.417722
ERR2061612.7865171 7001289F:103:C9WFLANXX:4:2213:2644:52324/1	R1	+	-	+	-	0.600000	0.600000
ERR2061612.7865172 7001289F:103:C9WFLANXX:4:1312:18077:49415/1	R1	-	+	-	+	0.000000	0.000000
ERR2061612.7865173 7001289F:103:C9WFLANXX:4:2303:21129:7854/1	R1	-	+	-	+	0.000000	0.000000
ERR2061612.7865174 7001289F:103:C9WFLANXX:3:2314:21255:77815/1	R1	+	-	+	-	0.452055	0.452055
ERR2061612.7865176 7001289F:103:C9WFLANXX:3:2215:9527:5063/1	R1	-	+	-	+	0.000000	0.000000
ERR2061612.7865177 7001289F:103:C9WFLANXX:4:1106:18758:43627/1	R1	-	+	-	+	0.000000	0.000000
ERR2061612.7865178 7001289F:103:C9WFLANXX:3:1207:13828:56317/1	R1	+	-	+	-	0.492537	0.492537
ERR2061612.7865181 7001289F:103:C9WFLANXX:3:2205:19586:75499/1	R1	-	+	-	+	0.129630	0.129630
ERR2061612.7865182 7001289F:103:C9WFLANXX:3:1311:1555:34270/1	R1	-	+	-	+	0.000000	0.000000
ERR2061612.7865183 7001289F:103:C9WFLANXX:3:2301:10741:88736/1	R1	+	-	+	-	0.000000	0.000000
ERR2061612.7865184 7001289F:103:C9WFLANXX:4:1303:2258:100232/1	R1	-	+	-	+	0.116667	0.116667
ERR2061612.7865186 7001289F:103:C9WFLANXX:3:2114:18885:81266/1	R1	+	-	+	-	0.439560	0.439560
ERR2061612.7865187 7001289F:103:C9WFLANXX:4:2306:7219:49165/1	R1	-	+	-	+	0.000000	0.000000
ERR2061612.7865188 7001289F:103:C9WFLANXX:4:2105:16299:68627/1	R1	+	-	+	-	0.678571	0.678571
ERR2061612.7865189 7001289F:103:C9WFLANXX:3:1107:14428:45915/1	R1	+	-	+	-	0.000000	0.000000
ERR2061612.7865190 7001289F:103:C9WFLANXX:4:2305:17699:65605/1	R1	-	+	-	+	0.145833	0.145833
ERR2061612.7865191 7001289F:103:C9WFLANXX:3:1211:11509:62448/1	R1	-	+	-	+	0.216216	0.216216
ERR2061612.7865192 7001289F:103:C9WFLANXX:4:2316:12085:88937/1	R1	+	-	+	-	0.000000	0.000000
ERR2061612.7865196 7001289F:103:C9WFLANXX:4:1313:15748:82636/1	R1	+	-	+	-	0.000000	0.000000
ERR2061612.7865198 7001289F:103:C9WFLANXX:3:1204:2958:92439/1	R1	+	-	+	-	0.475000	0.475000
ERR2061612.7865201 7001289F:103:C9WFLANXX:4:2307:12144:10876/1	R1	-	+	-	+	0.000000	0.000000
ERR2061612.7865202 7001289F:103:C9WFLANXX:3:2216:10170:65569/1	R1	+	-	+	-	0.714286	0.714286
ERR2061612.7865208 7001289F:103:C9WFLANXX:4:1209:12184:23721/1	R1	+	-	+	-	0.513514	0.513514
ERR2061612.7865209 7001289F:103:C9WFLANXX:3:2112:2904:67425/1	R1	+	-	+	-	0.485149	0.485149
ERR2061612.7865213 7001289F:103:C9WFLANXX:4:1110:6196:51810/1	R1	+	-	+	-	0.678571	0.678571
ERR2061612.7865215 7001289F:103:C9WFLANXX:3:1108:18695:32001/1	R1	+	-	+	-	0.000000	0.000000
ERR2061612.7865218 7001289F:103:C9WFLANXX:3:1303:6978:36061/1	R1	+	-	+	-	0.000000	0.000000
ERR2061612.7865219 7001289F:103:C9WFLANXX:3:2110:17236:30239/1	R1	-	+	-	+	0.000000	0.000000
ERR2061612.7865220 7001289F:103:C9WFLANXX:3:1314:15700:99209/1	R1	+	-	+	-	0.000000	0.000000
ERR2061612.7865222 7001289F:103:C9WFLANXX:3:2210:12431:58672/1	R1	+	-	+	-	0.433628	0.433628
ERR2061612.7865223 7001289F:103:C9WFLANXX:3:2316:1440:11932/1	R1	+	-	+	-	0.433628	0.433628
ERR2061612.7865224 7001289F:103:C9WFLANXX:3:2203:7782:67934/1	R1	+	-	+	-	0.433628	0.433628
ERR2061612.7865225 7001289F:103:C9WFLANXX:3:2113:1488:63260/1	R1	+	-	+	-	0.457944	0.457944
ERR2061612.7865226 7001289F:103:C9WFLANXX:3:1310:5975:41590/1	R1	+	-	+	-	0.457944	0.457944
ERR2061612.7865228 7001289F:103:C9WFLANXX:4:2116:8615:94930/1	R1	+	-	+	-	0.101852	0.101852
ERR2061612.7865229 7001289F:103:C9WFLANXX:4:1210:8361:33291/1	R1	+	-	+	-	0.433628	0.433628
ERR2061612.7865230 7001289F:103:C9WFLANXX:4:1216:2015:2259/1	R1	+	-	+	-	0.433628	0.433628
ERR2061612.7865232 7001289F:103:C9WFLANXX:4:2302:8787:53881/1	R1	-	+	-	+	0.000000	0.000000
ERR2061612.7865233 7001289F:103:C9WFLANXX:4:2301:13615:63439/1	R1	-	+	-	+	0.000000	0.000000
ERR2061612.7865234 7001289F:103:C9WFLANXX:4:2114:5299:98009/1	R1	-	+	-	+	0.000000	0.000000
ERR2061612.7865235 7001289F:103:C9WFLANXX:4:2208:8024:93022/1	R1	+	-	+	-	0.875000	0.875000
ERR2061612.7865237 7001289F:103:C9WFLANXX:3:1108:15223:22717/1	R1	+	-	+	-	0.446429	0.446429
ERR2061612.7865241 7001289F:103:C9WFLANXX:4:2312:7461:66107/1	R1	+	-	+	-	0.446429	0.446429
ERR2061612.7865243 7001289F:103:C9WFLANXX:4:2216:19108:61907/1	R1	+	-	+	-	0.446429	0.446429
ERR2061612.7865245 7001289F:103:C9WFLANXX:4:1315:11190:41710/1	R1	+	-	+	-	0.446429	0.446429
ERR2061612.7865246 7001289F:103:C9WFLANXX:4:1210:9400:75252/1	R1	+	-	+	-	0.446429	0.446429
ERR2061612.7865247 7001289F:103:C9WFLANXX:4:1210:19598:75889/1	R1	+	-	+	-	0.446429	0.446429
ERR2061612.7865249 7001289F:103:C9WFLANXX:4:1206:14284:4609/1	R1	+	-	+	-	0.446429	0.446429
ERR2061612.7865251 7001289F:103:C9WFLANXX:4:1113:9604:17011/1	R1	+	-	+	-	0.446429	0.446429
ERR2061612.7865252 7001289F:103:C9WFLANXX:4:1315:5085:73645/1	R1	-	+	-	+	0.000000	0.000000
ERR2061612.7865253 7001289F:103:C9WFLANXX:3:2310:10808:14180/1	R1	+	-	+	-	0.345455	0.345455
ERR2061612.7865254 7001289F:103:C9WFLANXX:3:2309:8792:38090/1	R1	+	-	+	-	0.345455	0.345455
ERR2061612.7865256 7001289F:103:C9WFLANXX:3:2102:5404:100760/1	R1	+	-	+	-	0.365385	0.365385
ERR2061612.7865258 7001289F:103:C9WFLANXX:3:1305:19817:97273/1	R1	+	-	+	-	0.345455	0.345455
ERR2061612.7865263 7001289F:103:C9WFLANXX:4:1207:13727:54454/1	R1	+	-	+	-	0.639640	0.639640
ERR2061612.7865264 7001289F:103:C9WFLANXX:3:2311:9839:59867/1	R1	-	+	-	+	0.000000	0.000000
ERR2061612.7865265 7001289F:103:C9WFLANXX:3:2206:3987:68869/1	R1	+	-	+	-	0.345455	0.345455
ERR2061612.7865266 7001289F:103:C9WFLANXX:3:1304:18751:46273/1	R1	-	+	-	+	0.174603	0.174603
ERR2061612.7865267 7001289F:103:C9WFLANXX:4:1305:13117:94042/1	R1	+	-	+	-	0.345455	0.345455
ERR2061612.7865268 7001289F:103:C9WFLANXX:3:2212:13466:83308/1	R1	+	-	+	-	0.302752	0.302752
ERR2061612.7865270 7001289F:103:C9WFLANXX:3:1204:14394:36868/1	R1	+	-	+	-	0.302752	0.302752
ERR2061612.7865271 7001289F:103:C9WFLANXX:3:1116:14745:96881/1	R1	+	-	+	-	0.600000	0.600000
ERR2061612.7865273 7001289F:103:C9WFLANXX:4:2203:17681:39571/1	R1	+	-	+	-	0.302752	0.302752
ERR2061612.7865274 7001289F:103:C9WFLANXX:4:2204:14777:88835/1	R1	+	-	+	-	0.302752	0.302752
ERR2061612.7865275 7001289F:103:C9WFLANXX:4:1206:4400:48029/1	R1	+	-	+	-	0.302752	0.302752
ERR2061612.7865276 7001289F:103:C9WFLANXX:4:1106:6436:73929/1	R1	+	-	+	-	0.302752	0.302752
ERR2061612.7865278 7001289F:103:C9WFLANXX:4:1207:5462:96536/1	R1	+	-	+	-	0.302752	0.302752
ERR2061612.7865281 7001289F:103:C9WFLANXX:3:2104:15206:48705/1	R1	+	-	+	-	0.000000	0.000000
ERR2061612.7865282 7001289F:103:C9WFLANXX:3:1312:12011:23099/1	R1	+	-	+	-	0.302752	0.302752
ERR2061612.7865285 7001289F:103:C9WFLANXX:4:1314:12897:32747/1	R1	+	-	+	-	0.000000	0.000000
ERR2061612.7865286 7001289F:103:C9WFLANXX:4:1313:1420:30186/1	R1	+	-	+	-	0.000000	0.000000
ERR2061612.7865287 7001289F:103:C9WFLANXX:4:1316:15419:17061/1	R1	+	-	+	-	0.000000	0.000000
ERR2061612.7865291 7001289F:103:C9WFLANXX:4:1205:2745:92231/1	R1	+	-	+	-	0.000000	0.000000
ERR2061612.7865292 7001289F:103:C9WFLANXX:3:2207:12901:11421/1	R1	+	-	+	-	0.753846	0.753846
ERR2061612.7865293 7001289F:103:C9WFLANXX:3:2204:12714:100811/1	R1	+	-	+	-	0.457944	0.457944
ERR2061612.7865294 7001289F:103:C9WFLANXX:3:2116:6204:80336/1	R1	+	-	+	-	0.457944	0.457944
ERR2061612.7865296 7001289F:103:C9WFLANXX:4:2201:15100:3838/1	R1	+	-	+	-	0.636364	0.636364
ERR2061612.7865298 7001289F:103:C9WFLANXX:4:1316:12410:27369/1	R1	+	-	+	-	0.433628	0.433628
ERR2061612.7865302 7001289F:103:C9WFLANXX:4:2305:18663:97393/1	R1	+	-	+	-	0.965517	0.965517
ERR2061612.7865305 7001289F:103:C9WFLANXX:4:2113:14835:31054/1	R1	-	+	-	+	0.000000	0.000000
ERR2061612.7865306 7001289F:103:C9WFLANXX:3:2209:7972:1944/1	R1	+	-	+	-	0.345455	0.345455
ERR2061612.7865308 7001289F:103:C9WFLANXX:3:2208:15972:56003/1	R1	-	+	-	+	0.000000	0.000000
ERR2061612.7865309 7001289F:103:C9WFLANXX:3:1308:14783:61704/1	R1	-	+	-	+	0.000000	0.000000
ERR2061612.7865310 7001289F:103:C9WFLANXX:3:2311:6497:96109/1	R1	+	-	+	-	0.435294	0.435294
ERR2061612.7865312 7001289F:103:C9WFLANXX:4:2215:17208:89007/1	R1	-	+	-	+	0.000000	0.000000
ERR2061612.7865315 7001289F:103:C9WFLANXX:3:1306:18717:8032/1	R1	+	-	+	-	0.524752	0.524752
ERR2061612.7865320 7001289F:103:C9WFLANXX:4:1213:10806:94073/1	R1	-	+	-	+	0.333333	0.333333
ERR2061612.7865321 7001289F:103:C9WFLANXX:3:2205:9505:89036/1	R1	-	+	-	+	0.320000	0.320000
ERR2061612.7865322 7001289F:103:C9WFLANXX:3:2213:6788:77560/1	R1	+	-	+	-	0.000000	0.000000
ERR2061612.7865325 7001289F:103:C9WFLANXX:4:1304:10660:16268/1	R1	+	-	+	-	0.000000	0.000000
ERR2061612.7865326 7001289F:103:C9WFLANXX:3:2311:14549:16848/1	R1	+	-	+	-	0.500000	0.500000
ERR2061612.7865328 7001289F:103:C9WFLANXX:3:2211:7214:89246/1	R1	+	-	+	-	0.891892	0.891892
ERR2061612.7865330 7001289F:103:C9WFLANXX:4:1212:2034:67472/1	R1	+	-	+	-	0.000000	0.000000
ERR2061612.7865332 7001289F:103:C9WFLANXX:4:2308:13014:20599/1	R1	+	-	+	-	0.636364	0.636364
ERR2061612.7865334 7001289F:103:C9WFLANXX:4:2202:5615:87630/1	R1	+	-	+	-	0.760000	0.760000
ERR2061612.7865335 7001289F:103:C9WFLANXX:3:1215:12901:66090/1	R1	+	-	+	-	0.446429	0.446429
ERR2061612.7865336 7001289F:103:C9WFLANXX:4:1312:12376:87783/1	R1	-	+	-	+	0.000000	0.000000
ERR2061612.7865337 7001289F:103:C9WFLANXX:4:1113:9075:6220/1	R1	+	-	+	-	0.000000	0.000000
ERR2061612.7865338 7001289F:103:C9WFLANXX:4:1305:16218:28624/1	R1	+	-	+	-	0.891892	0.891892
ERR2061612.7865339 7001289F:103:C9WFLANXX:3:1109:2128:82911/1	R1	-	+	-	+	0.000000	0.000000
ERR2061612.7865340 7001289F:103:C9WFLANXX:4:2313:5597:13422/1	R1	+	-	+	-	0.000000	0.000000
ERR2061612.7865341 7001289F:103:C9WFLANXX:4:1115:5618:83670/1	R1	+	-	+	-	0.609756	0.609756
ERR2061612.7865343 7001289F:103:C9WFLANXX:3:1301:3394:36408/1	R1	-	+	-	+	0.000000	0.000000
ERR2061612.7894185 7001289F:103:C9WFLANXX:3:1216:10859:97948/1	R1	-	+	-	+	0.000000	0.000000
ERR2061612.7983945 7001289F:103:C9WFLANXX:4:2106:15459:25630/1	R1	-	+	-	+	0.099174	0.099174
ERR2061612.8851801 7001289F:103:C9WFLANXX:3:2211:13396:86756/1	R1	+	-	+	-	0.000000	0.000000
ERR2061612.9065495 7001289F:103:C9WFLANXX:4:1101:12820:36756/1	R1	+	-	+	-	0.000000	0.000000
ERR2061612.9534861 7001289F:103:C9WFLANXX:3:1212:20200:10153/1	R1	-	+	-	+	0.000000	0.000000
ERR2061612.9812664 7001289F:103:C9WFLANXX:4:2202:4287:29183/1	R1	+	-	+	-	0.000000	0.000000
ERR2061612.10597669 7001289F:103:C9WFLANXX:3:2214:7029:91213/1	R1	+	-	+	-	0.000000	0.000000
ERR2061612.11024434 7001289F:103:C9WFLANXX:3:1104:11520:28901/1	R1	+	-	+	-	0.518868	0.518868
ERR2061612.11024438 7001289F:103:C9WFLANXX:3:1214:17686:89315/1	R1	+	-	+	-	0.469027	0.469027
ERR2061612.11024446 7001289F:103:C9WFLANXX:3:2204:14484:51101/1	R1	+	-	+	-	0.767442	0.767442
ERR2061612.11024448 7001289F:103:C9WFLANXX:3:1304:6946:68882/1	R1	-	+	-	+	0.000000	0.000000
ERR2061612.11024451 7001289F:103:C9WFLANXX:3:1206:6780:56675/1	R1	+	-	+	-	0.544643	0.544643
ERR2061612.11024456 7001289F:103:C9WFLANXX:3:2310:14155:73011/1	R1	+	-	+	-	0.000000	0.000000
ERR2061612.11024457 7001289F:103:C9WFLANXX:4:1203:8136:99173/1	R1	-	+	-	+	0.117647	0.117647
ERR2061612.11024460 7001289F:103:C9WFLANXX:4:2301:7654:71745/1	R1	-	+	-	+	0.000000	0.000000
ERR2061612.11024462 7001289F:103:C9WFLANXX:4:1114:12134:13040/1	R1	+	-	+	-	0.433628	0.433628
ERR2061612.11024465 7001289F:103:C9WFLANXX:3:2209:5128:11028/1	R1	+	-	+	-	0.000000	0.000000
ERR2061612.11024467 7001289F:103:C9WFLANXX:3:2206:9861:18758/1	R1	+	-	+	-	0.471698	0.471698
ERR2061612.11024470 7001289F:103:C9WFLANXX:3:2106:7235:11015/1	R1	+	-	+	-	0.000000	0.000000
ERR2061612.11024471 7001289F:103:C9WFLANXX:3:1212:20847:78803/1	R1	+	-	+	-	0.000000	0.000000
ERR2061612.11024472 7001289F:103:C9WFLANXX:4:2315:5758:92767/1	R1	+	-	+	-	0.457944	0.457944
ERR2061612.11024473 7001289F:103:C9WFLANXX:4:2206:1507:31412/1	R1	+	-	+	-	0.000000	0.000000
ERR2061612.11024477 7001289F:103:C9WFLANXX:4:1315:8722:41171/1	R1	+	-	+	-	0.000000	0.000000
ERR2061612.11024478 7001289F:103:C9WFLANXX:4:1214:21213:9692/1	R1	+	-	+	-	0.457944	0.457944
ERR2061612.11024482 7001289F:103:C9WFLANXX:3:1310:14913:71365/1	R1	+	-	+	-	0.000000	0.000000
ERR2061612.11024483 7001289F:103:C9WFLANXX:4:2113:4519:99829/1	R1	+	-	+	-	0.471698	0.471698
ERR2061612.11024484 7001289F:103:C9WFLANXX:4:2108:8607:45044/1	R1	+	-	+	-	0.457944	0.457944
ERR2061612.11024485 7001289F:103:C9WFLANXX:4:1113:19354:90849/1	R1	+	-	+	-	0.457944	0.457944
ERR2061612.11024486 7001289F:103:C9WFLANXX:3:2211:17422:100611/1	R1	+	-	+	-	0.000000	0.000000
ERR2061612.11024487 7001289F:103:C9WFLANXX:3:2202:16448:43656/1	R1	+	-	+	-	0.000000	0.000000
ERR2061612.11024488 7001289F:103:C9WFLANXX:3:2213:2779:56338/1	R1	+	-	+	-	0.345455	0.345455
ERR2061612.11024492 7001289F:103:C9WFLANXX:3:1308:4841:16667/1	R1	+	-	+	-	0.403670	0.403670
ERR2061612.11024493 7001289F:103:C9WFLANXX:3:1308:5577:45696/1	R1	+	-	+	-	0.302752	0.302752
ERR2061612.11024494 7001289F:103:C9WFLANXX:4:2110:8344:22733/1	R1	+	-	+	-	0.365385	0.365385
ERR2061612.11024496 7001289F:103:C9WFLANXX:4:1312:11432:20190/1	R1	+	-	+	-	0.345455	0.345455
ERR2061612.11024498 7001289F:103:C9WFLANXX:4:1215:18347:61259/1	R1	+	-	+	-	0.366972	0.366972
ERR2061612.11024499 7001289F:103:C9WFLANXX:4:1114:8133:15346/1	R1	+	-	+	-	0.339450	0.339450
ERR2061612.11024501 7001289F:103:C9WFLANXX:3:1107:9279:99298/1	R1	+	-	+	-	0.320388	0.320388
ERR2061612.11024502 7001289F:103:C9WFLANXX:3:1313:17645:37002/1	R1	+	-	+	-	0.320388	0.320388
ERR2061612.11024503 7001289F:103:C9WFLANXX:4:2304:12095:94763/1	R1	+	-	+	-	0.446429	0.446429
ERR2061612.11024504 7001289F:103:C9WFLANXX:4:2111:8005:72777/1	R1	-	+	-	+	0.173913	0.173913
ERR2061612.11024507 7001289F:103:C9WFLANXX:3:2309:18294:37464/1	R1	+	-	+	-	0.781250	0.781250
ERR2061612.11024508 7001289F:103:C9WFLANXX:4:1216:15222:2773/1	R1	+	-	+	-	0.500000	0.500000
ERR2061612.11024510 7001289F:103:C9WFLANXX:4:1211:9163:20089/1	R1	+	-	+	-	0.433628	0.433628
ERR2061612.11024511 7001289F:103:C9WFLANXX:3:1110:9928:46692/1	R1	+	-	+	-	0.540984	0.540984
ERR2061612.11024512 7001289F:103:C9WFLANXX:3:2215:21028:33348/1	R1	-	+	-	+	0.125000	0.125000
ERR2061612.11024513 7001289F:103:C9WFLANXX:3:2212:17047:49460/1	R1	-	+	-	+	0.074074	0.074074
ERR2061612.11024516 7001289F:103:C9WFLANXX:4:1314:16431:20656/1	R1	+	-	+	-	0.863636	0.863636
ERR2061612.11024518 7001289F:103:C9WFLANXX:4:2214:2184:27583/1	R1	+	-	+	-	0.000000	0.000000
ERR2061612.11024520 7001289F:103:C9WFLANXX:4:1216:7249:19207/1	R1	-	+	-	+	0.000000	0.000000
ERR2061612.11024522 7001289F:103:C9WFLANXX:3:2315:8667:63587/1	R1	-	+	-	+	0.000000	0.000000
ERR2061612.11024523 7001289F:103:C9WFLANXX:3:1303:2899:26081/1	R1	+	-	+	-	0.861538	0.861538
ERR2061612.11024524 7001289F:103:C9WFLANXX:4:2303:11396:35568/1	R1	+	-	+	-	0.767442	0.767442
ERR2061612.11024526 7001289F:103:C9WFLANXX:4:1114:18787:95786/1	R1	-	+	-	+	0.647059	0.647059
ERR2061612.11024528 7001289F:103:C9WFLANXX:3:1211:2355:74024/1	R1	+	-	+	-	0.590361	0.590361
ERR2061612.11024529 7001289F:103:C9WFLANXX:3:2104:12958:30579/1	R1	+	-	+	-	0.609756	0.609756
ERR2061612.11024530 7001289F:103:C9WFLANXX:3:1113:15361:22798/1	R1	-	+	-	+	0.000000	0.000000
ERR2061612.11024535 7001289F:103:C9WFLANXX:4:2107:10616:86156/1	R1	-	+	-	+	0.000000	0.000000
ERR2061612.11024536 7001289F:103:C9WFLANXX:3:1311:9612:65151/1	R1	+	-	+	-	0.714286	0.714286
ERR2061612.11024537 7001289F:103:C9WFLANXX:3:1315:18007:98761/1	R1	+	-	+	-	0.830508	0.830508
ERR2061612.11024538 7001289F:103:C9WFLANXX:4:1216:1626:94861/1	R1	+	-	+	-	0.540984	0.540984
ERR2061612.11024540 7001289F:103:C9WFLANXX:3:1206:9981:9357/1	R1	-	+	-	+	0.000000	0.000000
ERR2061612.11024543 7001289F:103:C9WFLANXX:4:2315:8795:55939/1	R1	-	+	-	+	0.000000	0.000000
ERR2061612.11024546 7001289F:103:C9WFLANXX:4:1316:1440:15265/1	R1	-	+	-	+	0.000000	0.000000
ERR2061612.11024548 7001289F:103:C9WFLANXX:4:1104:5071:83394/1	R1	+	-	+	-	0.302752	0.302752
ERR2061612.11024551 7001289F:103:C9WFLANXX:3:2304:9695:70513/1	R1	-	+	-	+	0.000000	0.000000
ERR2061612.11024553 7001289F:103:C9WFLANXX:3:2309:19492:68373/1	R1	+	-	+	-	0.000000	0.000000
ERR2061612.11024554 7001289F:103:C9WFLANXX:3:2316:8311:11712/1	R1	+	-	+	-	0.446429	0.446429
ERR2061612.11024573 7001289F:103:C9WFLANXX:3:1109:5277:43442/1	R1	+	-	+	-	0.714286	0.714286
ERR2061612.11024575 7001289F:103:C9WFLANXX:3:1212:6517:23139/1	R1	-	+	-	+	0.000000	0.000000
ERR2061612.11024576 7001289F:103:C9WFLANXX:4:1307:6606:58327/1	R1	-	+	-	+	0.038462	0.038462
ERR2061612.11024579 7001289F:103:C9WFLANXX:4:2208:20885:65436/1	R1	+	-	+	-	0.417722	0.417722
ERR2061612.11024581 7001289F:103:C9WFLANXX:4:1113:9295:16048/1	R1	-	+	-	+	0.000000	0.000000
ERR2061612.11024582 7001289F:103:C9WFLANXX:4:2204:19814:9193/1	R1	-	+	-	+	0.000000	0.000000
ERR2061612.11024583 7001289F:103:C9WFLANXX:3:1203:19872:57265/1	R1	+	-	+	-	0.457944	0.457944
ERR2061612.11024584 7001289F:103:C9WFLANXX:3:2215:5351:26518/1	R1	+	-	+	-	0.961538	0.961538
ERR2061612.11024589 7001289F:103:C9WFLANXX:3:1108:14577:11756/1	R1	+	-	+	-	0.000000	0.000000
ERR2061612.11024590 7001289F:103:C9WFLANXX:3:2311:8427:42945/1	R1	+	-	+	-	0.000000	0.000000
ERR2061612.11024591 7001289F:103:C9WFLANXX:3:2307:5375:81825/1	R1	+	-	+	-	0.000000	0.000000
ERR2061612.11024593 7001289F:103:C9WFLANXX:4:2109:6818:13586/1	R1	+	-	+	-	0.000000	0.000000
ERR2061612.11024599 7001289F:103:C9WFLANXX:3:2211:19041:73125/1	R1	+	-	+	-	0.433628	0.433628
ERR2061612.11024601 7001289F:103:C9WFLANXX:3:1302:5248:65321/1	R1	+	-	+	-	0.457944	0.457944
ERR2061612.11024603 7001289F:103:C9WFLANXX:4:1302:18990:26994/1	R1	+	-	+	-	0.457944	0.457944
ERR2061612.11024604 7001289F:103:C9WFLANXX:3:1113:1320:14543/1	R1	+	-	+	-	0.457944	0.457944
ERR2061612.11024605 7001289F:103:C9WFLANXX:4:1301:2658:32830/1	R1	+	-	+	-	0.433628	0.433628
ERR2061612.11024607 7001289F:103:C9WFLANXX:3:1108:13175:23696/1	R1	+	-	+	-	0.446429	0.446429
ERR2061612.11024610 7001289F:103:C9WFLANXX:3:1309:3825:96970/1	R1	+	-	+	-	0.446429	0.446429
ERR2061612.11024611 7001289F:103:C9WFLANXX:3:2112:5260:18483/1	R1	+	-	+	-	0.471698	0.471698
ERR2061612.11024613 7001289F:103:C9WFLANXX:3:1209:17381:87563/1	R1	+	-	+	-	0.446429	0.446429
ERR2061612.11024615 7001289F:103:C9WFLANXX:4:2103:11771:91399/1	R1	+	-	+	-	0.491071	0.491071
ERR2061612.11024617 7001289F:103:C9WFLANXX:4:2213:10127:32281/1	R1	-	+	-	+	0.000000	0.000000
ERR2061612.11024618 7001289F:103:C9WFLANXX:4:1312:5451:3428/1	R1	-	+	-	+	0.000000	0.000000
ERR2061612.11024622 7001289F:103:C9WFLANXX:3:2210:7494:12285/1	R1	+	-	+	-	0.345455	0.345455
ERR2061612.11024623 7001289F:103:C9WFLANXX:3:1312:19195:96351/1	R1	+	-	+	-	0.345455	0.345455
ERR2061612.11024624 7001289F:103:C9WFLANXX:3:1204:10348:50828/1	R1	+	-	+	-	0.345455	0.345455
ERR2061612.11024625 7001289F:103:C9WFLANXX:4:2311:10263:46292/1	R1	+	-	+	-	0.639640	0.639640
ERR2061612.11024627 7001289F:103:C9WFLANXX:4:2102:11091:81269/1	R1	+	-	+	-	0.345455	0.345455
ERR2061612.11024628 7001289F:103:C9WFLANXX:4:2104:9240:22691/1	R1	+	-	+	-	0.387755	0.387755
ERR2061612.11024629 7001289F:103:C9WFLANXX:4:2310:11962:66565/1	R1	-	+	-	+	0.072727	0.072727
ERR2061612.11024630 7001289F:103:C9WFLANXX:4:2312:8373:69002/1	R1	-	+	-	+	0.000000	0.000000
ERR2061612.11024631 7001289F:103:C9WFLANXX:4:2211:10903:31800/1	R1	+	-	+	-	0.345455	0.345455
ERR2061612.11024632 7001289F:103:C9WFLANXX:3:2309:8945:43898/1	R1	+	-	+	-	0.302752	0.302752
ERR2061612.11024634 7001289F:103:C9WFLANXX:3:1204:15052:65596/1	R1	+	-	+	-	0.417582	0.417582
ERR2061612.11024635 7001289F:103:C9WFLANXX:4:1214:3425:14944/1	R1	+	-	+	-	0.339450	0.339450
ERR2061612.11024636 7001289F:103:C9WFLANXX:4:1203:8798:25307/1	R1	+	-	+	-	0.302752	0.302752
ERR2061612.11024638 7001289F:103:C9WFLANXX:4:1112:15194:85362/1	R1	+	-	+	-	0.320388	0.320388
ERR2061612.11024639 7001289F:103:C9WFLANXX:3:1303:19438:11705/1	R1	-	+	-	+	0.000000	0.000000
ERR2061612.11024640 7001289F:103:C9WFLANXX:4:2202:18583:14434/1	R1	+	-	+	-	0.302752	0.302752
ERR2061612.11024642 7001289F:103:C9WFLANXX:3:2213:7664:76105/1	R1	+	-	+	-	0.000000	0.000000
ERR2061612.11024643 7001289F:103:C9WFLANXX:3:2110:20089:85111/1	R1	+	-	+	-	0.000000	0.000000
ERR2061612.11024646 7001289F:103:C9WFLANXX:3:1316:5057:94202/1	R1	+	-	+	-	0.000000	0.000000
ERR2061612.11024648 7001289F:103:C9WFLANXX:4:2214:15064:81953/1	R1	+	-	+	-	0.000000	0.000000
ERR2061612.11024650 7001289F:103:C9WFLANXX:4:2114:21189:6738/1	R1	+	-	+	-	0.302752	0.302752
ERR2061612.11024651 7001289F:103:C9WFLANXX:4:2103:2351:10904/1	R1	+	-	+	-	0.000000	0.000000
ERR2061612.11024653 7001289F:103:C9WFLANXX:4:1206:14543:14285/1	R1	+	-	+	-	0.000000	0.000000
ERR2061612.11024654 7001289F:103:C9WFLANXX:4:1103:3471:20699/1	R1	+	-	+	-	0.000000	0.000000
ERR2061612.11024655 7001289F:103:C9WFLANXX:4:1212:9922:52319/1	R1	+	-	+	-	0.000000	0.000000
ERR2061612.11024656 7001289F:103:C9WFLANXX:4:1107:17351:22931/1	R1	+	-	+	-	0.000000	0.000000
ERR2061612.11024657 7001289F:103:C9WFLANXX:3:2207:19795:29594/1	R1	+	-	+	-	0.000000	0.000000
ERR2061612.11024658 7001289F:103:C9WFLANXX:4:1104:4168:51213/1	R1	+	-	+	-	0.000000	0.000000
ERR2061612.11024659 7001289F:103:C9WFLANXX:3:1110:2245:57946/1	R1	+	-	+	-	0.485149	0.485149
ERR2061612.11024660 7001289F:103:C9WFLANXX:4:1215:1692:21976/1	R1	+	-	+	-	0.457944	0.457944
ERR2061612.11024661 7001289F:103:C9WFLANXX:4:1202:9597:58215/1	R1	-	+	-	+	0.000000	0.000000
ERR2061612.11024664 7001289F:103:C9WFLANXX:4:2103:6540:20279/1	R1	+	-	+	-	0.471698	0.471698
ERR2061612.11024665 7001289F:103:C9WFLANXX:4:1307:11515:55365/1	R1	+	-	+	-	0.446429	0.446429
ERR2061612.11024667 7001289F:103:C9WFLANXX:3:2111:19566:15529/1	R1	-	+	-	+	0.000000	0.000000
ERR2061612.11024668 7001289F:103:C9WFLANXX:3:2314:17296:76612/1	R1	+	-	+	-	0.446429	0.446429
ERR2061612.11024671 7001289F:103:C9WFLANXX:4:2205:16137:33953/1	R1	+	-	+	-	0.417722	0.417722
ERR2061612.11024672 7001289F:103:C9WFLANXX:3:2103:1751:15545/1	R1	+	-	+	-	0.000000	0.000000
ERR2061612.11024674 7001289F:103:C9WFLANXX:3:1301:7536:76197/1	R1	+	-	+	-	0.302752	0.302752
ERR2061612.11024676 7001289F:103:C9WFLANXX:4:2309:4759:67691/1	R1	+	-	+	-	0.412844	0.412844
ERR2061612.11024678 7001289F:103:C9WFLANXX:4:2105:6456:98629/1	R1	+	-	+	-	0.000000	0.000000
ERR2061612.11024679 7001289F:103:C9WFLANXX:4:1210:18276:71950/1	R1	-	+	-	+	0.000000	0.000000
ERR2061612.11024682 7001289F:103:C9WFLANXX:4:2102:18876:38736/1	R1	+	-	+	-	0.891892	0.891892
ERR2061612.11024683 7001289F:103:C9WFLANXX:3:1205:15882:31071/1	R1	-	+	-	+	0.000000	0.000000
ERR2061612.11024687 7001289F:103:C9WFLANXX:4:2201:12832:20541/1	R1	-	+	-	+	0.000000	0.000000
ERR2061612.11024688 7001289F:103:C9WFLANXX:4:2206:14985:32351/1	R1	-	+	-	+	0.000000	0.000000
ERR2061612.11087728 7001289F:103:C9WFLANXX:3:1302:21082:46147/1	R1	+	-	+	-	0.387755	0.387755
ERR2061612.11540622 7001289F:103:C9WFLANXX:4:2102:18686:73122/1	R1	+	-	+	-	0.000000	0.000000
ERR2061612.12594492 7001289F:103:C9WFLANXX:4:1207:7309:68378/1	R1	+	-	+	-	0.000000	0.000000
ERR2061612.12799453 7001289F:103:C9WFLANXX:4:2114:17347:29986/1	R1	-	+	-	+	0.000000	0.000000
ERR2061612.13754894 7001289F:103:C9WFLANXX:4:1314:20574:8212/1	R1	-	+	-	+	0.904762	0.904762
ERR2061612.13804945 7001289F:103:C9WFLANXX:3:2206:11413:24886/1	R1	+	-	+	-	0.000000	0.000000
ERR2061612.13859348 7001289F:103:C9WFLANXX:4:2302:7462:94422/1	R1	+	-	+	-	0.609756	0.609756
ERR2061612.13859351 7001289F:103:C9WFLANXX:3:2209:16444:32721/1	R1	+	-	+	-	0.469027	0.469027
ERR2061612.13859352 7001289F:103:C9WFLANXX:3:2215:14386:76775/1	R1	+	-	+	-	0.446429	0.446429
ERR2061612.13859355 7001289F:103:C9WFLANXX:3:1303:18791:82030/1	R1	+	-	+	-	0.446429	0.446429
ERR2061612.13859357 7001289F:103:C9WFLANXX:3:1202:4467:47526/1	R1	+	-	+	-	0.302752	0.302752
ERR2061612.13859358 7001289F:103:C9WFLANXX:3:1111:12662:60174/1	R1	+	-	+	-	0.433628	0.433628
ERR2061612.13859363 7001289F:103:C9WFLANXX:4:2207:11513:37704/1	R1	+	-	+	-	0.433628	0.433628
ERR2061612.13859364 7001289F:103:C9WFLANXX:4:2208:16096:16876/1	R1	+	-	+	-	0.446429	0.446429
ERR2061612.13859365 7001289F:103:C9WFLANXX:4:1309:4274:39617/1	R1	+	-	+	-	0.446429	0.446429
ERR2061612.13859366 7001289F:103:C9WFLANXX:4:1301:12401:49369/1	R1	+	-	+	-	0.446429	0.446429
ERR2061612.13859371 7001289F:103:C9WFLANXX:3:1106:7146:74370/1	R1	+	-	+	-	0.000000	0.000000
ERR2061612.13859374 7001289F:103:C9WFLANXX:3:1304:1770:56179/1	R1	+	-	+	-	0.000000	0.000000
ERR2061612.13859375 7001289F:103:C9WFLANXX:4:2306:13918:54132/1	R1	+	-	+	-	0.000000	0.000000
ERR2061612.13859377 7001289F:103:C9WFLANXX:4:2102:14926:42951/1	R1	+	-	+	-	0.000000	0.000000
ERR2061612.13859378 7001289F:103:C9WFLANXX:4:1313:13483:17967/1	R1	+	-	+	-	0.504673	0.504673
ERR2061612.13859379 7001289F:103:C9WFLANXX:3:1316:6088:31711/1	R1	+	-	+	-	0.000000	0.000000
ERR2061612.13859381 7001289F:103:C9WFLANXX:4:2110:4035:99848/1	R1	+	-	+	-	0.457944	0.457944
ERR2061612.13859387 7001289F:103:C9WFLANXX:3:2201:3308:70978/1	R1	+	-	+	-	0.302752	0.302752
ERR2061612.13859388 7001289F:103:C9WFLANXX:3:2215:8423:25034/1	R1	+	-	+	-	0.000000	0.000000
ERR2061612.13859390 7001289F:103:C9WFLANXX:3:2104:11128:46487/1	R1	+	-	+	-	0.302752	0.302752
ERR2061612.13859393 7001289F:103:C9WFLANXX:4:2312:18447:47547/1	R1	+	-	+	-	0.357798	0.357798
ERR2061612.13859395 7001289F:103:C9WFLANXX:4:2212:6823:35546/1	R1	+	-	+	-	0.837838	0.837838
ERR2061612.13859397 7001289F:103:C9WFLANXX:4:1315:11622:69574/1	R1	+	-	+	-	0.302752	0.302752
ERR2061612.13859404 7001289F:103:C9WFLANXX:4:2107:12944:2156/1	R1	+	-	+	-	0.000000	0.000000
ERR2061612.13859405 7001289F:103:C9WFLANXX:4:2105:19408:25868/1	R1	+	-	+	-	0.837838	0.837838
ERR2061612.13859406 7001289F:103:C9WFLANXX:4:2108:18990:77811/1	R1	+	-	+	-	0.302752	0.302752
ERR2061612.13859407 7001289F:103:C9WFLANXX:4:1207:8413:92129/1	R1	+	-	+	-	0.000000	0.000000
ERR2061612.13859411 7001289F:103:C9WFLANXX:3:1312:13366:69968/1	R1	+	-	+	-	0.513514	0.513514
ERR2061612.13859413 7001289F:103:C9WFLANXX:3:2110:11266:80925/1	R1	+	-	+	-	0.446429	0.446429
ERR2061612.13859414 7001289F:103:C9WFLANXX:3:2107:17007:92050/1	R1	+	-	+	-	0.345455	0.345455
ERR2061612.13859418 7001289F:103:C9WFLANXX:3:2101:3853:22487/1	R1	-	+	-	+	0.041322	0.041322
ERR2061612.13859419 7001289F:103:C9WFLANXX:3:2203:11521:62987/1	R1	+	-	+	-	0.302752	0.302752
ERR2061612.13859420 7001289F:103:C9WFLANXX:4:2308:12938:64493/1	R1	-	+	-	+	0.157025	0.157025
ERR2061612.13859421 7001289F:103:C9WFLANXX:3:2104:1658:53129/1	R1	-	+	-	+	0.000000	0.000000
ERR2061612.13859422 7001289F:103:C9WFLANXX:4:1306:10998:95771/1	R1	-	+	-	+	0.032520	0.032520
ERR2061612.13859423 7001289F:103:C9WFLANXX:3:2103:17903:8126/1	R1	-	+	-	+	0.039683	0.039683
ERR2061612.13859424 7001289F:103:C9WFLANXX:3:2115:8582:77251/1	R1	+	-	+	-	0.388235	0.388235
ERR2061612.13859425 7001289F:103:C9WFLANXX:4:1306:5497:24201/1	R1	+	-	+	-	0.560000	0.560000
ERR2061612.13859427 7001289F:103:C9WFLANXX:3:1201:16285:72188/1	R1	+	-	+	-	0.000000	0.000000
ERR2061612.13859428 7001289F:103:C9WFLANXX:4:1309:19188:96070/1	R1	+	-	+	-	0.000000	0.000000
ERR2061612.13859429 7001289F:103:C9WFLANXX:4:2311:8122:59268/1	R1	+	-	+	-	0.000000	0.000000
ERR2061612.13859430 7001289F:103:C9WFLANXX:3:2214:4126:29600/1	R1	-	+	-	+	0.000000	0.000000
ERR2061612.13859432 7001289F:103:C9WFLANXX:4:2111:8649:36293/1	R1	-	+	-	+	0.000000	0.000000
ERR2061612.13859434 7001289F:103:C9WFLANXX:3:2314:14595:90850/1	R1	-	+	-	+	0.100000	0.100000
ERR2061612.13859435 7001289F:103:C9WFLANXX:3:2109:5731:99513/1	R1	-	+	-	+	0.000000	0.000000
ERR2061612.13859436 7001289F:103:C9WFLANXX:4:2311:10286:21103/1	R1	+	-	+	-	0.000000	0.000000
ERR2061612.13859438 7001289F:103:C9WFLANXX:3:1302:4486:86863/1	R1	-	+	-	+	0.000000	0.000000
ERR2061612.13859439 7001289F:103:C9WFLANXX:4:2211:8890:6869/1	R1	-	+	-	+	0.314050	0.314050
ERR2061612.13859442 7001289F:103:C9WFLANXX:4:2214:11182:82509/1	R1	+	-	+	-	0.830508	0.830508
ERR2061612.13859445 7001289F:103:C9WFLANXX:4:2315:2030:49466/1	R1	+	-	+	-	0.000000	0.000000
ERR2061612.13859447 7001289F:103:C9WFLANXX:3:2116:16420:65300/1	R1	-	+	-	+	0.444444	0.444444
ERR2061612.13859448 7001289F:103:C9WFLANXX:3:1313:14995:98496/1	R1	+	-	+	-	0.492537	0.492537
ERR2061612.13859449 7001289F:103:C9WFLANXX:3:2112:13907:55275/1	R1	+	-	+	-	0.753846	0.753846
ERR2061612.13859456 7001289F:103:C9WFLANXX:3:1310:6410:12391/1	R1	+	-	+	-	0.000000	0.000000
ERR2061612.13859458 7001289F:103:C9WFLANXX:3:2312:3273:92074/1	R1	+	-	+	-	0.657895	0.657895
ERR2061612.13859460 7001289F:103:C9WFLANXX:3:1105:17536:16436/1	R1	+	-	+	-	0.365385	0.365385
ERR2061612.13859463 7001289F:103:C9WFLANXX:3:2108:8831:21304/1	R1	+	-	+	-	0.345455	0.345455
ERR2061612.13859468 7001289F:103:C9WFLANXX:3:1112:6071:41414/1	R1	-	+	-	+	0.000000	0.000000
ERR2061612.13859470 7001289F:103:C9WFLANXX:3:2208:3794:89236/1	R1	+	-	+	-	0.357798	0.357798
ERR2061612.13859471 7001289F:103:C9WFLANXX:3:2106:11539:58425/1	R1	+	-	+	-	0.302752	0.302752
ERR2061612.13859473 7001289F:103:C9WFLANXX:3:1214:18184:18758/1	R1	+	-	+	-	0.340206	0.340206
ERR2061612.13859474 7001289F:103:C9WFLANXX:3:1206:8013:12429/1	R1	+	-	+	-	0.302752	0.302752
ERR2061612.13859475 7001289F:103:C9WFLANXX:4:2103:9044:37027/1	R1	+	-	+	-	0.391753	0.391753
ERR2061612.13859476 7001289F:103:C9WFLANXX:4:1301:11963:72447/1	R1	+	-	+	-	0.302752	0.302752
ERR2061612.13859477 7001289F:103:C9WFLANXX:4:1203:6325:49308/1	R1	+	-	+	-	0.302752	0.302752
ERR2061612.13859478 7001289F:103:C9WFLANXX:4:1115:14202:12860/1	R1	+	-	+	-	0.302752	0.302752
ERR2061612.13859479 7001289F:103:C9WFLANXX:3:2303:7378:59056/1	R1	+	-	+	-	0.302752	0.302752
ERR2061612.13859480 7001289F:103:C9WFLANXX:3:2310:13160:20094/1	R1	+	-	+	-	0.000000	0.000000
ERR2061612.13859482 7001289F:103:C9WFLANXX:3:1311:14929:81264/1	R1	+	-	+	-	0.000000	0.000000
ERR2061612.13859485 7001289F:103:C9WFLANXX:3:1313:10547:47837/1	R1	+	-	+	-	0.000000	0.000000
ERR2061612.13859490 7001289F:103:C9WFLANXX:4:2304:18393:15772/1	R1	+	-	+	-	0.000000	0.000000
ERR2061612.13859492 7001289F:103:C9WFLANXX:4:1314:9757:94718/1	R1	+	-	+	-	0.000000	0.000000
ERR2061612.13859494 7001289F:103:C9WFLANXX:4:1111:6814:17790/1	R1	+	-	+	-	0.000000	0.000000
ERR2061612.13859495 7001289F:103:C9WFLANXX:4:1103:3604:29245/1	R1	+	-	+	-	0.000000	0.000000
ERR2061612.13859497 7001289F:103:C9WFLANXX:3:1107:17764:54285/1	R1	+	-	+	-	0.457944	0.457944
ERR2061612.13859498 7001289F:103:C9WFLANXX:3:1107:11045:55219/1	R1	+	-	+	-	0.457944	0.457944
ERR2061612.13859499 7001289F:103:C9WFLANXX:3:2315:7078:20231/1	R1	+	-	+	-	0.433628	0.433628
ERR2061612.13859504 7001289F:103:C9WFLANXX:3:1313:3852:90073/1	R1	+	-	+	-	0.457944	0.457944
ERR2061612.13859505 7001289F:103:C9WFLANXX:3:1205:5219:74173/1	R1	+	-	+	-	0.485149	0.485149
ERR2061612.13859508 7001289F:103:C9WFLANXX:4:2302:20180:39977/1	R1	+	-	+	-	0.550562	0.550562
ERR2061612.13859511 7001289F:103:C9WFLANXX:4:1303:9689:38661/1	R1	+	-	+	-	0.457944	0.457944
ERR2061612.13859512 7001289F:103:C9WFLANXX:4:1301:5909:81730/1	R1	+	-	+	-	0.457944	0.457944
ERR2061612.13859513 7001289F:103:C9WFLANXX:4:1306:3930:6895/1	R1	+	-	+	-	0.495327	0.495327
ERR2061612.13859516 7001289F:103:C9WFLANXX:3:2316:10029:64324/1	R1	-	+	-	+	0.000000	0.000000
ERR2061612.13859517 7001289F:103:C9WFLANXX:3:2205:6576:69498/1	R1	-	+	-	+	0.000000	0.000000
ERR2061612.13859518 7001289F:103:C9WFLANXX:3:2212:6564:85867/1	R1	+	-	+	-	0.457944	0.457944
ERR2061612.13859520 7001289F:103:C9WFLANXX:3:2312:4928:83019/1	R1	+	-	+	-	0.471698	0.471698
ERR2061612.13859521 7001289F:103:C9WFLANXX:3:2207:16092:52813/1	R1	+	-	+	-	0.446429	0.446429
ERR2061612.13859523 7001289F:103:C9WFLANXX:3:2105:14528:11113/1	R1	+	-	+	-	0.822430	0.822430
ERR2061612.13859524 7001289F:103:C9WFLANXX:3:1109:19528:27508/1	R1	+	-	+	-	0.446429	0.446429
ERR2061612.13859527 7001289F:103:C9WFLANXX:4:1307:6465:92595/1	R1	+	-	+	-	0.446429	0.446429
ERR2061612.13859529 7001289F:103:C9WFLANXX:4:1110:15734:9047/1	R1	+	-	+	-	0.531915	0.531915
ERR2061612.13859530 7001289F:103:C9WFLANXX:4:1116:11717:85912/1	R1	+	-	+	-	0.446429	0.446429
ERR2061612.13859531 7001289F:103:C9WFLANXX:3:2306:5411:79411/1	R1	-	+	-	+	0.000000	0.000000
ERR2061612.13859532 7001289F:103:C9WFLANXX:4:1313:11949:79378/1	R1	-	+	-	+	0.000000	0.000000
ERR2061612.13859533 7001289F:103:C9WFLANXX:3:2103:11180:45333/1	R1	+	-	+	-	0.678571	0.678571
ERR2061612.13859534 7001289F:103:C9WFLANXX:3:2102:19449:50829/1	R1	+	-	+	-	0.591837	0.591837
ERR2061612.13859535 7001289F:103:C9WFLANXX:3:1113:7995:46874/1	R1	+	-	+	-	0.345455	0.345455
ERR2061612.13859536 7001289F:103:C9WFLANXX:3:1110:19548:26079/1	R1	+	-	+	-	0.441860	0.441860
ERR2061612.13859538 7001289F:103:C9WFLANXX:3:2105:14122:5452/1	R1	+	-	+	-	0.457944	0.457944
ERR2061612.13859542 7001289F:103:C9WFLANXX:3:1303:2987:88816/1	R1	+	-	+	-	0.714286	0.714286
ERR2061612.13859543 7001289F:103:C9WFLANXX:4:2304:21321:10680/1	R1	-	+	-	+	0.000000	0.000000
ERR2061612.13859545 7001289F:103:C9WFLANXX:3:1306:6882:85236/1	R1	+	-	+	-	0.961538	0.961538
ERR2061612.13859548 7001289F:103:C9WFLANXX:4:1302:6638:50628/1	R1	-	+	-	+	0.000000	0.000000
ERR2061612.13859550 7001289F:103:C9WFLANXX:4:1312:9667:75759/1	R1	+	-	+	-	0.000000	0.000000
ERR2061612.13859551 7001289F:103:C9WFLANXX:4:2309:6002:55094/1	R1	-	+	-	+	0.000000	0.000000
ERR2061612.13859557 7001289F:103:C9WFLANXX:4:1201:16914:88849/1	R1	-	+	-	+	0.000000	0.000000
ERR2061612.13859561 7001289F:103:C9WFLANXX:3:1210:13571:16652/1	R1	-	+	-	+	0.000000	0.000000
ERR2061612.13859563 7001289F:103:C9WFLANXX:4:1112:2767:92061/1	R1	+	-	+	-	0.000000	0.000000
ERR2061612.13859564 7001289F:103:C9WFLANXX:4:2307:16724:58085/1	R1	+	-	+	-	0.000000	0.000000
ERR2061612.13859565 7001289F:103:C9WFLANXX:3:2214:9661:89990/1	R1	+	-	+	-	0.678571	0.678571
ERR2061612.13859567 7001289F:103:C9WFLANXX:4:1107:1519:16675/1	R1	-	+	-	+	0.233333	0.233333
ERR2061612.13949827 7001289F:103:C9WFLANXX:4:1301:10110:46285/1	R1	-	+	-	+	0.172414	0.172414
ERR2061612.13951407 7001289F:103:C9WFLANXX:4:1103:20778:86433/1	R1	-	+	-	+	0.962963	0.962963
ERR2061612.13951553 7001289F:103:C9WFLANXX:4:2214:18277:68457/1	R1	-	+	-	+	0.000000	0.000000
ERR2061612.13952664 7001289F:103:C9WFLANXX:4:1310:17844:73266/1	R1	-	+	-	+	0.000000	0.000000
ERR2061612.14366092 7001289F:103:C9WFLANXX:4:2216:14310:32140/1	R1	+	-	+	-	0.891892	0.891892
ERR2061612.14472010 7001289F:103:C9WFLANXX:4:1116:2018:68824/1	R1	+	-	+	-	0.000000	0.000000
ERR2061612.15282051 7001289F:103:C9WFLANXX:3:2109:10092:84221/1	R1	+	-	+	-	0.446429	0.446429
ERR2061612.15286174 7001289F:103:C9WFLANXX:3:2313:5849:36407/1	R1	+	-	+	-	0.400000	0.400000
ERR2061612.15286461 7001289F:103:C9WFLANXX:3:2109:18597:87320/1	R1	+	-	+	-	0.457944	0.457944
ERR2061612.15286551 7001289F:103:C9WFLANXX:3:2102:5284:41537/1	R1	+	-	+	-	0.863636	0.863636
ERR2061612.15286582 7001289F:103:C9WFLANXX:3:2101:19304:17026/1	R1	+	-	+	-	0.302752	0.302752
ERR2061612.15286650 7001289F:103:C9WFLANXX:3:2106:17863:33599/1	R1	+	-	+	-	0.345455	0.345455
ERR2061612.15286666 7001289F:103:C9WFLANXX:3:1311:11344:13931/1	R1	+	-	+	-	0.961538	0.961538
ERR2061612.15286954 7001289F:103:C9WFLANXX:3:1202:13886:22521/1	R1	+	-	+	-	0.446429	0.446429
ERR2061612.15287159 7001289F:103:C9WFLANXX:3:1113:21074:66305/1	R1	+	-	+	-	0.000000	0.000000
ERR2061612.15287315 7001289F:103:C9WFLANXX:4:2313:15616:29142/1	R1	+	-	+	-	0.000000	0.000000
ERR2061612.15287572 7001289F:103:C9WFLANXX:4:2213:15766:64725/1	R1	+	-	+	-	0.345455	0.345455
ERR2061612.15287594 7001289F:103:C9WFLANXX:4:2206:13536:54624/1	R1	+	-	+	-	0.000000	0.000000
ERR2061612.15287611 7001289F:103:C9WFLANXX:4:2111:11911:53228/1	R1	+	-	+	-	0.302752	0.302752
ERR2061612.15287842 7001289F:103:C9WFLANXX:4:1311:15190:60451/1	R1	+	-	+	-	0.446429	0.446429
ERR2061612.15287997 7001289F:103:C9WFLANXX:4:1302:16944:74824/1	R1	+	-	+	-	0.000000	0.000000
ERR2061612.15288052 7001289F:103:C9WFLANXX:4:1313:19281:76267/1	R1	+	-	+	-	0.000000	0.000000
ERR2061612.15288070 7001289F:103:C9WFLANXX:4:2104:19251:23486/1	R1	+	-	+	-	0.345455	0.345455
ERR2061612.15288091 7001289F:103:C9WFLANXX:4:1210:17383:89208/1	R1	+	-	+	-	0.830508	0.830508
ERR2061612.15288200 7001289F:103:C9WFLANXX:4:1201:20943:85055/1	R1	+	-	+	-	0.345455	0.345455
ERR2061612.15288271 7001289F:103:C9WFLANXX:4:1110:8233:40249/1	R1	+	-	+	-	0.302752	0.302752
ERR2061612.15288321 7001289F:103:C9WFLANXX:4:1205:7088:52634/1	R1	+	-	+	-	0.000000	0.000000
ERR2061612.15288324 7001289F:103:C9WFLANXX:4:1205:6848:88193/1	R1	+	-	+	-	0.433628	0.433628
ERR2061612.15301851 7001289F:103:C9WFLANXX:3:1116:17116:91272/1	R1	+	-	+	-	0.000000	0.000000
ERR2061612.15301985 7001289F:103:C9WFLANXX:3:2302:6114:3979/1	R1	+	-	+	-	0.446429	0.446429
ERR2061612.15302633 7001289F:103:C9WFLANXX:3:1208:13418:57543/1	R1	+	-	+	-	0.518868	0.518868
ERR2061612.15455592 7001289F:103:C9WFLANXX:4:1308:7703:34956/1	R1	-	+	-	+	0.000000	0.000000
ERR2061612.15480388 7001289F:103:C9WFLANXX:4:1115:13112:85751/1	R1	+	-	+	-	0.743902	0.743902
ERR2061612.15699054 7001289F:103:C9WFLANXX:4:1315:14262:35675/1	R1	+	-	+	-	0.967742	0.967742
ERR2061612.16348663 7001289F:103:C9WFLANXX:3:1308:9171:68719/1	R1	+	-	+	-	0.433628	0.433628
ERR2061612.16348664 7001289F:103:C9WFLANXX:4:1314:7934:45276/1	R1	+	-	+	-	0.433628	0.433628
ERR2061612.16348669 7001289F:103:C9WFLANXX:4:1116:21195:36451/1	R1	+	-	+	-	0.433628	0.433628
ERR2061612.16348670 7001289F:103:C9WFLANXX:4:1107:8298:11572/1	R1	+	-	+	-	0.433628	0.433628
ERR2061612.16348672 7001289F:103:C9WFLANXX:3:2307:4912:93323/1	R1	+	-	+	-	0.000000	0.000000
ERR2061612.16348675 7001289F:103:C9WFLANXX:3:2308:9801:64153/1	R1	+	-	+	-	0.570093	0.570093
ERR2061612.16348677 7001289F:103:C9WFLANXX:3:2212:11829:70633/1	R1	+	-	+	-	0.000000	0.000000
ERR2061612.16348678 7001289F:103:C9WFLANXX:3:2101:4261:96044/1	R1	+	-	+	-	0.475000	0.475000
ERR2061612.16348679 7001289F:103:C9WFLANXX:3:1211:4023:46162/1	R1	+	-	+	-	0.000000	0.000000
ERR2061612.16348681 7001289F:103:C9WFLANXX:3:1209:11056:71994/1	R1	+	-	+	-	0.471698	0.471698
ERR2061612.16348682 7001289F:103:C9WFLANXX:3:1215:1447:33868/1	R1	+	-	+	-	0.000000	0.000000
ERR2061612.16348684 7001289F:103:C9WFLANXX:4:2307:9157:72170/1	R1	+	-	+	-	0.000000	0.000000
ERR2061612.16348685 7001289F:103:C9WFLANXX:4:2312:17370:86999/1	R1	+	-	+	-	0.000000	0.000000
ERR2061612.16348687 7001289F:103:C9WFLANXX:4:1308:16944:26972/1	R1	+	-	+	-	0.678571	0.678571
ERR2061612.16348688 7001289F:103:C9WFLANXX:4:1107:16653:60980/1	R1	+	-	+	-	0.781250	0.781250
ERR2061612.16348689 7001289F:103:C9WFLANXX:3:1313:5653:70976/1	R1	+	-	+	-	0.560748	0.560748
ERR2061612.16348690 7001289F:103:C9WFLANXX:4:2210:7475:18243/1	R1	+	-	+	-	0.000000	0.000000
ERR2061612.16348691 7001289F:103:C9WFLANXX:4:2213:4700:92645/1	R1	+	-	+	-	0.509434	0.509434
ERR2061612.16348694 7001289F:103:C9WFLANXX:3:2215:10534:53599/1	R1	+	-	+	-	0.000000	0.000000
ERR2061612.16348699 7001289F:103:C9WFLANXX:4:2102:13672:36219/1	R1	+	-	+	-	0.000000	0.000000
ERR2061612.16348701 7001289F:103:C9WFLANXX:3:1110:3013:85549/1	R1	-	+	-	+	0.406504	0.406504
ERR2061612.16348702 7001289F:103:C9WFLANXX:4:1216:3630:23475/1	R1	-	+	-	+	0.000000	0.000000
ERR2061612.16348704 7001289F:103:C9WFLANXX:3:2311:20351:69600/1	R1	-	+	-	+	0.097222	0.097222
ERR2061612.16348705 7001289F:103:C9WFLANXX:3:1304:16407:29740/1	R1	+	-	+	-	0.767442	0.767442
ERR2061612.16348706 7001289F:103:C9WFLANXX:3:1201:18227:53993/1	R1	+	-	+	-	0.433628	0.433628
ERR2061612.16348707 7001289F:103:C9WFLANXX:4:2105:21054:47031/1	R1	+	-	+	-	0.612903	0.612903
ERR2061612.16348708 7001289F:103:C9WFLANXX:3:1301:3997:42575/1	R1	+	-	+	-	0.830508	0.830508
ERR2061612.16348709 7001289F:103:C9WFLANXX:4:2211:19163:97662/1	R1	+	-	+	-	0.781250	0.781250
ERR2061612.16348710 7001289F:103:C9WFLANXX:4:1110:17618:50327/1	R1	+	-	+	-	0.000000	0.000000
ERR2061612.16348711 7001289F:103:C9WFLANXX:4:2310:1406:39668/1	R1	+	-	+	-	0.000000	0.000000
ERR2061612.16348712 7001289F:103:C9WFLANXX:4:2206:9067:64576/1	R1	+	-	+	-	0.000000	0.000000
ERR2061612.16348714 7001289F:103:C9WFLANXX:4:2211:16618:75288/1	R1	-	+	-	+	0.000000	0.000000
ERR2061612.16348717 7001289F:103:C9WFLANXX:4:1315:16455:66102/1	R1	-	+	-	+	0.000000	0.000000
ERR2061612.16348721 7001289F:103:C9WFLANXX:4:2305:16010:98905/1	R1	-	+	-	+	0.000000	0.000000
ERR2061612.16348723 7001289F:103:C9WFLANXX:4:2211:3143:11620/1	R1	+	-	+	-	0.000000	0.000000
ERR2061612.16409560 7001289F:103:C9WFLANXX:3:1107:16314:33677/1	R1	-	+	-	+	0.000000	0.000000
ERR2061612.16452769 7001289F:103:C9WFLANXX:3:2116:5265:58277/1	R1	+	-	+	-	0.446429	0.446429
ERR2061612.16573173 7001289F:103:C9WFLANXX:3:1214:13020:38202/1	R1	+	-	+	-	0.639640	0.639640
ERR2061612.16642774 7001289F:103:C9WFLANXX:3:2203:9034:14195/1	R1	-	+	-	+	0.000000	0.000000
ERR2061612.17549792 7001289F:103:C9WFLANXX:3:2307:10105:5507/1	R1	-	+	-	+	0.000000	0.000000
ERR2061612.17729935 7001289F:103:C9WFLANXX:4:2111:2050:95068/1	R1	+	-	+	-	0.000000	0.000000
ERR2061612.17804590 7001289F:103:C9WFLANXX:4:2313:8019:65924/1	R1	-	+	-	+	0.000000	0.000000
ERR2061612.17979769 7001289F:103:C9WFLANXX:4:2307:19485:23055/1	R1	-	+	-	+	0.850000	0.850000
ERR2061612.18298061 7001289F:103:C9WFLANXX:3:2315:8687:57341/1	R1	+	-	+	-	0.000000	0.000000
ERR2061612.18298872 7001289F:103:C9WFLANXX:4:1213:7199:70369/1	R1	+	-	+	-	0.000000	0.000000
ERR2061612.18338197 7001289F:103:C9WFLANXX:3:1313:8167:30092/1	R1	-	+	-	+	0.950000	0.950000
ERR2061612.18338331 7001289F:103:C9WFLANXX:3:2213:21204:26284/1	R1	-	+	-	+	0.950000	0.950000
ERR2061612.18462180 7001289F:103:C9WFLANXX:4:1310:12374:95325/1	R1	+	-	+	-	0.594059	0.594059
ERR2061612.18510903 7001289F:103:C9WFLANXX:3:1314:18790:17629/1	R1	+	-	+	-	0.365385	0.365385
ERR2061612.18510911 7001289F:103:C9WFLANXX:3:1108:18722:29051/1	R1	+	-	+	-	0.433628	0.433628
ERR2061612.18510917 7001289F:103:C9WFLANXX:3:2316:9606:41197/1	R1	+	-	+	-	0.830508	0.830508
ERR2061612.18510918 7001289F:103:C9WFLANXX:3:2214:7032:47241/1	R1	+	-	+	-	0.302752	0.302752
ERR2061612.18510919 7001289F:103:C9WFLANXX:3:2111:15419:38422/1	R1	+	-	+	-	0.446429	0.446429
ERR2061612.18510920 7001289F:103:C9WFLANXX:3:2103:13251:86236/1	R1	+	-	+	-	0.446429	0.446429
ERR2061612.18510921 7001289F:103:C9WFLANXX:3:2208:7723:30494/1	R1	+	-	+	-	0.504673	0.504673
ERR2061612.18510922 7001289F:103:C9WFLANXX:3:2115:7819:76397/1	R1	+	-	+	-	0.000000	0.000000
ERR2061612.18510923 7001289F:103:C9WFLANXX:3:2113:12348:55576/1	R1	+	-	+	-	0.000000	0.000000
ERR2061612.18510924 7001289F:103:C9WFLANXX:3:2106:14096:47873/1	R1	+	-	+	-	0.830508	0.830508
ERR2061612.18510925 7001289F:103:C9WFLANXX:3:1315:17343:47717/1	R1	+	-	+	-	0.000000	0.000000
ERR2061612.18510927 7001289F:103:C9WFLANXX:3:1210:14541:92328/1	R1	+	-	+	-	0.345455	0.345455
ERR2061612.18510928 7001289F:103:C9WFLANXX:3:1312:10111:18677/1	R1	+	-	+	-	0.000000	0.000000
ERR2061612.18510931 7001289F:103:C9WFLANXX:3:1116:11544:74322/1	R1	+	-	+	-	0.302752	0.302752
ERR2061612.18510932 7001289F:103:C9WFLANXX:4:2306:12234:56279/1	R1	+	-	+	-	0.862069	0.862069
ERR2061612.18510933 7001289F:103:C9WFLANXX:4:2307:10197:30367/1	R1	+	-	+	-	0.568182	0.568182
ERR2061612.18510939 7001289F:103:C9WFLANXX:4:2206:12717:50882/1	R1	+	-	+	-	0.673469	0.673469
ERR2061612.18510944 7001289F:103:C9WFLANXX:4:1210:1452:88893/1	R1	+	-	+	-	0.759259	0.759259
ERR2061612.18510945 7001289F:103:C9WFLANXX:4:1214:16274:57940/1	R1	+	-	+	-	0.566038	0.566038
ERR2061612.18510947 7001289F:103:C9WFLANXX:4:1215:3931:62860/1	R1	+	-	+	-	0.000000	0.000000
ERR2061612.18510952 7001289F:103:C9WFLANXX:3:1103:20507:24990/1	R1	-	+	-	+	0.000000	0.000000
ERR2061612.18510953 7001289F:103:C9WFLANXX:3:1104:17278:69381/1	R1	-	+	-	+	0.102941	0.102941
ERR2061612.18510954 7001289F:103:C9WFLANXX:3:2206:3208:31559/1	R1	+	-	+	-	0.441860	0.441860
ERR2061612.18510956 7001289F:103:C9WFLANXX:3:2105:10344:100534/1	R1	-	+	-	+	0.000000	0.000000
ERR2061612.18510958 7001289F:103:C9WFLANXX:3:1305:8014:49181/1	R1	+	-	+	-	0.000000	0.000000
ERR2061612.18510959 7001289F:103:C9WFLANXX:3:1304:18769:43412/1	R1	+	-	+	-	0.000000	0.000000
ERR2061612.18510960 7001289F:103:C9WFLANXX:3:1109:4199:19303/1	R1	-	+	-	+	0.000000	0.000000
ERR2061612.18510961 7001289F:103:C9WFLANXX:3:1212:2725:79135/1	R1	-	+	-	+	0.071429	0.071429
ERR2061612.18510962 7001289F:103:C9WFLANXX:3:1204:15423:33566/1	R1	-	+	-	+	0.159091	0.159091
ERR2061612.18510963 7001289F:103:C9WFLANXX:4:1206:19634:29858/1	R1	-	+	-	+	0.000000	0.000000
ERR2061612.18510964 7001289F:103:C9WFLANXX:4:1114:8113:54755/1	R1	+	-	+	-	0.753846	0.753846
ERR2061612.18510965 7001289F:103:C9WFLANXX:3:2205:3204:10058/1	R1	+	-	+	-	0.000000	0.000000
ERR2061612.18510967 7001289F:103:C9WFLANXX:3:2211:10406:37646/1	R1	+	-	+	-	0.446429	0.446429
ERR2061612.18510971 7001289F:103:C9WFLANXX:4:2306:5059:86570/1	R1	-	+	-	+	0.000000	0.000000
ERR2061612.18510972 7001289F:103:C9WFLANXX:4:2312:12324:54988/1	R1	+	-	+	-	0.500000	0.500000
ERR2061612.18510975 7001289F:103:C9WFLANXX:4:1301:5807:75456/1	R1	+	-	+	-	0.433628	0.433628
ERR2061612.18510976 7001289F:103:C9WFLANXX:4:1208:6354:97145/1	R1	+	-	+	-	0.000000	0.000000
ERR2061612.18510977 7001289F:103:C9WFLANXX:4:1101:4498:40353/1	R1	+	-	+	-	0.446429	0.446429
ERR2061612.18510979 7001289F:103:C9WFLANXX:3:1101:14995:29540/1	R1	+	-	+	-	0.000000	0.000000
ERR2061612.18510980 7001289F:103:C9WFLANXX:3:1105:5964:86793/1	R1	+	-	+	-	0.457944	0.457944
ERR2061612.18510982 7001289F:103:C9WFLANXX:3:2203:4633:68257/1	R1	+	-	+	-	0.000000	0.000000
ERR2061612.18510983 7001289F:103:C9WFLANXX:3:2116:16591:37638/1	R1	+	-	+	-	0.471698	0.471698
ERR2061612.18510984 7001289F:103:C9WFLANXX:3:2107:11061:91407/1	R1	+	-	+	-	0.000000	0.000000
ERR2061612.18510985 7001289F:103:C9WFLANXX:3:1212:18786:4245/1	R1	+	-	+	-	0.568182	0.568182
ERR2061612.18510987 7001289F:103:C9WFLANXX:4:2302:11791:94683/1	R1	+	-	+	-	0.000000	0.000000
ERR2061612.18510991 7001289F:103:C9WFLANXX:4:1316:4256:38113/1	R1	+	-	+	-	0.457944	0.457944
ERR2061612.18510995 7001289F:103:C9WFLANXX:3:2309:20209:88444/1	R1	+	-	+	-	0.000000	0.000000
ERR2061612.18510996 7001289F:103:C9WFLANXX:3:2302:12884:13690/1	R1	+	-	+	-	0.446429	0.446429
ERR2061612.18510997 7001289F:103:C9WFLANXX:3:1202:7614:35167/1	R1	+	-	+	-	0.000000	0.000000
ERR2061612.18510999 7001289F:103:C9WFLANXX:4:2114:13808:92858/1	R1	+	-	+	-	0.000000	0.000000
ERR2061612.18511000 7001289F:103:C9WFLANXX:4:2112:1983:89546/1	R1	+	-	+	-	0.000000	0.000000
ERR2061612.18511001 7001289F:103:C9WFLANXX:4:1209:15111:73498/1	R1	+	-	+	-	0.000000	0.000000
ERR2061612.18511002 7001289F:103:C9WFLANXX:3:2306:15114:20552/1	R1	+	-	+	-	0.390909	0.390909
ERR2061612.18511003 7001289F:103:C9WFLANXX:3:2316:7179:78023/1	R1	+	-	+	-	0.345455	0.345455
ERR2061612.18511004 7001289F:103:C9WFLANXX:3:2201:21183:84034/1	R1	+	-	+	-	0.862069	0.862069
ERR2061612.18511009 7001289F:103:C9WFLANXX:3:1315:2471:14921/1	R1	+	-	+	-	0.345455	0.345455
ERR2061612.18511012 7001289F:103:C9WFLANXX:3:1111:19838:37216/1	R1	+	-	+	-	0.000000	0.000000
ERR2061612.18511013 7001289F:103:C9WFLANXX:3:1112:14643:39428/1	R1	+	-	+	-	0.365385	0.365385
ERR2061612.18511014 7001289F:103:C9WFLANXX:4:2309:1768:18478/1	R1	+	-	+	-	0.345455	0.345455
ERR2061612.18511016 7001289F:103:C9WFLANXX:4:2312:11950:28908/1	R1	+	-	+	-	0.345455	0.345455
ERR2061612.18511018 7001289F:103:C9WFLANXX:4:1105:5364:31700/1	R1	+	-	+	-	0.302752	0.302752
ERR2061612.18511019 7001289F:103:C9WFLANXX:3:2113:13569:4450/1	R1	+	-	+	-	0.433628	0.433628
ERR2061612.18511021 7001289F:103:C9WFLANXX:3:1113:9067:24242/1	R1	+	-	+	-	0.345455	0.345455
ERR2061612.18511022 7001289F:103:C9WFLANXX:4:2209:8439:11341/1	R1	+	-	+	-	0.000000	0.000000
ERR2061612.18511024 7001289F:103:C9WFLANXX:3:2210:21193:22632/1	R1	-	+	-	+	0.000000	0.000000
ERR2061612.18511025 7001289F:103:C9WFLANXX:3:2113:19390:10054/1	R1	+	-	+	-	0.446429	0.446429
ERR2061612.18511026 7001289F:103:C9WFLANXX:3:2107:16461:31771/1	R1	+	-	+	-	0.446429	0.446429
ERR2061612.18511028 7001289F:103:C9WFLANXX:3:1305:3917:24330/1	R1	+	-	+	-	0.446429	0.446429
ERR2061612.18511029 7001289F:103:C9WFLANXX:3:1201:10136:2833/1	R1	+	-	+	-	0.392857	0.392857
ERR2061612.18511031 7001289F:103:C9WFLANXX:4:2203:10248:87007/1	R1	+	-	+	-	0.000000	0.000000
ERR2061612.18511032 7001289F:103:C9WFLANXX:4:2213:17911:92281/1	R1	+	-	+	-	0.302752	0.302752
ERR2061612.18511035 7001289F:103:C9WFLANXX:4:1110:12770:16577/1	R1	+	-	+	-	0.515789	0.515789
ERR2061612.18511036 7001289F:103:C9WFLANXX:3:2315:5446:38402/1	R1	+	-	+	-	0.000000	0.000000
ERR2061612.18511038 7001289F:103:C9WFLANXX:3:1210:8509:44341/1	R1	+	-	+	-	0.340206	0.340206
ERR2061612.18511041 7001289F:103:C9WFLANXX:4:1310:2584:61998/1	R1	+	-	+	-	0.365385	0.365385
ERR2061612.18511045 7001289F:103:C9WFLANXX:4:1313:2439:93637/1	R1	+	-	+	-	0.381818	0.381818
ERR2061612.18511046 7001289F:103:C9WFLANXX:3:2106:10853:76799/1	R1	+	-	+	-	0.491071	0.491071
ERR2061612.18511047 7001289F:103:C9WFLANXX:4:1214:20796:100412/1	R1	+	-	+	-	0.000000	0.000000
ERR2061612.18511052 7001289F:103:C9WFLANXX:3:2106:1395:31982/1	R1	+	-	+	-	0.413043	0.413043
ERR2061612.18511053 7001289F:103:C9WFLANXX:3:1210:2338:45039/1	R1	+	-	+	-	0.000000	0.000000
ERR2061612.18511054 7001289F:103:C9WFLANXX:4:1106:20393:24253/1	R1	-	+	-	+	0.000000	0.000000
ERR2061612.18511055 7001289F:103:C9WFLANXX:4:2209:10048:12213/1	R1	+	-	+	-	0.000000	0.000000
ERR2061612.18511056 7001289F:103:C9WFLANXX:4:2108:3236:41989/1	R1	-	+	-	+	0.000000	0.000000
ERR2061612.18511059 7001289F:103:C9WFLANXX:3:2110:7143:72604/1	R1	+	-	+	-	0.433628	0.433628
ERR2061612.18511060 7001289F:103:C9WFLANXX:3:1313:18424:67451/1	R1	+	-	+	-	0.609756	0.609756
ERR2061612.18511062 7001289F:103:C9WFLANXX:3:1302:17754:25980/1	R1	+	-	+	-	0.302752	0.302752
ERR2061612.18511063 7001289F:103:C9WFLANXX:3:1112:6655:31436/1	R1	+	-	+	-	0.345455	0.345455
ERR2061612.18511066 7001289F:103:C9WFLANXX:4:1209:3675:30604/1	R1	+	-	+	-	0.357798	0.357798
ERR2061612.18511067 7001289F:103:C9WFLANXX:3:1301:9445:27611/1	R1	-	+	-	+	0.000000	0.000000
ERR2061612.18511068 7001289F:103:C9WFLANXX:4:2301:18628:56714/1	R1	-	+	-	+	0.000000	0.000000
ERR2061612.18511069 7001289F:103:C9WFLANXX:4:2202:14576:51673/1	R1	-	+	-	+	0.000000	0.000000
ERR2061612.18511070 7001289F:103:C9WFLANXX:4:1213:12793:51963/1	R1	+	-	+	-	0.485149	0.485149
ERR2061612.18511071 7001289F:103:C9WFLANXX:4:1205:16009:24447/1	R1	-	+	-	+	0.000000	0.000000
ERR2061612.18511072 7001289F:103:C9WFLANXX:3:1102:8250:60647/1	R1	+	-	+	-	0.417476	0.417476
ERR2061612.18511073 7001289F:103:C9WFLANXX:4:1210:16834:21086/1	R1	+	-	+	-	0.961538	0.961538
ERR2061612.18511074 7001289F:103:C9WFLANXX:4:1116:5592:80349/1	R1	+	-	+	-	0.000000	0.000000
ERR2061612.18511075 7001289F:103:C9WFLANXX:4:2112:18184:60205/1	R1	+	-	+	-	0.302752	0.302752
ERR2061612.18511078 7001289F:103:C9WFLANXX:3:1114:14609:51667/1	R1	+	-	+	-	0.446429	0.446429
ERR2061612.18511079 7001289F:103:C9WFLANXX:3:2313:3844:30914/1	R1	+	-	+	-	0.862069	0.862069
ERR2061612.18511080 7001289F:103:C9WFLANXX:4:2214:20548:93531/1	R1	+	-	+	-	0.302752	0.302752
ERR2061612.18511081 7001289F:103:C9WFLANXX:3:1107:9667:51618/1	R1	-	+	-	+	0.116667	0.116667
ERR2061612.18511082 7001289F:103:C9WFLANXX:3:1107:17446:7651/1	R1	+	-	+	-	0.690141	0.690141
ERR2061612.18511084 7001289F:103:C9WFLANXX:3:1111:13121:21998/1	R1	+	-	+	-	0.612903	0.612903
ERR2061612.18511085 7001289F:103:C9WFLANXX:4:1304:11143:82864/1	R1	+	-	+	-	0.417722	0.417722
ERR2061612.18511086 7001289F:103:C9WFLANXX:3:1213:7068:10173/1	R1	+	-	+	-	0.348624	0.348624
ERR2061612.18511087 7001289F:103:C9WFLANXX:3:1113:14947:90820/1	R1	+	-	+	-	0.345455	0.345455
ERR2061612.18511089 7001289F:103:C9WFLANXX:4:2214:4562:65045/1	R1	+	-	+	-	0.387755	0.387755
ERR2061612.18511091 7001289F:103:C9WFLANXX:3:1309:11963:22087/1	R1	+	-	+	-	0.690141	0.690141
ERR2061612.18511093 7001289F:103:C9WFLANXX:3:1208:3167:38743/1	R1	+	-	+	-	0.000000	0.000000
ERR2061612.18511094 7001289F:103:C9WFLANXX:4:2115:11877:98338/1	R1	-	+	-	+	0.089744	0.089744
ERR2061612.18511095 7001289F:103:C9WFLANXX:3:1213:15745:99220/1	R1	-	+	-	+	0.077670	0.077670
ERR2061612.18511096 7001289F:103:C9WFLANXX:4:1203:6467:88213/1	R1	+	-	+	-	0.475000	0.475000
ERR2061612.18511099 7001289F:103:C9WFLANXX:3:1111:11567:17749/1	R1	-	+	-	+	0.000000	0.000000
ERR2061612.18511100 7001289F:103:C9WFLANXX:3:1112:5534:56026/1	R1	+	-	+	-	0.482143	0.482143
ERR2061612.18511102 7001289F:103:C9WFLANXX:3:1201:13384:23296/1	R1	-	+	-	+	0.186047	0.186047
ERR2061612.18511103 7001289F:103:C9WFLANXX:4:2311:12927:71780/1	R1	+	-	+	-	0.863636	0.863636
ERR2061612.18511104 7001289F:103:C9WFLANXX:3:1205:17148:27082/1	R1	-	+	-	+	0.000000	0.000000
ERR2061612.18511110 7001289F:103:C9WFLANXX:3:2114:17580:78743/1	R1	-	+	-	+	0.117647	0.117647
ERR2061612.18511111 7001289F:103:C9WFLANXX:4:2205:18643:78204/1	R1	+	-	+	-	0.000000	0.000000
ERR2061612.18511113 7001289F:103:C9WFLANXX:3:2216:16912:43342/1	R1	+	-	+	-	0.000000	0.000000
ERR2061612.18511115 7001289F:103:C9WFLANXX:3:2304:14795:91053/1	R1	-	+	-	+	0.000000	0.000000
ERR2061612.18511117 7001289F:103:C9WFLANXX:4:2215:8187:35723/1	R1	-	+	-	+	0.153846	0.153846
ERR2061612.18511118 7001289F:103:C9WFLANXX:4:2315:20429:32637/1	R1	+	-	+	-	0.714286	0.714286
ERR2061612.18511119 7001289F:103:C9WFLANXX:4:2206:19176:69865/1	R1	-	+	-	+	0.000000	0.000000
ERR2061612.18511120 7001289F:103:C9WFLANXX:4:1310:6382:78872/1	R1	+	-	+	-	0.000000	0.000000
ERR2061612.18511122 7001289F:103:C9WFLANXX:3:2315:15703:59737/1	R1	+	-	+	-	0.000000	0.000000
ERR2061612.18511124 7001289F:103:C9WFLANXX:3:2312:8367:15462/1	R1	+	-	+	-	0.000000	0.000000
ERR2061612.18511126 7001289F:103:C9WFLANXX:4:2114:16352:68026/1	R1	+	-	+	-	0.000000	0.000000
ERR2061612.18511127 7001289F:103:C9WFLANXX:3:2210:11612:82989/1	R1	-	+	-	+	0.000000	0.000000
ERR2061612.18511128 7001289F:103:C9WFLANXX:4:2204:3589:65532/1	R1	-	+	-	+	0.033058	0.033058
ERR2061612.18511129 7001289F:103:C9WFLANXX:3:1304:8526:55682/1	R1	+	-	+	-	0.515789	0.515789
ERR2061612.18511130 7001289F:103:C9WFLANXX:4:1107:18017:74074/1	R1	+	-	+	-	0.485149	0.485149
ERR2061612.18511132 7001289F:103:C9WFLANXX:4:1309:5876:81421/1	R1	+	-	+	-	0.568182	0.568182
ERR2061612.18511134 7001289F:103:C9WFLANXX:3:2212:15241:25622/1	R1	+	-	+	-	0.492537	0.492537
ERR2061612.18511135 7001289F:103:C9WFLANXX:4:2215:5858:31304/1	R1	+	-	+	-	0.340206	0.340206
ERR2061612.18511136 7001289F:103:C9WFLANXX:4:1106:19544:88288/1	R1	+	-	+	-	0.673469	0.673469
ERR2061612.18511137 7001289F:103:C9WFLANXX:3:2211:20263:12763/1	R1	-	+	-	+	0.000000	0.000000
ERR2061612.18511138 7001289F:103:C9WFLANXX:4:2112:4539:56765/1	R1	+	-	+	-	0.362637	0.362637
ERR2061612.18511140 7001289F:103:C9WFLANXX:3:2302:9372:47517/1	R1	+	-	+	-	0.000000	0.000000
ERR2061612.18511143 7001289F:103:C9WFLANXX:4:2216:12838:93638/1	R1	+	-	+	-	0.000000	0.000000
ERR2061612.18511144 7001289F:103:C9WFLANXX:4:2108:5254:44820/1	R1	+	-	+	-	0.000000	0.000000
ERR2061612.18511146 7001289F:103:C9WFLANXX:4:2313:16241:52127/1	R1	+	-	+	-	0.504673	0.504673
ERR2061612.18511147 7001289F:103:C9WFLANXX:4:2315:13184:20643/1	R1	+	-	+	-	0.491071	0.491071
ERR2061612.18511150 7001289F:103:C9WFLANXX:4:2313:18163:41343/1	R1	+	-	+	-	0.678571	0.678571
ERR2061612.18511153 7001289F:103:C9WFLANXX:3:2212:8588:19691/1	R1	+	-	+	-	0.000000	0.000000
ERR2061612.18511154 7001289F:103:C9WFLANXX:4:2305:13142:85383/1	R1	+	-	+	-	0.837838	0.837838
ERR2061612.18511155 7001289F:103:C9WFLANXX:4:2109:12639:49990/1	R1	-	+	-	+	0.000000	0.000000
ERR2061612.18511156 7001289F:103:C9WFLANXX:3:2109:12551:27928/1	R1	+	-	+	-	0.513274	0.513274
ERR2061612.18511157 7001289F:103:C9WFLANXX:4:2113:9995:38357/1	R1	+	-	+	-	0.485149	0.485149
ERR2061612.18511160 7001289F:103:C9WFLANXX:4:2102:18861:36596/1	R1	+	-	+	-	0.000000	0.000000
ERR2061612.18511163 7001289F:103:C9WFLANXX:4:2205:14156:52527/1	R1	+	-	+	-	0.345455	0.345455
ERR2061612.18511167 7001289F:103:C9WFLANXX:4:1107:3386:2209/1	R1	+	-	+	-	0.345455	0.345455
ERR2061612.18511168 7001289F:103:C9WFLANXX:4:2109:12722:77963/1	R1	-	+	-	+	0.000000	0.000000
ERR2061612.18511169 7001289F:103:C9WFLANXX:3:2304:7626:50156/1	R1	+	-	+	-	0.345455	0.345455
ERR2061612.18511170 7001289F:103:C9WFLANXX:4:2214:19771:80373/1	R1	-	+	-	+	0.041322	0.041322
ERR2061612.18511172 7001289F:103:C9WFLANXX:3:2208:15768:33379/1	R1	+	-	+	-	0.302752	0.302752
ERR2061612.18511173 7001289F:103:C9WFLANXX:3:1314:15825:60212/1	R1	+	-	+	-	0.302752	0.302752
ERR2061612.18511175 7001289F:103:C9WFLANXX:3:1308:19256:90512/1	R1	+	-	+	-	0.302752	0.302752
ERR2061612.18511179 7001289F:103:C9WFLANXX:4:1303:7368:30902/1	R1	+	-	+	-	0.891892	0.891892
ERR2061612.18511181 7001289F:103:C9WFLANXX:4:1209:3686:87779/1	R1	+	-	+	-	0.302752	0.302752
ERR2061612.18511183 7001289F:103:C9WFLANXX:3:2303:16718:6838/1	R1	+	-	+	-	0.000000	0.000000
ERR2061612.18511184 7001289F:103:C9WFLANXX:3:2209:8137:30622/1	R1	+	-	+	-	0.000000	0.000000
ERR2061612.18511186 7001289F:103:C9WFLANXX:3:1202:13724:69516/1	R1	+	-	+	-	0.000000	0.000000
ERR2061612.18511190 7001289F:103:C9WFLANXX:4:2209:12986:89485/1	R1	+	-	+	-	0.000000	0.000000
ERR2061612.18511191 7001289F:103:C9WFLANXX:3:2307:17430:67686/1	R1	+	-	+	-	0.000000	0.000000
ERR2061612.18511192 7001289F:103:C9WFLANXX:3:2210:7765:98973/1	R1	-	+	-	+	0.000000	0.000000
ERR2061612.18511193 7001289F:103:C9WFLANXX:3:1312:18387:51217/1	R1	+	-	+	-	0.000000	0.000000
ERR2061612.18511194 7001289F:103:C9WFLANXX:3:1204:11727:12453/1	R1	-	+	-	+	0.000000	0.000000
ERR2061612.18511195 7001289F:103:C9WFLANXX:4:2114:12838:25302/1	R1	+	-	+	-	0.000000	0.000000
ERR2061612.18511196 7001289F:103:C9WFLANXX:4:2113:16125:80317/1	R1	-	+	-	+	0.000000	0.000000
ERR2061612.18511197 7001289F:103:C9WFLANXX:4:2113:14256:95826/1	R1	+	-	+	-	0.000000	0.000000
ERR2061612.18511208 7001289F:103:C9WFLANXX:4:1115:16344:48670/1	R1	+	-	+	-	0.457944	0.457944
ERR2061612.18511209 7001289F:103:C9WFLANXX:4:1116:12139:41662/1	R1	+	-	+	-	0.457944	0.457944
ERR2061612.18511210 7001289F:103:C9WFLANXX:4:1108:5613:3027/1	R1	+	-	+	-	0.485149	0.485149
ERR2061612.18511211 7001289F:103:C9WFLANXX:4:2214:19235:33170/1	R1	-	+	-	+	0.000000	0.000000
ERR2061612.18511212 7001289F:103:C9WFLANXX:4:1215:5713:39728/1	R1	+	-	+	-	0.504673	0.504673
ERR2061612.18511213 7001289F:103:C9WFLANXX:3:1102:3032:41879/1	R1	+	-	+	-	0.446429	0.446429
ERR2061612.18511214 7001289F:103:C9WFLANXX:3:1101:1636:93756/1	R1	+	-	+	-	0.471698	0.471698
ERR2061612.18511217 7001289F:103:C9WFLANXX:3:2214:16276:95289/1	R1	+	-	+	-	0.446429	0.446429
ERR2061612.18511220 7001289F:103:C9WFLANXX:3:1309:15888:94641/1	R1	+	-	+	-	0.471698	0.471698
ERR2061612.18511222 7001289F:103:C9WFLANXX:3:1303:2998:96278/1	R1	+	-	+	-	0.446429	0.446429
ERR2061612.18511223 7001289F:103:C9WFLANXX:3:1211:18437:22813/1	R1	+	-	+	-	0.446429	0.446429
ERR2061612.18511225 7001289F:103:C9WFLANXX:3:1205:19409:15292/1	R1	+	-	+	-	0.822430	0.822430
ERR2061612.18511228 7001289F:103:C9WFLANXX:4:1209:1770:6921/1	R1	+	-	+	-	0.345455	0.345455
ERR2061612.18511229 7001289F:103:C9WFLANXX:3:1313:6322:60616/1	R1	-	+	-	+	0.131148	0.131148
ERR2061612.18511230 7001289F:103:C9WFLANXX:4:2213:12410:55583/1	R1	+	-	+	-	0.446429	0.446429
ERR2061612.18511232 7001289F:103:C9WFLANXX:3:1316:6981:26996/1	R1	-	+	-	+	0.000000	0.000000
ERR2061612.18511233 7001289F:103:C9WFLANXX:3:2203:13457:62219/1	R1	+	-	+	-	0.302752	0.302752
ERR2061612.18511235 7001289F:103:C9WFLANXX:4:2308:18230:55873/1	R1	+	-	+	-	0.452055	0.452055
ERR2061612.18511236 7001289F:103:C9WFLANXX:3:2314:6671:72964/1	R1	-	+	-	+	0.000000	0.000000
ERR2061612.18511237 7001289F:103:C9WFLANXX:3:2302:14357:44988/1	R1	-	+	-	+	0.000000	0.000000
ERR2061612.18511238 7001289F:103:C9WFLANXX:4:1308:3663:52412/1	R1	+	-	+	-	0.759259	0.759259
ERR2061612.18511240 7001289F:103:C9WFLANXX:3:1213:8355:71059/1	R1	+	-	+	-	0.000000	0.000000
ERR2061612.18511241 7001289F:103:C9WFLANXX:4:2304:11849:51697/1	R1	+	-	+	-	0.000000	0.000000
ERR2061612.18511242 7001289F:103:C9WFLANXX:4:2109:7378:15202/1	R1	-	+	-	+	0.087500	0.087500
ERR2061612.18511243 7001289F:103:C9WFLANXX:4:2107:15645:42191/1	R1	+	-	+	-	0.000000	0.000000
ERR2061612.18511247 7001289F:103:C9WFLANXX:3:2303:19341:3737/1	R1	-	+	-	+	0.000000	0.000000
ERR2061612.18511248 7001289F:103:C9WFLANXX:3:1302:10022:8072/1	R1	-	+	-	+	0.035088	0.035088
ERR2061612.18511250 7001289F:103:C9WFLANXX:3:2105:8424:76229/1	R1	-	+	-	+	0.000000	0.000000
ERR2061612.18511253 7001289F:103:C9WFLANXX:3:1201:11104:93945/1	R1	+	-	+	-	0.000000	0.000000
ERR2061612.18511254 7001289F:103:C9WFLANXX:3:1303:18577:35733/1	R1	-	+	-	+	0.000000	0.000000
ERR2061612.18511255 7001289F:103:C9WFLANXX:4:1316:19960:85521/1	R1	+	-	+	-	0.387755	0.387755
ERR2061612.18511256 7001289F:103:C9WFLANXX:4:2109:19117:57878/1	R1	-	+	-	+	0.378049	0.378049
ERR2061612.18511258 7001289F:103:C9WFLANXX:3:1315:20480:70506/1	R1	+	-	+	-	0.457944	0.457944
ERR2061612.18511262 7001289F:103:C9WFLANXX:4:2309:16555:82962/1	R1	-	+	-	+	0.159091	0.159091
ERR2061612.18511263 7001289F:103:C9WFLANXX:4:1312:20723:52222/1	R1	-	+	-	+	0.000000	0.000000
ERR2061612.18511264 7001289F:103:C9WFLANXX:4:2101:5373:12993/1	R1	+	-	+	-	0.714286	0.714286
ERR2061612.18511265 7001289F:103:C9WFLANXX:3:2206:15879:62888/1	R1	-	+	-	+	0.000000	0.000000
ERR2061612.18511266 7001289F:103:C9WFLANXX:4:1102:15418:63431/1	R1	-	+	-	+	0.000000	0.000000
ERR2061612.18511267 7001289F:103:C9WFLANXX:4:1212:7412:87318/1	R1	+	-	+	-	0.000000	0.000000
ERR2061612.18511268 7001289F:103:C9WFLANXX:4:2215:17884:68557/1	R1	-	+	-	+	0.000000	0.000000
ERR2061612.18511269 7001289F:103:C9WFLANXX:3:2205:14280:57102/1	R1	+	-	+	-	0.000000	0.000000
ERR2061612.18511270 7001289F:103:C9WFLANXX:3:1306:9801:68499/1	R1	-	+	-	+	0.089744	0.089744
ERR2061612.18511271 7001289F:103:C9WFLANXX:4:2105:8930:90842/1	R1	-	+	-	+	0.077922	0.077922
ERR2061612.18511273 7001289F:103:C9WFLANXX:4:1309:5248:82534/1	R1	+	-	+	-	0.452055	0.452055
ERR2061612.18511274 7001289F:103:C9WFLANXX:3:1214:19865:91232/1	R1	+	-	+	-	0.302752	0.302752
ERR2061612.18511275 7001289F:103:C9WFLANXX:4:2113:15657:69241/1	R1	+	-	+	-	0.540984	0.540984
ERR2061612.18511276 7001289F:103:C9WFLANXX:4:2210:8490:12371/1	R1	+	-	+	-	0.000000	0.000000
ERR2061612.18511277 7001289F:103:C9WFLANXX:3:2210:5893:7309/1	R1	+	-	+	-	0.690141	0.690141
ERR2061612.18511279 7001289F:103:C9WFLANXX:3:2316:2837:79511/1	R1	+	-	+	-	0.600000	0.600000
ERR2061612.18511281 7001289F:103:C9WFLANXX:3:2310:13687:22656/1	R1	-	+	-	+	0.119403	0.119403
ERR2061612.18511282 7001289F:103:C9WFLANXX:3:2306:5018:94549/1	R1	-	+	-	+	0.000000	0.000000
ERR2061612.18511283 7001289F:103:C9WFLANXX:4:2205:20139:86256/1	R1	-	+	-	+	0.112903	0.112903
ERR2061612.18511285 7001289F:103:C9WFLANXX:4:1311:9357:11740/1	R1	-	+	-	+	0.000000	0.000000
ERR2061612.18511286 7001289F:103:C9WFLANXX:3:2308:6269:88535/1	R1	-	+	-	+	0.117647	0.117647
ERR2061612.18511287 7001289F:103:C9WFLANXX:3:1314:8082:82382/1	R1	-	+	-	+	0.117647	0.117647
ERR2061612.18511289 7001289F:103:C9WFLANXX:3:2111:10462:17960/1	R1	-	+	-	+	0.133333	0.133333
ERR2061612.18511290 7001289F:103:C9WFLANXX:3:1212:7928:99690/1	R1	+	-	+	-	0.000000	0.000000
ERR2061612.18628818 7001289F:103:C9WFLANXX:4:1111:13536:93909/1	R1	+	-	+	-	0.000000	0.000000
ERR2061612.18714698 7001289F:103:C9WFLANXX:3:1208:5141:19594/1	R1	+	-	+	-	0.673469	0.673469
ERR2061612.18892395 7001289F:103:C9WFLANXX:4:2111:7609:74573/1	R1	-	+	-	+	0.000000	0.000000
ERR2061612.19105799 7001289F:103:C9WFLANXX:4:1202:2904:12102/1	R1	-	+	-	+	0.106557	0.106557
ERR2061612.19272412 7001289F:103:C9WFLANXX:3:1114:1806:48259/1	R1	-	+	-	+	0.000000	0.000000
ERR2061612.19554623 7001289F:103:C9WFLANXX:3:2206:3194:91587/1	R1	-	+	-	+	0.000000	0.000000
ERR2061612.19767618 7001289F:103:C9WFLANXX:4:1312:2261:55090/1	R1	+	-	+	-	0.000000	0.000000
ERR2061612.19955139 7001289F:103:C9WFLANXX:4:1212:5350:77707/1	R1	-	+	-	+	0.000000	0.000000
ERR2061612.20008980 7001289F:103:C9WFLANXX:3:2115:19343:27216/1	R1	+	-	+	-	0.457944	0.457944
ERR2061612.20277044 7001289F:103:C9WFLANXX:4:1109:16601:83757/1	R1	+	-	+	-	0.471698	0.471698
ERR2061612.20334124 7001289F:103:C9WFLANXX:3:2313:16417:86866/1	R1	+	-	+	-	0.000000	0.000000
ERR2061612.20334125 7001289F:103:C9WFLANXX:3:2305:9755:51004/1	R1	+	-	+	-	0.446429	0.446429
ERR2061612.20334126 7001289F:103:C9WFLANXX:3:2203:19466:50830/1	R1	+	-	+	-	0.446429	0.446429
ERR2061612.20334128 7001289F:103:C9WFLANXX:3:1314:10898:75690/1	R1	+	-	+	-	0.446429	0.446429
ERR2061612.20334130 7001289F:103:C9WFLANXX:3:1306:14165:99210/1	R1	+	-	+	-	0.345455	0.345455
ERR2061612.20334131 7001289F:103:C9WFLANXX:4:2306:15119:2599/1	R1	+	-	+	-	0.151515	0.151515
ERR2061612.20334132 7001289F:103:C9WFLANXX:3:1102:20039:53670/1	R1	+	-	+	-	0.433628	0.433628
ERR2061612.20334133 7001289F:103:C9WFLANXX:3:2313:1967:74856/1	R1	+	-	+	-	0.750000	0.750000
ERR2061612.20334135 7001289F:103:C9WFLANXX:3:2212:18338:65563/1	R1	+	-	+	-	0.446429	0.446429
ERR2061612.20334136 7001289F:103:C9WFLANXX:3:2101:17694:38952/1	R1	+	-	+	-	0.433628	0.433628
ERR2061612.20334137 7001289F:103:C9WFLANXX:3:2116:19373:57247/1	R1	+	-	+	-	0.446429	0.446429
ERR2061612.20334139 7001289F:103:C9WFLANXX:3:1113:18310:97164/1	R1	+	-	+	-	0.345455	0.345455
ERR2061612.20334140 7001289F:103:C9WFLANXX:4:2311:4555:53070/1	R1	+	-	+	-	0.433628	0.433628
ERR2061612.20334142 7001289F:103:C9WFLANXX:4:2310:18215:69065/1	R1	+	-	+	-	0.433628	0.433628
ERR2061612.20334143 7001289F:103:C9WFLANXX:4:2301:10628:39816/1	R1	+	-	+	-	0.433628	0.433628
ERR2061612.20334144 7001289F:103:C9WFLANXX:4:2203:1359:81303/1	R1	+	-	+	-	0.485149	0.485149
ERR2061612.20334148 7001289F:103:C9WFLANXX:4:1308:17877:30811/1	R1	+	-	+	-	0.540000	0.540000
ERR2061612.20334149 7001289F:103:C9WFLANXX:4:1201:2953:67410/1	R1	+	-	+	-	0.433628	0.433628
ERR2061612.20334154 7001289F:103:C9WFLANXX:3:2107:8602:11435/1	R1	+	-	+	-	0.000000	0.000000
ERR2061612.20334155 7001289F:103:C9WFLANXX:3:1314:14160:71232/1	R1	+	-	+	-	0.719626	0.719626
ERR2061612.20334158 7001289F:103:C9WFLANXX:3:1206:5199:99605/1	R1	+	-	+	-	0.457944	0.457944
ERR2061612.20334160 7001289F:103:C9WFLANXX:3:1212:13307:70929/1	R1	+	-	+	-	0.457944	0.457944
ERR2061612.20334162 7001289F:103:C9WFLANXX:4:2309:13457:43916/1	R1	+	-	+	-	0.636364	0.636364
ERR2061612.20334163 7001289F:103:C9WFLANXX:4:2211:10655:37602/1	R1	+	-	+	-	0.457944	0.457944
ERR2061612.20334164 7001289F:103:C9WFLANXX:4:2214:9394:49384/1	R1	+	-	+	-	0.457944	0.457944
ERR2061612.20334166 7001289F:103:C9WFLANXX:4:2206:11870:46017/1	R1	+	-	+	-	0.000000	0.000000
ERR2061612.20334168 7001289F:103:C9WFLANXX:4:2216:21045:12538/1	R1	+	-	+	-	0.000000	0.000000
ERR2061612.20334171 7001289F:103:C9WFLANXX:4:2107:2078:68294/1	R1	+	-	+	-	0.457944	0.457944
ERR2061612.20334172 7001289F:103:C9WFLANXX:4:1314:14125:7032/1	R1	+	-	+	-	0.000000	0.000000
ERR2061612.20334176 7001289F:103:C9WFLANXX:3:2303:7061:21695/1	R1	+	-	+	-	0.000000	0.000000
ERR2061612.20334181 7001289F:103:C9WFLANXX:4:2305:21085:53955/1	R1	-	+	-	+	0.000000	0.000000
ERR2061612.20334182 7001289F:103:C9WFLANXX:3:1105:13849:17993/1	R1	+	-	+	-	0.302752	0.302752
ERR2061612.20334183 7001289F:103:C9WFLANXX:3:2302:9131:47174/1	R1	+	-	+	-	0.000000	0.000000
ERR2061612.20334184 7001289F:103:C9WFLANXX:3:2206:20150:43157/1	R1	+	-	+	-	0.545455	0.545455
ERR2061612.20334187 7001289F:103:C9WFLANXX:3:2108:9288:88128/1	R1	+	-	+	-	0.000000	0.000000
ERR2061612.20334189 7001289F:103:C9WFLANXX:3:1312:13046:74814/1	R1	+	-	+	-	0.302752	0.302752
ERR2061612.20334190 7001289F:103:C9WFLANXX:3:1113:2425:34378/1	R1	+	-	+	-	0.457944	0.457944
ERR2061612.20334192 7001289F:103:C9WFLANXX:4:2306:13954:12628/1	R1	+	-	+	-	0.366972	0.366972
ERR2061612.20334194 7001289F:103:C9WFLANXX:4:2302:15299:99355/1	R1	+	-	+	-	0.000000	0.000000
ERR2061612.20334196 7001289F:103:C9WFLANXX:4:2202:6162:33743/1	R1	+	-	+	-	0.302752	0.302752
ERR2061612.20334197 7001289F:103:C9WFLANXX:4:2207:1919:61290/1	R1	+	-	+	-	0.345455	0.345455
ERR2061612.20334198 7001289F:103:C9WFLANXX:4:2109:10778:21524/1	R1	+	-	+	-	0.345455	0.345455
ERR2061612.20334199 7001289F:103:C9WFLANXX:4:2109:18928:56411/1	R1	+	-	+	-	0.302752	0.302752
ERR2061612.20334200 7001289F:103:C9WFLANXX:4:2212:18383:96507/1	R1	+	-	+	-	0.454545	0.454545
ERR2061612.20334201 7001289F:103:C9WFLANXX:4:2106:16022:54307/1	R1	+	-	+	-	0.000000	0.000000
ERR2061612.20334203 7001289F:103:C9WFLANXX:4:1305:18443:15293/1	R1	+	-	+	-	0.387755	0.387755
ERR2061612.20334205 7001289F:103:C9WFLANXX:4:1107:3117:43606/1	R1	+	-	+	-	0.714286	0.714286
ERR2061612.20334207 7001289F:103:C9WFLANXX:4:1215:11680:54901/1	R1	+	-	+	-	0.000000	0.000000
ERR2061612.20334208 7001289F:103:C9WFLANXX:3:1212:3414:56601/1	R1	+	-	+	-	0.693548	0.693548
ERR2061612.20334209 7001289F:103:C9WFLANXX:4:1315:15542:39733/1	R1	+	-	+	-	0.558824	0.558824
ERR2061612.20334210 7001289F:103:C9WFLANXX:4:1108:17779:5265/1	R1	+	-	+	-	0.000000	0.000000
ERR2061612.20334213 7001289F:103:C9WFLANXX:3:2305:6386:9111/1	R1	+	-	+	-	0.760000	0.760000
ERR2061612.20334218 7001289F:103:C9WFLANXX:3:2202:8367:97219/1	R1	+	-	+	-	0.518868	0.518868
ERR2061612.20334219 7001289F:103:C9WFLANXX:3:2211:12016:53758/1	R1	+	-	+	-	0.636364	0.636364
ERR2061612.20334222 7001289F:103:C9WFLANXX:3:1209:20700:54047/1	R1	+	-	+	-	0.457944	0.457944
ERR2061612.20334223 7001289F:103:C9WFLANXX:4:1114:17283:38454/1	R1	+	-	+	-	0.734513	0.734513
ERR2061612.20334224 7001289F:103:C9WFLANXX:3:2303:13442:44009/1	R1	-	+	-	+	0.000000	0.000000
ERR2061612.20334225 7001289F:103:C9WFLANXX:4:2115:17603:26028/1	R1	+	-	+	-	0.446429	0.446429
ERR2061612.20334226 7001289F:103:C9WFLANXX:4:1215:10280:31983/1	R1	+	-	+	-	0.000000	0.000000
ERR2061612.20334229 7001289F:103:C9WFLANXX:3:2202:8623:21077/1	R1	-	+	-	+	0.145833	0.145833
ERR2061612.20334230 7001289F:103:C9WFLANXX:3:2105:6587:29565/1	R1	-	+	-	+	0.000000	0.000000
ERR2061612.20334231 7001289F:103:C9WFLANXX:4:2105:5457:47597/1	R1	+	-	+	-	0.000000	0.000000
ERR2061612.20334233 7001289F:103:C9WFLANXX:4:2204:12569:47545/1	R1	-	+	-	+	0.000000	0.000000
ERR2061612.20334234 7001289F:103:C9WFLANXX:3:1116:3318:99525/1	R1	+	-	+	-	0.000000	0.000000
ERR2061612.20334235 7001289F:103:C9WFLANXX:4:1315:18762:44795/1	R1	-	+	-	+	0.082645	0.082645
ERR2061612.20334238 7001289F:103:C9WFLANXX:4:1209:12657:15469/1	R1	+	-	+	-	0.388235	0.388235
ERR2061612.20334239 7001289F:103:C9WFLANXX:4:1103:9658:75888/1	R1	-	+	-	+	0.000000	0.000000
ERR2061612.20334240 7001289F:103:C9WFLANXX:3:1115:8914:80242/1	R1	-	+	-	+	0.172840	0.172840
ERR2061612.20334241 7001289F:103:C9WFLANXX:4:1307:3147:74383/1	R1	-	+	-	+	0.000000	0.000000
ERR2061612.20334244 7001289F:103:C9WFLANXX:3:2305:3863:62790/1	R1	-	+	-	+	0.000000	0.000000
ERR2061612.20334246 7001289F:103:C9WFLANXX:3:1310:5861:66274/1	R1	+	-	+	-	0.600000	0.600000
ERR2061612.20334247 7001289F:103:C9WFLANXX:3:1110:17194:100422/1	R1	+	-	+	-	0.500000	0.500000
ERR2061612.20334250 7001289F:103:C9WFLANXX:4:1216:13804:77404/1	R1	+	-	+	-	0.000000	0.000000
ERR2061612.20334252 7001289F:103:C9WFLANXX:3:1111:3267:47614/1	R1	-	+	-	+	0.000000	0.000000
ERR2061612.20334253 7001289F:103:C9WFLANXX:4:1211:20356:60720/1	R1	+	-	+	-	0.500000	0.500000
ERR2061612.20334254 7001289F:103:C9WFLANXX:4:2302:1815:49641/1	R1	+	-	+	-	0.550562	0.550562
ERR2061612.20334255 7001289F:103:C9WFLANXX:4:2103:7903:100727/1	R1	-	+	-	+	0.000000	0.000000
ERR2061612.20334256 7001289F:103:C9WFLANXX:4:1208:6852:36659/1	R1	-	+	-	+	0.000000	0.000000
ERR2061612.20334260 7001289F:103:C9WFLANXX:4:2203:13737:7602/1	R1	+	-	+	-	0.862069	0.862069
ERR2061612.20334261 7001289F:103:C9WFLANXX:3:2116:3279:90365/1	R1	-	+	-	+	0.527778	0.527778
ERR2061612.20334264 7001289F:103:C9WFLANXX:3:2307:16158:19946/1	R1	+	-	+	-	0.000000	0.000000
ERR2061612.20334266 7001289F:103:C9WFLANXX:4:1104:9625:40890/1	R1	-	+	-	+	0.000000	0.000000
ERR2061612.20334267 7001289F:103:C9WFLANXX:3:2205:11206:32925/1	R1	+	-	+	-	0.760000	0.760000
ERR2061612.20334268 7001289F:103:C9WFLANXX:3:1213:3250:17772/1	R1	-	+	-	+	0.000000	0.000000
ERR2061612.20334275 7001289F:103:C9WFLANXX:3:1301:11289:47041/1	R1	+	-	+	-	0.000000	0.000000
ERR2061612.20334276 7001289F:103:C9WFLANXX:4:1311:2603:84488/1	R1	-	+	-	+	0.233333	0.233333
ERR2061612.20334280 7001289F:103:C9WFLANXX:3:2111:13972:82601/1	R1	-	+	-	+	0.166667	0.166667
ERR2061612.20334281 7001289F:103:C9WFLANXX:3:2209:8607:25678/1	R1	+	-	+	-	0.000000	0.000000
ERR2061612.20353630 7001289F:103:C9WFLANXX:4:2108:12730:77214/1	R1	+	-	+	-	0.471698	0.471698
ERR2061612.20443532 7001289F:103:C9WFLANXX:3:2202:14038:19630/1	R1	+	-	+	-	0.446429	0.446429
ERR2061612.20443950 7001289F:103:C9WFLANXX:4:2107:12255:80268/1	R1	+	-	+	-	0.433628	0.433628
ERR2061612.20927789 7001289F:103:C9WFLANXX:4:1112:16664:18743/1	R1	-	+	-	+	0.800000	0.800000
ERR2061612.21731866 7001289F:103:C9WFLANXX:3:2304:10209:72083/1	R1	-	+	-	+	0.950000	0.950000
ERR2061612.21830692 7001289F:103:C9WFLANXX:3:2212:5664:79447/1	R1	+	-	+	-	0.000000	0.000000
ERR2061612.21957830 7001289F:103:C9WFLANXX:3:2107:6321:5338/1	R1	-	+	-	+	0.850000	0.850000
ERR2061612.22112892 7001289F:103:C9WFLANXX:3:1210:7348:61094/1	R1	-	+	-	+	0.850000	0.850000
ERR2061612.22350470 7001289F:103:C9WFLANXX:3:1216:4242:83527/1	R1	-	+	-	+	0.950000	0.950000
ERR2061612.22393246 7001289F:103:C9WFLANXX:3:1212:16720:27050/1	R1	+	-	+	-	0.000000	0.000000
ERR2061612.22519135 7001289F:103:C9WFLANXX:4:2310:16866:14754/1	R1	-	+	-	+	0.631579	0.631579
ERR2061612.22749121 7001289F:103:C9WFLANXX:4:2215:6471:6889/1	R1	-	+	-	+	0.631579	0.631579
