2024-12-30T14:14:28
ID	Read	R1_Forward	R1_Reverse	R2_Forward	R2_Reverse	R1_Penalty	R2_Penalty
ERR2061619.370632 7001289F:109:CB97UANXX:1:2103:12860:88936/1	R1	-	+	-	+	0.777778	0.777778
ERR2061619.2928128 7001289F:103:C9WFLANXX:3:2112:18555:76743/1	R1	-	+	-	+	0.631579	0.631579
ERR2061619.2996843 7001289F:103:C9WFLANXX:4:1110:6578:54551/1	R1	-	+	-	+	0.000000	0.000000
ERR2061619.4182223 7001289F:109:CB97UANXX:1:2304:10469:29446/1	R1	-	+	-	+	0.666667	0.666667
ERR2061619.4183250 7001289F:109:CB97UANXX:1:2311:14414:17418/1	R1	-	+	-	+	0.666667	0.666667
ERR2061619.4204813 7001289F:109:CB97UANXX:1:1313:7524:77049/1	R1	-	+	-	+	0.850000	0.850000
ERR2061619.4263200 7001289F:109:CB97UANXX:1:1115:10474:21469/1	R1	-	+	-	+	0.000000	0.000000
ERR2061619.4305071 7001289F:109:CB97UANXX:1:2211:18120:42989/1	R1	+	-	+	-	0.446429	0.446429
ERR2061619.4305073 7001289F:109:CB97UANXX:1:1212:7605:27018/1	R1	+	-	+	-	0.302752	0.302752
ERR2061619.4305078 7001289F:103:C9WFLANXX:3:1313:9176:62140/1	R1	+	-	+	-	0.446429	0.446429
ERR2061619.4305079 7001289F:103:C9WFLANXX:4:2315:11461:91792/1	R1	+	-	+	-	0.482143	0.482143
ERR2061619.4305082 7001289F:103:C9WFLANXX:3:1106:5382:19423/1	R1	+	-	+	-	0.560000	0.560000
ERR2061619.4305085 7001289F:103:C9WFLANXX:4:2312:13685:27959/1	R1	+	-	+	-	0.365385	0.365385
ERR2061619.4305086 7001289F:103:C9WFLANXX:4:1202:14442:53907/1	R1	+	-	+	-	0.000000	0.000000
ERR2061619.4305090 7001289F:103:C9WFLANXX:4:2104:12685:90946/1	R1	+	-	+	-	0.000000	0.000000
ERR2061619.4305091 7001289F:109:CB97UANXX:1:2314:15563:101036/1	R1	+	-	+	-	0.000000	0.000000
ERR2061619.4305093 7001289F:109:CB97UANXX:1:1211:19183:55254/1	R1	+	-	+	-	0.302752	0.302752
ERR2061619.4305094 7001289F:103:C9WFLANXX:3:1310:6794:10306/1	R1	+	-	+	-	0.471698	0.471698
ERR2061619.4305095 7001289F:103:C9WFLANXX:3:2202:2116:73857/1	R1	+	-	+	-	0.345455	0.345455
ERR2061619.4305101 7001289F:103:C9WFLANXX:4:1301:3888:38668/1	R1	-	+	-	+	0.000000	0.000000
ERR2061619.4305104 7001289F:109:CB97UANXX:1:2212:15047:42930/1	R1	+	-	+	-	0.345455	0.345455
ERR2061619.4305105 7001289F:109:CB97UANXX:1:1310:9812:30816/1	R1	+	-	+	-	0.302752	0.302752
ERR2061619.4305107 7001289F:109:CB97UANXX:1:1212:21078:50883/1	R1	+	-	+	-	0.302752	0.302752
ERR2061619.4305108 7001289F:109:CB97UANXX:1:1214:15062:7081/1	R1	+	-	+	-	0.345455	0.345455
ERR2061619.4305109 7001289F:109:CB97UANXX:1:1101:15147:29779/1	R1	+	-	+	-	0.339450	0.339450
ERR2061619.4305112 7001289F:109:CB97UANXX:1:2209:9352:85328/1	R1	+	-	+	-	0.345455	0.345455
ERR2061619.4305113 7001289F:109:CB97UANXX:1:2102:1854:85523/1	R1	+	-	+	-	0.000000	0.000000
ERR2061619.4305118 7001289F:103:C9WFLANXX:4:1211:5189:76355/1	R1	+	-	+	-	0.558824	0.558824
ERR2061619.4305119 7001289F:109:CB97UANXX:1:1116:16682:33962/1	R1	+	-	+	-	0.540984	0.540984
ERR2061619.4305120 7001289F:103:C9WFLANXX:3:1102:8895:47460/1	R1	+	-	+	-	0.471698	0.471698
ERR2061619.4305125 7001289F:109:CB97UANXX:1:1214:11998:74168/1	R1	+	-	+	-	0.590361	0.590361
ERR2061619.4305127 7001289F:103:C9WFLANXX:3:2106:1540:69662/1	R1	-	+	-	+	0.038095	0.038095
ERR2061619.4305128 7001289F:109:CB97UANXX:1:1201:9067:93550/1	R1	-	+	-	+	0.000000	0.000000
ERR2061619.4305129 7001289F:109:CB97UANXX:1:2109:6373:46849/1	R1	+	-	+	-	0.000000	0.000000
ERR2061619.4305130 7001289F:109:CB97UANXX:1:1105:20014:65533/1	R1	+	-	+	-	0.675676	0.675676
ERR2061619.4305132 7001289F:109:CB97UANXX:1:1116:18738:17205/1	R1	+	-	+	-	0.000000	0.000000
ERR2061619.4305135 7001289F:109:CB97UANXX:1:1215:2580:41213/1	R1	+	-	+	-	0.433628	0.433628
ERR2061619.4305137 7001289F:103:C9WFLANXX:4:1304:16447:55708/1	R1	+	-	+	-	0.693548	0.693548
ERR2061619.4305138 7001289F:103:C9WFLANXX:3:1215:9915:65136/1	R1	+	-	+	-	0.446429	0.446429
ERR2061619.4305140 7001289F:103:C9WFLANXX:4:2311:19273:50594/1	R1	+	-	+	-	0.365385	0.365385
ERR2061619.4305141 7001289F:109:CB97UANXX:1:2109:19810:15606/1	R1	+	-	+	-	0.320388	0.320388
ERR2061619.4305142 7001289F:103:C9WFLANXX:4:2310:9093:77379/1	R1	-	+	-	+	0.000000	0.000000
ERR2061619.4305143 7001289F:109:CB97UANXX:1:1207:6672:68565/1	R1	-	+	-	+	0.152381	0.152381
ERR2061619.4305144 7001289F:103:C9WFLANXX:3:2116:14769:6881/1	R1	+	-	+	-	0.675676	0.675676
ERR2061619.4305145 7001289F:103:C9WFLANXX:3:1212:11341:98461/1	R1	-	+	-	+	0.000000	0.000000
ERR2061619.4305150 7001289F:109:CB97UANXX:1:2214:13417:81535/1	R1	+	-	+	-	0.000000	0.000000
ERR2061619.4305151 7001289F:103:C9WFLANXX:4:1304:7080:71284/1	R1	+	-	+	-	0.345455	0.345455
ERR2061619.4305152 7001289F:109:CB97UANXX:1:2104:4462:92358/1	R1	+	-	+	-	0.584906	0.584906
ERR2061619.4305153 7001289F:103:C9WFLANXX:4:2314:15731:36752/1	R1	+	-	+	-	0.471698	0.471698
ERR2061619.4305155 7001289F:103:C9WFLANXX:4:2116:19699:40232/1	R1	+	-	+	-	0.000000	0.000000
ERR2061619.4305156 7001289F:103:C9WFLANXX:4:1309:7324:43812/1	R1	+	-	+	-	0.714286	0.714286
ERR2061619.4305158 7001289F:109:CB97UANXX:1:1304:12051:22654/1	R1	+	-	+	-	0.891892	0.891892
ERR2061619.4305159 7001289F:109:CB97UANXX:1:2302:2753:40925/1	R1	+	-	+	-	0.862069	0.862069
ERR2061619.4305163 7001289F:109:CB97UANXX:1:1112:12310:2528/1	R1	-	+	-	+	0.000000	0.000000
ERR2061619.4305166 7001289F:109:CB97UANXX:1:2103:5364:45634/1	R1	-	+	-	+	0.427083	0.427083
ERR2061619.4305168 7001289F:103:C9WFLANXX:4:2107:4112:38889/1	R1	-	+	-	+	0.000000	0.000000
ERR2061619.4305170 7001289F:109:CB97UANXX:1:2215:15014:78035/1	R1	+	-	+	-	0.612903	0.612903
ERR2061619.4305180 7001289F:109:CB97UANXX:1:1202:18537:16454/1	R1	+	-	+	-	0.760000	0.760000
ERR2061619.4305187 7001289F:109:CB97UANXX:1:2207:8342:90765/1	R1	-	+	-	+	0.140000	0.140000
ERR2061619.4305188 7001289F:109:CB97UANXX:1:2204:7251:11719/1	R1	+	-	+	-	0.000000	0.000000
ERR2061619.4305191 7001289F:109:CB97UANXX:1:1209:7169:5493/1	R1	-	+	-	+	0.000000	0.000000
ERR2061619.4305194 7001289F:103:C9WFLANXX:3:2306:9192:11162/1	R1	+	-	+	-	0.556604	0.556604
ERR2061619.4305195 7001289F:103:C9WFLANXX:3:2209:5194:30427/1	R1	+	-	+	-	0.609756	0.609756
ERR2061619.4305196 7001289F:103:C9WFLANXX:4:1202:12026:82447/1	R1	+	-	+	-	0.704545	0.704545
ERR2061619.4305198 7001289F:103:C9WFLANXX:4:1314:20419:34186/1	R1	-	+	-	+	0.400000	0.400000
ERR2061619.4305199 7001289F:109:CB97UANXX:1:1111:4282:54922/1	R1	-	+	-	+	0.000000	0.000000
ERR2061619.4305200 7001289F:103:C9WFLANXX:3:1304:3107:87158/1	R1	+	-	+	-	0.612903	0.612903
ERR2061619.4305202 7001289F:109:CB97UANXX:1:2216:13137:48372/1	R1	+	-	+	-	0.413043	0.413043
ERR2061619.4305206 7001289F:109:CB97UANXX:1:1204:20525:32029/1	R1	+	-	+	-	0.413043	0.413043
ERR2061619.4305207 7001289F:103:C9WFLANXX:4:2216:15434:14489/1	R1	+	-	+	-	0.000000	0.000000
ERR2061619.4305208 7001289F:109:CB97UANXX:1:1311:5969:65469/1	R1	-	+	-	+	0.000000	0.000000
ERR2061619.4305211 7001289F:103:C9WFLANXX:4:1112:14889:30971/1	R1	+	-	+	-	1.000000	1.000000
ERR2061619.4305213 7001289F:109:CB97UANXX:1:2102:8213:21691/1	R1	+	-	+	-	0.446429	0.446429
ERR2061619.4305214 7001289F:109:CB97UANXX:1:2310:12936:68599/1	R1	+	-	+	-	0.000000	0.000000
ERR2061619.4305218 7001289F:103:C9WFLANXX:3:1202:15118:88579/1	R1	+	-	+	-	0.892473	0.892473
ERR2061619.4305220 7001289F:103:C9WFLANXX:4:2205:15239:93586/1	R1	+	-	+	-	0.558824	0.558824
ERR2061619.4305221 7001289F:103:C9WFLANXX:4:1306:12760:83103/1	R1	+	-	+	-	0.892473	0.892473
ERR2061619.4305222 7001289F:103:C9WFLANXX:4:1210:7304:12203/1	R1	+	-	+	-	0.760000	0.760000
ERR2061619.4305227 7001289F:109:CB97UANXX:1:2202:7518:53727/1	R1	+	-	+	-	0.639640	0.639640
ERR2061619.4305230 7001289F:109:CB97UANXX:1:1112:10983:80608/1	R1	+	-	+	-	0.345455	0.345455
ERR2061619.4305233 7001289F:109:CB97UANXX:1:1102:15737:88503/1	R1	+	-	+	-	0.345455	0.345455
ERR2061619.4305234 7001289F:109:CB97UANXX:1:2311:10526:26102/1	R1	-	+	-	+	0.000000	0.000000
ERR2061619.4305235 7001289F:109:CB97UANXX:1:1304:10997:12301/1	R1	-	+	-	+	0.000000	0.000000
ERR2061619.4305237 7001289F:103:C9WFLANXX:4:2211:13468:44004/1	R1	+	-	+	-	0.302752	0.302752
ERR2061619.4305238 7001289F:103:C9WFLANXX:4:2213:19267:11161/1	R1	+	-	+	-	0.525773	0.525773
ERR2061619.4305239 7001289F:103:C9WFLANXX:4:1214:9475:100818/1	R1	+	-	+	-	0.302752	0.302752
ERR2061619.4305240 7001289F:103:C9WFLANXX:3:1315:7737:70681/1	R1	+	-	+	-	0.000000	0.000000
ERR2061619.4305241 7001289F:103:C9WFLANXX:3:2207:19835:80509/1	R1	-	+	-	+	0.000000	0.000000
ERR2061619.4305242 7001289F:109:CB97UANXX:1:2212:8523:33713/1	R1	+	-	+	-	0.000000	0.000000
ERR2061619.4305243 7001289F:109:CB97UANXX:1:2104:13880:73224/1	R1	-	+	-	+	0.000000	0.000000
ERR2061619.4305246 7001289F:109:CB97UANXX:1:2311:11801:62617/1	R1	+	-	+	-	0.457944	0.457944
ERR2061619.4305247 7001289F:109:CB97UANXX:1:1311:6947:79494/1	R1	+	-	+	-	0.457944	0.457944
ERR2061619.4305248 7001289F:109:CB97UANXX:1:1313:8029:62505/1	R1	+	-	+	-	0.616822	0.616822
ERR2061619.4305249 7001289F:109:CB97UANXX:1:2301:17817:3860/1	R1	+	-	+	-	0.457944	0.457944
ERR2061619.4305250 7001289F:109:CB97UANXX:1:2307:7100:29547/1	R1	+	-	+	-	0.515789	0.515789
ERR2061619.4305251 7001289F:103:C9WFLANXX:3:1305:15808:80853/1	R1	+	-	+	-	0.457944	0.457944
ERR2061619.4305252 7001289F:109:CB97UANXX:1:2202:10855:97873/1	R1	-	+	-	+	0.387097	0.387097
ERR2061619.4305253 7001289F:109:CB97UANXX:1:1313:14898:100546/1	R1	+	-	+	-	0.457944	0.457944
ERR2061619.4305255 7001289F:103:C9WFLANXX:3:1216:20501:27797/1	R1	+	-	+	-	0.500000	0.500000
ERR2061619.4305257 7001289F:109:CB97UANXX:1:1102:19997:39527/1	R1	+	-	+	-	0.887850	0.887850
ERR2061619.4305259 7001289F:109:CB97UANXX:1:1304:9731:13303/1	R1	+	-	+	-	0.500000	0.500000
ERR2061619.4305261 7001289F:103:C9WFLANXX:3:2104:14802:54000/1	R1	-	+	-	+	0.000000	0.000000
ERR2061619.4305262 7001289F:103:C9WFLANXX:4:2312:1844:93875/1	R1	+	-	+	-	0.841121	0.841121
ERR2061619.4305264 7001289F:109:CB97UANXX:1:1305:18542:90528/1	R1	+	-	+	-	0.500000	0.500000
ERR2061619.4305265 7001289F:109:CB97UANXX:1:2303:10799:32600/1	R1	+	-	+	-	0.446429	0.446429
ERR2061619.4305269 7001289F:109:CB97UANXX:1:2315:9463:24888/1	R1	+	-	+	-	0.302752	0.302752
ERR2061619.4305271 7001289F:109:CB97UANXX:1:1108:12590:96759/1	R1	-	+	-	+	0.000000	0.000000
ERR2061619.4305273 7001289F:103:C9WFLANXX:3:2310:18235:20660/1	R1	-	+	-	+	0.000000	0.000000
ERR2061619.4305275 7001289F:103:C9WFLANXX:4:1306:8677:16239/1	R1	+	-	+	-	0.540984	0.540984
ERR2061619.4305277 7001289F:103:C9WFLANXX:3:1307:8742:70678/1	R1	-	+	-	+	0.000000	0.000000
ERR2061619.4305278 7001289F:109:CB97UANXX:1:2311:10680:94041/1	R1	-	+	-	+	0.072289	0.072289
ERR2061619.4305279 7001289F:109:CB97UANXX:1:1111:9491:29071/1	R1	+	-	+	-	0.387755	0.387755
ERR2061619.4305284 7001289F:109:CB97UANXX:1:1211:13574:32524/1	R1	-	+	-	+	0.000000	0.000000
ERR2061619.4305287 7001289F:109:CB97UANXX:1:1307:3774:28779/1	R1	-	+	-	+	0.000000	0.000000
ERR2061619.4305291 7001289F:109:CB97UANXX:1:1216:6517:88505/1	R1	+	-	+	-	0.000000	0.000000
ERR2061619.4305293 7001289F:103:C9WFLANXX:4:1108:12768:3261/1	R1	-	+	-	+	0.950000	0.950000
ERR2061619.4305294 7001289F:109:CB97UANXX:1:2104:6589:68679/1	R1	-	+	-	+	0.000000	0.000000
ERR2061619.4305295 7001289F:109:CB97UANXX:1:1208:20953:51648/1	R1	-	+	-	+	0.112903	0.112903
ERR2061619.4367479 7001289F:109:CB97UANXX:1:1207:18078:64750/1	R1	-	+	-	+	0.000000	0.000000
ERR2061619.5661887 7001289F:103:C9WFLANXX:3:1310:14838:78747/1	R1	-	+	-	+	1.000000	1.000000
ERR2061619.6047131 7001289F:109:CB97UANXX:1:1115:9635:67351/1	R1	+	-	+	-	0.500000	0.500000
ERR2061619.6779279 7001289F:109:CB97UANXX:1:2308:3628:78260/1	R1	-	+	-	+	0.000000	0.000000
ERR2061619.6861129 7001289F:103:C9WFLANXX:3:1302:4874:95959/1	R1	-	+	-	+	0.444444	0.444444
ERR2061619.6907352 7001289F:109:CB97UANXX:1:2315:15863:65771/1	R1	-	+	-	+	0.000000	0.000000
ERR2061619.7138646 7001289F:109:CB97UANXX:1:1302:16461:74287/1	R1	+	-	+	-	0.457944	0.457944
ERR2061619.8327526 7001289F:109:CB97UANXX:1:1103:11034:47620/1	R1	-	+	-	+	0.000000	0.000000
ERR2061619.9169427 7001289F:109:CB97UANXX:1:1109:10886:90027/1	R1	-	+	-	+	0.000000	0.000000
ERR2061619.9275860 7001289F:109:CB97UANXX:1:1114:5778:43360/1	R1	+	-	+	-	0.495327	0.495327
ERR2061619.9275862 7001289F:103:C9WFLANXX:3:2306:20787:89352/1	R1	-	+	-	+	0.092437	0.092437
ERR2061619.9275864 7001289F:109:CB97UANXX:1:2112:21039:26887/1	R1	-	+	-	+	0.000000	0.000000
ERR2061619.9275868 7001289F:103:C9WFLANXX:3:2113:3022:73966/1	R1	+	-	+	-	0.000000	0.000000
ERR2061619.9275869 7001289F:103:C9WFLANXX:3:1304:7598:52081/1	R1	+	-	+	-	0.537500	0.537500
ERR2061619.9275871 7001289F:103:C9WFLANXX:4:2303:20093:27427/1	R1	+	-	+	-	0.000000	0.000000
ERR2061619.9275872 7001289F:103:C9WFLANXX:4:2303:19537:54454/1	R1	+	-	+	-	0.767442	0.767442
ERR2061619.9275873 7001289F:103:C9WFLANXX:4:2313:4933:35284/1	R1	+	-	+	-	0.781250	0.781250
ERR2061619.9275877 7001289F:103:C9WFLANXX:4:2208:2027:48259/1	R1	+	-	+	-	0.760000	0.760000
ERR2061619.9275880 7001289F:103:C9WFLANXX:4:1216:8769:47116/1	R1	+	-	+	-	0.612903	0.612903
ERR2061619.9275888 7001289F:109:CB97UANXX:1:2213:13700:91995/1	R1	+	-	+	-	0.785714	0.785714
ERR2061619.9275893 7001289F:109:CB97UANXX:1:2116:7491:24587/1	R1	+	-	+	-	0.000000	0.000000
ERR2061619.9275894 7001289F:109:CB97UANXX:1:1302:12193:36577/1	R1	+	-	+	-	0.558824	0.558824
ERR2061619.9275895 7001289F:109:CB97UANXX:1:1313:14454:25574/1	R1	+	-	+	-	0.550562	0.550562
ERR2061619.9275905 7001289F:109:CB97UANXX:1:1116:17349:63888/1	R1	+	-	+	-	0.446429	0.446429
ERR2061619.9275906 7001289F:103:C9WFLANXX:3:2303:4219:83752/1	R1	+	-	+	-	0.603960	0.603960
ERR2061619.9275907 7001289F:109:CB97UANXX:1:2307:16305:77830/1	R1	-	+	-	+	0.428571	0.428571
ERR2061619.9275909 7001289F:103:C9WFLANXX:4:2102:6051:54488/1	R1	+	-	+	-	0.302752	0.302752
ERR2061619.9275910 7001289F:109:CB97UANXX:1:1211:13772:88288/1	R1	+	-	+	-	0.345455	0.345455
ERR2061619.9275911 7001289F:103:C9WFLANXX:3:2210:1746:29131/1	R1	+	-	+	-	0.753846	0.753846
ERR2061619.9275912 7001289F:103:C9WFLANXX:4:1115:8334:19943/1	R1	-	+	-	+	0.000000	0.000000
ERR2061619.9275914 7001289F:109:CB97UANXX:1:1212:15563:25452/1	R1	-	+	-	+	0.000000	0.000000
ERR2061619.9275919 7001289F:109:CB97UANXX:1:2115:3071:8895/1	R1	+	-	+	-	0.544643	0.544643
ERR2061619.9275920 7001289F:109:CB97UANXX:1:1308:11567:87446/1	R1	+	-	+	-	0.345455	0.345455
ERR2061619.9275921 7001289F:109:CB97UANXX:1:1203:6922:84823/1	R1	+	-	+	-	0.345455	0.345455
ERR2061619.9275922 7001289F:109:CB97UANXX:1:2101:14534:18537/1	R1	+	-	+	-	0.435294	0.435294
ERR2061619.9275924 7001289F:103:C9WFLANXX:3:1312:12705:57567/1	R1	+	-	+	-	0.446429	0.446429
ERR2061619.9275925 7001289F:103:C9WFLANXX:4:1205:9685:72222/1	R1	+	-	+	-	0.000000	0.000000
ERR2061619.9275926 7001289F:109:CB97UANXX:1:1203:1886:82028/1	R1	+	-	+	-	0.585106	0.585106
ERR2061619.9275928 7001289F:103:C9WFLANXX:4:2210:18065:24449/1	R1	+	-	+	-	0.457944	0.457944
ERR2061619.9275929 7001289F:103:C9WFLANXX:4:1203:9712:74591/1	R1	+	-	+	-	0.457944	0.457944
ERR2061619.9275933 7001289F:109:CB97UANXX:1:1314:3648:5353/1	R1	+	-	+	-	0.000000	0.000000
ERR2061619.9275934 7001289F:109:CB97UANXX:1:1305:2821:6397/1	R1	-	+	-	+	0.000000	0.000000
ERR2061619.9275937 7001289F:109:CB97UANXX:1:1111:12069:63539/1	R1	+	-	+	-	0.000000	0.000000
ERR2061619.9275939 7001289F:103:C9WFLANXX:3:1215:1707:36418/1	R1	+	-	+	-	0.345455	0.345455
ERR2061619.9275940 7001289F:103:C9WFLANXX:4:2215:7271:21635/1	R1	+	-	+	-	0.365385	0.365385
ERR2061619.9275941 7001289F:103:C9WFLANXX:4:2106:19237:22483/1	R1	+	-	+	-	0.302752	0.302752
ERR2061619.9275945 7001289F:109:CB97UANXX:1:2212:5551:33588/1	R1	+	-	+	-	0.471698	0.471698
ERR2061619.9275946 7001289F:109:CB97UANXX:1:2202:16173:76595/1	R1	+	-	+	-	0.345455	0.345455
ERR2061619.9275949 7001289F:109:CB97UANXX:1:1201:20130:50833/1	R1	+	-	+	-	0.302752	0.302752
ERR2061619.9275950 7001289F:109:CB97UANXX:1:1213:18993:93039/1	R1	+	-	+	-	0.387755	0.387755
ERR2061619.9275956 7001289F:103:C9WFLANXX:3:2306:19909:73738/1	R1	-	+	-	+	0.000000	0.000000
ERR2061619.9275958 7001289F:103:C9WFLANXX:4:2202:2723:67676/1	R1	-	+	-	+	0.086957	0.086957
ERR2061619.9275959 7001289F:109:CB97UANXX:1:1208:19411:75445/1	R1	+	-	+	-	0.000000	0.000000
ERR2061619.9275960 7001289F:103:C9WFLANXX:3:1215:12032:68449/1	R1	-	+	-	+	0.000000	0.000000
ERR2061619.9275962 7001289F:109:CB97UANXX:1:1313:17811:37397/1	R1	-	+	-	+	0.000000	0.000000
ERR2061619.9275963 7001289F:109:CB97UANXX:1:2209:5705:42281/1	R1	-	+	-	+	0.000000	0.000000
ERR2061619.9275964 7001289F:109:CB97UANXX:1:2216:17829:98354/1	R1	-	+	-	+	0.541667	0.541667
ERR2061619.9275965 7001289F:103:C9WFLANXX:3:2301:10430:21683/1	R1	+	-	+	-	0.446429	0.446429
ERR2061619.9275966 7001289F:103:C9WFLANXX:4:2105:12920:74411/1	R1	-	+	-	+	0.054348	0.054348
ERR2061619.9275967 7001289F:109:CB97UANXX:1:2309:9533:63319/1	R1	-	+	-	+	0.000000	0.000000
ERR2061619.9275968 7001289F:109:CB97UANXX:1:1201:15193:19170/1	R1	-	+	-	+	0.034188	0.034188
ERR2061619.9275969 7001289F:109:CB97UANXX:1:1109:8273:76042/1	R1	+	-	+	-	0.340206	0.340206
ERR2061619.9275970 7001289F:103:C9WFLANXX:3:2206:6576:55085/1	R1	+	-	+	-	0.471698	0.471698
ERR2061619.9275971 7001289F:103:C9WFLANXX:3:1316:12191:39057/1	R1	+	-	+	-	0.000000	0.000000
ERR2061619.9275972 7001289F:109:CB97UANXX:1:2103:6242:84227/1	R1	-	+	-	+	0.000000	0.000000
ERR2061619.9275973 7001289F:109:CB97UANXX:1:1111:7231:41961/1	R1	+	-	+	-	0.000000	0.000000
ERR2061619.9275974 7001289F:103:C9WFLANXX:4:2312:1921:15710/1	R1	+	-	+	-	0.518868	0.518868
ERR2061619.9275976 7001289F:103:C9WFLANXX:4:2110:17169:99918/1	R1	-	+	-	+	0.000000	0.000000
ERR2061619.9275977 7001289F:109:CB97UANXX:1:2313:10152:7178/1	R1	+	-	+	-	0.515789	0.515789
ERR2061619.9275978 7001289F:109:CB97UANXX:1:1110:4623:70927/1	R1	+	-	+	-	0.345455	0.345455
ERR2061619.9275980 7001289F:109:CB97UANXX:1:2306:19348:2138/1	R1	+	-	+	-	0.388235	0.388235
ERR2061619.9275983 7001289F:109:CB97UANXX:1:1316:10124:16280/1	R1	+	-	+	-	0.345455	0.345455
ERR2061619.9275985 7001289F:103:C9WFLANXX:3:2102:2018:18258/1	R1	+	-	+	-	0.568182	0.568182
ERR2061619.9275987 7001289F:109:CB97UANXX:1:2103:12175:81783/1	R1	-	+	-	+	0.000000	0.000000
ERR2061619.9275988 7001289F:109:CB97UANXX:1:2316:1736:80585/1	R1	+	-	+	-	0.531915	0.531915
ERR2061619.9275989 7001289F:103:C9WFLANXX:3:2315:9322:63278/1	R1	-	+	-	+	0.811475	0.811475
ERR2061619.9275990 7001289F:109:CB97UANXX:1:2211:12958:99434/1	R1	-	+	-	+	0.000000	0.000000
ERR2061619.9275993 7001289F:109:CB97UANXX:1:2113:18299:68819/1	R1	-	+	-	+	0.214286	0.214286
ERR2061619.9275995 7001289F:109:CB97UANXX:1:1312:14747:37343/1	R1	-	+	-	+	0.000000	0.000000
ERR2061619.9275996 7001289F:103:C9WFLANXX:3:2315:12883:17111/1	R1	+	-	+	-	0.760000	0.760000
ERR2061619.9275999 7001289F:109:CB97UANXX:1:2304:18005:27823/1	R1	+	-	+	-	0.675676	0.675676
ERR2061619.9276000 7001289F:109:CB97UANXX:1:2312:3937:79068/1	R1	-	+	-	+	0.000000	0.000000
ERR2061619.9276001 7001289F:103:C9WFLANXX:4:1303:2546:51540/1	R1	-	+	-	+	0.039216	0.039216
ERR2061619.9276002 7001289F:103:C9WFLANXX:3:1107:8537:20434/1	R1	-	+	-	+	0.000000	0.000000
ERR2061619.9276003 7001289F:109:CB97UANXX:1:1116:19239:79494/1	R1	+	-	+	-	0.918367	0.918367
ERR2061619.9276004 7001289F:103:C9WFLANXX:3:2107:14274:88449/1	R1	-	+	-	+	0.000000	0.000000
ERR2061619.9276007 7001289F:109:CB97UANXX:1:2204:10923:71266/1	R1	+	-	+	-	0.531915	0.531915
ERR2061619.9276008 7001289F:109:CB97UANXX:1:2101:10261:22608/1	R1	-	+	-	+	0.000000	0.000000
ERR2061619.9276009 7001289F:109:CB97UANXX:1:1313:3940:97913/1	R1	+	-	+	-	0.558824	0.558824
ERR2061619.9276010 7001289F:103:C9WFLANXX:4:2107:14795:29553/1	R1	-	+	-	+	0.000000	0.000000
ERR2061619.9276023 7001289F:109:CB97UANXX:1:2213:3830:42194/1	R1	-	+	-	+	0.400000	0.400000
ERR2061619.9276024 7001289F:109:CB97UANXX:1:1212:13429:82584/1	R1	-	+	-	+	0.117647	0.117647
ERR2061619.9276025 7001289F:103:C9WFLANXX:4:2313:5137:7186/1	R1	+	-	+	-	0.631579	0.631579
ERR2061619.9276037 7001289F:109:CB97UANXX:1:1209:9012:77556/1	R1	-	+	-	+	0.080000	0.080000
ERR2061619.9276040 7001289F:103:C9WFLANXX:3:2106:17646:88246/1	R1	-	+	-	+	0.000000	0.000000
ERR2061619.9276041 7001289F:103:C9WFLANXX:3:1108:13196:80748/1	R1	-	+	-	+	0.428571	0.428571
ERR2061619.9276043 7001289F:103:C9WFLANXX:4:2206:16480:16300/1	R1	+	-	+	-	0.636364	0.636364
ERR2061619.9276046 7001289F:109:CB97UANXX:1:1111:1991:22729/1	R1	+	-	+	-	0.475000	0.475000
ERR2061619.9276047 7001289F:109:CB97UANXX:1:1214:19291:61334/1	R1	+	-	+	-	0.388235	0.388235
ERR2061619.9276051 7001289F:103:C9WFLANXX:3:1104:3521:35261/1	R1	+	-	+	-	0.457944	0.457944
ERR2061619.9276055 7001289F:103:C9WFLANXX:3:1202:8144:90134/1	R1	+	-	+	-	0.471698	0.471698
ERR2061619.9276057 7001289F:103:C9WFLANXX:4:2204:19779:77886/1	R1	+	-	+	-	0.446429	0.446429
ERR2061619.9276060 7001289F:109:CB97UANXX:1:2115:7961:28244/1	R1	+	-	+	-	0.531915	0.531915
ERR2061619.9276061 7001289F:109:CB97UANXX:1:2208:15712:34527/1	R1	+	-	+	-	0.927928	0.927928
ERR2061619.9276063 7001289F:109:CB97UANXX:1:1110:17356:43765/1	R1	+	-	+	-	0.446429	0.446429
ERR2061619.9276064 7001289F:109:CB97UANXX:1:2307:9075:97983/1	R1	+	-	+	-	0.446429	0.446429
ERR2061619.9276065 7001289F:103:C9WFLANXX:4:1105:12178:8951/1	R1	+	-	+	-	0.000000	0.000000
ERR2061619.9276066 7001289F:109:CB97UANXX:1:1304:9195:25075/1	R1	-	+	-	+	0.000000	0.000000
ERR2061619.9276069 7001289F:109:CB97UANXX:1:2314:11655:39141/1	R1	+	-	+	-	0.345455	0.345455
ERR2061619.9276072 7001289F:109:CB97UANXX:1:1214:9766:31192/1	R1	+	-	+	-	0.345455	0.345455
ERR2061619.9276074 7001289F:103:C9WFLANXX:3:2113:10299:93438/1	R1	+	-	+	-	0.760000	0.760000
ERR2061619.9276075 7001289F:109:CB97UANXX:1:2311:19423:33281/1	R1	-	+	-	+	0.188034	0.188034
ERR2061619.9276076 7001289F:103:C9WFLANXX:3:2312:4799:40695/1	R1	+	-	+	-	0.357798	0.357798
ERR2061619.9276077 7001289F:103:C9WFLANXX:3:1309:13211:82820/1	R1	+	-	+	-	0.493671	0.493671
ERR2061619.9276079 7001289F:109:CB97UANXX:1:2201:21101:38804/1	R1	+	-	+	-	0.320388	0.320388
ERR2061619.9276081 7001289F:103:C9WFLANXX:4:1310:8407:55998/1	R1	+	-	+	-	0.302752	0.302752
ERR2061619.9276084 7001289F:109:CB97UANXX:1:1111:15803:33292/1	R1	+	-	+	-	0.000000	0.000000
ERR2061619.9276085 7001289F:103:C9WFLANXX:4:1206:9560:31484/1	R1	-	+	-	+	0.081395	0.081395
ERR2061619.9276087 7001289F:109:CB97UANXX:1:2309:21232:5574/1	R1	+	-	+	-	0.485149	0.485149
ERR2061619.9276088 7001289F:109:CB97UANXX:1:2106:5142:13523/1	R1	+	-	+	-	0.759259	0.759259
ERR2061619.9276089 7001289F:103:C9WFLANXX:4:1113:17770:91317/1	R1	+	-	+	-	0.981308	0.981308
ERR2061619.9276090 7001289F:109:CB97UANXX:1:2215:21278:11941/1	R1	+	-	+	-	0.657895	0.657895
ERR2061619.9276091 7001289F:109:CB97UANXX:1:1313:7346:53814/1	R1	+	-	+	-	0.446429	0.446429
ERR2061619.9276092 7001289F:109:CB97UANXX:1:1215:9267:17062/1	R1	-	+	-	+	0.000000	0.000000
ERR2061619.9276093 7001289F:109:CB97UANXX:1:1207:14026:23426/1	R1	+	-	+	-	0.822430	0.822430
ERR2061619.9276096 7001289F:103:C9WFLANXX:4:2111:2168:21775/1	R1	+	-	+	-	0.471698	0.471698
ERR2061619.9276098 7001289F:109:CB97UANXX:1:2115:9288:16933/1	R1	-	+	-	+	0.545455	0.545455
ERR2061619.9276101 7001289F:109:CB97UANXX:1:1105:19439:87867/1	R1	+	-	+	-	0.433628	0.433628
ERR2061619.9276102 7001289F:109:CB97UANXX:1:1212:8906:57159/1	R1	+	-	+	-	0.345455	0.345455
ERR2061619.9276107 7001289F:109:CB97UANXX:1:1103:8613:73263/1	R1	+	-	+	-	0.365385	0.365385
ERR2061619.9276110 7001289F:103:C9WFLANXX:4:1313:21056:52426/1	R1	+	-	+	-	0.000000	0.000000
ERR2061619.9276115 7001289F:109:CB97UANXX:1:2113:18497:41736/1	R1	+	-	+	-	0.000000	0.000000
ERR2061619.9276116 7001289F:109:CB97UANXX:1:2212:12837:74240/1	R1	+	-	+	-	0.000000	0.000000
ERR2061619.9276118 7001289F:109:CB97UANXX:1:2204:14697:47531/1	R1	+	-	+	-	0.345455	0.345455
ERR2061619.9276119 7001289F:109:CB97UANXX:1:1109:13448:61080/1	R1	+	-	+	-	0.590361	0.590361
ERR2061619.9276120 7001289F:109:CB97UANXX:1:1310:7760:94066/1	R1	+	-	+	-	0.500000	0.500000
ERR2061619.9276121 7001289F:109:CB97UANXX:1:2205:13492:79004/1	R1	+	-	+	-	0.387755	0.387755
ERR2061619.9276122 7001289F:103:C9WFLANXX:3:1311:10949:99114/1	R1	+	-	+	-	0.000000	0.000000
ERR2061619.9276123 7001289F:103:C9WFLANXX:3:2316:3752:26870/1	R1	+	-	+	-	0.531915	0.531915
ERR2061619.9276125 7001289F:103:C9WFLANXX:3:1301:19057:15039/1	R1	-	+	-	+	0.431818	0.431818
ERR2061619.9276126 7001289F:109:CB97UANXX:1:1105:1529:54394/1	R1	-	+	-	+	0.074074	0.074074
ERR2061619.9276130 7001289F:103:C9WFLANXX:4:2108:19122:15078/1	R1	+	-	+	-	0.000000	0.000000
ERR2061619.9276131 7001289F:103:C9WFLANXX:3:1211:4613:24485/1	R1	+	-	+	-	0.735849	0.735849
ERR2061619.9276132 7001289F:109:CB97UANXX:1:1115:2384:7820/1	R1	-	+	-	+	0.000000	0.000000
ERR2061619.9276133 7001289F:103:C9WFLANXX:3:1102:4244:4723/1	R1	+	-	+	-	0.441860	0.441860
ERR2061619.9276135 7001289F:109:CB97UANXX:1:2216:17009:9173/1	R1	+	-	+	-	0.760000	0.760000
ERR2061619.9276137 7001289F:103:C9WFLANXX:4:2109:16723:45464/1	R1	-	+	-	+	0.117647	0.117647
ERR2061619.9276138 7001289F:109:CB97UANXX:1:2310:17652:19137/1	R1	-	+	-	+	0.000000	0.000000
ERR2061619.9276142 7001289F:103:C9WFLANXX:4:1106:11094:54016/1	R1	-	+	-	+	0.000000	0.000000
ERR2061619.9276143 7001289F:103:C9WFLANXX:3:2216:20776:59689/1	R1	+	-	+	-	0.609756	0.609756
ERR2061619.9276145 7001289F:109:CB97UANXX:1:2205:9745:34604/1	R1	-	+	-	+	0.153846	0.153846
ERR2061619.9276146 7001289F:109:CB97UANXX:1:2108:2904:10705/1	R1	+	-	+	-	0.531915	0.531915
ERR2061619.9276147 7001289F:109:CB97UANXX:1:2301:7307:55389/1	R1	-	+	-	+	0.000000	0.000000
ERR2061619.9276151 7001289F:109:CB97UANXX:1:2202:20556:5809/1	R1	-	+	-	+	0.222222	0.222222
ERR2061619.9276154 7001289F:109:CB97UANXX:1:1301:15908:84150/1	R1	+	-	+	-	0.767442	0.767442
ERR2061619.9276155 7001289F:103:C9WFLANXX:3:2203:11170:47956/1	R1	-	+	-	+	0.000000	0.000000
ERR2061619.9276157 7001289F:103:C9WFLANXX:4:1101:19138:57644/1	R1	-	+	-	+	0.000000	0.000000
ERR2061619.9276159 7001289F:109:CB97UANXX:1:1211:3619:85111/1	R1	+	-	+	-	0.863636	0.863636
ERR2061619.9276160 7001289F:109:CB97UANXX:1:2308:11156:94808/1	R1	+	-	+	-	0.302752	0.302752
ERR2061619.9276162 7001289F:103:C9WFLANXX:3:2202:9257:27996/1	R1	-	+	-	+	0.000000	0.000000
ERR2061619.9276166 7001289F:109:CB97UANXX:1:1207:19199:78623/1	R1	+	-	+	-	0.365385	0.365385
ERR2061619.9276169 7001289F:109:CB97UANXX:1:1304:4513:87730/1	R1	+	-	+	-	0.000000	0.000000
ERR2061619.9276170 7001289F:109:CB97UANXX:1:1203:20181:15491/1	R1	-	+	-	+	0.000000	0.000000
ERR2061619.9276171 7001289F:103:C9WFLANXX:3:1301:6486:71470/1	R1	-	+	-	+	0.000000	0.000000
ERR2061619.9276174 7001289F:109:CB97UANXX:1:2112:20129:25666/1	R1	-	+	-	+	0.000000	0.000000
ERR2061619.9276177 7001289F:103:C9WFLANXX:4:2113:8570:10221/1	R1	+	-	+	-	0.863636	0.863636
ERR2061619.9276179 7001289F:109:CB97UANXX:1:1311:7469:91464/1	R1	-	+	-	+	0.000000	0.000000
ERR2061619.9276180 7001289F:109:CB97UANXX:1:1101:14950:89860/1	R1	-	+	-	+	0.166667	0.166667
ERR2061619.9276183 7001289F:109:CB97UANXX:1:1115:1627:31349/1	R1	-	+	-	+	0.000000	0.000000
ERR2061619.9352941 7001289F:109:CB97UANXX:1:1116:5444:73644/1	R1	-	+	-	+	0.000000	0.000000
ERR2061619.9433660 7001289F:109:CB97UANXX:1:2312:3871:71595/1	R1	-	+	-	+	0.000000	0.000000
ERR2061619.10027552 7001289F:103:C9WFLANXX:4:1312:11481:8057/1	R1	+	-	+	-	0.446429	0.446429
ERR2061619.10107827 7001289F:103:C9WFLANXX:3:2108:7703:41835/1	R1	-	+	-	+	0.000000	0.000000
ERR2061619.10188515 7001289F:109:CB97UANXX:1:1201:8280:61902/1	R1	+	-	+	-	0.302752	0.302752
ERR2061619.10244536 7001289F:109:CB97UANXX:1:2311:21227:46728/1	R1	+	-	+	-	0.446429	0.446429
ERR2061619.10406632 7001289F:103:C9WFLANXX:4:1101:15279:40512/1	R1	+	-	+	-	0.657895	0.657895
ERR2061619.10763237 7001289F:103:C9WFLANXX:3:1313:4058:37265/1	R1	+	-	+	-	0.863636	0.863636
ERR2061619.10763239 7001289F:103:C9WFLANXX:4:2305:1568:75445/1	R1	+	-	+	-	0.885714	0.885714
ERR2061619.11599933 7001289F:103:C9WFLANXX:4:2108:12139:78007/1	R1	+	-	+	-	0.457944	0.457944
ERR2061619.11659976 7001289F:109:CB97UANXX:1:2310:6609:12720/1	R1	-	+	-	+	0.000000	0.000000
ERR2061619.11932746 7001289F:109:CB97UANXX:1:1114:18828:84522/1	R1	+	-	+	-	0.000000	0.000000
ERR2061619.12441110 7001289F:103:C9WFLANXX:4:2101:17576:82882/1	R1	-	+	-	+	0.000000	0.000000
ERR2061619.12678457 7001289F:109:CB97UANXX:1:2204:18639:91345/1	R1	+	-	+	-	0.457944	0.457944
ERR2061619.12700365 7001289F:109:CB97UANXX:1:1105:15616:90960/1	R1	+	-	+	-	0.830508	0.830508
ERR2061619.13105756 7001289F:109:CB97UANXX:1:2312:10281:91071/1	R1	-	+	-	+	0.363636	0.363636
ERR2061619.13236118 7001289F:109:CB97UANXX:1:1308:4869:25313/1	R1	-	+	-	+	0.000000	0.000000
ERR2061619.13236121 7001289F:109:CB97UANXX:1:2102:11002:42429/1	R1	+	-	+	-	0.000000	0.000000
ERR2061619.13236124 7001289F:103:C9WFLANXX:4:2206:4705:43231/1	R1	+	-	+	-	0.491071	0.491071
ERR2061619.13236132 7001289F:103:C9WFLANXX:4:2207:11589:51886/1	R1	+	-	+	-	0.446429	0.446429
ERR2061619.13236133 7001289F:103:C9WFLANXX:4:1214:4975:68397/1	R1	+	-	+	-	0.365385	0.365385
ERR2061619.13236134 7001289F:109:CB97UANXX:1:1310:1534:41775/1	R1	+	-	+	-	0.446429	0.446429
ERR2061619.13236139 7001289F:109:CB97UANXX:1:1206:16361:60864/1	R1	+	-	+	-	0.471698	0.471698
ERR2061619.13236140 7001289F:103:C9WFLANXX:3:2101:13066:95981/1	R1	+	-	+	-	0.000000	0.000000
ERR2061619.13236143 7001289F:103:C9WFLANXX:4:2316:8169:70497/1	R1	+	-	+	-	0.000000	0.000000
ERR2061619.13236150 7001289F:109:CB97UANXX:1:2307:15516:45793/1	R1	+	-	+	-	0.000000	0.000000
ERR2061619.13236154 7001289F:103:C9WFLANXX:4:2309:18623:31861/1	R1	+	-	+	-	0.471698	0.471698
ERR2061619.13236157 7001289F:109:CB97UANXX:1:2102:11959:47537/1	R1	+	-	+	-	0.446429	0.446429
ERR2061619.13236158 7001289F:109:CB97UANXX:1:1203:6147:44136/1	R1	-	+	-	+	0.103448	0.103448
ERR2061619.13236160 7001289F:103:C9WFLANXX:3:2308:15303:99220/1	R1	+	-	+	-	0.345455	0.345455
ERR2061619.13236164 7001289F:103:C9WFLANXX:4:2208:20848:93723/1	R1	+	-	+	-	0.302752	0.302752
ERR2061619.13236166 7001289F:103:C9WFLANXX:4:1110:2823:20420/1	R1	+	-	+	-	0.345455	0.345455
ERR2061619.13236167 7001289F:109:CB97UANXX:1:1104:1761:62182/1	R1	+	-	+	-	0.475000	0.475000
ERR2061619.13236168 7001289F:109:CB97UANXX:1:2116:2675:94345/1	R1	+	-	+	-	0.345455	0.345455
ERR2061619.13236170 7001289F:109:CB97UANXX:1:1104:5851:98663/1	R1	-	+	-	+	0.000000	0.000000
ERR2061619.13236171 7001289F:109:CB97UANXX:1:2216:5638:68371/1	R1	+	-	+	-	0.000000	0.000000
ERR2061619.13236172 7001289F:103:C9WFLANXX:4:2108:2418:72663/1	R1	+	-	+	-	0.302752	0.302752
ERR2061619.13236173 7001289F:109:CB97UANXX:1:2215:11501:27660/1	R1	+	-	+	-	0.302752	0.302752
ERR2061619.13236174 7001289F:103:C9WFLANXX:3:2208:1651:17756/1	R1	+	-	+	-	0.340206	0.340206
ERR2061619.13236177 7001289F:109:CB97UANXX:1:2304:2782:6101/1	R1	+	-	+	-	0.482143	0.482143
ERR2061619.13236178 7001289F:109:CB97UANXX:1:1115:18042:97705/1	R1	+	-	+	-	0.000000	0.000000
ERR2061619.13236181 7001289F:103:C9WFLANXX:3:2107:13805:42674/1	R1	-	+	-	+	0.000000	0.000000
ERR2061619.13236185 7001289F:109:CB97UANXX:1:2111:3062:24085/1	R1	+	-	+	-	0.448980	0.448980
ERR2061619.13236186 7001289F:109:CB97UANXX:1:1212:9403:89899/1	R1	+	-	+	-	0.612903	0.612903
ERR2061619.13236187 7001289F:103:C9WFLANXX:3:2112:19777:13155/1	R1	+	-	+	-	0.000000	0.000000
ERR2061619.13236189 7001289F:103:C9WFLANXX:3:1102:8081:63868/1	R1	-	+	-	+	0.000000	0.000000
ERR2061619.13236193 7001289F:109:CB97UANXX:1:2309:20169:30319/1	R1	+	-	+	-	0.362637	0.362637
ERR2061619.13236198 7001289F:103:C9WFLANXX:3:2116:10903:2344/1	R1	-	+	-	+	0.000000	0.000000
ERR2061619.13236200 7001289F:103:C9WFLANXX:4:2311:15998:85169/1	R1	-	+	-	+	0.000000	0.000000
ERR2061619.13236202 7001289F:103:C9WFLANXX:4:2305:11498:75810/1	R1	+	-	+	-	0.000000	0.000000
ERR2061619.13236210 7001289F:109:CB97UANXX:1:2108:3009:28526/1	R1	+	-	+	-	0.000000	0.000000
ERR2061619.13236212 7001289F:109:CB97UANXX:1:2106:13582:54854/1	R1	-	+	-	+	0.638554	0.638554
ERR2061619.13236213 7001289F:103:C9WFLANXX:3:2201:10647:94568/1	R1	+	-	+	-	0.500000	0.500000
ERR2061619.13236247 7001289F:109:CB97UANXX:1:2302:2161:31520/1	R1	-	+	-	+	0.000000	0.000000
ERR2061619.13236250 7001289F:109:CB97UANXX:1:1213:17982:73161/1	R1	-	+	-	+	0.000000	0.000000
ERR2061619.13236252 7001289F:103:C9WFLANXX:3:2106:8033:91253/1	R1	+	-	+	-	0.500000	0.500000
ERR2061619.13236258 7001289F:109:CB97UANXX:1:1308:18661:2534/1	R1	-	+	-	+	0.255814	0.255814
ERR2061619.13236261 7001289F:109:CB97UANXX:1:2305:15852:87036/1	R1	-	+	-	+	0.000000	0.000000
ERR2061619.13236263 7001289F:109:CB97UANXX:1:1111:3735:82412/1	R1	-	+	-	+	0.400000	0.400000
ERR2061619.13236264 7001289F:103:C9WFLANXX:4:1101:10480:76888/1	R1	+	-	+	-	0.000000	0.000000
ERR2061619.13236270 7001289F:109:CB97UANXX:1:1105:10937:45244/1	R1	+	-	+	-	0.485149	0.485149
ERR2061619.13236271 7001289F:109:CB97UANXX:1:2115:16384:7630/1	R1	+	-	+	-	0.523364	0.523364
ERR2061619.13236277 7001289F:109:CB97UANXX:1:1203:7275:22048/1	R1	+	-	+	-	0.457944	0.457944
ERR2061619.13236278 7001289F:103:C9WFLANXX:3:1105:10147:57189/1	R1	+	-	+	-	0.471698	0.471698
ERR2061619.13236281 7001289F:103:C9WFLANXX:4:2302:6153:54284/1	R1	+	-	+	-	0.446429	0.446429
ERR2061619.13236283 7001289F:103:C9WFLANXX:4:1106:7157:22129/1	R1	+	-	+	-	0.471698	0.471698
ERR2061619.13236290 7001289F:109:CB97UANXX:1:1211:19860:85526/1	R1	+	-	+	-	0.471698	0.471698
ERR2061619.13236292 7001289F:109:CB97UANXX:1:2104:2943:53645/1	R1	+	-	+	-	0.000000	0.000000
ERR2061619.13236293 7001289F:109:CB97UANXX:1:1304:3677:17635/1	R1	+	-	+	-	0.000000	0.000000
ERR2061619.13236295 7001289F:103:C9WFLANXX:3:2214:4093:84798/1	R1	+	-	+	-	0.345455	0.345455
ERR2061619.13236297 7001289F:103:C9WFLANXX:3:1215:14708:97525/1	R1	+	-	+	-	0.345455	0.345455
ERR2061619.13236298 7001289F:103:C9WFLANXX:4:2314:8102:56132/1	R1	+	-	+	-	0.345455	0.345455
ERR2061619.13236299 7001289F:103:C9WFLANXX:4:2114:15662:3968/1	R1	+	-	+	-	0.345455	0.345455
ERR2061619.13236302 7001289F:109:CB97UANXX:1:2110:4331:67353/1	R1	+	-	+	-	0.365385	0.365385
ERR2061619.13236304 7001289F:109:CB97UANXX:1:1204:11328:74266/1	R1	+	-	+	-	0.381818	0.381818
ERR2061619.13236308 7001289F:103:C9WFLANXX:3:2109:10453:69523/1	R1	-	+	-	+	0.000000	0.000000
ERR2061619.13236310 7001289F:103:C9WFLANXX:3:1310:2759:71912/1	R1	+	-	+	-	0.673469	0.673469
ERR2061619.13236313 7001289F:109:CB97UANXX:1:2215:17975:89023/1	R1	+	-	+	-	0.302752	0.302752
ERR2061619.13236315 7001289F:109:CB97UANXX:1:2202:16467:9505/1	R1	+	-	+	-	0.302752	0.302752
ERR2061619.13236316 7001289F:109:CB97UANXX:1:2204:3306:14317/1	R1	-	+	-	+	0.000000	0.000000
ERR2061619.13236318 7001289F:103:C9WFLANXX:3:1105:6735:3116/1	R1	+	-	+	-	0.000000	0.000000
ERR2061619.13236319 7001289F:103:C9WFLANXX:4:2309:5926:65817/1	R1	-	+	-	+	0.000000	0.000000
ERR2061619.13236320 7001289F:109:CB97UANXX:1:2207:9758:52888/1	R1	+	-	+	-	0.000000	0.000000
ERR2061619.13236321 7001289F:109:CB97UANXX:1:1116:14752:67400/1	R1	-	+	-	+	0.000000	0.000000
ERR2061619.13236322 7001289F:103:C9WFLANXX:3:1207:15350:97826/1	R1	+	-	+	-	0.550562	0.550562
ERR2061619.13236325 7001289F:103:C9WFLANXX:4:1305:1637:38051/1	R1	+	-	+	-	0.471698	0.471698
ERR2061619.13236332 7001289F:103:C9WFLANXX:3:1213:3687:80562/1	R1	+	-	+	-	0.558824	0.558824
ERR2061619.13236334 7001289F:109:CB97UANXX:1:2209:15537:78281/1	R1	+	-	+	-	0.673469	0.673469
ERR2061619.13236339 7001289F:103:C9WFLANXX:3:1307:6458:81939/1	R1	+	-	+	-	0.513514	0.513514
ERR2061619.13236347 7001289F:103:C9WFLANXX:4:1113:15877:63638/1	R1	-	+	-	+	0.000000	0.000000
ERR2061619.13236348 7001289F:109:CB97UANXX:1:1312:1933:38435/1	R1	-	+	-	+	0.000000	0.000000
ERR2061619.13236351 7001289F:109:CB97UANXX:1:2215:11072:68014/1	R1	-	+	-	+	0.000000	0.000000
ERR2061619.13236352 7001289F:103:C9WFLANXX:3:2109:16923:9333/1	R1	-	+	-	+	0.000000	0.000000
ERR2061619.13236353 7001289F:103:C9WFLANXX:3:1303:4892:49162/1	R1	+	-	+	-	0.365385	0.365385
ERR2061619.13236357 7001289F:109:CB97UANXX:1:1214:16349:90033/1	R1	+	-	+	-	0.560000	0.560000
ERR2061619.13236358 7001289F:109:CB97UANXX:1:1303:13505:74531/1	R1	+	-	+	-	0.345455	0.345455
ERR2061619.13236359 7001289F:109:CB97UANXX:1:1108:16298:33201/1	R1	-	+	-	+	0.110000	0.110000
ERR2061619.13236360 7001289F:109:CB97UANXX:1:2105:15162:61131/1	R1	-	+	-	+	0.000000	0.000000
ERR2061619.13236363 7001289F:109:CB97UANXX:1:2103:13581:13983/1	R1	+	-	+	-	0.402062	0.402062
ERR2061619.13236366 7001289F:103:C9WFLANXX:4:1311:5141:27466/1	R1	+	-	+	-	0.531915	0.531915
ERR2061619.13236367 7001289F:109:CB97UANXX:1:1310:1844:69109/1	R1	+	-	+	-	0.609756	0.609756
ERR2061619.13236368 7001289F:103:C9WFLANXX:4:2212:8102:85620/1	R1	-	+	-	+	0.000000	0.000000
ERR2061619.13236370 7001289F:109:CB97UANXX:1:1103:6527:51763/1	R1	+	-	+	-	0.558824	0.558824
ERR2061619.13236371 7001289F:103:C9WFLANXX:4:1312:2102:85533/1	R1	+	-	+	-	0.000000	0.000000
ERR2061619.13236372 7001289F:103:C9WFLANXX:4:1116:19040:8816/1	R1	+	-	+	-	0.000000	0.000000
ERR2061619.13236373 7001289F:109:CB97UANXX:1:2213:12211:10657/1	R1	+	-	+	-	0.590361	0.590361
ERR2061619.13236375 7001289F:109:CB97UANXX:1:1307:7436:65150/1	R1	-	+	-	+	0.000000	0.000000
ERR2061619.13236377 7001289F:109:CB97UANXX:1:2103:10244:20412/1	R1	+	-	+	-	0.625000	0.625000
ERR2061619.13236379 7001289F:103:C9WFLANXX:4:1313:15834:23685/1	R1	+	-	+	-	0.788235	0.788235
ERR2061619.13236383 7001289F:109:CB97UANXX:1:1102:7756:90491/1	R1	-	+	-	+	0.000000	0.000000
ERR2061619.13236385 7001289F:109:CB97UANXX:1:2309:9005:36272/1	R1	+	-	+	-	0.365385	0.365385
ERR2061619.13236386 7001289F:103:C9WFLANXX:4:1309:5162:23494/1	R1	+	-	+	-	0.781250	0.781250
ERR2061619.13236387 7001289F:109:CB97UANXX:1:1210:4897:37836/1	R1	+	-	+	-	0.714286	0.714286
ERR2061619.13236390 7001289F:109:CB97UANXX:1:2306:1926:43231/1	R1	-	+	-	+	0.000000	0.000000
ERR2061619.13236392 7001289F:103:C9WFLANXX:3:1302:18313:79227/1	R1	+	-	+	-	0.492537	0.492537
ERR2061619.13236393 7001289F:109:CB97UANXX:1:2101:6572:5972/1	R1	+	-	+	-	0.000000	0.000000
ERR2061619.13236394 7001289F:103:C9WFLANXX:3:1203:8287:39884/1	R1	+	-	+	-	0.781250	0.781250
ERR2061619.13236397 7001289F:103:C9WFLANXX:4:2116:16573:78374/1	R1	+	-	+	-	0.446429	0.446429
ERR2061619.13236398 7001289F:109:CB97UANXX:1:2312:12689:7126/1	R1	+	-	+	-	0.302752	0.302752
ERR2061619.13236399 7001289F:109:CB97UANXX:1:1212:16544:55473/1	R1	-	+	-	+	0.000000	0.000000
ERR2061619.13236401 7001289F:109:CB97UANXX:1:2314:4886:23999/1	R1	+	-	+	-	0.767442	0.767442
ERR2061619.13236402 7001289F:109:CB97UANXX:1:1109:5146:26855/1	R1	+	-	+	-	0.678571	0.678571
ERR2061619.13236403 7001289F:109:CB97UANXX:1:2106:20651:31173/1	R1	+	-	+	-	0.600000	0.600000
ERR2061619.13236404 7001289F:109:CB97UANXX:1:1213:15956:72740/1	R1	+	-	+	-	0.600000	0.600000
ERR2061619.13236405 7001289F:103:C9WFLANXX:4:1216:13397:22057/1	R1	-	+	-	+	0.000000	0.000000
ERR2061619.13236406 7001289F:109:CB97UANXX:1:1313:9308:65509/1	R1	+	-	+	-	0.000000	0.000000
ERR2061619.13236407 7001289F:109:CB97UANXX:1:2307:18463:9445/1	R1	-	+	-	+	0.000000	0.000000
ERR2061619.13236409 7001289F:109:CB97UANXX:1:1316:8000:25936/1	R1	-	+	-	+	0.000000	0.000000
ERR2061619.13236410 7001289F:109:CB97UANXX:1:2213:15567:62852/1	R1	+	-	+	-	0.760000	0.760000
ERR2061619.13236412 7001289F:109:CB97UANXX:1:2215:18814:35367/1	R1	-	+	-	+	0.000000	0.000000
ERR2061619.13236413 7001289F:109:CB97UANXX:1:2301:18206:94432/1	R1	+	-	+	-	0.760000	0.760000
ERR2061619.13236415 7001289F:103:C9WFLANXX:4:1304:6326:9868/1	R1	-	+	-	+	0.000000	0.000000
ERR2061619.13236416 7001289F:109:CB97UANXX:1:2106:14556:48253/1	R1	+	-	+	-	0.558824	0.558824
ERR2061619.13236417 7001289F:109:CB97UANXX:1:1216:15750:24805/1	R1	+	-	+	-	0.000000	0.000000
ERR2061619.13236418 7001289F:109:CB97UANXX:1:2207:1379:20355/1	R1	-	+	-	+	0.000000	0.000000
ERR2061619.13236420 7001289F:109:CB97UANXX:1:1212:17592:13638/1	R1	+	-	+	-	0.000000	0.000000
ERR2061619.13236422 7001289F:103:C9WFLANXX:4:2107:20735:26863/1	R1	-	+	-	+	0.000000	0.000000
ERR2061619.13236423 7001289F:103:C9WFLANXX:3:1210:11165:74615/1	R1	-	+	-	+	0.000000	0.000000
ERR2061619.13552875 7001289F:109:CB97UANXX:1:1303:10880:69167/1	R1	+	-	+	-	0.400000	0.400000
ERR2061619.13600629 7001289F:109:CB97UANXX:1:1214:11597:54404/1	R1	+	-	+	-	0.302752	0.302752
ERR2061619.14604706 7001289F:103:C9WFLANXX:4:1314:14950:81169/1	R1	-	+	-	+	0.032000	0.032000
ERR2061619.14679037 7001289F:109:CB97UANXX:1:1112:15002:57636/1	R1	-	+	-	+	0.279070	0.279070
ERR2061619.15155939 7001289F:109:CB97UANXX:1:1107:1326:5941/1	R1	-	+	-	+	0.000000	0.000000
ERR2061619.15401530 7001289F:103:C9WFLANXX:4:1215:6110:4501/1	R1	-	+	-	+	0.631579	0.631579
ERR2061619.15510219 7001289F:109:CB97UANXX:1:1312:3964:4885/1	R1	-	+	-	+	0.000000	0.000000
ERR2061619.15690977 7001289F:103:C9WFLANXX:3:2201:14505:82189/1	R1	+	-	+	-	0.600000	0.600000
ERR2061619.16194171 7001289F:103:C9WFLANXX:3:1102:20052:90774/1	R1	-	+	-	+	0.210526	0.210526
ERR2061619.16216441 7001289F:103:C9WFLANXX:4:1207:12272:40101/1	R1	+	-	+	-	0.345455	0.345455
ERR2061619.16691706 7001289F:103:C9WFLANXX:3:2109:7572:65489/1	R1	-	+	-	+	0.631579	0.631579
ERR2061619.16798208 7001289F:109:CB97UANXX:1:2208:12457:18241/1	R1	-	+	-	+	0.000000	0.000000
ERR2061619.16875306 7001289F:103:C9WFLANXX:3:2209:17169:67982/1	R1	+	-	+	-	0.320388	0.320388
ERR2061619.16875307 7001289F:103:C9WFLANXX:3:2116:15084:67733/1	R1	+	-	+	-	0.783019	0.783019
ERR2061619.16875309 7001289F:103:C9WFLANXX:3:1205:19497:75444/1	R1	+	-	+	-	0.558824	0.558824
ERR2061619.16875310 7001289F:103:C9WFLANXX:4:2105:3255:19303/1	R1	+	-	+	-	0.387755	0.387755
ERR2061619.16875311 7001289F:109:CB97UANXX:1:2207:8328:46284/1	R1	+	-	+	-	0.560000	0.560000
ERR2061619.16875313 7001289F:109:CB97UANXX:1:2309:8022:81723/1	R1	+	-	+	-	0.609756	0.609756
ERR2061619.16875317 7001289F:109:CB97UANXX:1:2202:21098:22587/1	R1	+	-	+	-	0.000000	0.000000
ERR2061619.16875318 7001289F:109:CB97UANXX:1:1304:10415:53417/1	R1	+	-	+	-	0.433628	0.433628
ERR2061619.16875320 7001289F:103:C9WFLANXX:3:2211:9050:94943/1	R1	+	-	+	-	0.457944	0.457944
ERR2061619.16875321 7001289F:103:C9WFLANXX:3:1301:13846:96246/1	R1	+	-	+	-	0.457944	0.457944
ERR2061619.16875322 7001289F:103:C9WFLANXX:4:2202:2540:14182/1	R1	+	-	+	-	0.000000	0.000000
ERR2061619.16875328 7001289F:103:C9WFLANXX:4:1303:12559:8930/1	R1	+	-	+	-	0.000000	0.000000
ERR2061619.16875334 7001289F:103:C9WFLANXX:3:1302:3180:94290/1	R1	+	-	+	-	0.000000	0.000000
ERR2061619.16875335 7001289F:103:C9WFLANXX:4:2315:17509:37688/1	R1	+	-	+	-	0.446429	0.446429
ERR2061619.16875340 7001289F:103:C9WFLANXX:4:2306:14033:55521/1	R1	+	-	+	-	0.345455	0.345455
ERR2061619.16875341 7001289F:103:C9WFLANXX:4:2313:9346:66343/1	R1	+	-	+	-	0.463918	0.463918
ERR2061619.16875343 7001289F:103:C9WFLANXX:4:2202:19165:97547/1	R1	+	-	+	-	0.345455	0.345455
ERR2061619.16875347 7001289F:109:CB97UANXX:1:1107:7349:44774/1	R1	+	-	+	-	0.047619	0.047619
ERR2061619.16875348 7001289F:109:CB97UANXX:1:2209:19101:44638/1	R1	+	-	+	-	0.000000	0.000000
ERR2061619.16875351 7001289F:109:CB97UANXX:1:1209:8453:93420/1	R1	+	-	+	-	0.302752	0.302752
ERR2061619.16875353 7001289F:109:CB97UANXX:1:2303:5719:80364/1	R1	+	-	+	-	0.345455	0.345455
ERR2061619.16875356 7001289F:109:CB97UANXX:1:1112:17047:64359/1	R1	+	-	+	-	0.000000	0.000000
ERR2061619.16875359 7001289F:103:C9WFLANXX:4:2214:11459:20631/1	R1	+	-	+	-	0.446429	0.446429
ERR2061619.16875362 7001289F:109:CB97UANXX:1:1107:8017:25533/1	R1	+	-	+	-	0.471698	0.471698
ERR2061619.16875364 7001289F:109:CB97UANXX:1:2302:12982:11438/1	R1	+	-	+	-	0.446429	0.446429
ERR2061619.16875367 7001289F:103:C9WFLANXX:4:2316:14884:19045/1	R1	-	+	-	+	0.214286	0.214286
ERR2061619.16875370 7001289F:109:CB97UANXX:1:1316:10079:93037/1	R1	-	+	-	+	0.000000	0.000000
ERR2061619.16875371 7001289F:103:C9WFLANXX:4:1206:4398:57248/1	R1	-	+	-	+	0.000000	0.000000
ERR2061619.16875372 7001289F:103:C9WFLANXX:3:2203:15607:11916/1	R1	-	+	-	+	0.000000	0.000000
ERR2061619.16875373 7001289F:103:C9WFLANXX:3:1116:19534:50424/1	R1	-	+	-	+	0.000000	0.000000
ERR2061619.16875375 7001289F:109:CB97UANXX:1:2207:8532:28983/1	R1	+	-	+	-	0.000000	0.000000
ERR2061619.16875380 7001289F:109:CB97UANXX:1:2213:18589:70036/1	R1	+	-	+	-	0.924528	0.924528
ERR2061619.16875381 7001289F:109:CB97UANXX:1:2210:8536:35266/1	R1	-	+	-	+	0.000000	0.000000
ERR2061619.16875382 7001289F:103:C9WFLANXX:4:2104:15657:31016/1	R1	-	+	-	+	0.000000	0.000000
ERR2061619.16875385 7001289F:103:C9WFLANXX:4:1214:18938:84889/1	R1	+	-	+	-	0.714286	0.714286
ERR2061619.16875387 7001289F:109:CB97UANXX:1:1205:1766:3348/1	R1	+	-	+	-	0.446429	0.446429
ERR2061619.16875388 7001289F:109:CB97UANXX:1:1312:20264:63777/1	R1	+	-	+	-	0.000000	0.000000
ERR2061619.16875391 7001289F:109:CB97UANXX:1:1210:17144:82857/1	R1	-	+	-	+	0.000000	0.000000
ERR2061619.16875408 7001289F:103:C9WFLANXX:4:1207:18103:75207/1	R1	+	-	+	-	0.863636	0.863636
ERR2061619.16875418 7001289F:103:C9WFLANXX:4:1205:6352:71800/1	R1	+	-	+	-	0.345455	0.345455
ERR2061619.16875423 7001289F:103:C9WFLANXX:4:1208:20326:56267/1	R1	-	+	-	+	0.000000	0.000000
ERR2061619.16875424 7001289F:109:CB97UANXX:1:1210:19064:66682/1	R1	-	+	-	+	0.000000	0.000000
ERR2061619.16875427 7001289F:109:CB97UANXX:1:2107:7254:39930/1	R1	+	-	+	-	0.454545	0.454545
ERR2061619.16875428 7001289F:109:CB97UANXX:1:1201:9501:9387/1	R1	+	-	+	-	0.446429	0.446429
ERR2061619.16875429 7001289F:109:CB97UANXX:1:2212:10194:82590/1	R1	+	-	+	-	0.340206	0.340206
ERR2061619.16875430 7001289F:103:C9WFLANXX:4:2313:18248:72773/1	R1	-	+	-	+	0.000000	0.000000
ERR2061619.16875431 7001289F:109:CB97UANXX:1:2112:18326:66044/1	R1	-	+	-	+	0.472973	0.472973
ERR2061619.16875433 7001289F:103:C9WFLANXX:4:2212:11827:30027/1	R1	-	+	-	+	0.600000	0.600000
ERR2061619.16875435 7001289F:109:CB97UANXX:1:1209:6248:47593/1	R1	+	-	+	-	0.891892	0.891892
ERR2061619.16875436 7001289F:103:C9WFLANXX:3:2109:9475:71557/1	R1	-	+	-	+	0.066116	0.066116
ERR2061619.16875437 7001289F:109:CB97UANXX:1:2203:15541:15037/1	R1	-	+	-	+	0.000000	0.000000
ERR2061619.16875440 7001289F:109:CB97UANXX:1:2311:17157:98619/1	R1	-	+	-	+	0.400000	0.400000
ERR2061619.16875441 7001289F:109:CB97UANXX:1:2108:6206:70434/1	R1	+	-	+	-	0.781250	0.781250
ERR2061619.16875443 7001289F:109:CB97UANXX:1:2216:20612:34930/1	R1	+	-	+	-	0.844660	0.844660
ERR2061619.16875445 7001289F:103:C9WFLANXX:3:1306:16467:10961/1	R1	-	+	-	+	0.072727	0.072727
ERR2061619.16875448 7001289F:103:C9WFLANXX:3:1212:10574:32919/1	R1	+	-	+	-	0.000000	0.000000
ERR2061619.16875449 7001289F:103:C9WFLANXX:3:2203:18505:10188/1	R1	-	+	-	+	0.241379	0.241379
ERR2061619.16875452 7001289F:103:C9WFLANXX:3:2203:6976:82344/1	R1	+	-	+	-	0.000000	0.000000
ERR2061619.16875453 7001289F:103:C9WFLANXX:3:2310:11610:64213/1	R1	+	-	+	-	0.785714	0.785714
ERR2061619.16875462 7001289F:103:C9WFLANXX:3:2201:19089:19038/1	R1	+	-	+	-	0.345455	0.345455
ERR2061619.16875464 7001289F:103:C9WFLANXX:4:1208:11276:91880/1	R1	+	-	+	-	0.345455	0.345455
ERR2061619.16875467 7001289F:109:CB97UANXX:1:2215:16470:78144/1	R1	+	-	+	-	0.400000	0.400000
ERR2061619.16875472 7001289F:103:C9WFLANXX:4:1304:10160:55768/1	R1	+	-	+	-	0.345455	0.345455
ERR2061619.16875474 7001289F:103:C9WFLANXX:3:1102:11383:87594/1	R1	+	-	+	-	0.339450	0.339450
ERR2061619.16875475 7001289F:103:C9WFLANXX:3:1202:6321:53780/1	R1	+	-	+	-	0.302752	0.302752
ERR2061619.16875477 7001289F:103:C9WFLANXX:4:1208:9190:71127/1	R1	+	-	+	-	0.302752	0.302752
ERR2061619.16875480 7001289F:103:C9WFLANXX:4:2204:20538:41996/1	R1	-	+	-	+	0.000000	0.000000
ERR2061619.16875481 7001289F:103:C9WFLANXX:3:2207:12227:96613/1	R1	+	-	+	-	0.000000	0.000000
ERR2061619.16875482 7001289F:103:C9WFLANXX:3:2106:13224:7854/1	R1	+	-	+	-	0.000000	0.000000
ERR2061619.16875483 7001289F:103:C9WFLANXX:4:2112:21094:67853/1	R1	+	-	+	-	0.000000	0.000000
ERR2061619.16875484 7001289F:103:C9WFLANXX:4:1214:11108:38968/1	R1	+	-	+	-	0.000000	0.000000
ERR2061619.16875485 7001289F:109:CB97UANXX:1:1101:11948:93735/1	R1	+	-	+	-	0.000000	0.000000
ERR2061619.16875488 7001289F:109:CB97UANXX:1:2108:9799:10597/1	R1	-	+	-	+	0.126214	0.126214
ERR2061619.16875489 7001289F:103:C9WFLANXX:3:1212:12576:7005/1	R1	+	-	+	-	0.000000	0.000000
ERR2061619.16875490 7001289F:103:C9WFLANXX:3:2315:2125:94311/1	R1	+	-	+	-	0.457944	0.457944
ERR2061619.16875492 7001289F:103:C9WFLANXX:3:2115:6844:68296/1	R1	+	-	+	-	0.636364	0.636364
ERR2061619.16875498 7001289F:109:CB97UANXX:1:2301:13323:45958/1	R1	+	-	+	-	0.457944	0.457944
ERR2061619.16875501 7001289F:103:C9WFLANXX:3:2313:16520:19666/1	R1	+	-	+	-	0.471698	0.471698
ERR2061619.16875502 7001289F:103:C9WFLANXX:3:2203:10109:37744/1	R1	+	-	+	-	0.509434	0.509434
ERR2061619.16875509 7001289F:109:CB97UANXX:1:2109:12664:38676/1	R1	+	-	+	-	0.850467	0.850467
ERR2061619.16875510 7001289F:103:C9WFLANXX:4:2304:14345:64732/1	R1	+	-	+	-	0.345455	0.345455
ERR2061619.16875511 7001289F:109:CB97UANXX:1:2101:8133:61898/1	R1	+	-	+	-	0.345455	0.345455
ERR2061619.16875514 7001289F:103:C9WFLANXX:4:1115:12689:50388/1	R1	+	-	+	-	0.000000	0.000000
ERR2061619.16875516 7001289F:109:CB97UANXX:1:1112:8323:54043/1	R1	+	-	+	-	0.568182	0.568182
ERR2061619.16875517 7001289F:109:CB97UANXX:1:2212:7039:19827/1	R1	-	+	-	+	0.000000	0.000000
ERR2061619.16875520 7001289F:109:CB97UANXX:1:2314:20649:40647/1	R1	-	+	-	+	0.198198	0.198198
ERR2061619.16875522 7001289F:109:CB97UANXX:1:2205:17739:2952/1	R1	+	-	+	-	0.446429	0.446429
ERR2061619.16875523 7001289F:103:C9WFLANXX:3:1303:12218:95489/1	R1	-	+	-	+	0.950000	0.950000
ERR2061619.16875526 7001289F:109:CB97UANXX:1:1209:2340:96536/1	R1	+	-	+	-	0.000000	0.000000
ERR2061619.16875527 7001289F:109:CB97UANXX:1:2110:12234:62207/1	R1	+	-	+	-	0.000000	0.000000
ERR2061619.16875528 7001289F:109:CB97UANXX:1:2314:11528:61884/1	R1	-	+	-	+	0.083333	0.083333
ERR2061619.16875533 7001289F:109:CB97UANXX:1:2313:9275:72713/1	R1	+	-	+	-	0.735294	0.735294
ERR2061619.16875535 7001289F:109:CB97UANXX:1:2110:16504:6010/1	R1	-	+	-	+	0.000000	0.000000
ERR2061619.16875538 7001289F:109:CB97UANXX:1:2107:20023:76872/1	R1	-	+	-	+	0.000000	0.000000
ERR2061619.16875540 7001289F:103:C9WFLANXX:4:1302:8463:43877/1	R1	-	+	-	+	0.000000	0.000000
ERR2061619.16875545 7001289F:103:C9WFLANXX:3:2202:6896:100572/1	R1	+	-	+	-	0.540984	0.540984
ERR2061619.16875546 7001289F:103:C9WFLANXX:4:1210:1758:88274/1	R1	-	+	-	+	0.106061	0.106061
ERR2061619.16875548 7001289F:109:CB97UANXX:1:2113:17405:79464/1	R1	-	+	-	+	0.000000	0.000000
ERR2061619.16875549 7001289F:109:CB97UANXX:1:1202:1559:87657/1	R1	-	+	-	+	0.000000	0.000000
ERR2061619.16875551 7001289F:109:CB97UANXX:1:2315:3403:41933/1	R1	+	-	+	-	0.492537	0.492537
ERR2061619.16875554 7001289F:109:CB97UANXX:1:1114:19380:63636/1	R1	+	-	+	-	0.362637	0.362637
ERR2061619.16875556 7001289F:109:CB97UANXX:1:2313:6960:30686/1	R1	-	+	-	+	0.000000	0.000000
ERR2061619.16875557 7001289F:109:CB97UANXX:1:2212:4286:42792/1	R1	-	+	-	+	0.000000	0.000000
ERR2061619.16875559 7001289F:103:C9WFLANXX:3:1311:8661:79279/1	R1	-	+	-	+	0.000000	0.000000
ERR2061619.16875561 7001289F:109:CB97UANXX:1:1303:14353:8363/1	R1	+	-	+	-	0.000000	0.000000
ERR2061619.16916737 7001289F:109:CB97UANXX:1:1114:14279:18698/1	R1	+	-	+	-	0.365385	0.365385
ERR2061619.16987804 7001289F:109:CB97UANXX:1:2212:19369:2621/1	R1	+	-	+	-	0.515789	0.515789
ERR2061619.16987831 7001289F:109:CB97UANXX:1:1315:12364:24084/1	R1	+	-	+	-	0.471698	0.471698
ERR2061619.16987919 7001289F:109:CB97UANXX:1:2213:18991:3790/1	R1	+	-	+	-	0.000000	0.000000
ERR2061619.16988389 7001289F:109:CB97UANXX:1:2212:10033:16353/1	R1	-	+	-	+	0.500000	0.500000
ERR2061619.16988442 7001289F:103:C9WFLANXX:3:1305:18927:30158/1	R1	+	-	+	-	0.000000	0.000000
ERR2061619.16988576 7001289F:103:C9WFLANXX:4:1114:7958:96832/1	R1	-	+	-	+	0.764706	0.764706
ERR2061619.16988667 7001289F:109:CB97UANXX:1:2301:11846:79091/1	R1	-	+	-	+	0.480000	0.480000
ERR2061619.16988759 7001289F:109:CB97UANXX:1:2211:17981:7590/1	R1	+	-	+	-	0.362637	0.362637
ERR2061619.16988762 7001289F:109:CB97UANXX:1:2203:3438:83102/1	R1	+	-	+	-	0.767442	0.767442
ERR2061619.16989057 7001289F:103:C9WFLANXX:3:1315:16260:90510/1	R1	+	-	+	-	0.531915	0.531915
ERR2061619.16989157 7001289F:109:CB97UANXX:1:2202:2270:88442/1	R1	+	-	+	-	0.961538	0.961538
ERR2061619.16989177 7001289F:103:C9WFLANXX:4:1314:18731:45533/1	R1	-	+	-	+	0.500000	0.500000
ERR2061619.16989336 7001289F:103:C9WFLANXX:3:2110:14729:31227/1	R1	-	+	-	+	0.342857	0.342857
ERR2061619.16989358 7001289F:109:CB97UANXX:1:2107:20005:16909/1	R1	-	+	-	+	0.366667	0.366667
ERR2061619.16989882 7001289F:109:CB97UANXX:1:2310:8633:86401/1	R1	+	-	+	-	0.441860	0.441860
ERR2061619.16990074 7001289F:103:C9WFLANXX:3:1302:10340:89406/1	R1	-	+	-	+	0.000000	0.000000
ERR2061619.16990080 7001289F:103:C9WFLANXX:3:1306:5149:72507/1	R1	-	+	-	+	0.781250	0.781250
ERR2061619.16990211 7001289F:109:CB97UANXX:1:2113:2229:35746/1	R1	-	+	-	+	0.480000	0.480000
ERR2061619.16990307 7001289F:103:C9WFLANXX:4:2301:9054:96999/1	R1	+	-	+	-	0.302752	0.302752
ERR2061619.16990889 7001289F:109:CB97UANXX:1:2103:17240:80090/1	R1	+	-	+	-	0.471698	0.471698
ERR2061619.16991037 7001289F:103:C9WFLANXX:3:2311:18390:79451/1	R1	+	-	+	-	0.000000	0.000000
ERR2061619.16991042 7001289F:103:C9WFLANXX:3:2204:17584:81712/1	R1	+	-	+	-	0.471698	0.471698
ERR2061619.16991074 7001289F:103:C9WFLANXX:4:1107:17353:8477/1	R1	+	-	+	-	0.457944	0.457944
ERR2061619.16991091 7001289F:109:CB97UANXX:1:2204:3922:89968/1	R1	+	-	+	-	0.471698	0.471698
ERR2061619.16991092 7001289F:109:CB97UANXX:1:2216:11174:23539/1	R1	+	-	+	-	0.320388	0.320388
ERR2061619.16991095 7001289F:109:CB97UANXX:1:2102:11303:81234/1	R1	+	-	+	-	0.000000	0.000000
ERR2061619.16991097 7001289F:109:CB97UANXX:1:2113:12203:72511/1	R1	+	-	+	-	0.620000	0.620000
ERR2061619.16991120 7001289F:109:CB97UANXX:1:1208:1331:67301/1	R1	+	-	+	-	0.000000	0.000000
ERR2061619.16991205 7001289F:103:C9WFLANXX:4:1311:20126:88593/1	R1	-	+	-	+	0.000000	0.000000
ERR2061619.16991220 7001289F:109:CB97UANXX:1:1111:16441:27739/1	R1	+	-	+	-	0.000000	0.000000
ERR2061619.16991223 7001289F:109:CB97UANXX:1:2316:18337:58903/1	R1	-	+	-	+	0.000000	0.000000
ERR2061619.16991646 7001289F:109:CB97UANXX:1:2206:21174:45424/1	R1	+	-	+	-	0.000000	0.000000
ERR2061619.16991666 7001289F:103:C9WFLANXX:4:2201:6355:54456/1	R1	-	+	-	+	0.000000	0.000000
ERR2061619.16991713 7001289F:109:CB97UANXX:1:2109:19575:26772/1	R1	-	+	-	+	0.000000	0.000000
ERR2061619.16991714 7001289F:109:CB97UANXX:1:1214:15473:8362/1	R1	-	+	-	+	0.000000	0.000000
ERR2061619.16991788 7001289F:103:C9WFLANXX:3:2211:6444:68520/1	R1	+	-	+	-	0.320388	0.320388
ERR2061619.16991801 7001289F:109:CB97UANXX:1:1304:20719:55088/1	R1	+	-	+	-	0.441860	0.441860
ERR2061619.16991824 7001289F:109:CB97UANXX:1:1107:13086:94830/1	R1	+	-	+	-	0.873874	0.873874
ERR2061619.16992104 7001289F:109:CB97UANXX:1:1205:18947:2707/1	R1	-	+	-	+	0.194444	0.194444
ERR2061619.16992129 7001289F:103:C9WFLANXX:4:1109:12547:89406/1	R1	-	+	-	+	0.000000	0.000000
ERR2061619.16993130 7001289F:103:C9WFLANXX:4:1215:20699:84893/1	R1	-	+	-	+	0.970588	0.970588
ERR2061619.16993290 7001289F:109:CB97UANXX:1:1307:17923:37221/1	R1	-	+	-	+	0.428571	0.428571
ERR2061619.17018256 7001289F:103:C9WFLANXX:4:1304:9117:77666/1	R1	-	+	-	+	0.333333	0.333333
ERR2061619.17144321 7001289F:109:CB97UANXX:1:2216:1116:69139/1	R1	-	+	-	+	0.000000	0.000000
ERR2061619.17215256 7001289F:103:C9WFLANXX:4:1102:16534:73871/1	R1	-	+	-	+	0.000000	0.000000
ERR2061619.17268360 7001289F:103:C9WFLANXX:4:1311:16379:20862/1	R1	+	-	+	-	0.457944	0.457944
ERR2061619.17299776 7001289F:109:CB97UANXX:1:2207:1498:87401/1	R1	-	+	-	+	0.000000	0.000000
ERR2061619.17568769 7001289F:109:CB97UANXX:1:2212:1389:41652/1	R1	+	-	+	-	0.413462	0.413462
ERR2061619.17644849 7001289F:109:CB97UANXX:1:2116:18975:52239/1	R1	-	+	-	+	0.000000	0.000000
ERR2061619.17763762 7001289F:109:CB97UANXX:1:1210:7194:43002/1	R1	-	+	-	+	0.000000	0.000000
ERR2061619.18247297 7001289F:109:CB97UANXX:1:1216:1158:79637/1	R1	-	+	-	+	0.842105	0.842105
ERR2061619.18378077 7001289F:109:CB97UANXX:1:1107:13333:98141/1	R1	+	-	+	-	0.357798	0.357798
ERR2061619.18519969 7001289F:103:C9WFLANXX:3:1311:3727:35421/1	R1	-	+	-	+	0.000000	0.000000
ERR2061619.18734231 7001289F:103:C9WFLANXX:3:2114:17484:70247/1	R1	+	-	+	-	0.485149	0.485149
ERR2061619.18734383 7001289F:103:C9WFLANXX:3:1316:14629:16636/1	R1	+	-	+	-	0.673469	0.673469
ERR2061619.18734684 7001289F:103:C9WFLANXX:4:2109:15757:43253/1	R1	+	-	+	-	0.345455	0.345455
ERR2061619.18734697 7001289F:103:C9WFLANXX:4:2114:3547:8287/1	R1	+	-	+	-	0.000000	0.000000
ERR2061619.18735423 7001289F:109:CB97UANXX:1:2205:2993:46652/1	R1	+	-	+	-	0.657895	0.657895
ERR2061619.18736002 7001289F:109:CB97UANXX:1:1206:10047:15575/1	R1	+	-	+	-	0.345455	0.345455
ERR2061619.18750130 7001289F:109:CB97UANXX:1:2103:11959:4568/1	R1	+	-	+	-	0.000000	0.000000
ERR2061619.18751275 7001289F:109:CB97UANXX:1:1116:12411:95231/1	R1	+	-	+	-	0.673469	0.673469
ERR2061619.19514954 7001289F:109:CB97UANXX:1:1108:19212:75055/1	R1	+	-	+	-	0.471698	0.471698
ERR2061619.20058032 7001289F:109:CB97UANXX:1:1307:18216:23034/1	R1	-	+	-	+	0.000000	0.000000
ERR2061619.20059290 7001289F:109:CB97UANXX:1:1312:17662:95050/1	R1	+	-	+	-	0.875000	0.875000
ERR2061619.20129784 7001289F:103:C9WFLANXX:3:2109:13220:89139/1	R1	+	-	+	-	0.320388	0.320388
ERR2061619.20129787 7001289F:103:C9WFLANXX:3:1210:8743:16816/1	R1	-	+	-	+	0.000000	0.000000
ERR2061619.20129788 7001289F:103:C9WFLANXX:3:1202:17006:96118/1	R1	-	+	-	+	0.000000	0.000000
ERR2061619.20129789 7001289F:103:C9WFLANXX:3:1110:19972:78696/1	R1	-	+	-	+	0.000000	0.000000
ERR2061619.20129790 7001289F:103:C9WFLANXX:3:1207:5540:53448/1	R1	-	+	-	+	0.000000	0.000000
ERR2061619.20129805 7001289F:103:C9WFLANXX:4:2316:14275:2743/1	R1	+	-	+	-	0.475000	0.475000
ERR2061619.20129807 7001289F:103:C9WFLANXX:4:2215:21160:58028/1	R1	+	-	+	-	0.500000	0.500000
ERR2061619.20129810 7001289F:109:CB97UANXX:1:1108:11007:90481/1	R1	+	-	+	-	0.000000	0.000000
ERR2061619.20129812 7001289F:109:CB97UANXX:1:2202:13525:95215/1	R1	+	-	+	-	0.441860	0.441860
ERR2061619.20129815 7001289F:109:CB97UANXX:1:2107:13675:12158/1	R1	+	-	+	-	0.714286	0.714286
ERR2061619.20129818 7001289F:109:CB97UANXX:1:1214:4996:66484/1	R1	+	-	+	-	0.000000	0.000000
ERR2061619.20129819 7001289F:109:CB97UANXX:1:1214:1554:69148/1	R1	+	-	+	-	0.365385	0.365385
ERR2061619.20129820 7001289F:109:CB97UANXX:1:1207:17622:35465/1	R1	+	-	+	-	0.000000	0.000000
ERR2061619.20129824 7001289F:103:C9WFLANXX:3:1104:4699:84320/1	R1	+	-	+	-	0.388235	0.388235
ERR2061619.20129826 7001289F:103:C9WFLANXX:4:2202:8568:30318/1	R1	+	-	+	-	0.863636	0.863636
ERR2061619.20129827 7001289F:109:CB97UANXX:1:2207:19637:74458/1	R1	+	-	+	-	0.781250	0.781250
ERR2061619.20129829 7001289F:109:CB97UANXX:1:2304:3603:32953/1	R1	-	+	-	+	0.000000	0.000000
ERR2061619.20129830 7001289F:103:C9WFLANXX:3:2113:16271:18510/1	R1	+	-	+	-	0.639640	0.639640
ERR2061619.20129832 7001289F:103:C9WFLANXX:4:2309:17170:78138/1	R1	-	+	-	+	0.000000	0.000000
ERR2061619.20129833 7001289F:109:CB97UANXX:1:2114:2046:89889/1	R1	-	+	-	+	0.000000	0.000000
ERR2061619.20129834 7001289F:109:CB97UANXX:1:1209:15613:21830/1	R1	+	-	+	-	0.302752	0.302752
ERR2061619.20129836 7001289F:109:CB97UANXX:1:2205:14992:28158/1	R1	-	+	-	+	0.063492	0.063492
ERR2061619.20129837 7001289F:109:CB97UANXX:1:2307:4095:13600/1	R1	-	+	-	+	0.000000	0.000000
ERR2061619.20129838 7001289F:103:C9WFLANXX:3:2201:11744:70836/1	R1	+	-	+	-	0.446429	0.446429
ERR2061619.20129840 7001289F:103:C9WFLANXX:4:1313:8560:72812/1	R1	-	+	-	+	0.000000	0.000000
ERR2061619.20129842 7001289F:109:CB97UANXX:1:1209:13144:40803/1	R1	+	-	+	-	0.491071	0.491071
ERR2061619.20129843 7001289F:109:CB97UANXX:1:2304:10539:3255/1	R1	-	+	-	+	0.000000	0.000000
ERR2061619.20129845 7001289F:103:C9WFLANXX:3:2301:14042:43558/1	R1	-	+	-	+	0.000000	0.000000
ERR2061619.20129848 7001289F:103:C9WFLANXX:3:1211:20167:71331/1	R1	+	-	+	-	0.822430	0.822430
ERR2061619.20129852 7001289F:103:C9WFLANXX:4:2113:9447:47223/1	R1	+	-	+	-	0.457944	0.457944
ERR2061619.20129859 7001289F:109:CB97UANXX:1:2301:13543:96177/1	R1	+	-	+	-	0.457944	0.457944
ERR2061619.20129861 7001289F:103:C9WFLANXX:3:2302:5875:61803/1	R1	+	-	+	-	0.000000	0.000000
ERR2061619.20129862 7001289F:103:C9WFLANXX:4:2209:12208:10664/1	R1	+	-	+	-	0.000000	0.000000
ERR2061619.20129863 7001289F:103:C9WFLANXX:4:1212:17814:56525/1	R1	+	-	+	-	0.000000	0.000000
ERR2061619.20129864 7001289F:109:CB97UANXX:1:2315:7423:81659/1	R1	+	-	+	-	0.000000	0.000000
ERR2061619.20129865 7001289F:109:CB97UANXX:1:1314:9023:54891/1	R1	+	-	+	-	0.142857	0.142857
ERR2061619.20129867 7001289F:109:CB97UANXX:1:2111:18720:76909/1	R1	-	+	-	+	0.000000	0.000000
ERR2061619.20129869 7001289F:109:CB97UANXX:1:2314:10186:72491/1	R1	-	+	-	+	0.000000	0.000000
ERR2061619.20129873 7001289F:109:CB97UANXX:1:2309:7822:17664/1	R1	+	-	+	-	0.938462	0.938462
ERR2061619.20129874 7001289F:109:CB97UANXX:1:2105:21076:62088/1	R1	+	-	+	-	0.362637	0.362637
ERR2061619.20129875 7001289F:109:CB97UANXX:1:1311:7694:63038/1	R1	+	-	+	-	0.428571	0.428571
ERR2061619.20129878 7001289F:109:CB97UANXX:1:1207:20408:16634/1	R1	-	+	-	+	0.000000	0.000000
ERR2061619.20129879 7001289F:109:CB97UANXX:1:1212:4287:32366/1	R1	-	+	-	+	0.131579	0.131579
ERR2061619.20129884 7001289F:109:CB97UANXX:1:1108:18970:82408/1	R1	+	-	+	-	0.657895	0.657895
ERR2061619.20129893 7001289F:109:CB97UANXX:1:1305:16777:9884/1	R1	-	+	-	+	0.000000	0.000000
ERR2061619.20129894 7001289F:103:C9WFLANXX:3:1114:15599:85559/1	R1	-	+	-	+	0.000000	0.000000
ERR2061619.20129895 7001289F:103:C9WFLANXX:4:2306:1954:64112/1	R1	-	+	-	+	0.133333	0.133333
ERR2061619.20129896 7001289F:109:CB97UANXX:1:1306:16932:42925/1	R1	+	-	+	-	0.690141	0.690141
ERR2061619.20129899 7001289F:103:C9WFLANXX:4:2302:4458:12972/1	R1	+	-	+	-	0.433628	0.433628
ERR2061619.20129908 7001289F:109:CB97UANXX:1:1114:19392:51275/1	R1	+	-	+	-	0.452055	0.452055
ERR2061619.20129910 7001289F:109:CB97UANXX:1:1313:3219:31873/1	R1	+	-	+	-	0.767442	0.767442
ERR2061619.20129911 7001289F:109:CB97UANXX:1:1301:18195:68887/1	R1	+	-	+	-	0.678571	0.678571
ERR2061619.20129913 7001289F:103:C9WFLANXX:3:1116:16478:36575/1	R1	-	+	-	+	0.106061	0.106061
ERR2061619.20129915 7001289F:109:CB97UANXX:1:2304:14510:7319/1	R1	-	+	-	+	0.000000	0.000000
ERR2061619.20129916 7001289F:103:C9WFLANXX:3:2116:11074:51590/1	R1	-	+	-	+	0.133333	0.133333
ERR2061619.20129919 7001289F:109:CB97UANXX:1:2214:10771:58671/1	R1	+	-	+	-	0.540984	0.540984
ERR2061619.20129920 7001289F:109:CB97UANXX:1:2109:13184:81564/1	R1	+	-	+	-	0.457944	0.457944
ERR2061619.20145417 7001289F:103:C9WFLANXX:4:2315:5001:51249/1	R1	+	-	+	-	0.558824	0.558824
ERR2061619.20211045 7001289F:103:C9WFLANXX:3:1308:5153:57814/1	R1	-	+	-	+	0.000000	0.000000
ERR2061619.20258761 7001289F:109:CB97UANXX:1:1308:13473:35513/1	R1	+	-	+	-	0.485149	0.485149
ERR2061619.20371048 7001289F:103:C9WFLANXX:4:1213:10458:5845/1	R1	-	+	-	+	0.959016	0.959016
ERR2061619.20488180 7001289F:103:C9WFLANXX:4:1301:9366:21064/1	R1	-	+	-	+	0.000000	0.000000
ERR2061619.20561443 7001289F:103:C9WFLANXX:3:1110:4235:92619/1	R1	-	+	-	+	0.000000	0.000000
ERR2061619.20686081 7001289F:109:CB97UANXX:1:1101:18707:9567/1	R1	-	+	-	+	0.000000	0.000000
ERR2061619.20748949 7001289F:109:CB97UANXX:1:2105:14168:76284/1	R1	-	+	-	+	0.000000	0.000000
ERR2061619.20766945 7001289F:109:CB97UANXX:1:2113:18313:91779/1	R1	-	+	-	+	0.000000	0.000000
ERR2061619.21007425 7001289F:103:C9WFLANXX:4:2309:19486:65303/1	R1	+	-	+	-	0.863636	0.863636
ERR2061619.21038789 7001289F:109:CB97UANXX:1:1305:19453:18416/1	R1	-	+	-	+	0.000000	0.000000
ERR2061619.21536288 7001289F:103:C9WFLANXX:4:1310:11071:76016/1	R1	+	-	+	-	0.446429	0.446429
ERR2061619.21646418 7001289F:109:CB97UANXX:1:2313:15376:43904/1	R1	-	+	-	+	0.000000	0.000000
ERR2061619.21949320 7001289F:103:C9WFLANXX:3:2107:12403:68062/1	R1	-	+	-	+	1.000000	1.000000
ERR2061619.22036464 7001289F:109:CB97UANXX:1:1313:1911:90781/1	R1	+	-	+	-	0.345455	0.345455
ERR2061619.22068362 7001289F:103:C9WFLANXX:4:1106:6699:51625/1	R1	-	+	-	+	0.000000	0.000000
ERR2061619.22325974 7001289F:109:CB97UANXX:1:1316:7641:58220/1	R1	-	+	-	+	0.000000	0.000000
ERR2061619.22343234 7001289F:109:CB97UANXX:1:1203:15792:11975/1	R1	-	+	-	+	0.000000	0.000000
ERR2061619.22447163 7001289F:103:C9WFLANXX:4:1108:19350:12605/1	R1	-	+	-	+	0.830645	0.830645
ERR2061619.22572774 7001289F:109:CB97UANXX:1:2208:19660:90609/1	R1	+	-	+	-	0.767442	0.767442
ERR2061619.22617160 7001289F:103:C9WFLANXX:4:1115:15291:47502/1	R1	-	+	-	+	0.000000	0.000000
ERR2061619.22617812 7001289F:109:CB97UANXX:1:2213:9444:90912/1	R1	-	+	-	+	0.000000	0.000000
ERR2061619.22920649 7001289F:103:C9WFLANXX:3:1101:5961:4199/1	R1	-	+	-	+	0.000000	0.000000
ERR2061619.23012570 7001289F:103:C9WFLANXX:4:2103:20786:60375/1	R1	+	-	+	-	0.302752	0.302752
ERR2061619.23012571 7001289F:103:C9WFLANXX:4:2208:10824:37771/1	R1	+	-	+	-	0.500000	0.500000
ERR2061619.23012574 7001289F:103:C9WFLANXX:4:1303:9177:8014/1	R1	+	-	+	-	0.387755	0.387755
ERR2061619.23012575 7001289F:103:C9WFLANXX:4:1312:15931:37738/1	R1	+	-	+	-	0.320388	0.320388
ERR2061619.23012577 7001289F:103:C9WFLANXX:4:1201:19267:11965/1	R1	+	-	+	-	0.320388	0.320388
ERR2061619.23012580 7001289F:103:C9WFLANXX:4:1101:13491:65525/1	R1	+	-	+	-	0.690141	0.690141
ERR2061619.23012582 7001289F:109:CB97UANXX:1:1102:16313:66687/1	R1	+	-	+	-	0.345455	0.345455
ERR2061619.23012584 7001289F:109:CB97UANXX:1:2213:12443:27134/1	R1	+	-	+	-	0.345455	0.345455
ERR2061619.23012585 7001289F:109:CB97UANXX:1:2215:2536:15432/1	R1	+	-	+	-	0.345455	0.345455
ERR2061619.23012586 7001289F:109:CB97UANXX:1:2215:7243:30693/1	R1	+	-	+	-	0.000000	0.000000
ERR2061619.23012594 7001289F:109:CB97UANXX:1:2106:7572:70671/1	R1	+	-	+	-	0.528302	0.528302
ERR2061619.23012595 7001289F:109:CB97UANXX:1:1315:21069:79975/1	R1	+	-	+	-	0.000000	0.000000
ERR2061619.23012601 7001289F:103:C9WFLANXX:3:2208:6263:56557/1	R1	+	-	+	-	0.862069	0.862069
ERR2061619.23012602 7001289F:103:C9WFLANXX:4:1211:18762:49545/1	R1	-	+	-	+	0.000000	0.000000
ERR2061619.23012603 7001289F:109:CB97UANXX:1:1110:17735:58204/1	R1	+	-	+	-	0.863636	0.863636
ERR2061619.23012604 7001289F:103:C9WFLANXX:3:2308:2428:13031/1	R1	-	+	-	+	0.000000	0.000000
ERR2061619.23012605 7001289F:103:C9WFLANXX:3:2312:3403:50190/1	R1	+	-	+	-	0.000000	0.000000
ERR2061619.23012606 7001289F:103:C9WFLANXX:4:2313:17754:86158/1	R1	+	-	+	-	0.446429	0.446429
ERR2061619.23012607 7001289F:109:CB97UANXX:1:2209:9050:100488/1	R1	+	-	+	-	0.417722	0.417722
ERR2061619.23012608 7001289F:109:CB97UANXX:1:1316:8354:63031/1	R1	+	-	+	-	0.471698	0.471698
ERR2061619.23012610 7001289F:103:C9WFLANXX:3:2212:21200:56082/1	R1	-	+	-	+	0.208333	0.208333
ERR2061619.23012611 7001289F:103:C9WFLANXX:3:1310:12977:89313/1	R1	+	-	+	-	0.433628	0.433628
ERR2061619.23012613 7001289F:109:CB97UANXX:1:2101:2314:88849/1	R1	+	-	+	-	0.433628	0.433628
ERR2061619.23012614 7001289F:103:C9WFLANXX:3:1314:19441:51815/1	R1	+	-	+	-	0.345455	0.345455
ERR2061619.23012617 7001289F:109:CB97UANXX:1:1112:20899:45733/1	R1	+	-	+	-	0.471698	0.471698
ERR2061619.23012619 7001289F:103:C9WFLANXX:4:2216:15331:2363/1	R1	+	-	+	-	0.775701	0.775701
ERR2061619.23012620 7001289F:103:C9WFLANXX:4:2208:11031:77927/1	R1	+	-	+	-	0.302752	0.302752
ERR2061619.23012621 7001289F:103:C9WFLANXX:4:1202:15797:66138/1	R1	+	-	+	-	0.775701	0.775701
ERR2061619.23012625 7001289F:109:CB97UANXX:1:2106:1142:9929/1	R1	+	-	+	-	0.642857	0.642857
ERR2061619.23012627 7001289F:103:C9WFLANXX:4:1214:3765:73439/1	R1	-	+	-	+	0.000000	0.000000
ERR2061619.23012632 7001289F:103:C9WFLANXX:4:2113:8220:58259/1	R1	+	-	+	-	0.000000	0.000000
ERR2061619.23012633 7001289F:103:C9WFLANXX:4:2108:3425:10460/1	R1	+	-	+	-	0.345455	0.345455
ERR2061619.23012634 7001289F:103:C9WFLANXX:4:1315:1334:49719/1	R1	+	-	+	-	0.081081	0.081081
ERR2061619.23012636 7001289F:103:C9WFLANXX:4:1101:17510:26834/1	R1	+	-	+	-	0.798165	0.798165
ERR2061619.23012639 7001289F:109:CB97UANXX:1:1105:17438:21640/1	R1	+	-	+	-	0.345455	0.345455
ERR2061619.23012640 7001289F:109:CB97UANXX:1:2312:20701:42289/1	R1	+	-	+	-	0.759259	0.759259
ERR2061619.23012643 7001289F:109:CB97UANXX:1:2216:12276:40529/1	R1	+	-	+	-	0.345455	0.345455
ERR2061619.23012645 7001289F:109:CB97UANXX:1:1316:5309:64172/1	R1	+	-	+	-	0.345455	0.345455
ERR2061619.23012647 7001289F:109:CB97UANXX:1:1112:14189:7657/1	R1	+	-	+	-	0.345455	0.345455
ERR2061619.23012648 7001289F:109:CB97UANXX:1:2304:18730:64402/1	R1	+	-	+	-	0.365385	0.365385
ERR2061619.23012649 7001289F:103:C9WFLANXX:3:2315:15865:56333/1	R1	-	+	-	+	0.000000	0.000000
ERR2061619.23012650 7001289F:103:C9WFLANXX:3:2106:17373:28901/1	R1	+	-	+	-	0.500000	0.500000
ERR2061619.23012651 7001289F:103:C9WFLANXX:4:1203:14685:33098/1	R1	+	-	+	-	0.568182	0.568182
ERR2061619.23012652 7001289F:109:CB97UANXX:1:2212:3316:31223/1	R1	-	+	-	+	0.000000	0.000000
ERR2061619.23012655 7001289F:103:C9WFLANXX:4:2207:12609:15143/1	R1	+	-	+	-	0.345455	0.345455
ERR2061619.23012659 7001289F:109:CB97UANXX:1:1103:21240:26514/1	R1	+	-	+	-	0.951456	0.951456
ERR2061619.23012661 7001289F:103:C9WFLANXX:3:2102:18130:46390/1	R1	+	-	+	-	0.446429	0.446429
ERR2061619.23012664 7001289F:103:C9WFLANXX:4:2105:16654:64504/1	R1	-	+	-	+	0.000000	0.000000
ERR2061619.23012665 7001289F:103:C9WFLANXX:4:1209:14641:8272/1	R1	+	-	+	-	0.345455	0.345455
ERR2061619.23012666 7001289F:103:C9WFLANXX:4:1312:3559:59306/1	R1	+	-	+	-	0.446429	0.446429
ERR2061619.23012667 7001289F:103:C9WFLANXX:4:1102:15183:93495/1	R1	+	-	+	-	0.446429	0.446429
ERR2061619.23012670 7001289F:109:CB97UANXX:1:2302:16988:61632/1	R1	+	-	+	-	0.345455	0.345455
ERR2061619.23012671 7001289F:109:CB97UANXX:1:1104:16239:51585/1	R1	+	-	+	-	0.840708	0.840708
ERR2061619.23012672 7001289F:109:CB97UANXX:1:2212:15360:10217/1	R1	+	-	+	-	0.471698	0.471698
ERR2061619.23012674 7001289F:109:CB97UANXX:1:1201:9868:24843/1	R1	-	+	-	+	0.367347	0.367347
ERR2061619.23012678 7001289F:109:CB97UANXX:1:2101:5509:72426/1	R1	+	-	+	-	0.320388	0.320388
ERR2061619.23012679 7001289F:109:CB97UANXX:1:1201:11525:17918/1	R1	-	+	-	+	0.000000	0.000000
ERR2061619.23012682 7001289F:109:CB97UANXX:1:2201:1927:47388/1	R1	-	+	-	+	0.000000	0.000000
ERR2061619.23012683 7001289F:109:CB97UANXX:1:1302:2682:73470/1	R1	+	-	+	-	0.000000	0.000000
ERR2061619.23012684 7001289F:109:CB97UANXX:1:2207:4439:74279/1	R1	-	+	-	+	0.098039	0.098039
ERR2061619.23012687 7001289F:109:CB97UANXX:1:2109:8702:49457/1	R1	+	-	+	-	0.509091	0.509091
ERR2061619.23012690 7001289F:109:CB97UANXX:1:2109:15244:55529/1	R1	-	+	-	+	0.000000	0.000000
ERR2061619.23012692 7001289F:103:C9WFLANXX:4:2202:9485:78643/1	R1	+	-	+	-	0.000000	0.000000
ERR2061619.23012693 7001289F:109:CB97UANXX:1:1113:13031:64428/1	R1	-	+	-	+	0.000000	0.000000
ERR2061619.23012694 7001289F:103:C9WFLANXX:4:2113:9093:88211/1	R1	-	+	-	+	0.056000	0.056000
ERR2061619.23012695 7001289F:109:CB97UANXX:1:1310:1263:58348/1	R1	-	+	-	+	0.000000	0.000000
ERR2061619.23012699 7001289F:103:C9WFLANXX:4:1301:13562:38219/1	R1	+	-	+	-	0.500000	0.500000
ERR2061619.23012700 7001289F:109:CB97UANXX:1:1109:14365:38569/1	R1	+	-	+	-	0.568182	0.568182
ERR2061619.23012702 7001289F:109:CB97UANXX:1:1202:20288:59825/1	R1	+	-	+	-	0.457944	0.457944
ERR2061619.23012706 7001289F:109:CB97UANXX:1:1109:12391:78013/1	R1	-	+	-	+	0.000000	0.000000
ERR2061619.23012707 7001289F:103:C9WFLANXX:4:2104:8012:81596/1	R1	-	+	-	+	0.000000	0.000000
ERR2061619.23012709 7001289F:109:CB97UANXX:1:2311:18496:80641/1	R1	+	-	+	-	0.675676	0.675676
ERR2061619.23012712 7001289F:109:CB97UANXX:1:2312:16935:48974/1	R1	-	+	-	+	0.000000	0.000000
ERR2061619.23012713 7001289F:103:C9WFLANXX:4:2208:5581:99933/1	R1	-	+	-	+	0.000000	0.000000
ERR2061619.23012716 7001289F:103:C9WFLANXX:4:2316:10714:20935/1	R1	+	-	+	-	0.558824	0.558824
ERR2061619.23012717 7001289F:103:C9WFLANXX:4:1115:18136:9551/1	R1	+	-	+	-	0.590361	0.590361
ERR2061619.23012718 7001289F:109:CB97UANXX:1:2202:19979:19881/1	R1	+	-	+	-	0.000000	0.000000
ERR2061619.23012719 7001289F:103:C9WFLANXX:3:2107:14873:68506/1	R1	+	-	+	-	0.000000	0.000000
ERR2061619.23012722 7001289F:103:C9WFLANXX:3:2207:3593:20022/1	R1	+	-	+	-	0.636364	0.636364
ERR2061619.23012724 7001289F:103:C9WFLANXX:4:1108:5393:8225/1	R1	+	-	+	-	0.345455	0.345455
ERR2061619.23012744 7001289F:103:C9WFLANXX:4:1214:14238:58780/1	R1	+	-	+	-	0.000000	0.000000
ERR2061619.23012749 7001289F:103:C9WFLANXX:4:1109:8078:72572/1	R1	-	+	-	+	0.314286	0.314286
ERR2061619.23012752 7001289F:109:CB97UANXX:1:1111:6033:4126/1	R1	-	+	-	+	0.000000	0.000000
ERR2061619.23012755 7001289F:109:CB97UANXX:1:2315:4577:28942/1	R1	-	+	-	+	0.363636	0.363636
ERR2061619.23012756 7001289F:103:C9WFLANXX:4:1315:4482:93607/1	R1	-	+	-	+	0.000000	0.000000
ERR2061619.23012760 7001289F:109:CB97UANXX:1:2116:17111:63284/1	R1	-	+	-	+	0.480000	0.480000
ERR2061619.23012766 7001289F:109:CB97UANXX:1:2215:14685:29833/1	R1	+	-	+	-	0.320388	0.320388
ERR2061619.23012767 7001289F:109:CB97UANXX:1:2106:16070:81876/1	R1	+	-	+	-	0.714286	0.714286
ERR2061619.23012768 7001289F:109:CB97UANXX:1:1311:12500:78277/1	R1	-	+	-	+	0.478261	0.478261
ERR2061619.23012772 7001289F:109:CB97UANXX:1:2109:3379:87527/1	R1	+	-	+	-	0.000000	0.000000
ERR2061619.23012776 7001289F:103:C9WFLANXX:4:1307:6190:21673/1	R1	+	-	+	-	0.891892	0.891892
ERR2061619.23012777 7001289F:109:CB97UANXX:1:2201:15189:71136/1	R1	+	-	+	-	0.500000	0.500000
ERR2061619.23012778 7001289F:109:CB97UANXX:1:1209:14135:52818/1	R1	+	-	+	-	0.568182	0.568182
ERR2061619.23012780 7001289F:109:CB97UANXX:1:1306:16810:95523/1	R1	+	-	+	-	0.000000	0.000000
ERR2061619.23012785 7001289F:109:CB97UANXX:1:2104:12804:38512/1	R1	+	-	+	-	0.475000	0.475000
ERR2061619.23012789 7001289F:109:CB97UANXX:1:1101:19556:12242/1	R1	-	+	-	+	0.838710	0.838710
ERR2061619.23012792 7001289F:109:CB97UANXX:1:1310:8234:72859/1	R1	-	+	-	+	0.000000	0.000000
ERR2061619.23012793 7001289F:109:CB97UANXX:1:1114:15130:94503/1	R1	-	+	-	+	0.000000	0.000000
ERR2061619.23012794 7001289F:109:CB97UANXX:1:2303:9270:52964/1	R1	-	+	-	+	0.144000	0.144000
ERR2061619.23012797 7001289F:103:C9WFLANXX:3:2114:19886:9472/1	R1	+	-	+	-	0.320388	0.320388
ERR2061619.23012798 7001289F:103:C9WFLANXX:4:1304:17303:76120/1	R1	+	-	+	-	0.000000	0.000000
ERR2061619.23012800 7001289F:103:C9WFLANXX:3:1310:11289:22133/1	R1	+	-	+	-	0.760000	0.760000
ERR2061619.23012802 7001289F:109:CB97UANXX:1:2105:8463:42263/1	R1	+	-	+	-	0.454545	0.454545
ERR2061619.23012807 7001289F:109:CB97UANXX:1:1102:1988:10274/1	R1	+	-	+	-	0.320388	0.320388
ERR2061619.23012810 7001289F:103:C9WFLANXX:3:1109:6875:84927/1	R1	+	-	+	-	0.000000	0.000000
ERR2061619.23012811 7001289F:109:CB97UANXX:1:2107:6464:31362/1	R1	+	-	+	-	0.613636	0.613636
ERR2061619.23012814 7001289F:109:CB97UANXX:1:2214:7431:32734/1	R1	-	+	-	+	0.000000	0.000000
ERR2061619.23012822 7001289F:109:CB97UANXX:1:1202:2869:39074/1	R1	+	-	+	-	0.345455	0.345455
ERR2061619.23012823 7001289F:103:C9WFLANXX:4:1111:2098:99837/1	R1	+	-	+	-	0.475000	0.475000
ERR2061619.23012826 7001289F:109:CB97UANXX:1:2214:13749:20994/1	R1	+	-	+	-	0.320388	0.320388
ERR2061619.23012827 7001289F:109:CB97UANXX:1:1312:13991:90025/1	R1	+	-	+	-	0.302752	0.302752
ERR2061619.23012832 7001289F:109:CB97UANXX:1:2108:5401:7995/1	R1	+	-	+	-	0.711712	0.711712
ERR2061619.23012833 7001289F:103:C9WFLANXX:3:2216:20421:36216/1	R1	+	-	+	-	0.000000	0.000000
ERR2061619.23012835 7001289F:109:CB97UANXX:1:1215:21165:46148/1	R1	+	-	+	-	0.514019	0.514019
ERR2061619.23012837 7001289F:109:CB97UANXX:1:2308:12690:21986/1	R1	+	-	+	-	0.433628	0.433628
ERR2061619.23012838 7001289F:109:CB97UANXX:1:1307:3068:93876/1	R1	-	+	-	+	0.000000	0.000000
ERR2061619.23012839 7001289F:109:CB97UANXX:1:2215:3323:20119/1	R1	+	-	+	-	0.759259	0.759259
ERR2061619.23012840 7001289F:109:CB97UANXX:1:2101:18952:77994/1	R1	-	+	-	+	0.500000	0.500000
ERR2061619.23012844 7001289F:103:C9WFLANXX:3:1204:2181:65764/1	R1	+	-	+	-	0.471698	0.471698
ERR2061619.23012845 7001289F:103:C9WFLANXX:4:2306:9497:84262/1	R1	+	-	+	-	0.446429	0.446429
ERR2061619.23012846 7001289F:103:C9WFLANXX:4:1206:14287:65863/1	R1	+	-	+	-	0.446429	0.446429
ERR2061619.23012851 7001289F:109:CB97UANXX:1:1206:15278:40032/1	R1	+	-	+	-	0.471698	0.471698
ERR2061619.23012852 7001289F:109:CB97UANXX:1:1207:16658:22125/1	R1	+	-	+	-	0.446429	0.446429
ERR2061619.23012853 7001289F:109:CB97UANXX:1:1216:6639:69783/1	R1	+	-	+	-	0.446429	0.446429
ERR2061619.23012854 7001289F:109:CB97UANXX:1:2304:14519:25626/1	R1	+	-	+	-	0.471698	0.471698
ERR2061619.23012855 7001289F:109:CB97UANXX:1:2311:13541:56187/1	R1	+	-	+	-	0.446429	0.446429
ERR2061619.23012856 7001289F:103:C9WFLANXX:3:1208:10960:94359/1	R1	+	-	+	-	0.000000	0.000000
ERR2061619.23012858 7001289F:109:CB97UANXX:1:2212:15806:95267/1	R1	-	+	-	+	0.000000	0.000000
ERR2061619.23012861 7001289F:109:CB97UANXX:1:1208:6431:55081/1	R1	+	-	+	-	0.345455	0.345455
ERR2061619.23012863 7001289F:109:CB97UANXX:1:2104:15351:8367/1	R1	+	-	+	-	0.537500	0.537500
ERR2061619.23012864 7001289F:103:C9WFLANXX:4:1109:12056:57293/1	R1	+	-	+	-	0.345455	0.345455
ERR2061619.23012865 7001289F:103:C9WFLANXX:4:1205:7892:70633/1	R1	+	-	+	-	0.634615	0.634615
ERR2061619.23012866 7001289F:103:C9WFLANXX:4:2203:1568:97497/1	R1	+	-	+	-	0.000000	0.000000
ERR2061619.23012867 7001289F:109:CB97UANXX:1:1202:20883:15156/1	R1	-	+	-	+	0.428571	0.428571
ERR2061619.23012871 7001289F:103:C9WFLANXX:3:2108:17775:97130/1	R1	-	+	-	+	0.000000	0.000000
ERR2061619.23012880 7001289F:103:C9WFLANXX:4:2216:8815:37332/1	R1	+	-	+	-	0.500000	0.500000
ERR2061619.23012881 7001289F:103:C9WFLANXX:3:1112:18586:27347/1	R1	-	+	-	+	0.142857	0.142857
ERR2061619.23012882 7001289F:109:CB97UANXX:1:2109:8960:5820/1	R1	+	-	+	-	0.427273	0.427273
ERR2061619.23012885 7001289F:109:CB97UANXX:1:1203:2428:46883/1	R1	+	-	+	-	0.390909	0.390909
ERR2061619.23012887 7001289F:103:C9WFLANXX:3:1101:2900:23458/1	R1	+	-	+	-	0.000000	0.000000
ERR2061619.23012888 7001289F:109:CB97UANXX:1:1115:1680:64124/1	R1	-	+	-	+	0.000000	0.000000
ERR2061619.23012891 7001289F:103:C9WFLANXX:4:2116:14642:30151/1	R1	-	+	-	+	0.000000	0.000000
ERR2061619.23012892 7001289F:103:C9WFLANXX:4:1107:15809:49421/1	R1	-	+	-	+	0.068966	0.068966
ERR2061619.23012893 7001289F:109:CB97UANXX:1:1103:1336:91042/1	R1	+	-	+	-	0.000000	0.000000
ERR2061619.23012894 7001289F:109:CB97UANXX:1:1206:7985:7000/1	R1	+	-	+	-	0.446429	0.446429
ERR2061619.23012895 7001289F:103:C9WFLANXX:3:2114:11028:31360/1	R1	+	-	+	-	0.753846	0.753846
ERR2061619.23012900 7001289F:109:CB97UANXX:1:2105:9999:55079/1	R1	+	-	+	-	0.475000	0.475000
ERR2061619.23012901 7001289F:109:CB97UANXX:1:1204:12911:12620/1	R1	-	+	-	+	0.000000	0.000000
ERR2061619.23012903 7001289F:103:C9WFLANXX:4:1109:12489:47507/1	R1	-	+	-	+	0.083333	0.083333
ERR2061619.23012904 7001289F:103:C9WFLANXX:3:1110:5396:24020/1	R1	+	-	+	-	0.400000	0.400000
ERR2061619.23012907 7001289F:109:CB97UANXX:1:2209:9702:78368/1	R1	+	-	+	-	0.000000	0.000000
ERR2061619.23012909 7001289F:109:CB97UANXX:1:1103:19626:14528/1	R1	+	-	+	-	0.000000	0.000000
ERR2061619.23012911 7001289F:109:CB97UANXX:1:1103:20012:93271/1	R1	+	-	+	-	0.000000	0.000000
ERR2061619.23012912 7001289F:109:CB97UANXX:1:2314:16788:38851/1	R1	+	-	+	-	0.767442	0.767442
ERR2061619.23012915 7001289F:103:C9WFLANXX:3:2302:16637:30622/1	R1	-	+	-	+	0.000000	0.000000
ERR2061619.23012916 7001289F:109:CB97UANXX:1:1211:19356:73641/1	R1	+	-	+	-	0.387755	0.387755
ERR2061619.23012917 7001289F:103:C9WFLANXX:4:2311:15078:18372/1	R1	-	+	-	+	0.125000	0.125000
ERR2061619.23012919 7001289F:109:CB97UANXX:1:2302:7783:18178/1	R1	+	-	+	-	0.345455	0.345455
ERR2061619.23012920 7001289F:109:CB97UANXX:1:2101:10175:4384/1	R1	-	+	-	+	0.000000	0.000000
ERR2061619.23012923 7001289F:109:CB97UANXX:1:1314:7053:3925/1	R1	-	+	-	+	0.000000	0.000000
ERR2061619.23012924 7001289F:109:CB97UANXX:1:1110:14719:40545/1	R1	-	+	-	+	0.000000	0.000000
ERR2061619.23012925 7001289F:103:C9WFLANXX:4:2310:19473:4988/1	R1	+	-	+	-	0.673469	0.673469
ERR2061619.23012926 7001289F:109:CB97UANXX:1:1103:8121:33448/1	R1	+	-	+	-	0.767442	0.767442
ERR2061619.23012928 7001289F:103:C9WFLANXX:4:2216:20289:35156/1	R1	-	+	-	+	0.109589	0.109589
ERR2061619.23012929 7001289F:103:C9WFLANXX:3:2315:2714:7757/1	R1	-	+	-	+	0.000000	0.000000
ERR2061619.23187962 7001289F:103:C9WFLANXX:4:2110:11618:72429/1	R1	+	-	+	-	0.568182	0.568182
ERR2061619.23293336 7001289F:103:C9WFLANXX:3:1313:2416:12621/1	R1	-	+	-	+	0.453782	0.453782
ERR2061619.23329998 7001289F:109:CB97UANXX:1:2213:19552:52944/1	R1	+	-	+	-	0.457944	0.457944
ERR2061619.23917638 7001289F:109:CB97UANXX:1:1106:1121:16058/1	R1	+	-	+	-	0.363636	0.363636
ERR2061619.24032554 7001289F:109:CB97UANXX:1:2105:11135:67427/1	R1	-	+	-	+	0.571429	0.571429
ERR2061619.24078287 7001289F:103:C9WFLANXX:3:2206:9766:68972/1	R1	+	-	+	-	0.365385	0.365385
ERR2061619.24234608 7001289F:103:C9WFLANXX:4:1316:11584:83822/1	R1	-	+	-	+	0.000000	0.000000
ERR2061619.24253981 7001289F:109:CB97UANXX:1:1203:19864:88337/1	R1	+	-	+	-	0.413043	0.413043
ERR2061619.24602127 7001289F:109:CB97UANXX:1:2310:2427:7119/1	R1	-	+	-	+	0.000000	0.000000
ERR2061619.24677306 7001289F:109:CB97UANXX:1:2105:5011:82171/1	R1	+	-	+	-	0.000000	0.000000
ERR2061619.24725087 7001289F:103:C9WFLANXX:3:2107:11236:16646/1	R1	-	+	-	+	0.000000	0.000000
ERR2061619.25045191 7001289F:103:C9WFLANXX:3:1112:13847:36338/1	R1	+	-	+	-	0.892857	0.892857
ERR2061619.25181688 7001289F:109:CB97UANXX:1:2103:12454:90560/1	R1	+	-	+	-	0.540984	0.540984
ERR2061619.25422234 7001289F:103:C9WFLANXX:4:1216:17809:57708/1	R1	+	-	+	-	0.000000	0.000000
ERR2061619.25483642 7001289F:109:CB97UANXX:1:1307:12095:58463/1	R1	-	+	-	+	0.000000	0.000000
ERR2061619.25483644 7001289F:109:CB97UANXX:1:2303:15862:76546/1	R1	+	-	+	-	0.000000	0.000000
ERR2061619.25483646 7001289F:103:C9WFLANXX:3:2111:16985:75353/1	R1	+	-	+	-	0.446429	0.446429
ERR2061619.25483648 7001289F:103:C9WFLANXX:3:1211:15025:72953/1	R1	+	-	+	-	0.446429	0.446429
ERR2061619.25483649 7001289F:103:C9WFLANXX:4:1315:16836:29995/1	R1	+	-	+	-	0.446429	0.446429
ERR2061619.25483650 7001289F:109:CB97UANXX:1:2101:1891:4597/1	R1	+	-	+	-	0.446429	0.446429
ERR2061619.25483651 7001289F:109:CB97UANXX:1:2103:18870:53711/1	R1	+	-	+	-	0.446429	0.446429
ERR2061619.25483655 7001289F:103:C9WFLANXX:4:2109:4258:28172/1	R1	+	-	+	-	0.657895	0.657895
ERR2061619.25483657 7001289F:109:CB97UANXX:1:1209:17385:13831/1	R1	+	-	+	-	0.433628	0.433628
ERR2061619.25483658 7001289F:109:CB97UANXX:1:1316:20986:92628/1	R1	+	-	+	-	0.000000	0.000000
ERR2061619.25483663 7001289F:109:CB97UANXX:1:2102:20591:45543/1	R1	+	-	+	-	0.471698	0.471698
ERR2061619.25483664 7001289F:109:CB97UANXX:1:2208:17926:72128/1	R1	+	-	+	-	0.365385	0.365385
ERR2061619.25483667 7001289F:109:CB97UANXX:1:1111:9542:8272/1	R1	+	-	+	-	0.000000	0.000000
ERR2061619.25483668 7001289F:109:CB97UANXX:1:1208:15235:48660/1	R1	+	-	+	-	0.471698	0.471698
ERR2061619.25483669 7001289F:103:C9WFLANXX:3:2314:8372:100038/1	R1	+	-	+	-	0.485149	0.485149
ERR2061619.25483670 7001289F:103:C9WFLANXX:3:1116:19948:67921/1	R1	+	-	+	-	0.457944	0.457944
ERR2061619.25483672 7001289F:109:CB97UANXX:1:2106:11234:22803/1	R1	+	-	+	-	0.423077	0.423077
ERR2061619.25483673 7001289F:109:CB97UANXX:1:1306:13759:67855/1	R1	+	-	+	-	0.680851	0.680851
ERR2061619.25483674 7001289F:103:C9WFLANXX:3:1305:18382:53981/1	R1	-	+	-	+	0.604651	0.604651
ERR2061619.25483675 7001289F:103:C9WFLANXX:3:2311:10741:88647/1	R1	+	-	+	-	0.457944	0.457944
ERR2061619.25483678 7001289F:103:C9WFLANXX:3:1202:13137:92759/1	R1	+	-	+	-	0.345455	0.345455
ERR2061619.25483679 7001289F:103:C9WFLANXX:4:2315:14080:32580/1	R1	-	+	-	+	0.184615	0.184615
ERR2061619.25483690 7001289F:109:CB97UANXX:1:2113:6439:74993/1	R1	-	+	-	+	0.000000	0.000000
ERR2061619.25483691 7001289F:109:CB97UANXX:1:1112:13294:54666/1	R1	-	+	-	+	0.000000	0.000000
ERR2061619.25483693 7001289F:103:C9WFLANXX:4:2113:7173:6819/1	R1	+	-	+	-	0.302752	0.302752
ERR2061619.25483694 7001289F:103:C9WFLANXX:4:1105:16139:84580/1	R1	+	-	+	-	0.302752	0.302752
ERR2061619.25483695 7001289F:109:CB97UANXX:1:1216:18564:24695/1	R1	-	+	-	+	0.000000	0.000000
ERR2061619.25483698 7001289F:109:CB97UANXX:1:2104:14791:15175/1	R1	+	-	+	-	0.891892	0.891892
ERR2061619.25483701 7001289F:109:CB97UANXX:1:1107:2354:74662/1	R1	+	-	+	-	0.446429	0.446429
ERR2061619.25483706 7001289F:109:CB97UANXX:1:2308:19350:51660/1	R1	+	-	+	-	0.513514	0.513514
ERR2061619.25483708 7001289F:103:C9WFLANXX:4:1209:12934:70191/1	R1	+	-	+	-	0.875000	0.875000
ERR2061619.25483709 7001289F:109:CB97UANXX:1:1104:4542:13491/1	R1	-	+	-	+	0.000000	0.000000
ERR2061619.25483710 7001289F:109:CB97UANXX:1:1102:18755:71127/1	R1	-	+	-	+	0.000000	0.000000
ERR2061619.25483711 7001289F:103:C9WFLANXX:3:2105:3201:51851/1	R1	+	-	+	-	0.000000	0.000000
ERR2061619.25483712 7001289F:109:CB97UANXX:1:2201:20381:57740/1	R1	-	+	-	+	0.000000	0.000000
ERR2061619.25483714 7001289F:109:CB97UANXX:1:2313:12213:86505/1	R1	+	-	+	-	0.491071	0.491071
ERR2061619.25483715 7001289F:109:CB97UANXX:1:1315:4538:10899/1	R1	-	+	-	+	0.000000	0.000000
ERR2061619.25483717 7001289F:109:CB97UANXX:1:2301:19283:72526/1	R1	+	-	+	-	0.775701	0.775701
ERR2061619.25483718 7001289F:109:CB97UANXX:1:1301:4245:87014/1	R1	-	+	-	+	0.000000	0.000000
ERR2061619.25483721 7001289F:103:C9WFLANXX:3:1214:20358:71019/1	R1	+	-	+	-	0.671642	0.671642
ERR2061619.25483723 7001289F:103:C9WFLANXX:3:2201:18705:98072/1	R1	-	+	-	+	0.000000	0.000000
ERR2061619.25483727 7001289F:109:CB97UANXX:1:2206:13996:43728/1	R1	+	-	+	-	0.000000	0.000000
ERR2061619.25483728 7001289F:109:CB97UANXX:1:1310:6531:9685/1	R1	+	-	+	-	0.558824	0.558824
ERR2061619.25483729 7001289F:109:CB97UANXX:1:1305:7726:67496/1	R1	+	-	+	-	0.612903	0.612903
ERR2061619.25483733 7001289F:109:CB97UANXX:1:2201:9594:8504/1	R1	+	-	+	-	0.000000	0.000000
ERR2061619.25483737 7001289F:103:C9WFLANXX:3:1113:13312:64570/1	R1	-	+	-	+	0.000000	0.000000
ERR2061619.25483741 7001289F:103:C9WFLANXX:3:2101:17078:2516/1	R1	+	-	+	-	0.446429	0.446429
ERR2061619.25483742 7001289F:103:C9WFLANXX:3:2101:17745:55340/1	R1	+	-	+	-	0.457944	0.457944
ERR2061619.25483743 7001289F:103:C9WFLANXX:3:2104:17378:31501/1	R1	+	-	+	-	0.000000	0.000000
ERR2061619.25483744 7001289F:103:C9WFLANXX:4:2210:20084:11784/1	R1	+	-	+	-	0.446429	0.446429
ERR2061619.25483745 7001289F:103:C9WFLANXX:4:1215:18127:37819/1	R1	-	+	-	+	0.000000	0.000000
ERR2061619.25483749 7001289F:103:C9WFLANXX:4:2115:7244:83032/1	R1	+	-	+	-	0.446429	0.446429
ERR2061619.25483751 7001289F:109:CB97UANXX:1:2101:16660:2254/1	R1	-	+	-	+	0.000000	0.000000
ERR2061619.25483754 7001289F:109:CB97UANXX:1:2110:6670:41949/1	R1	+	-	+	-	0.166667	0.166667
ERR2061619.25483755 7001289F:109:CB97UANXX:1:1209:21231:65382/1	R1	-	+	-	+	0.000000	0.000000
ERR2061619.25483757 7001289F:103:C9WFLANXX:3:2313:1774:6731/1	R1	+	-	+	-	0.000000	0.000000
ERR2061619.25483758 7001289F:103:C9WFLANXX:4:1311:19748:36577/1	R1	+	-	+	-	0.482143	0.482143
ERR2061619.25483764 7001289F:103:C9WFLANXX:4:2215:12546:99272/1	R1	-	+	-	+	0.000000	0.000000
ERR2061619.25483765 7001289F:109:CB97UANXX:1:2205:14346:79216/1	R1	-	+	-	+	0.076087	0.076087
ERR2061619.25483766 7001289F:103:C9WFLANXX:3:1109:11140:83164/1	R1	-	+	-	+	0.285714	0.285714
ERR2061619.25483768 7001289F:109:CB97UANXX:1:1112:9380:76189/1	R1	+	-	+	-	0.500000	0.500000
ERR2061619.25483769 7001289F:109:CB97UANXX:1:2105:14453:100750/1	R1	-	+	-	+	0.478261	0.478261
ERR2061619.25483771 7001289F:103:C9WFLANXX:4:2301:13425:48417/1	R1	+	-	+	-	0.660714	0.660714
ERR2061619.25483772 7001289F:109:CB97UANXX:1:2101:5887:83399/1	R1	-	+	-	+	0.000000	0.000000
ERR2061619.25483773 7001289F:109:CB97UANXX:1:1210:19581:94229/1	R1	+	-	+	-	0.387755	0.387755
ERR2061619.25483774 7001289F:109:CB97UANXX:1:2309:16134:3664/1	R1	+	-	+	-	0.636364	0.636364
ERR2061619.25483778 7001289F:109:CB97UANXX:1:1308:8474:26042/1	R1	-	+	-	+	0.000000	0.000000
ERR2061619.25483782 7001289F:103:C9WFLANXX:4:2309:17837:4235/1	R1	-	+	-	+	0.120000	0.120000
ERR2061619.25483783 7001289F:103:C9WFLANXX:3:1312:7069:15700/1	R1	-	+	-	+	0.125000	0.125000
ERR2061619.25483788 7001289F:109:CB97UANXX:1:2115:17259:16881/1	R1	-	+	-	+	0.600000	0.600000
ERR2061619.25483791 7001289F:109:CB97UANXX:1:1209:6939:71866/1	R1	+	-	+	-	0.000000	0.000000
ERR2061619.25483793 7001289F:103:C9WFLANXX:3:1104:11924:56525/1	R1	+	-	+	-	0.345455	0.345455
ERR2061619.25483801 7001289F:109:CB97UANXX:1:1111:14180:70508/1	R1	+	-	+	-	0.513514	0.513514
ERR2061619.25483810 7001289F:109:CB97UANXX:1:2105:4194:45033/1	R1	-	+	-	+	0.000000	0.000000
ERR2061619.25483811 7001289F:109:CB97UANXX:1:2315:10956:52375/1	R1	-	+	-	+	0.234375	0.234375
ERR2061619.25543533 7001289F:109:CB97UANXX:1:2209:6743:23232/1	R1	+	-	+	-	0.433628	0.433628
ERR2061619.25626198 7001289F:109:CB97UANXX:1:1213:13149:87331/1	R1	-	+	-	+	0.000000	0.000000
ERR2061619.25691418 7001289F:109:CB97UANXX:1:1215:17363:24538/1	R1	-	+	-	+	0.000000	0.000000
ERR2061619.25974362 7001289F:109:CB97UANXX:1:2205:7582:44461/1	R1	+	-	+	-	0.387755	0.387755
ERR2061619.26099166 7001289F:103:C9WFLANXX:3:2315:14239:36056/1	R1	-	+	-	+	0.000000	0.000000
ERR2061619.26135414 7001289F:109:CB97UANXX:1:1307:16977:91114/1	R1	-	+	-	+	0.000000	0.000000
ERR2061619.26332865 7001289F:109:CB97UANXX:1:1213:2274:54173/1	R1	-	+	-	+	0.000000	0.000000
ERR2061619.26346284 7001289F:103:C9WFLANXX:4:2316:4547:6675/1	R1	+	-	+	-	0.878505	0.878505
ERR2061619.26411112 7001289F:109:CB97UANXX:1:1205:7251:7821/1	R1	+	-	+	-	0.891892	0.891892
ERR2061619.26465551 7001289F:103:C9WFLANXX:4:2209:20533:50676/1	R1	-	+	-	+	0.000000	0.000000
ERR2061619.26638416 7001289F:103:C9WFLANXX:3:1310:19587:87607/1	R1	-	+	-	+	0.400000	0.400000
ERR2061619.26807612 7001289F:109:CB97UANXX:1:1312:7728:48706/1	R1	-	+	-	+	0.444444	0.444444
ERR2061619.26915022 7001289F:103:C9WFLANXX:3:1106:1807:39508/1	R1	-	+	-	+	0.904762	0.904762
ERR2061619.27394846 7001289F:103:C9WFLANXX:4:2310:12120:61397/1	R1	+	-	+	-	0.000000	0.000000
ERR2061619.27426987 7001289F:103:C9WFLANXX:4:2302:15108:3827/1	R1	-	+	-	+	0.000000	0.000000
ERR2061619.27833143 7001289F:103:C9WFLANXX:4:1107:9921:70043/1	R1	-	+	-	+	0.444444	0.444444
ERR2061619.27847769 7001289F:103:C9WFLANXX:4:1108:5350:64712/1	R1	-	+	-	+	0.904762	0.904762
ERR2061619.28294388 7001289F:109:CB97UANXX:1:2109:11680:22711/1	R1	-	+	-	+	0.857143	0.857143
ERR2061619.28459765 7001289F:109:CB97UANXX:1:2111:18756:92976/1	R1	+	-	+	-	0.584906	0.584906
ERR2061619.28620621 7001289F:109:CB97UANXX:1:2105:10087:49772/1	R1	-	+	-	+	0.480000	0.480000
ERR2061619.28854692 7001289F:109:CB97UANXX:1:1314:14219:9140/1	R1	-	+	-	+	0.352941	0.352941
ERR2061619.28945038 7001289F:109:CB97UANXX:1:1316:9374:24249/1	R1	-	+	-	+	0.904762	0.904762
ERR2061619.29081731 7001289F:109:CB97UANXX:1:1204:12827:99182/1	R1	-	+	-	+	0.375000	0.375000
ERR2061619.29150637 7001289F:109:CB97UANXX:1:1203:5971:86356/1	R1	-	+	-	+	0.791667	0.791667
ERR2061619.29416594 7001289F:109:CB97UANXX:1:2305:7432:8014/1	R1	-	+	-	+	0.500000	0.500000
ERR2061619.29480832 7001289F:109:CB97UANXX:1:1116:7480:79541/1	R1	-	+	-	+	0.387097	0.387097
