2024-12-27T11:09:44
ID	Read	R1_Forward	R1_Reverse	R2_Forward	R2_Reverse	R1_Penalty	R2_Penalty
ERR2061622.117916 7001289F:103:C9WFLANXX:4:2113:14111:99177/1	R1	-	+	-	+	0.000000	0.000000
ERR2061622.133218 7001289F:103:C9WFLANXX:4:1208:12689:90028/1	R1	-	+	-	+	0.600000	0.600000
ERR2061622.329042 7001289F:103:C9WFLANXX:4:2204:12601:94654/1	R1	-	+	-	+	0.777778	0.777778
ERR2061622.329746 7001289F:103:C9WFLANXX:4:1203:14388:90022/1	R1	-	+	-	+	0.366667	0.366667
ERR2061622.442145 7001289F:103:C9WFLANXX:4:2105:3957:25296/1	R1	-	+	-	+	0.904762	0.904762
ERR2061622.442721 7001289F:103:C9WFLANXX:3:2112:10885:31770/1	R1	-	+	-	+	0.950000	0.950000
ERR2061622.2383985 7001289F:103:C9WFLANXX:3:1109:3436:32289/1	R1	-	+	-	+	0.400000	0.400000
ERR2061622.2472670 7001289F:103:C9WFLANXX:3:2106:13815:22808/1	R1	-	+	-	+	0.736842	0.736842
ERR2061622.3142991 7001289F:103:C9WFLANXX:3:1211:8737:82850/1	R1	-	+	-	+	0.413793	0.413793
ERR2061622.3192797 7001289F:103:C9WFLANXX:4:1201:6732:35805/1	R1	+	-	+	-	0.500000	0.500000
ERR2061622.3199593 7001289F:103:C9WFLANXX:4:2103:14441:96953/1	R1	-	+	-	+	0.444444	0.444444
ERR2061622.3829218 7001289F:103:C9WFLANXX:3:2210:12046:71240/1	R1	-	+	-	+	0.461538	0.461538
ERR2061622.3831213 7001289F:103:C9WFLANXX:3:2208:9314:26866/1	R1	+	-	+	-	0.446429	0.446429
ERR2061622.3831216 7001289F:103:C9WFLANXX:4:2209:3407:36360/1	R1	+	-	+	-	0.446429	0.446429
ERR2061622.3831217 7001289F:103:C9WFLANXX:4:2103:10226:76252/1	R1	+	-	+	-	0.446429	0.446429
ERR2061622.3831218 7001289F:103:C9WFLANXX:4:2102:4804:86398/1	R1	+	-	+	-	0.047619	0.047619
ERR2061622.3831219 7001289F:103:C9WFLANXX:3:2213:12974:93831/1	R1	+	-	+	-	0.433628	0.433628
ERR2061622.3831223 7001289F:103:C9WFLANXX:4:2116:19474:34450/1	R1	+	-	+	-	0.446429	0.446429
ERR2061622.3831226 7001289F:103:C9WFLANXX:3:2316:2850:3559/1	R1	+	-	+	-	0.457944	0.457944
ERR2061622.3831227 7001289F:103:C9WFLANXX:3:2213:13444:35921/1	R1	+	-	+	-	0.000000	0.000000
ERR2061622.3831230 7001289F:103:C9WFLANXX:4:2216:5028:92571/1	R1	+	-	+	-	0.457944	0.457944
ERR2061622.3831231 7001289F:103:C9WFLANXX:4:2103:10159:36255/1	R1	+	-	+	-	0.560000	0.560000
ERR2061622.3831235 7001289F:103:C9WFLANXX:4:1202:13735:26866/1	R1	+	-	+	-	0.471698	0.471698
ERR2061622.3831240 7001289F:103:C9WFLANXX:3:1105:19104:35291/1	R1	+	-	+	-	0.678571	0.678571
ERR2061622.3831241 7001289F:103:C9WFLANXX:3:2311:13527:7738/1	R1	+	-	+	-	0.348624	0.348624
ERR2061622.3831242 7001289F:103:C9WFLANXX:3:2303:17851:15371/1	R1	+	-	+	-	0.302752	0.302752
ERR2061622.3831243 7001289F:103:C9WFLANXX:3:2214:11080:90107/1	R1	+	-	+	-	0.600000	0.600000
ERR2061622.3831244 7001289F:103:C9WFLANXX:3:2109:7472:24423/1	R1	+	-	+	-	0.000000	0.000000
ERR2061622.3831245 7001289F:103:C9WFLANXX:4:2314:17519:87838/1	R1	+	-	+	-	0.302752	0.302752
ERR2061622.3831246 7001289F:103:C9WFLANXX:4:2210:5748:17383/1	R1	+	-	+	-	0.000000	0.000000
ERR2061622.3831247 7001289F:103:C9WFLANXX:4:2210:13339:25054/1	R1	+	-	+	-	0.302752	0.302752
ERR2061622.3831249 7001289F:103:C9WFLANXX:4:1202:8529:46056/1	R1	+	-	+	-	0.320388	0.320388
ERR2061622.3831252 7001289F:103:C9WFLANXX:3:1101:9191:56332/1	R1	+	-	+	-	0.485149	0.485149
ERR2061622.3831256 7001289F:103:C9WFLANXX:3:1216:8293:28645/1	R1	-	+	-	+	0.342857	0.342857
ERR2061622.3831257 7001289F:103:C9WFLANXX:3:2304:16694:89459/1	R1	-	+	-	+	0.000000	0.000000
ERR2061622.3831259 7001289F:103:C9WFLANXX:4:1114:5972:43895/1	R1	+	-	+	-	0.457944	0.457944
ERR2061622.3831263 7001289F:103:C9WFLANXX:3:1303:11630:17938/1	R1	+	-	+	-	0.000000	0.000000
ERR2061622.3831266 7001289F:103:C9WFLANXX:3:2313:7680:86068/1	R1	-	+	-	+	0.000000	0.000000
ERR2061622.3831267 7001289F:103:C9WFLANXX:4:1315:18495:70258/1	R1	+	-	+	-	0.000000	0.000000
ERR2061622.3831269 7001289F:103:C9WFLANXX:3:2202:20318:6676/1	R1	+	-	+	-	0.000000	0.000000
ERR2061622.3831270 7001289F:103:C9WFLANXX:3:2110:6533:72618/1	R1	+	-	+	-	0.000000	0.000000
ERR2061622.3831271 7001289F:103:C9WFLANXX:3:2207:12981:49743/1	R1	-	+	-	+	0.000000	0.000000
ERR2061622.3831272 7001289F:103:C9WFLANXX:3:2213:9560:61461/1	R1	+	-	+	-	0.457944	0.457944
ERR2061622.3831273 7001289F:103:C9WFLANXX:3:2316:6429:46681/1	R1	-	+	-	+	0.000000	0.000000
ERR2061622.3831278 7001289F:103:C9WFLANXX:3:2110:9167:11572/1	R1	+	-	+	-	0.531915	0.531915
ERR2061622.3831279 7001289F:103:C9WFLANXX:4:2108:16727:15045/1	R1	-	+	-	+	0.000000	0.000000
ERR2061622.3831280 7001289F:103:C9WFLANXX:3:1307:18465:18701/1	R1	-	+	-	+	0.064815	0.064815
ERR2061622.3831285 7001289F:103:C9WFLANXX:3:2301:12293:91004/1	R1	-	+	-	+	0.067308	0.067308
ERR2061622.3831287 7001289F:103:C9WFLANXX:4:1204:6833:2171/1	R1	+	-	+	-	0.500000	0.500000
ERR2061622.3831291 7001289F:103:C9WFLANXX:3:1112:18215:76488/1	R1	+	-	+	-	0.558824	0.558824
ERR2061622.3831292 7001289F:103:C9WFLANXX:4:2211:14867:12244/1	R1	+	-	+	-	0.365385	0.365385
ERR2061622.3831295 7001289F:103:C9WFLANXX:4:2204:13735:76788/1	R1	-	+	-	+	0.000000	0.000000
ERR2061622.3831296 7001289F:103:C9WFLANXX:4:2103:13032:59305/1	R1	-	+	-	+	0.000000	0.000000
ERR2061622.3831297 7001289F:103:C9WFLANXX:3:1102:19133:42917/1	R1	+	-	+	-	0.678571	0.678571
ERR2061622.3831298 7001289F:103:C9WFLANXX:3:2205:20678:35388/1	R1	-	+	-	+	0.000000	0.000000
ERR2061622.3831299 7001289F:103:C9WFLANXX:3:2304:9286:17467/1	R1	+	-	+	-	0.417722	0.417722
ERR2061622.3831301 7001289F:103:C9WFLANXX:3:2313:6272:3720/1	R1	-	+	-	+	0.000000	0.000000
ERR2061622.3831304 7001289F:103:C9WFLANXX:4:2211:14431:95723/1	R1	-	+	-	+	0.000000	0.000000
ERR2061622.3831307 7001289F:103:C9WFLANXX:4:2105:20516:71548/1	R1	+	-	+	-	0.504673	0.504673
ERR2061622.3831313 7001289F:103:C9WFLANXX:3:2310:5154:91259/1	R1	+	-	+	-	0.892857	0.892857
ERR2061622.3831315 7001289F:103:C9WFLANXX:4:2306:15887:58892/1	R1	+	-	+	-	0.387755	0.387755
ERR2061622.3831316 7001289F:103:C9WFLANXX:4:2312:10389:48505/1	R1	+	-	+	-	0.543478	0.543478
ERR2061622.3831318 7001289F:103:C9WFLANXX:3:2307:7823:21453/1	R1	+	-	+	-	0.417722	0.417722
ERR2061622.3831319 7001289F:103:C9WFLANXX:3:1110:14353:94682/1	R1	+	-	+	-	0.634615	0.634615
ERR2061622.3831320 7001289F:103:C9WFLANXX:3:1114:14044:65432/1	R1	+	-	+	-	0.320388	0.320388
ERR2061622.3831322 7001289F:103:C9WFLANXX:3:2203:4870:14180/1	R1	+	-	+	-	0.446429	0.446429
ERR2061622.3831323 7001289F:103:C9WFLANXX:4:2311:1751:33554/1	R1	-	+	-	+	0.000000	0.000000
ERR2061622.3831325 7001289F:103:C9WFLANXX:4:2211:5036:83924/1	R1	+	-	+	-	0.441860	0.441860
ERR2061622.3831326 7001289F:103:C9WFLANXX:4:2210:12691:80844/1	R1	+	-	+	-	0.345455	0.345455
ERR2061622.3831327 7001289F:103:C9WFLANXX:4:2107:14736:14756/1	R1	+	-	+	-	0.345455	0.345455
ERR2061622.3831331 7001289F:103:C9WFLANXX:3:1108:12465:54809/1	R1	+	-	+	-	0.345455	0.345455
ERR2061622.3831332 7001289F:103:C9WFLANXX:4:2208:17139:34599/1	R1	+	-	+	-	0.345455	0.345455
ERR2061622.3831333 7001289F:103:C9WFLANXX:3:1105:12639:74449/1	R1	+	-	+	-	0.362637	0.362637
ERR2061622.3831334 7001289F:103:C9WFLANXX:3:2115:9680:58448/1	R1	+	-	+	-	0.302752	0.302752
ERR2061622.3831335 7001289F:103:C9WFLANXX:4:2215:12447:69371/1	R1	+	-	+	-	0.302752	0.302752
ERR2061622.3831336 7001289F:103:C9WFLANXX:4:2212:14183:60302/1	R1	+	-	+	-	0.759259	0.759259
ERR2061622.3831338 7001289F:103:C9WFLANXX:3:2209:20028:30076/1	R1	-	+	-	+	0.000000	0.000000
ERR2061622.3831340 7001289F:103:C9WFLANXX:3:1206:18118:7755/1	R1	+	-	+	-	0.000000	0.000000
ERR2061622.3831342 7001289F:103:C9WFLANXX:3:1113:6966:49673/1	R1	+	-	+	-	0.000000	0.000000
ERR2061622.3831344 7001289F:103:C9WFLANXX:4:2314:10291:98438/1	R1	+	-	+	-	0.495327	0.495327
ERR2061622.3831346 7001289F:103:C9WFLANXX:3:2303:17393:54504/1	R1	-	+	-	+	0.000000	0.000000
ERR2061622.3831349 7001289F:103:C9WFLANXX:3:2111:18462:32999/1	R1	+	-	+	-	0.457944	0.457944
ERR2061622.3831350 7001289F:103:C9WFLANXX:3:2101:18404:51887/1	R1	+	-	+	-	0.759259	0.759259
ERR2061622.3831351 7001289F:103:C9WFLANXX:3:1302:1811:81781/1	R1	+	-	+	-	0.457944	0.457944
ERR2061622.3831354 7001289F:103:C9WFLANXX:3:1203:7651:90108/1	R1	+	-	+	-	0.457944	0.457944
ERR2061622.3831355 7001289F:103:C9WFLANXX:3:1201:14739:10009/1	R1	+	-	+	-	0.457944	0.457944
ERR2061622.3831356 7001289F:103:C9WFLANXX:3:1216:10435:85745/1	R1	+	-	+	-	0.457944	0.457944
ERR2061622.3831363 7001289F:103:C9WFLANXX:4:2303:20707:56325/1	R1	+	-	+	-	0.446429	0.446429
ERR2061622.3831364 7001289F:103:C9WFLANXX:4:2215:10228:9537/1	R1	+	-	+	-	0.500000	0.500000
ERR2061622.3831368 7001289F:103:C9WFLANXX:4:1201:18498:35448/1	R1	+	-	+	-	0.471698	0.471698
ERR2061622.3831369 7001289F:103:C9WFLANXX:4:1201:3751:39795/1	R1	+	-	+	-	0.775701	0.775701
ERR2061622.3831370 7001289F:103:C9WFLANXX:4:1212:15555:53963/1	R1	+	-	+	-	0.446429	0.446429
ERR2061622.3831371 7001289F:103:C9WFLANXX:3:2205:7211:71451/1	R1	-	+	-	+	0.000000	0.000000
ERR2061622.3831372 7001289F:103:C9WFLANXX:4:1316:13945:85131/1	R1	-	+	-	+	0.000000	0.000000
ERR2061622.3831374 7001289F:103:C9WFLANXX:4:1109:2527:55846/1	R1	+	-	+	-	0.320388	0.320388
ERR2061622.3831375 7001289F:103:C9WFLANXX:3:2215:11980:50443/1	R1	+	-	+	-	0.000000	0.000000
ERR2061622.3831376 7001289F:103:C9WFLANXX:4:1215:2287:21135/1	R1	+	-	+	-	0.690141	0.690141
ERR2061622.3831379 7001289F:103:C9WFLANXX:4:1105:1439:52088/1	R1	-	+	-	+	0.000000	0.000000
ERR2061622.3831380 7001289F:103:C9WFLANXX:3:1104:4942:88988/1	R1	+	-	+	-	0.815789	0.815789
ERR2061622.3831383 7001289F:103:C9WFLANXX:4:2114:17461:36146/1	R1	+	-	+	-	0.000000	0.000000
ERR2061622.3831384 7001289F:103:C9WFLANXX:3:1104:14797:34227/1	R1	+	-	+	-	0.612903	0.612903
ERR2061622.3831386 7001289F:103:C9WFLANXX:3:1204:3670:37590/1	R1	+	-	+	-	0.475000	0.475000
ERR2061622.3831388 7001289F:103:C9WFLANXX:4:1311:17484:85039/1	R1	+	-	+	-	0.000000	0.000000
ERR2061622.3831389 7001289F:103:C9WFLANXX:3:2207:7707:64646/1	R1	+	-	+	-	0.000000	0.000000
ERR2061622.3831393 7001289F:103:C9WFLANXX:4:2216:3840:41565/1	R1	+	-	+	-	0.000000	0.000000
ERR2061622.3831397 7001289F:103:C9WFLANXX:3:2101:1370:34497/1	R1	+	-	+	-	0.831776	0.831776
ERR2061622.3831400 7001289F:103:C9WFLANXX:4:2207:3861:32845/1	R1	+	-	+	-	0.830508	0.830508
ERR2061622.3831402 7001289F:103:C9WFLANXX:4:2211:12797:75468/1	R1	-	+	-	+	0.000000	0.000000
ERR2061622.3831405 7001289F:103:C9WFLANXX:4:2115:21092:38790/1	R1	+	-	+	-	0.924528	0.924528
ERR2061622.3831406 7001289F:103:C9WFLANXX:4:2112:13951:6249/1	R1	+	-	+	-	0.673469	0.673469
ERR2061622.3831407 7001289F:103:C9WFLANXX:3:1306:17207:29901/1	R1	+	-	+	-	0.000000	0.000000
ERR2061622.4134367 7001289F:103:C9WFLANXX:4:2306:9823:50309/1	R1	-	+	-	+	0.872340	0.872340
ERR2061622.4218801 7001289F:103:C9WFLANXX:3:1207:21035:65963/1	R1	+	-	+	-	0.924528	0.924528
ERR2061622.4267729 7001289F:103:C9WFLANXX:3:2203:19990:94844/1	R1	+	-	+	-	0.485149	0.485149
ERR2061622.5081628 7001289F:103:C9WFLANXX:4:2310:2209:26648/1	R1	-	+	-	+	0.000000	0.000000
ERR2061622.6031228 7001289F:103:C9WFLANXX:3:2316:11381:90412/1	R1	-	+	-	+	0.000000	0.000000
ERR2061622.6321492 7001289F:103:C9WFLANXX:3:2208:15270:96144/1	R1	-	+	-	+	0.962963	0.962963
ERR2061622.6641964 7001289F:103:C9WFLANXX:3:1307:16298:33163/1	R1	+	-	+	-	0.400000	0.400000
ERR2061622.6648797 7001289F:103:C9WFLANXX:4:1311:18136:36126/1	R1	+	-	+	-	0.885714	0.885714
ERR2061622.7059544 7001289F:103:C9WFLANXX:4:2205:8987:47701/1	R1	+	-	+	-	0.365385	0.365385
ERR2061622.7305184 7001289F:103:C9WFLANXX:4:2209:14240:5536/1	R1	-	+	-	+	0.526316	0.526316
ERR2061622.7894514 7001289F:103:C9WFLANXX:4:1302:12478:35845/1	R1	-	+	-	+	0.692308	0.692308
ERR2061622.8129338 7001289F:103:C9WFLANXX:4:2215:11675:26655/1	R1	-	+	-	+	0.750000	0.750000
ERR2061622.8223530 7001289F:103:C9WFLANXX:4:2313:19825:72637/1	R1	+	-	+	-	0.302752	0.302752
ERR2061622.8223531 7001289F:103:C9WFLANXX:4:2312:7051:30323/1	R1	+	-	+	-	0.938462	0.938462
ERR2061622.8223535 7001289F:103:C9WFLANXX:3:1312:7898:60754/1	R1	-	+	-	+	0.551402	0.551402
ERR2061622.8223541 7001289F:103:C9WFLANXX:3:2302:11116:57085/1	R1	+	-	+	-	0.320388	0.320388
ERR2061622.8223546 7001289F:103:C9WFLANXX:3:2101:6382:23183/1	R1	+	-	+	-	0.600000	0.600000
ERR2061622.8223548 7001289F:103:C9WFLANXX:3:1311:20960:34620/1	R1	+	-	+	-	0.000000	0.000000
ERR2061622.8223552 7001289F:103:C9WFLANXX:3:1306:19977:49566/1	R1	+	-	+	-	0.362637	0.362637
ERR2061622.8223553 7001289F:103:C9WFLANXX:3:1211:6338:45616/1	R1	+	-	+	-	0.714286	0.714286
ERR2061622.8223555 7001289F:103:C9WFLANXX:3:1209:15555:40075/1	R1	+	-	+	-	0.388235	0.388235
ERR2061622.8223556 7001289F:103:C9WFLANXX:3:1316:8288:68693/1	R1	+	-	+	-	0.000000	0.000000
ERR2061622.8223558 7001289F:103:C9WFLANXX:3:1201:7628:60110/1	R1	+	-	+	-	0.362637	0.362637
ERR2061622.8223559 7001289F:103:C9WFLANXX:3:1308:4608:41642/1	R1	+	-	+	-	0.000000	0.000000
ERR2061622.8223564 7001289F:103:C9WFLANXX:4:2206:10764:87590/1	R1	+	-	+	-	0.000000	0.000000
ERR2061622.8223571 7001289F:103:C9WFLANXX:4:1315:11918:58423/1	R1	+	-	+	-	0.617978	0.617978
ERR2061622.8223573 7001289F:103:C9WFLANXX:4:1211:19321:9877/1	R1	+	-	+	-	0.000000	0.000000
ERR2061622.8223574 7001289F:103:C9WFLANXX:4:2104:13209:34837/1	R1	+	-	+	-	0.531915	0.531915
ERR2061622.8223575 7001289F:103:C9WFLANXX:4:1316:5020:29940/1	R1	+	-	+	-	0.475000	0.475000
ERR2061622.8223579 7001289F:103:C9WFLANXX:4:1304:13114:78104/1	R1	+	-	+	-	0.500000	0.500000
ERR2061622.8223586 7001289F:103:C9WFLANXX:4:1107:13955:76871/1	R1	+	-	+	-	0.609756	0.609756
ERR2061622.8223588 7001289F:103:C9WFLANXX:3:1311:10941:31527/1	R1	-	+	-	+	0.000000	0.000000
ERR2061622.8223590 7001289F:103:C9WFLANXX:3:1201:15222:36239/1	R1	+	-	+	-	0.863636	0.863636
ERR2061622.8223591 7001289F:103:C9WFLANXX:3:1304:4114:62538/1	R1	-	+	-	+	0.350000	0.350000
ERR2061622.8223593 7001289F:103:C9WFLANXX:4:2112:8499:96987/1	R1	+	-	+	-	0.362637	0.362637
ERR2061622.8223594 7001289F:103:C9WFLANXX:3:2110:16663:53416/1	R1	+	-	+	-	0.302752	0.302752
ERR2061622.8223595 7001289F:103:C9WFLANXX:3:2208:5688:77908/1	R1	+	-	+	-	0.000000	0.000000
ERR2061622.8223596 7001289F:103:C9WFLANXX:3:2105:12040:3563/1	R1	+	-	+	-	0.000000	0.000000
ERR2061622.8223598 7001289F:103:C9WFLANXX:4:1311:5254:71810/1	R1	+	-	+	-	0.485149	0.485149
ERR2061622.8223599 7001289F:103:C9WFLANXX:3:2116:1982:57723/1	R1	+	-	+	-	0.000000	0.000000
ERR2061622.8223600 7001289F:103:C9WFLANXX:4:1116:19175:35588/1	R1	+	-	+	-	0.862069	0.862069
ERR2061622.8223605 7001289F:103:C9WFLANXX:4:2310:3339:61662/1	R1	+	-	+	-	0.387755	0.387755
ERR2061622.8223607 7001289F:103:C9WFLANXX:4:2105:15877:54833/1	R1	+	-	+	-	0.446429	0.446429
ERR2061622.8223608 7001289F:103:C9WFLANXX:4:2112:6436:33348/1	R1	+	-	+	-	0.446429	0.446429
ERR2061622.8223610 7001289F:103:C9WFLANXX:4:1203:16157:85334/1	R1	+	-	+	-	0.446429	0.446429
ERR2061622.8223612 7001289F:103:C9WFLANXX:3:2311:8465:88802/1	R1	+	-	+	-	0.446429	0.446429
ERR2061622.8223614 7001289F:103:C9WFLANXX:3:2301:11052:41674/1	R1	+	-	+	-	0.000000	0.000000
ERR2061622.8223615 7001289F:103:C9WFLANXX:3:1204:2706:5508/1	R1	+	-	+	-	0.345455	0.345455
ERR2061622.8223618 7001289F:103:C9WFLANXX:4:2116:8436:94321/1	R1	+	-	+	-	0.433628	0.433628
ERR2061622.8223619 7001289F:103:C9WFLANXX:3:2108:13477:28064/1	R1	-	+	-	+	0.054054	0.054054
ERR2061622.8223620 7001289F:103:C9WFLANXX:3:1104:9506:59969/1	R1	+	-	+	-	0.471698	0.471698
ERR2061622.8223623 7001289F:103:C9WFLANXX:3:2202:19925:57760/1	R1	+	-	+	-	0.457944	0.457944
ERR2061622.8223625 7001289F:103:C9WFLANXX:3:1301:12176:28549/1	R1	+	-	+	-	0.000000	0.000000
ERR2061622.8223627 7001289F:103:C9WFLANXX:3:1113:4529:74241/1	R1	+	-	+	-	0.457944	0.457944
ERR2061622.8223628 7001289F:103:C9WFLANXX:4:2308:19104:40528/1	R1	+	-	+	-	0.000000	0.000000
ERR2061622.8223630 7001289F:103:C9WFLANXX:4:2111:15734:40753/1	R1	+	-	+	-	0.000000	0.000000
ERR2061622.8223631 7001289F:103:C9WFLANXX:4:2114:10898:95898/1	R1	+	-	+	-	0.000000	0.000000
ERR2061622.8223633 7001289F:103:C9WFLANXX:4:2108:7694:87904/1	R1	+	-	+	-	0.000000	0.000000
ERR2061622.8223637 7001289F:103:C9WFLANXX:4:1102:11098:98919/1	R1	+	-	+	-	0.471698	0.471698
ERR2061622.8223638 7001289F:103:C9WFLANXX:3:1101:10966:58203/1	R1	-	+	-	+	0.230769	0.230769
ERR2061622.8223641 7001289F:103:C9WFLANXX:3:1208:8667:13424/1	R1	+	-	+	-	0.302752	0.302752
ERR2061622.8223644 7001289F:103:C9WFLANXX:3:2214:20965:60159/1	R1	+	-	+	-	0.600000	0.600000
ERR2061622.8223645 7001289F:103:C9WFLANXX:3:2201:20888:2892/1	R1	+	-	+	-	0.000000	0.000000
ERR2061622.8223648 7001289F:103:C9WFLANXX:4:2204:16446:23439/1	R1	+	-	+	-	0.302752	0.302752
ERR2061622.8223654 7001289F:103:C9WFLANXX:4:1208:17243:48039/1	R1	+	-	+	-	0.000000	0.000000
ERR2061622.8223660 7001289F:103:C9WFLANXX:3:1214:13833:53753/1	R1	+	-	+	-	0.457944	0.457944
ERR2061622.8223661 7001289F:103:C9WFLANXX:3:2306:16162:81787/1	R1	+	-	+	-	0.600000	0.600000
ERR2061622.8223662 7001289F:103:C9WFLANXX:3:1112:7649:86444/1	R1	+	-	+	-	0.387755	0.387755
ERR2061622.8223663 7001289F:103:C9WFLANXX:4:2113:5537:33075/1	R1	+	-	+	-	0.500000	0.500000
ERR2061622.8223668 7001289F:103:C9WFLANXX:3:2315:5304:64358/1	R1	-	+	-	+	0.033058	0.033058
ERR2061622.8223669 7001289F:103:C9WFLANXX:4:2208:17640:90738/1	R1	-	+	-	+	0.040984	0.040984
ERR2061622.8223670 7001289F:103:C9WFLANXX:3:2314:6251:2676/1	R1	+	-	+	-	0.000000	0.000000
ERR2061622.8223671 7001289F:103:C9WFLANXX:3:1102:7777:31731/1	R1	-	+	-	+	0.095238	0.095238
ERR2061622.8223672 7001289F:103:C9WFLANXX:3:2303:14671:5480/1	R1	-	+	-	+	0.000000	0.000000
ERR2061622.8223673 7001289F:103:C9WFLANXX:3:1216:13443:18733/1	R1	+	-	+	-	0.302752	0.302752
ERR2061622.8223675 7001289F:103:C9WFLANXX:4:2201:19152:98274/1	R1	-	+	-	+	0.128713	0.128713
ERR2061622.8223676 7001289F:103:C9WFLANXX:4:1310:10255:42676/1	R1	+	-	+	-	0.575472	0.575472
ERR2061622.8223680 7001289F:103:C9WFLANXX:3:1115:6954:47959/1	R1	-	+	-	+	0.100000	0.100000
ERR2061622.8223681 7001289F:103:C9WFLANXX:4:2202:16627:53503/1	R1	+	-	+	-	0.417722	0.417722
ERR2061622.8223682 7001289F:103:C9WFLANXX:4:2116:20097:50902/1	R1	-	+	-	+	0.000000	0.000000
ERR2061622.8223684 7001289F:103:C9WFLANXX:3:2114:9171:76495/1	R1	-	+	-	+	0.000000	0.000000
ERR2061622.8223685 7001289F:103:C9WFLANXX:4:1102:14679:54725/1	R1	+	-	+	-	0.961538	0.961538
ERR2061622.8223687 7001289F:103:C9WFLANXX:4:2308:12493:93611/1	R1	+	-	+	-	0.452055	0.452055
ERR2061622.8223689 7001289F:103:C9WFLANXX:4:2205:19422:78542/1	R1	+	-	+	-	0.821782	0.821782
ERR2061622.8223691 7001289F:103:C9WFLANXX:3:2313:2603:16863/1	R1	-	+	-	+	0.000000	0.000000
ERR2061622.8223693 7001289F:103:C9WFLANXX:4:1303:10706:34913/1	R1	+	-	+	-	0.690141	0.690141
ERR2061622.8223694 7001289F:103:C9WFLANXX:4:1101:16850:91137/1	R1	+	-	+	-	0.000000	0.000000
ERR2061622.8223695 7001289F:103:C9WFLANXX:3:2212:16284:6685/1	R1	-	+	-	+	0.000000	0.000000
ERR2061622.8223698 7001289F:103:C9WFLANXX:4:2315:18573:15042/1	R1	-	+	-	+	0.000000	0.000000
ERR2061622.8223699 7001289F:103:C9WFLANXX:3:2201:20029:43396/1	R1	+	-	+	-	0.000000	0.000000
ERR2061622.8223700 7001289F:103:C9WFLANXX:3:2111:17424:57508/1	R1	+	-	+	-	0.000000	0.000000
ERR2061622.8223702 7001289F:103:C9WFLANXX:3:2311:13243:68252/1	R1	-	+	-	+	0.058824	0.058824
ERR2061622.8223704 7001289F:103:C9WFLANXX:3:2313:13186:71818/1	R1	-	+	-	+	0.720721	0.720721
ERR2061622.8223705 7001289F:103:C9WFLANXX:3:2212:17896:25428/1	R1	-	+	-	+	0.000000	0.000000
ERR2061622.8223709 7001289F:103:C9WFLANXX:3:2211:9567:4423/1	R1	-	+	-	+	0.000000	0.000000
ERR2061622.8223714 7001289F:103:C9WFLANXX:4:1105:2858:81167/1	R1	+	-	+	-	0.457944	0.457944
ERR2061622.8223716 7001289F:103:C9WFLANXX:3:2116:15444:70958/1	R1	+	-	+	-	0.000000	0.000000
ERR2061622.8223717 7001289F:103:C9WFLANXX:4:1209:12360:91854/1	R1	-	+	-	+	0.444444	0.444444
ERR2061622.8223718 7001289F:103:C9WFLANXX:4:2112:2679:49551/1	R1	+	-	+	-	0.362637	0.362637
ERR2061622.8223720 7001289F:103:C9WFLANXX:4:2216:12942:47546/1	R1	+	-	+	-	0.000000	0.000000
ERR2061622.8223725 7001289F:103:C9WFLANXX:4:1114:3107:13234/1	R1	-	+	-	+	0.000000	0.000000
ERR2061622.8223726 7001289F:103:C9WFLANXX:4:1307:18792:75002/1	R1	-	+	-	+	0.000000	0.000000
ERR2061622.8223730 7001289F:103:C9WFLANXX:4:1304:14296:50974/1	R1	-	+	-	+	0.350000	0.350000
ERR2061622.8223731 7001289F:103:C9WFLANXX:4:2111:18472:53451/1	R1	+	-	+	-	0.657895	0.657895
ERR2061622.8223739 7001289F:103:C9WFLANXX:3:1310:6240:71276/1	R1	-	+	-	+	0.000000	0.000000
ERR2061622.8223746 7001289F:103:C9WFLANXX:3:2304:8146:11631/1	R1	+	-	+	-	0.000000	0.000000
ERR2061622.8223748 7001289F:103:C9WFLANXX:4:1203:7585:79776/1	R1	+	-	+	-	0.000000	0.000000
ERR2061622.8223751 7001289F:103:C9WFLANXX:4:2211:9760:99034/1	R1	+	-	+	-	0.433628	0.433628
ERR2061622.8223758 7001289F:103:C9WFLANXX:3:1308:7284:69874/1	R1	+	-	+	-	0.446429	0.446429
ERR2061622.8223759 7001289F:103:C9WFLANXX:3:1111:16403:13729/1	R1	+	-	+	-	0.446429	0.446429
ERR2061622.8223760 7001289F:103:C9WFLANXX:4:2308:8197:54408/1	R1	+	-	+	-	0.491071	0.491071
ERR2061622.8223766 7001289F:103:C9WFLANXX:3:2307:10057:59242/1	R1	-	+	-	+	0.000000	0.000000
ERR2061622.8223767 7001289F:103:C9WFLANXX:4:2101:6767:86788/1	R1	-	+	-	+	0.000000	0.000000
ERR2061622.8223768 7001289F:103:C9WFLANXX:3:1301:18123:96650/1	R1	+	-	+	-	0.000000	0.000000
ERR2061622.8223777 7001289F:103:C9WFLANXX:3:1108:13267:66913/1	R1	-	+	-	+	0.000000	0.000000
ERR2061622.8223778 7001289F:103:C9WFLANXX:3:1113:19877:84224/1	R1	-	+	-	+	0.000000	0.000000
ERR2061622.8223779 7001289F:103:C9WFLANXX:4:2114:4334:44490/1	R1	+	-	+	-	0.619048	0.619048
ERR2061622.8223783 7001289F:103:C9WFLANXX:3:1216:19110:51529/1	R1	+	-	+	-	0.302752	0.302752
ERR2061622.8223784 7001289F:103:C9WFLANXX:4:2115:12755:48872/1	R1	+	-	+	-	0.302752	0.302752
ERR2061622.8223785 7001289F:103:C9WFLANXX:4:2314:17812:46673/1	R1	-	+	-	+	0.512605	0.512605
ERR2061622.8223786 7001289F:103:C9WFLANXX:3:2309:14524:37915/1	R1	+	-	+	-	0.000000	0.000000
ERR2061622.8223787 7001289F:103:C9WFLANXX:3:2116:9936:95679/1	R1	+	-	+	-	0.000000	0.000000
ERR2061622.8223789 7001289F:103:C9WFLANXX:4:1303:19524:64013/1	R1	+	-	+	-	0.000000	0.000000
ERR2061622.8223791 7001289F:103:C9WFLANXX:3:2316:1563:94572/1	R1	+	-	+	-	0.485149	0.485149
ERR2061622.8223792 7001289F:103:C9WFLANXX:3:1309:1664:97120/1	R1	+	-	+	-	0.457944	0.457944
ERR2061622.8223793 7001289F:103:C9WFLANXX:4:2309:8345:13958/1	R1	+	-	+	-	0.457944	0.457944
ERR2061622.8223796 7001289F:103:C9WFLANXX:4:1304:7078:36306/1	R1	+	-	+	-	0.446429	0.446429
ERR2061622.8223797 7001289F:103:C9WFLANXX:3:2314:8717:68160/1	R1	+	-	+	-	0.471698	0.471698
ERR2061622.8223798 7001289F:103:C9WFLANXX:4:2205:5283:77830/1	R1	+	-	+	-	0.471698	0.471698
ERR2061622.8223799 7001289F:103:C9WFLANXX:4:2116:11152:57074/1	R1	+	-	+	-	0.446429	0.446429
ERR2061622.8223801 7001289F:103:C9WFLANXX:3:2313:20504:44563/1	R1	-	+	-	+	0.000000	0.000000
ERR2061622.8223807 7001289F:103:C9WFLANXX:4:1214:19567:30372/1	R1	+	-	+	-	0.000000	0.000000
ERR2061622.8223810 7001289F:103:C9WFLANXX:4:2107:14280:20183/1	R1	+	-	+	-	0.471698	0.471698
ERR2061622.8223811 7001289F:103:C9WFLANXX:4:2306:11590:28442/1	R1	-	+	-	+	0.000000	0.000000
ERR2061622.8223813 7001289F:103:C9WFLANXX:4:2216:13382:52033/1	R1	+	-	+	-	0.000000	0.000000
ERR2061622.8223814 7001289F:103:C9WFLANXX:3:1311:2877:25610/1	R1	+	-	+	-	0.302752	0.302752
ERR2061622.8223816 7001289F:103:C9WFLANXX:4:1311:20220:57448/1	R1	+	-	+	-	0.485149	0.485149
ERR2061622.8223818 7001289F:103:C9WFLANXX:3:1301:16878:6107/1	R1	+	-	+	-	0.387755	0.387755
ERR2061622.8223819 7001289F:103:C9WFLANXX:4:2110:9298:11646/1	R1	+	-	+	-	0.500000	0.500000
ERR2061622.8223820 7001289F:103:C9WFLANXX:3:2111:9633:24672/1	R1	+	-	+	-	0.000000	0.000000
ERR2061622.8223821 7001289F:103:C9WFLANXX:3:2116:19555:76309/1	R1	+	-	+	-	0.302752	0.302752
ERR2061622.8223823 7001289F:103:C9WFLANXX:3:1309:9808:89940/1	R1	+	-	+	-	0.515789	0.515789
ERR2061622.8223826 7001289F:103:C9WFLANXX:3:2206:14669:90611/1	R1	+	-	+	-	0.590361	0.590361
ERR2061622.8223828 7001289F:103:C9WFLANXX:3:2102:18080:63362/1	R1	-	+	-	+	0.453333	0.453333
ERR2061622.8223829 7001289F:103:C9WFLANXX:3:1310:7191:93331/1	R1	-	+	-	+	0.000000	0.000000
ERR2061622.8223832 7001289F:103:C9WFLANXX:3:1307:13254:30379/1	R1	-	+	-	+	0.333333	0.333333
ERR2061622.8223833 7001289F:103:C9WFLANXX:3:2314:3954:73546/1	R1	+	-	+	-	0.657895	0.657895
ERR2061622.8223834 7001289F:103:C9WFLANXX:4:2316:8551:42991/1	R1	+	-	+	-	0.657895	0.657895
ERR2061622.8223835 7001289F:103:C9WFLANXX:3:1212:6228:40034/1	R1	-	+	-	+	0.000000	0.000000
ERR2061622.8223837 7001289F:103:C9WFLANXX:3:2207:18540:74356/1	R1	+	-	+	-	0.968750	0.968750
ERR2061622.8223838 7001289F:103:C9WFLANXX:3:1309:19912:95048/1	R1	-	+	-	+	0.285714	0.285714
ERR2061622.8223839 7001289F:103:C9WFLANXX:3:1316:4991:11017/1	R1	-	+	-	+	0.000000	0.000000
ERR2061622.8223842 7001289F:103:C9WFLANXX:4:2103:20491:43730/1	R1	+	-	+	-	0.388235	0.388235
ERR2061622.8223843 7001289F:103:C9WFLANXX:4:2314:12812:96317/1	R1	+	-	+	-	0.714286	0.714286
ERR2061622.8223846 7001289F:103:C9WFLANXX:4:2316:17274:12990/1	R1	+	-	+	-	0.558824	0.558824
ERR2061622.8223848 7001289F:103:C9WFLANXX:3:1105:15729:95275/1	R1	+	-	+	-	0.492537	0.492537
ERR2061622.8223850 7001289F:103:C9WFLANXX:3:2113:14917:32163/1	R1	-	+	-	+	0.119403	0.119403
ERR2061622.8223851 7001289F:103:C9WFLANXX:4:1215:8602:8952/1	R1	+	-	+	-	0.781250	0.781250
ERR2061622.8223852 7001289F:103:C9WFLANXX:4:1302:19113:90117/1	R1	+	-	+	-	0.612903	0.612903
ERR2061622.8223857 7001289F:103:C9WFLANXX:4:2112:6565:86749/1	R1	+	-	+	-	0.600000	0.600000
ERR2061622.8223861 7001289F:103:C9WFLANXX:3:1113:6391:44813/1	R1	-	+	-	+	0.000000	0.000000
ERR2061622.8223865 7001289F:103:C9WFLANXX:4:2216:9084:12260/1	R1	-	+	-	+	0.166667	0.166667
ERR2061622.8223867 7001289F:103:C9WFLANXX:3:1305:15909:93003/1	R1	-	+	-	+	0.000000	0.000000
ERR2061622.8223868 7001289F:103:C9WFLANXX:3:1303:14322:26330/1	R1	-	+	-	+	0.000000	0.000000
ERR2061622.8223870 7001289F:103:C9WFLANXX:4:2209:20472:100570/1	R1	+	-	+	-	0.446429	0.446429
ERR2061622.8250537 7001289F:103:C9WFLANXX:4:1310:5743:89708/1	R1	+	-	+	-	0.345455	0.345455
ERR2061622.8356466 7001289F:103:C9WFLANXX:4:2308:7466:23172/1	R1	+	-	+	-	0.413043	0.413043
ERR2061622.8864472 7001289F:103:C9WFLANXX:4:2112:4611:28778/1	R1	+	-	+	-	0.600000	0.600000
ERR2061622.9072786 7001289F:103:C9WFLANXX:4:2101:4140:9246/1	R1	+	-	+	-	0.558824	0.558824
ERR2061622.9542815 7001289F:103:C9WFLANXX:4:1216:3796:75657/1	R1	-	+	-	+	0.000000	0.000000
ERR2061622.9565908 7001289F:103:C9WFLANXX:3:1315:5904:37661/1	R1	-	+	-	+	0.000000	0.000000
ERR2061622.9607589 7001289F:103:C9WFLANXX:3:1203:6236:16546/1	R1	-	+	-	+	0.950000	0.950000
ERR2061622.9707099 7001289F:103:C9WFLANXX:4:2301:12294:54398/1	R1	+	-	+	-	0.000000	0.000000
ERR2061622.9746940 7001289F:103:C9WFLANXX:3:1208:9465:54529/1	R1	-	+	-	+	0.000000	0.000000
ERR2061622.9799102 7001289F:103:C9WFLANXX:4:1214:17078:60718/1	R1	+	-	+	-	0.417722	0.417722
ERR2061622.9970625 7001289F:103:C9WFLANXX:4:2103:2506:46275/1	R1	+	-	+	-	0.000000	0.000000
ERR2061622.10047557 7001289F:103:C9WFLANXX:3:2101:17898:14278/1	R1	-	+	-	+	0.900826	0.900826
ERR2061622.10134375 7001289F:103:C9WFLANXX:4:2101:14460:47221/1	R1	-	+	-	+	0.000000	0.000000
ERR2061622.10807581 7001289F:103:C9WFLANXX:3:2212:6269:82912/1	R1	+	-	+	-	0.457944	0.457944
ERR2061622.10842369 7001289F:103:C9WFLANXX:3:1310:8506:56309/1	R1	+	-	+	-	0.000000	0.000000
ERR2061622.11251493 7001289F:103:C9WFLANXX:3:2306:18821:33270/1	R1	-	+	-	+	0.793388	0.793388
ERR2061622.11518133 7001289F:103:C9WFLANXX:3:2315:1334:39146/1	R1	+	-	+	-	0.320388	0.320388
ERR2061622.11685124 7001289F:103:C9WFLANXX:4:1312:6041:22275/1	R1	+	-	+	-	0.781250	0.781250
ERR2061622.11698344 7001289F:103:C9WFLANXX:4:1306:8278:42970/1	R1	+	-	+	-	0.000000	0.000000
ERR2061622.11698345 7001289F:103:C9WFLANXX:3:1104:19848:70382/1	R1	+	-	+	-	0.471698	0.471698
ERR2061622.11698348 7001289F:103:C9WFLANXX:3:1112:11394:94244/1	R1	+	-	+	-	0.478261	0.478261
ERR2061622.11698350 7001289F:103:C9WFLANXX:4:1308:9588:11640/1	R1	+	-	+	-	0.433628	0.433628
ERR2061622.11698351 7001289F:103:C9WFLANXX:4:1101:15203:96550/1	R1	-	+	-	+	0.000000	0.000000
ERR2061622.11698353 7001289F:103:C9WFLANXX:3:1104:20748:57101/1	R1	+	-	+	-	0.446429	0.446429
ERR2061622.11698356 7001289F:103:C9WFLANXX:3:1314:20322:70025/1	R1	+	-	+	-	0.365385	0.365385
ERR2061622.11698358 7001289F:103:C9WFLANXX:3:1109:6115:35735/1	R1	+	-	+	-	0.446429	0.446429
ERR2061622.11698359 7001289F:103:C9WFLANXX:4:2302:16922:48638/1	R1	+	-	+	-	0.446429	0.446429
ERR2061622.11698364 7001289F:103:C9WFLANXX:4:2308:19410:26523/1	R1	+	-	+	-	0.000000	0.000000
ERR2061622.11698366 7001289F:103:C9WFLANXX:4:1316:16720:88812/1	R1	+	-	+	-	0.492537	0.492537
ERR2061622.11698367 7001289F:103:C9WFLANXX:4:2313:15937:35568/1	R1	-	+	-	+	0.000000	0.000000
ERR2061622.11698369 7001289F:103:C9WFLANXX:3:2208:17873:34176/1	R1	+	-	+	-	0.446429	0.446429
ERR2061622.11698370 7001289F:103:C9WFLANXX:3:1203:8558:55940/1	R1	+	-	+	-	0.477876	0.477876
ERR2061622.11698371 7001289F:103:C9WFLANXX:3:1206:10324:40573/1	R1	+	-	+	-	0.485149	0.485149
ERR2061622.11698374 7001289F:103:C9WFLANXX:4:1304:6466:27630/1	R1	+	-	+	-	0.446429	0.446429
ERR2061622.11698375 7001289F:103:C9WFLANXX:4:1204:17787:35359/1	R1	+	-	+	-	0.500000	0.500000
ERR2061622.11698377 7001289F:103:C9WFLANXX:3:2303:3383:54712/1	R1	+	-	+	-	0.000000	0.000000
ERR2061622.11698378 7001289F:103:C9WFLANXX:4:2303:6528:48030/1	R1	+	-	+	-	0.457944	0.457944
ERR2061622.11698379 7001289F:103:C9WFLANXX:4:2207:20912:11522/1	R1	+	-	+	-	0.000000	0.000000
ERR2061622.11698383 7001289F:103:C9WFLANXX:4:1208:6304:57450/1	R1	+	-	+	-	0.518868	0.518868
ERR2061622.11698384 7001289F:103:C9WFLANXX:4:1315:7406:76024/1	R1	-	+	-	+	0.000000	0.000000
ERR2061622.11698385 7001289F:103:C9WFLANXX:3:1316:8722:15420/1	R1	+	-	+	-	0.000000	0.000000
ERR2061622.11698386 7001289F:103:C9WFLANXX:4:2311:18547:25823/1	R1	+	-	+	-	0.302752	0.302752
ERR2061622.11698389 7001289F:103:C9WFLANXX:4:1310:5762:56052/1	R1	+	-	+	-	0.759259	0.759259
ERR2061622.11698393 7001289F:103:C9WFLANXX:3:2305:7235:23862/1	R1	+	-	+	-	0.359223	0.359223
ERR2061622.11698396 7001289F:103:C9WFLANXX:3:2113:14032:97618/1	R1	+	-	+	-	0.000000	0.000000
ERR2061622.11698399 7001289F:103:C9WFLANXX:3:1209:5455:96838/1	R1	+	-	+	-	0.345455	0.345455
ERR2061622.11698400 7001289F:103:C9WFLANXX:3:1207:18869:21581/1	R1	+	-	+	-	0.345455	0.345455
ERR2061622.11698402 7001289F:103:C9WFLANXX:4:1303:4624:100131/1	R1	+	-	+	-	0.475000	0.475000
ERR2061622.11698404 7001289F:103:C9WFLANXX:4:1213:6229:67591/1	R1	+	-	+	-	0.345455	0.345455
ERR2061622.11698406 7001289F:103:C9WFLANXX:4:1107:17375:40887/1	R1	+	-	+	-	0.345455	0.345455
ERR2061622.11698407 7001289F:103:C9WFLANXX:4:2115:2975:89451/1	R1	+	-	+	-	0.302752	0.302752
ERR2061622.11698408 7001289F:103:C9WFLANXX:3:1103:8919:56166/1	R1	+	-	+	-	0.302752	0.302752
ERR2061622.11698409 7001289F:103:C9WFLANXX:3:2210:7789:84714/1	R1	+	-	+	-	0.891892	0.891892
ERR2061622.11698411 7001289F:103:C9WFLANXX:3:2110:4783:3344/1	R1	+	-	+	-	0.457944	0.457944
ERR2061622.11698415 7001289F:103:C9WFLANXX:4:2212:9091:71857/1	R1	+	-	+	-	0.345455	0.345455
ERR2061622.11698418 7001289F:103:C9WFLANXX:3:2108:15720:49772/1	R1	+	-	+	-	0.365385	0.365385
ERR2061622.11698419 7001289F:103:C9WFLANXX:3:2114:2845:14818/1	R1	-	+	-	+	0.000000	0.000000
ERR2061622.11698420 7001289F:103:C9WFLANXX:4:2216:17932:71093/1	R1	+	-	+	-	0.623853	0.623853
ERR2061622.11698421 7001289F:103:C9WFLANXX:4:2307:10121:99509/1	R1	-	+	-	+	0.068966	0.068966
ERR2061622.11698422 7001289F:103:C9WFLANXX:3:2214:8071:93698/1	R1	-	+	-	+	0.000000	0.000000
ERR2061622.11698423 7001289F:103:C9WFLANXX:3:1313:18828:60303/1	R1	-	+	-	+	0.106061	0.106061
ERR2061622.11698425 7001289F:103:C9WFLANXX:3:1114:1732:23463/1	R1	+	-	+	-	0.806452	0.806452
ERR2061622.11698428 7001289F:103:C9WFLANXX:3:1116:5602:81989/1	R1	-	+	-	+	0.000000	0.000000
ERR2061622.11698432 7001289F:103:C9WFLANXX:4:2216:11343:33337/1	R1	+	-	+	-	0.961538	0.961538
ERR2061622.11698435 7001289F:103:C9WFLANXX:4:1302:20968:29922/1	R1	+	-	+	-	0.714286	0.714286
ERR2061622.11698436 7001289F:103:C9WFLANXX:4:1108:14733:45233/1	R1	-	+	-	+	0.094595	0.094595
ERR2061622.11698437 7001289F:103:C9WFLANXX:4:1204:13944:67221/1	R1	-	+	-	+	0.106061	0.106061
ERR2061622.11698439 7001289F:103:C9WFLANXX:3:1205:6863:68559/1	R1	+	-	+	-	0.540984	0.540984
ERR2061622.11698441 7001289F:103:C9WFLANXX:3:2102:8938:63295/1	R1	+	-	+	-	0.151515	0.151515
ERR2061622.11698442 7001289F:103:C9WFLANXX:3:1316:20659:17547/1	R1	-	+	-	+	0.000000	0.000000
ERR2061622.11698452 7001289F:103:C9WFLANXX:3:1208:1507:87595/1	R1	-	+	-	+	0.095238	0.095238
ERR2061622.11698454 7001289F:103:C9WFLANXX:3:1306:18472:76743/1	R1	-	+	-	+	0.400000	0.400000
ERR2061622.11698455 7001289F:103:C9WFLANXX:4:1310:19432:29213/1	R1	-	+	-	+	0.516129	0.516129
ERR2061622.11698457 7001289F:103:C9WFLANXX:4:2104:17220:78173/1	R1	+	-	+	-	0.345455	0.345455
ERR2061622.11698459 7001289F:103:C9WFLANXX:4:1308:19118:64638/1	R1	+	-	+	-	0.000000	0.000000
ERR2061622.11698476 7001289F:103:C9WFLANXX:4:2311:19685:63920/1	R1	-	+	-	+	0.000000	0.000000
ERR2061622.11698478 7001289F:103:C9WFLANXX:4:1208:17937:10669/1	R1	-	+	-	+	0.400000	0.400000
ERR2061622.11698479 7001289F:103:C9WFLANXX:4:2103:7747:36416/1	R1	+	-	+	-	0.000000	0.000000
ERR2061622.11698481 7001289F:103:C9WFLANXX:3:1101:5581:15964/1	R1	-	+	-	+	0.134615	0.134615
ERR2061622.11698483 7001289F:103:C9WFLANXX:4:1208:13146:50677/1	R1	+	-	+	-	0.452055	0.452055
ERR2061622.11698484 7001289F:103:C9WFLANXX:3:1114:13650:73875/1	R1	+	-	+	-	0.000000	0.000000
ERR2061622.11698485 7001289F:103:C9WFLANXX:3:2314:7135:81455/1	R1	+	-	+	-	0.781250	0.781250
ERR2061622.11698492 7001289F:103:C9WFLANXX:4:1110:10936:49281/1	R1	+	-	+	-	0.714286	0.714286
ERR2061622.11698500 7001289F:103:C9WFLANXX:3:1114:8178:25394/1	R1	+	-	+	-	0.000000	0.000000
ERR2061622.11698501 7001289F:103:C9WFLANXX:4:2214:17282:67261/1	R1	+	-	+	-	0.000000	0.000000
ERR2061622.11698503 7001289F:103:C9WFLANXX:3:1105:5706:22112/1	R1	+	-	+	-	0.433628	0.433628
ERR2061622.11698505 7001289F:103:C9WFLANXX:4:2309:2977:34710/1	R1	+	-	+	-	0.433628	0.433628
ERR2061622.11698506 7001289F:103:C9WFLANXX:4:2106:13973:67045/1	R1	+	-	+	-	0.433628	0.433628
ERR2061622.11698507 7001289F:103:C9WFLANXX:4:1306:19214:92001/1	R1	+	-	+	-	0.433628	0.433628
ERR2061622.11698508 7001289F:103:C9WFLANXX:3:2210:16955:75526/1	R1	+	-	+	-	0.446429	0.446429
ERR2061622.11698509 7001289F:103:C9WFLANXX:3:2208:14649:28881/1	R1	+	-	+	-	0.446429	0.446429
ERR2061622.11698516 7001289F:103:C9WFLANXX:4:1215:16500:37656/1	R1	+	-	+	-	0.734513	0.734513
ERR2061622.11698519 7001289F:103:C9WFLANXX:3:1114:12559:72338/1	R1	+	-	+	-	0.500000	0.500000
ERR2061622.11698520 7001289F:103:C9WFLANXX:4:1211:9325:52641/1	R1	+	-	+	-	0.446429	0.446429
ERR2061622.11698521 7001289F:103:C9WFLANXX:4:1212:6585:94332/1	R1	+	-	+	-	0.446429	0.446429
ERR2061622.11698524 7001289F:103:C9WFLANXX:3:2305:17448:12606/1	R1	+	-	+	-	0.381818	0.381818
ERR2061622.11698526 7001289F:103:C9WFLANXX:3:1307:9412:31668/1	R1	+	-	+	-	0.345455	0.345455
ERR2061622.11698527 7001289F:103:C9WFLANXX:3:1305:13175:84327/1	R1	+	-	+	-	0.345455	0.345455
ERR2061622.11698530 7001289F:103:C9WFLANXX:4:2209:20679:81200/1	R1	+	-	+	-	0.528846	0.528846
ERR2061622.11698532 7001289F:103:C9WFLANXX:4:1302:1969:32066/1	R1	+	-	+	-	0.365385	0.365385
ERR2061622.11698535 7001289F:103:C9WFLANXX:4:2109:13632:49158/1	R1	-	+	-	+	0.000000	0.000000
ERR2061622.11698536 7001289F:103:C9WFLANXX:3:1212:4062:40548/1	R1	+	-	+	-	0.345455	0.345455
ERR2061622.11698537 7001289F:103:C9WFLANXX:3:1103:6092:20737/1	R1	+	-	+	-	0.302752	0.302752
ERR2061622.11698541 7001289F:103:C9WFLANXX:4:2313:6544:79059/1	R1	+	-	+	-	0.302752	0.302752
ERR2061622.11698542 7001289F:103:C9WFLANXX:4:1303:12986:6426/1	R1	+	-	+	-	0.302752	0.302752
ERR2061622.11698544 7001289F:103:C9WFLANXX:4:1209:11483:31136/1	R1	+	-	+	-	0.302752	0.302752
ERR2061622.11698546 7001289F:103:C9WFLANXX:3:1101:17390:33831/1	R1	+	-	+	-	0.000000	0.000000
ERR2061622.11698547 7001289F:103:C9WFLANXX:3:2112:18137:47363/1	R1	+	-	+	-	0.000000	0.000000
ERR2061622.11698548 7001289F:103:C9WFLANXX:3:1315:9249:43610/1	R1	+	-	+	-	0.000000	0.000000
ERR2061622.11698550 7001289F:103:C9WFLANXX:3:1208:20613:21130/1	R1	+	-	+	-	0.000000	0.000000
ERR2061622.11698551 7001289F:103:C9WFLANXX:3:1115:2227:31645/1	R1	+	-	+	-	0.000000	0.000000
ERR2061622.11698554 7001289F:103:C9WFLANXX:4:2112:5980:93406/1	R1	+	-	+	-	0.000000	0.000000
ERR2061622.11698555 7001289F:103:C9WFLANXX:4:1308:18373:36535/1	R1	+	-	+	-	0.000000	0.000000
ERR2061622.11698556 7001289F:103:C9WFLANXX:4:1215:3772:18328/1	R1	+	-	+	-	0.000000	0.000000
ERR2061622.11698559 7001289F:103:C9WFLANXX:4:2102:14715:3598/1	R1	+	-	+	-	0.457944	0.457944
ERR2061622.11698560 7001289F:103:C9WFLANXX:4:1310:6494:29787/1	R1	+	-	+	-	0.457944	0.457944
ERR2061622.11698561 7001289F:103:C9WFLANXX:4:2107:5516:12256/1	R1	+	-	+	-	0.457944	0.457944
ERR2061622.11698562 7001289F:103:C9WFLANXX:3:2206:16565:65137/1	R1	-	+	-	+	0.000000	0.000000
ERR2061622.11698563 7001289F:103:C9WFLANXX:3:1103:7828:54215/1	R1	+	-	+	-	0.531915	0.531915
ERR2061622.11698564 7001289F:103:C9WFLANXX:3:2205:16380:51158/1	R1	+	-	+	-	0.704545	0.704545
ERR2061622.11698572 7001289F:103:C9WFLANXX:4:2201:11622:47067/1	R1	+	-	+	-	0.302752	0.302752
ERR2061622.11698574 7001289F:103:C9WFLANXX:4:2214:8926:11592/1	R1	+	-	+	-	0.514019	0.514019
ERR2061622.11698576 7001289F:103:C9WFLANXX:4:2305:17965:51967/1	R1	-	+	-	+	0.000000	0.000000
ERR2061622.11698581 7001289F:103:C9WFLANXX:4:2310:4384:41588/1	R1	+	-	+	-	0.660550	0.660550
ERR2061622.11698582 7001289F:103:C9WFLANXX:4:2209:5494:48796/1	R1	+	-	+	-	0.000000	0.000000
ERR2061622.11698584 7001289F:103:C9WFLANXX:4:2111:11671:52907/1	R1	+	-	+	-	0.859155	0.859155
ERR2061622.11698585 7001289F:103:C9WFLANXX:4:1111:20051:2744/1	R1	-	+	-	+	0.166667	0.166667
ERR2061622.11698586 7001289F:103:C9WFLANXX:3:2109:20160:63979/1	R1	+	-	+	-	0.531915	0.531915
ERR2061622.11698588 7001289F:103:C9WFLANXX:4:2205:13060:23654/1	R1	+	-	+	-	0.365385	0.365385
ERR2061622.11698590 7001289F:103:C9WFLANXX:3:2205:11138:2293/1	R1	-	+	-	+	0.000000	0.000000
ERR2061622.11698591 7001289F:103:C9WFLANXX:4:2301:7549:56926/1	R1	+	-	+	-	0.446429	0.446429
ERR2061622.11698595 7001289F:103:C9WFLANXX:4:2201:4048:49155/1	R1	+	-	+	-	0.000000	0.000000
ERR2061622.11698598 7001289F:103:C9WFLANXX:3:1311:2308:30891/1	R1	+	-	+	-	0.413043	0.413043
ERR2061622.11698601 7001289F:103:C9WFLANXX:4:1307:12104:9364/1	R1	+	-	+	-	0.457944	0.457944
ERR2061622.11698608 7001289F:103:C9WFLANXX:3:2301:9836:78638/1	R1	-	+	-	+	0.000000	0.000000
ERR2061622.11698609 7001289F:103:C9WFLANXX:4:1104:13330:74803/1	R1	+	-	+	-	0.462500	0.462500
ERR2061622.11698610 7001289F:103:C9WFLANXX:3:1206:17264:47552/1	R1	-	+	-	+	0.000000	0.000000
ERR2061622.11698611 7001289F:103:C9WFLANXX:4:2310:2573:71107/1	R1	-	+	-	+	0.000000	0.000000
ERR2061622.11698612 7001289F:103:C9WFLANXX:3:2110:11842:68084/1	R1	+	-	+	-	0.000000	0.000000
ERR2061622.11698613 7001289F:103:C9WFLANXX:4:1207:3215:81808/1	R1	+	-	+	-	0.518868	0.518868
ERR2061622.11698614 7001289F:103:C9WFLANXX:4:1101:16661:63431/1	R1	+	-	+	-	0.446429	0.446429
ERR2061622.11698615 7001289F:103:C9WFLANXX:4:2205:5344:41929/1	R1	-	+	-	+	0.522222	0.522222
ERR2061622.11698618 7001289F:103:C9WFLANXX:3:1302:8971:74488/1	R1	-	+	-	+	0.000000	0.000000
ERR2061622.11698619 7001289F:103:C9WFLANXX:4:1201:13901:63152/1	R1	-	+	-	+	0.000000	0.000000
ERR2061622.11698621 7001289F:103:C9WFLANXX:3:1314:12594:57319/1	R1	+	-	+	-	0.567164	0.567164
ERR2061622.11698623 7001289F:103:C9WFLANXX:3:2216:12113:29898/1	R1	+	-	+	-	0.345455	0.345455
ERR2061622.11698624 7001289F:103:C9WFLANXX:4:2301:19567:5834/1	R1	+	-	+	-	0.830508	0.830508
ERR2061622.11698626 7001289F:103:C9WFLANXX:3:2308:2830:44806/1	R1	+	-	+	-	0.000000	0.000000
ERR2061622.11698629 7001289F:103:C9WFLANXX:3:1112:16765:11863/1	R1	+	-	+	-	0.678571	0.678571
ERR2061622.11698630 7001289F:103:C9WFLANXX:4:2216:7697:35226/1	R1	+	-	+	-	0.678571	0.678571
ERR2061622.11698631 7001289F:103:C9WFLANXX:4:1207:4595:83624/1	R1	+	-	+	-	0.760000	0.760000
ERR2061622.11698634 7001289F:103:C9WFLANXX:4:2105:18980:18538/1	R1	-	+	-	+	0.000000	0.000000
ERR2061622.11698645 7001289F:103:C9WFLANXX:4:1312:18352:15844/1	R1	+	-	+	-	0.000000	0.000000
ERR2061622.11942246 7001289F:103:C9WFLANXX:4:2303:16283:98666/1	R1	-	+	-	+	0.000000	0.000000
ERR2061622.11993028 7001289F:103:C9WFLANXX:3:1207:10612:19319/1	R1	+	-	+	-	0.471698	0.471698
ERR2061622.12246785 7001289F:103:C9WFLANXX:4:2101:11840:66816/1	R1	-	+	-	+	0.400000	0.400000
ERR2061622.12333715 7001289F:103:C9WFLANXX:3:1109:16237:81915/1	R1	+	-	+	-	0.457944	0.457944
ERR2061622.12802292 7001289F:103:C9WFLANXX:4:2301:14088:24057/1	R1	+	-	+	-	0.961538	0.961538
ERR2061622.12915120 7001289F:103:C9WFLANXX:4:2116:3586:39346/1	R1	-	+	-	+	0.070175	0.070175
ERR2061622.13042442 7001289F:103:C9WFLANXX:4:1216:6717:30757/1	R1	-	+	-	+	0.000000	0.000000
ERR2061622.13301974 7001289F:103:C9WFLANXX:3:2116:8349:34741/1	R1	+	-	+	-	0.446429	0.446429
ERR2061622.13965459 7001289F:103:C9WFLANXX:4:1209:12436:60851/1	R1	+	-	+	-	0.400000	0.400000
ERR2061622.14118172 7001289F:103:C9WFLANXX:3:1114:18142:37444/1	R1	-	+	-	+	0.000000	0.000000
ERR2061622.14601862 7001289F:103:C9WFLANXX:4:2102:4577:24864/1	R1	-	+	-	+	0.000000	0.000000
ERR2061622.14695133 7001289F:103:C9WFLANXX:4:2308:8718:43220/1	R1	-	+	-	+	0.190476	0.190476
ERR2061622.14772396 7001289F:103:C9WFLANXX:4:2211:1868:59093/1	R1	-	+	-	+	0.000000	0.000000
ERR2061622.14880480 7001289F:103:C9WFLANXX:3:1102:12194:80647/1	R1	+	-	+	-	0.441860	0.441860
ERR2061622.14880490 7001289F:103:C9WFLANXX:4:1115:14761:83107/1	R1	+	-	+	-	0.365385	0.365385
ERR2061622.14880492 7001289F:103:C9WFLANXX:3:2315:11733:31988/1	R1	+	-	+	-	0.433628	0.433628
ERR2061622.14880493 7001289F:103:C9WFLANXX:3:2106:7404:14443/1	R1	+	-	+	-	0.433628	0.433628
ERR2061622.14880495 7001289F:103:C9WFLANXX:4:2215:3799:30385/1	R1	+	-	+	-	0.568182	0.568182
ERR2061622.14880497 7001289F:103:C9WFLANXX:4:2206:8776:35192/1	R1	+	-	+	-	0.446429	0.446429
ERR2061622.14880498 7001289F:103:C9WFLANXX:4:2116:12996:52835/1	R1	+	-	+	-	0.471698	0.471698
ERR2061622.14880500 7001289F:103:C9WFLANXX:4:1115:10171:94816/1	R1	+	-	+	-	0.446429	0.446429
ERR2061622.14880502 7001289F:103:C9WFLANXX:4:2315:15838:23466/1	R1	+	-	+	-	0.000000	0.000000
ERR2061622.14880503 7001289F:103:C9WFLANXX:4:2202:7683:39950/1	R1	+	-	+	-	0.000000	0.000000
ERR2061622.14880504 7001289F:103:C9WFLANXX:4:2206:15480:16204/1	R1	+	-	+	-	0.000000	0.000000
ERR2061622.14880506 7001289F:103:C9WFLANXX:4:2102:18490:44139/1	R1	+	-	+	-	0.000000	0.000000
ERR2061622.14880511 7001289F:103:C9WFLANXX:3:2315:6592:85218/1	R1	+	-	+	-	0.302752	0.302752
ERR2061622.14880512 7001289F:103:C9WFLANXX:3:2102:17525:43160/1	R1	+	-	+	-	0.471698	0.471698
ERR2061622.14880517 7001289F:103:C9WFLANXX:3:1208:12554:84228/1	R1	-	+	-	+	0.125000	0.125000
ERR2061622.14880520 7001289F:103:C9WFLANXX:3:1102:13763:99639/1	R1	+	-	+	-	0.302752	0.302752
ERR2061622.14880522 7001289F:103:C9WFLANXX:3:2311:11083:10374/1	R1	+	-	+	-	0.000000	0.000000
ERR2061622.14880523 7001289F:103:C9WFLANXX:3:2203:4599:72565/1	R1	+	-	+	-	0.302752	0.302752
ERR2061622.14880524 7001289F:103:C9WFLANXX:3:2216:11887:55798/1	R1	+	-	+	-	0.000000	0.000000
ERR2061622.14880525 7001289F:103:C9WFLANXX:3:2115:13466:22044/1	R1	+	-	+	-	0.609756	0.609756
ERR2061622.14880527 7001289F:103:C9WFLANXX:3:1204:14447:73308/1	R1	+	-	+	-	0.000000	0.000000
ERR2061622.14880528 7001289F:103:C9WFLANXX:4:2309:19281:83399/1	R1	+	-	+	-	0.345455	0.345455
ERR2061622.14880536 7001289F:103:C9WFLANXX:4:1212:13131:20565/1	R1	+	-	+	-	0.345455	0.345455
ERR2061622.14880537 7001289F:103:C9WFLANXX:4:1112:15431:20214/1	R1	+	-	+	-	0.345455	0.345455
ERR2061622.14880538 7001289F:103:C9WFLANXX:3:1103:19613:4050/1	R1	+	-	+	-	0.302752	0.302752
ERR2061622.14880539 7001289F:103:C9WFLANXX:3:2307:8651:59975/1	R1	+	-	+	-	0.513514	0.513514
ERR2061622.14880541 7001289F:103:C9WFLANXX:3:2215:20684:54966/1	R1	+	-	+	-	0.000000	0.000000
ERR2061622.14880542 7001289F:103:C9WFLANXX:3:2103:17620:26880/1	R1	+	-	+	-	0.302752	0.302752
ERR2061622.14880544 7001289F:103:C9WFLANXX:4:2302:6338:60616/1	R1	+	-	+	-	0.471698	0.471698
ERR2061622.14880545 7001289F:103:C9WFLANXX:4:2304:17842:42882/1	R1	+	-	+	-	0.446429	0.446429
ERR2061622.14880548 7001289F:103:C9WFLANXX:4:1108:7824:20805/1	R1	+	-	+	-	0.000000	0.000000
ERR2061622.14880551 7001289F:103:C9WFLANXX:3:2204:17979:73493/1	R1	+	-	+	-	0.590361	0.590361
ERR2061622.14880552 7001289F:103:C9WFLANXX:3:1316:19785:79926/1	R1	+	-	+	-	0.735294	0.735294
ERR2061622.14880553 7001289F:103:C9WFLANXX:4:2206:6346:43736/1	R1	+	-	+	-	0.806452	0.806452
ERR2061622.14880554 7001289F:103:C9WFLANXX:4:1305:14080:75178/1	R1	+	-	+	-	0.000000	0.000000
ERR2061622.14880563 7001289F:103:C9WFLANXX:3:1106:7618:62654/1	R1	+	-	+	-	0.446429	0.446429
ERR2061622.14880564 7001289F:103:C9WFLANXX:4:2216:9515:44644/1	R1	+	-	+	-	0.000000	0.000000
ERR2061622.14880565 7001289F:103:C9WFLANXX:4:1112:14882:57999/1	R1	+	-	+	-	0.446429	0.446429
ERR2061622.14880567 7001289F:103:C9WFLANXX:3:1107:15289:38035/1	R1	+	-	+	-	0.000000	0.000000
ERR2061622.14880568 7001289F:103:C9WFLANXX:3:1214:5761:4416/1	R1	+	-	+	-	0.471698	0.471698
ERR2061622.14880569 7001289F:103:C9WFLANXX:4:1107:3132:85676/1	R1	-	+	-	+	0.000000	0.000000
ERR2061622.14880572 7001289F:103:C9WFLANXX:3:2313:3957:46415/1	R1	+	-	+	-	0.459184	0.459184
ERR2061622.14880573 7001289F:103:C9WFLANXX:3:1207:9914:77860/1	R1	-	+	-	+	0.000000	0.000000
ERR2061622.14880575 7001289F:103:C9WFLANXX:4:2309:20933:39814/1	R1	+	-	+	-	0.961538	0.961538
ERR2061622.14880577 7001289F:103:C9WFLANXX:4:1105:6740:18395/1	R1	+	-	+	-	0.600000	0.600000
ERR2061622.14880579 7001289F:103:C9WFLANXX:3:1301:13281:48433/1	R1	+	-	+	-	0.540984	0.540984
ERR2061622.14880580 7001289F:103:C9WFLANXX:4:2213:19470:63240/1	R1	-	+	-	+	0.448980	0.448980
ERR2061622.14880584 7001289F:103:C9WFLANXX:3:1207:17497:67806/1	R1	+	-	+	-	0.457944	0.457944
ERR2061622.14880585 7001289F:103:C9WFLANXX:4:2314:11312:5118/1	R1	+	-	+	-	0.302752	0.302752
ERR2061622.14880587 7001289F:103:C9WFLANXX:3:2209:5660:31531/1	R1	+	-	+	-	0.609756	0.609756
ERR2061622.14880589 7001289F:103:C9WFLANXX:4:1306:5319:42181/1	R1	-	+	-	+	0.000000	0.000000
ERR2061622.14880593 7001289F:103:C9WFLANXX:4:2312:7050:60441/1	R1	+	-	+	-	0.673469	0.673469
ERR2061622.14880595 7001289F:103:C9WFLANXX:3:1109:5267:24544/1	R1	-	+	-	+	0.181818	0.181818
ERR2061622.14880596 7001289F:103:C9WFLANXX:3:1113:7505:30862/1	R1	-	+	-	+	0.684211	0.684211
ERR2061622.14880602 7001289F:103:C9WFLANXX:3:1211:20705:6005/1	R1	-	+	-	+	0.000000	0.000000
ERR2061622.14880604 7001289F:103:C9WFLANXX:3:1206:14014:88970/1	R1	-	+	-	+	0.000000	0.000000
ERR2061622.14880607 7001289F:103:C9WFLANXX:4:2115:9307:7850/1	R1	+	-	+	-	0.475000	0.475000
ERR2061622.14880608 7001289F:103:C9WFLANXX:3:2115:7427:68614/1	R1	+	-	+	-	0.818182	0.818182
ERR2061622.14880609 7001289F:103:C9WFLANXX:4:1201:6989:23895/1	R1	+	-	+	-	0.600000	0.600000
ERR2061622.14880610 7001289F:103:C9WFLANXX:3:2103:15157:48597/1	R1	-	+	-	+	0.000000	0.000000
ERR2061622.14880618 7001289F:103:C9WFLANXX:3:1313:8942:8343/1	R1	-	+	-	+	0.000000	0.000000
ERR2061622.14880622 7001289F:103:C9WFLANXX:4:1211:20603:79184/1	R1	+	-	+	-	0.000000	0.000000
ERR2061622.14880624 7001289F:103:C9WFLANXX:3:2206:17304:26163/1	R1	+	-	+	-	0.753846	0.753846
ERR2061622.14880627 7001289F:103:C9WFLANXX:3:1205:1479:59735/1	R1	-	+	-	+	0.907407	0.907407
ERR2061622.14880628 7001289F:103:C9WFLANXX:3:2203:9845:68636/1	R1	+	-	+	-	0.781250	0.781250
ERR2061622.14880631 7001289F:103:C9WFLANXX:4:1103:7101:26216/1	R1	+	-	+	-	0.612903	0.612903
ERR2061622.14880633 7001289F:103:C9WFLANXX:3:1305:19373:3033/1	R1	+	-	+	-	0.600000	0.600000
ERR2061622.14880635 7001289F:103:C9WFLANXX:3:1316:2323:38503/1	R1	+	-	+	-	0.639640	0.639640
ERR2061622.14880636 7001289F:103:C9WFLANXX:3:1308:7220:4526/1	R1	+	-	+	-	0.490909	0.490909
ERR2061622.14880637 7001289F:103:C9WFLANXX:4:2105:18069:10144/1	R1	+	-	+	-	0.345455	0.345455
ERR2061622.14880638 7001289F:103:C9WFLANXX:4:1313:11820:48011/1	R1	+	-	+	-	0.345455	0.345455
ERR2061622.14880639 7001289F:103:C9WFLANXX:3:2316:8764:54811/1	R1	-	+	-	+	0.000000	0.000000
ERR2061622.14880640 7001289F:103:C9WFLANXX:3:1311:17528:64722/1	R1	+	-	+	-	0.345455	0.345455
ERR2061622.14880641 7001289F:103:C9WFLANXX:3:2315:7063:40038/1	R1	+	-	+	-	0.605505	0.605505
ERR2061622.14880642 7001289F:103:C9WFLANXX:3:2110:13365:73935/1	R1	+	-	+	-	0.600000	0.600000
ERR2061622.14880643 7001289F:103:C9WFLANXX:3:2114:2376:47582/1	R1	+	-	+	-	0.302752	0.302752
ERR2061622.14880644 7001289F:103:C9WFLANXX:3:2212:20309:75315/1	R1	+	-	+	-	0.320388	0.320388
ERR2061622.14880645 7001289F:103:C9WFLANXX:3:1303:16841:36700/1	R1	+	-	+	-	0.340206	0.340206
ERR2061622.14880647 7001289F:103:C9WFLANXX:4:2206:10779:43212/1	R1	+	-	+	-	0.340206	0.340206
ERR2061622.14880649 7001289F:103:C9WFLANXX:4:2201:4861:100414/1	R1	+	-	+	-	0.302752	0.302752
ERR2061622.14880652 7001289F:103:C9WFLANXX:3:1209:15754:58249/1	R1	+	-	+	-	0.000000	0.000000
ERR2061622.14880653 7001289F:103:C9WFLANXX:3:1215:12246:13206/1	R1	+	-	+	-	0.000000	0.000000
ERR2061622.14880654 7001289F:103:C9WFLANXX:3:1215:13431:68016/1	R1	+	-	+	-	0.000000	0.000000
ERR2061622.14880656 7001289F:103:C9WFLANXX:4:1211:18981:88117/1	R1	+	-	+	-	0.000000	0.000000
ERR2061622.14880658 7001289F:103:C9WFLANXX:3:1103:15699:31255/1	R1	+	-	+	-	0.000000	0.000000
ERR2061622.14880659 7001289F:103:C9WFLANXX:4:1203:14937:80390/1	R1	+	-	+	-	0.000000	0.000000
ERR2061622.14880661 7001289F:103:C9WFLANXX:3:2307:20605:86856/1	R1	+	-	+	-	0.495327	0.495327
ERR2061622.14880663 7001289F:103:C9WFLANXX:3:1204:5834:49258/1	R1	+	-	+	-	0.504673	0.504673
ERR2061622.14880665 7001289F:103:C9WFLANXX:4:2110:18273:92308/1	R1	+	-	+	-	0.433628	0.433628
ERR2061622.14880669 7001289F:103:C9WFLANXX:4:1106:6067:74554/1	R1	+	-	+	-	0.457944	0.457944
ERR2061622.14880670 7001289F:103:C9WFLANXX:3:2308:18139:53444/1	R1	-	+	-	+	0.000000	0.000000
ERR2061622.14880672 7001289F:103:C9WFLANXX:3:2213:3804:100063/1	R1	+	-	+	-	0.526786	0.526786
ERR2061622.14880674 7001289F:103:C9WFLANXX:4:2102:11666:3349/1	R1	+	-	+	-	0.471698	0.471698
ERR2061622.14880676 7001289F:103:C9WFLANXX:4:1104:18298:19278/1	R1	+	-	+	-	0.446429	0.446429
ERR2061622.14880677 7001289F:103:C9WFLANXX:3:2202:16429:3582/1	R1	+	-	+	-	0.446429	0.446429
ERR2061622.14880678 7001289F:103:C9WFLANXX:3:1204:15217:77979/1	R1	+	-	+	-	0.471698	0.471698
ERR2061622.14880679 7001289F:103:C9WFLANXX:4:1205:4621:36579/1	R1	+	-	+	-	0.446429	0.446429
ERR2061622.14880680 7001289F:103:C9WFLANXX:4:1104:20116:36788/1	R1	+	-	+	-	0.000000	0.000000
ERR2061622.14880681 7001289F:103:C9WFLANXX:4:1103:20727:59961/1	R1	+	-	+	-	0.000000	0.000000
ERR2061622.14880682 7001289F:103:C9WFLANXX:3:2306:14028:42345/1	R1	+	-	+	-	0.345455	0.345455
ERR2061622.14880684 7001289F:103:C9WFLANXX:3:2115:11434:32393/1	R1	+	-	+	-	0.475000	0.475000
ERR2061622.14880688 7001289F:103:C9WFLANXX:4:2109:13795:66719/1	R1	+	-	+	-	0.441860	0.441860
ERR2061622.14880689 7001289F:103:C9WFLANXX:3:1113:19607:79276/1	R1	-	+	-	+	0.111111	0.111111
ERR2061622.14880690 7001289F:103:C9WFLANXX:3:2103:15654:69883/1	R1	+	-	+	-	0.600000	0.600000
ERR2061622.14880692 7001289F:103:C9WFLANXX:4:1306:12208:87668/1	R1	-	+	-	+	0.000000	0.000000
ERR2061622.14880693 7001289F:103:C9WFLANXX:3:2111:4380:10896/1	R1	+	-	+	-	0.345455	0.345455
ERR2061622.14880699 7001289F:103:C9WFLANXX:3:2207:19383:59486/1	R1	+	-	+	-	0.000000	0.000000
ERR2061622.14880701 7001289F:103:C9WFLANXX:3:1316:6127:100049/1	R1	+	-	+	-	0.000000	0.000000
ERR2061622.14880703 7001289F:103:C9WFLANXX:4:2103:20378:34134/1	R1	-	+	-	+	0.000000	0.000000
ERR2061622.14880707 7001289F:103:C9WFLANXX:4:1311:16720:29741/1	R1	-	+	-	+	0.268293	0.268293
ERR2061622.14880708 7001289F:103:C9WFLANXX:4:2302:18346:71505/1	R1	-	+	-	+	0.000000	0.000000
ERR2061622.14880710 7001289F:103:C9WFLANXX:4:1305:13384:74550/1	R1	+	-	+	-	0.000000	0.000000
ERR2061622.14880713 7001289F:103:C9WFLANXX:4:2312:16552:40549/1	R1	+	-	+	-	0.446429	0.446429
ERR2061622.14880714 7001289F:103:C9WFLANXX:4:2205:7115:92866/1	R1	+	-	+	-	0.735294	0.735294
ERR2061622.14880716 7001289F:103:C9WFLANXX:3:1105:12480:50570/1	R1	-	+	-	+	0.000000	0.000000
ERR2061622.14880717 7001289F:103:C9WFLANXX:4:1103:3727:25219/1	R1	-	+	-	+	0.000000	0.000000
ERR2061622.14880718 7001289F:103:C9WFLANXX:3:1112:18692:8556/1	R1	-	+	-	+	0.310811	0.310811
ERR2061622.14880719 7001289F:103:C9WFLANXX:3:2303:16510:29377/1	R1	-	+	-	+	0.000000	0.000000
ERR2061622.14880720 7001289F:103:C9WFLANXX:3:1115:1747:75628/1	R1	+	-	+	-	0.918367	0.918367
ERR2061622.14880721 7001289F:103:C9WFLANXX:4:2115:5950:41133/1	R1	-	+	-	+	0.000000	0.000000
ERR2061622.14880723 7001289F:103:C9WFLANXX:3:2110:11161:28416/1	R1	-	+	-	+	0.000000	0.000000
ERR2061622.14880730 7001289F:103:C9WFLANXX:3:2210:12339:79046/1	R1	+	-	+	-	0.000000	0.000000
ERR2061622.14880732 7001289F:103:C9WFLANXX:3:1311:2910:10005/1	R1	-	+	-	+	0.200000	0.200000
ERR2061622.14880735 7001289F:103:C9WFLANXX:4:1315:18838:66443/1	R1	+	-	+	-	0.766234	0.766234
ERR2061622.14887338 7001289F:103:C9WFLANXX:3:2308:12069:58084/1	R1	-	+	-	+	0.000000	0.000000
ERR2061622.14978268 7001289F:103:C9WFLANXX:3:2313:12261:8023/1	R1	-	+	-	+	0.000000	0.000000
ERR2061622.14978735 7001289F:103:C9WFLANXX:4:1313:14180:71945/1	R1	-	+	-	+	0.571429	0.571429
ERR2061622.14978839 7001289F:103:C9WFLANXX:3:1116:15915:61000/1	R1	-	+	-	+	0.428571	0.428571
ERR2061622.14978906 7001289F:103:C9WFLANXX:4:1313:11671:38258/1	R1	-	+	-	+	0.480000	0.480000
ERR2061622.14978907 7001289F:103:C9WFLANXX:4:1210:15826:47469/1	R1	-	+	-	+	0.000000	0.000000
ERR2061622.14979180 7001289F:103:C9WFLANXX:3:2208:21112:12258/1	R1	+	-	+	-	0.814286	0.814286
ERR2061622.14979321 7001289F:103:C9WFLANXX:4:2305:9170:99809/1	R1	-	+	-	+	0.000000	0.000000
ERR2061622.14979879 7001289F:103:C9WFLANXX:4:2304:15856:76187/1	R1	-	+	-	+	0.500000	0.500000
ERR2061622.14979934 7001289F:103:C9WFLANXX:3:2207:18830:2649/1	R1	-	+	-	+	0.769231	0.769231
ERR2061622.14980337 7001289F:103:C9WFLANXX:3:1311:6672:87888/1	R1	-	+	-	+	0.000000	0.000000
ERR2061622.14980874 7001289F:103:C9WFLANXX:4:2202:14812:90586/1	R1	-	+	-	+	0.500000	0.500000
ERR2061622.14981058 7001289F:103:C9WFLANXX:4:1110:17385:38340/1	R1	-	+	-	+	0.428571	0.428571
ERR2061622.14981302 7001289F:103:C9WFLANXX:4:2310:14550:67404/1	R1	+	-	+	-	0.000000	0.000000
ERR2061622.14981553 7001289F:103:C9WFLANXX:4:1205:13612:2432/1	R1	-	+	-	+	0.844444	0.844444
ERR2061622.14981639 7001289F:103:C9WFLANXX:3:2105:4444:29398/1	R1	+	-	+	-	0.540984	0.540984
ERR2061622.14981676 7001289F:103:C9WFLANXX:3:1205:2699:20783/1	R1	+	-	+	-	0.471698	0.471698
ERR2061622.14981815 7001289F:103:C9WFLANXX:4:1210:10252:21747/1	R1	-	+	-	+	0.883721	0.883721
ERR2061622.14982043 7001289F:103:C9WFLANXX:3:1104:3366:40493/1	R1	-	+	-	+	0.709677	0.709677
ERR2061622.14982246 7001289F:103:C9WFLANXX:4:1305:10597:71599/1	R1	-	+	-	+	0.368421	0.368421
ERR2061622.14982324 7001289F:103:C9WFLANXX:4:2103:14253:51737/1	R1	-	+	-	+	0.844444	0.844444
ERR2061622.14982547 7001289F:103:C9WFLANXX:3:2116:3688:29145/1	R1	-	+	-	+	0.000000	0.000000
ERR2061622.14982709 7001289F:103:C9WFLANXX:3:2214:2135:50407/1	R1	-	+	-	+	0.000000	0.000000
ERR2061622.14982731 7001289F:103:C9WFLANXX:4:1314:14071:27608/1	R1	-	+	-	+	0.000000	0.000000
ERR2061622.14982876 7001289F:103:C9WFLANXX:3:1107:9272:78394/1	R1	+	-	+	-	0.000000	0.000000
ERR2061622.14983030 7001289F:103:C9WFLANXX:3:2310:8017:53134/1	R1	+	-	+	-	0.000000	0.000000
ERR2061622.14983259 7001289F:103:C9WFLANXX:3:2308:10502:98540/1	R1	-	+	-	+	0.844444	0.844444
ERR2061622.14983272 7001289F:103:C9WFLANXX:4:2212:16044:62653/1	R1	-	+	-	+	0.600000	0.600000
ERR2061622.14983779 7001289F:103:C9WFLANXX:3:2107:5106:88136/1	R1	+	-	+	-	0.568182	0.568182
ERR2061622.14984588 7001289F:103:C9WFLANXX:4:1314:18147:76758/1	R1	-	+	-	+	0.212121	0.212121
ERR2061622.15118477 7001289F:103:C9WFLANXX:3:1214:4074:75627/1	R1	+	-	+	-	0.444444	0.444444
ERR2061622.15416464 7001289F:103:C9WFLANXX:4:2315:8670:83005/1	R1	-	+	-	+	0.000000	0.000000
ERR2061622.15452759 7001289F:103:C9WFLANXX:4:1216:1436:83898/1	R1	-	+	-	+	0.000000	0.000000
ERR2061622.15486317 7001289F:103:C9WFLANXX:3:1104:10184:67966/1	R1	-	+	-	+	0.000000	0.000000
ERR2061622.15501871 7001289F:103:C9WFLANXX:3:2109:17024:71835/1	R1	-	+	-	+	0.526316	0.526316
ERR2061622.15651252 7001289F:103:C9WFLANXX:4:2211:9621:51948/1	R1	-	+	-	+	0.000000	0.000000
ERR2061622.15693045 7001289F:103:C9WFLANXX:4:1303:7953:16405/1	R1	+	-	+	-	0.302752	0.302752
ERR2061622.15721245 7001289F:103:C9WFLANXX:4:2205:4393:42709/1	R1	-	+	-	+	0.543860	0.543860
ERR2061622.16129374 7001289F:103:C9WFLANXX:4:1309:11279:69184/1	R1	-	+	-	+	0.000000	0.000000
ERR2061622.16171624 7001289F:103:C9WFLANXX:3:1109:16070:30522/1	R1	-	+	-	+	0.000000	0.000000
ERR2061622.16503351 7001289F:103:C9WFLANXX:3:1101:5659:85681/1	R1	+	-	+	-	0.000000	0.000000
ERR2061622.16503689 7001289F:103:C9WFLANXX:3:2203:17853:90886/1	R1	+	-	+	-	0.859375	0.859375
ERR2061622.16503817 7001289F:103:C9WFLANXX:3:2304:4997:44842/1	R1	+	-	+	-	0.446429	0.446429
ERR2061622.16504218 7001289F:103:C9WFLANXX:3:1211:1437:77920/1	R1	+	-	+	-	0.714286	0.714286
ERR2061622.16504385 7001289F:103:C9WFLANXX:3:1206:21140:2394/1	R1	+	-	+	-	0.000000	0.000000
ERR2061622.16504399 7001289F:103:C9WFLANXX:3:1111:11562:21243/1	R1	+	-	+	-	0.000000	0.000000
ERR2061622.16504826 7001289F:103:C9WFLANXX:4:2210:17640:31983/1	R1	+	-	+	-	0.362637	0.362637
ERR2061622.16505006 7001289F:103:C9WFLANXX:4:2207:3265:53843/1	R1	+	-	+	-	0.000000	0.000000
ERR2061622.16518948 7001289F:103:C9WFLANXX:4:1309:9022:30125/1	R1	+	-	+	-	0.477876	0.477876
ERR2061622.16957980 7001289F:103:C9WFLANXX:3:1315:19349:4262/1	R1	-	+	-	+	0.000000	0.000000
ERR2061622.17173643 7001289F:103:C9WFLANXX:3:1109:4273:21711/1	R1	+	-	+	-	0.491071	0.491071
ERR2061622.17449557 7001289F:103:C9WFLANXX:3:2212:8342:45450/1	R1	+	-	+	-	0.000000	0.000000
ERR2061622.17722935 7001289F:103:C9WFLANXX:3:1107:15981:54052/1	R1	+	-	+	-	0.000000	0.000000
ERR2061622.17722937 7001289F:103:C9WFLANXX:3:2313:8421:3488/1	R1	+	-	+	-	0.387755	0.387755
ERR2061622.17722941 7001289F:103:C9WFLANXX:3:2102:7175:98603/1	R1	+	-	+	-	0.673469	0.673469
ERR2061622.17722942 7001289F:103:C9WFLANXX:3:2105:16288:34156/1	R1	+	-	+	-	0.781250	0.781250
ERR2061622.17722946 7001289F:103:C9WFLANXX:3:1201:18615:16974/1	R1	+	-	+	-	0.558824	0.558824
ERR2061622.17722947 7001289F:103:C9WFLANXX:3:1201:11328:30125/1	R1	+	-	+	-	0.000000	0.000000
ERR2061622.17722950 7001289F:103:C9WFLANXX:3:1216:6405:29801/1	R1	+	-	+	-	0.452055	0.452055
ERR2061622.17722951 7001289F:103:C9WFLANXX:3:1208:4368:49734/1	R1	+	-	+	-	0.657895	0.657895
ERR2061622.17722955 7001289F:103:C9WFLANXX:4:2301:13437:23821/1	R1	+	-	+	-	0.781250	0.781250
ERR2061622.17722957 7001289F:103:C9WFLANXX:4:2111:5907:9341/1	R1	+	-	+	-	0.753846	0.753846
ERR2061622.17722959 7001289F:103:C9WFLANXX:4:2107:6906:95507/1	R1	+	-	+	-	0.961538	0.961538
ERR2061622.17722961 7001289F:103:C9WFLANXX:4:2104:10798:86747/1	R1	+	-	+	-	0.340206	0.340206
ERR2061622.17722963 7001289F:103:C9WFLANXX:4:1212:19139:44395/1	R1	+	-	+	-	0.000000	0.000000
ERR2061622.17722964 7001289F:103:C9WFLANXX:4:1102:9006:53498/1	R1	+	-	+	-	0.471698	0.471698
ERR2061622.17722965 7001289F:103:C9WFLANXX:4:1204:2759:100744/1	R1	+	-	+	-	0.781250	0.781250
ERR2061622.17722966 7001289F:103:C9WFLANXX:3:1312:6413:68252/1	R1	+	-	+	-	0.365385	0.365385
ERR2061622.17722967 7001289F:103:C9WFLANXX:4:2307:20498:9173/1	R1	+	-	+	-	0.781250	0.781250
ERR2061622.17722968 7001289F:103:C9WFLANXX:4:2206:15792:86552/1	R1	+	-	+	-	0.862069	0.862069
ERR2061622.17722970 7001289F:103:C9WFLANXX:4:1304:15060:25492/1	R1	+	-	+	-	0.558824	0.558824
ERR2061622.17722972 7001289F:103:C9WFLANXX:4:2303:5129:12948/1	R1	+	-	+	-	0.000000	0.000000
ERR2061622.17722973 7001289F:103:C9WFLANXX:3:1112:17144:89105/1	R1	-	+	-	+	0.000000	0.000000
ERR2061622.17722974 7001289F:103:C9WFLANXX:4:2210:5381:21255/1	R1	-	+	-	+	0.000000	0.000000
ERR2061622.17722977 7001289F:103:C9WFLANXX:3:2308:3951:54833/1	R1	+	-	+	-	0.345455	0.345455
ERR2061622.17722978 7001289F:103:C9WFLANXX:3:2206:20632:51542/1	R1	-	+	-	+	0.000000	0.000000
ERR2061622.17722979 7001289F:103:C9WFLANXX:3:1309:2465:94821/1	R1	+	-	+	-	0.433628	0.433628
ERR2061622.17722982 7001289F:103:C9WFLANXX:3:1216:20605:14557/1	R1	+	-	+	-	0.433628	0.433628
ERR2061622.17722987 7001289F:103:C9WFLANXX:4:1315:3992:89938/1	R1	-	+	-	+	0.000000	0.000000
ERR2061622.17722988 7001289F:103:C9WFLANXX:4:1205:16656:84733/1	R1	-	+	-	+	0.000000	0.000000
ERR2061622.17722989 7001289F:103:C9WFLANXX:3:2212:8963:80613/1	R1	+	-	+	-	0.704545	0.704545
ERR2061622.17722990 7001289F:103:C9WFLANXX:4:2209:14177:92245/1	R1	+	-	+	-	0.457944	0.457944
ERR2061622.17722992 7001289F:103:C9WFLANXX:4:2102:8330:59048/1	R1	+	-	+	-	0.471698	0.471698
ERR2061622.17722993 7001289F:103:C9WFLANXX:4:1314:20462:92706/1	R1	+	-	+	-	0.531915	0.531915
ERR2061622.17722996 7001289F:103:C9WFLANXX:4:1116:19084:19276/1	R1	+	-	+	-	0.365385	0.365385
ERR2061622.17722997 7001289F:103:C9WFLANXX:4:2207:16871:66861/1	R1	+	-	+	-	0.446429	0.446429
ERR2061622.17722998 7001289F:103:C9WFLANXX:3:2215:11623:88526/1	R1	+	-	+	-	0.504673	0.504673
ERR2061622.17723001 7001289F:103:C9WFLANXX:3:1209:14241:30569/1	R1	+	-	+	-	0.000000	0.000000
ERR2061622.17723002 7001289F:103:C9WFLANXX:4:2301:15012:36405/1	R1	+	-	+	-	0.471698	0.471698
ERR2061622.17723003 7001289F:103:C9WFLANXX:4:2203:19358:84897/1	R1	+	-	+	-	0.000000	0.000000
ERR2061622.17723004 7001289F:103:C9WFLANXX:4:2208:4291:60668/1	R1	+	-	+	-	0.457944	0.457944
ERR2061622.17723005 7001289F:103:C9WFLANXX:4:1312:12784:5819/1	R1	+	-	+	-	0.471698	0.471698
ERR2061622.17723006 7001289F:103:C9WFLANXX:4:1309:12714:8402/1	R1	-	+	-	+	0.000000	0.000000
ERR2061622.17723007 7001289F:103:C9WFLANXX:3:1302:11013:59371/1	R1	+	-	+	-	0.000000	0.000000
ERR2061622.17723008 7001289F:103:C9WFLANXX:3:1202:8959:21126/1	R1	+	-	+	-	0.000000	0.000000
ERR2061622.17723009 7001289F:103:C9WFLANXX:3:1202:14388:40044/1	R1	+	-	+	-	0.000000	0.000000
ERR2061622.17723011 7001289F:103:C9WFLANXX:4:2303:13305:52978/1	R1	+	-	+	-	0.262136	0.262136
ERR2061622.17723015 7001289F:103:C9WFLANXX:4:1102:15289:93002/1	R1	+	-	+	-	0.000000	0.000000
ERR2061622.17723016 7001289F:103:C9WFLANXX:3:1101:8624:22626/1	R1	+	-	+	-	0.585106	0.585106
ERR2061622.17723017 7001289F:103:C9WFLANXX:4:2208:8165:75436/1	R1	+	-	+	-	0.368932	0.368932
ERR2061622.17723021 7001289F:103:C9WFLANXX:3:2213:21235:47340/1	R1	+	-	+	-	0.585586	0.585586
ERR2061622.17723024 7001289F:103:C9WFLANXX:3:1105:20264:15188/1	R1	+	-	+	-	0.000000	0.000000
ERR2061622.17723025 7001289F:103:C9WFLANXX:3:2316:19532:67877/1	R1	-	+	-	+	0.000000	0.000000
ERR2061622.17723026 7001289F:103:C9WFLANXX:4:1106:16109:9175/1	R1	-	+	-	+	0.095238	0.095238
ERR2061622.17723032 7001289F:103:C9WFLANXX:4:1315:2862:69320/1	R1	+	-	+	-	0.457944	0.457944
ERR2061622.17723033 7001289F:103:C9WFLANXX:4:2111:5132:67625/1	R1	-	+	-	+	0.000000	0.000000
ERR2061622.17723035 7001289F:103:C9WFLANXX:4:2316:8697:21461/1	R1	-	+	-	+	0.000000	0.000000
ERR2061622.17723038 7001289F:103:C9WFLANXX:4:2104:8973:93171/1	R1	-	+	-	+	0.125000	0.125000
ERR2061622.17723039 7001289F:103:C9WFLANXX:4:1114:5882:73103/1	R1	-	+	-	+	0.400000	0.400000
ERR2061622.17723041 7001289F:103:C9WFLANXX:4:2307:6956:29575/1	R1	-	+	-	+	0.077778	0.077778
ERR2061622.17723042 7001289F:103:C9WFLANXX:4:2204:3211:96001/1	R1	+	-	+	-	0.600000	0.600000
ERR2061622.17723043 7001289F:103:C9WFLANXX:4:2111:9049:97961/1	R1	-	+	-	+	0.000000	0.000000
ERR2061622.17723049 7001289F:103:C9WFLANXX:4:1308:13085:20957/1	R1	+	-	+	-	0.531915	0.531915
ERR2061622.17723050 7001289F:103:C9WFLANXX:4:1114:10224:67551/1	R1	-	+	-	+	0.077778	0.077778
ERR2061622.17723058 7001289F:103:C9WFLANXX:3:2113:14043:98282/1	R1	-	+	-	+	0.000000	0.000000
ERR2061622.17723063 7001289F:103:C9WFLANXX:3:2109:19865:18559/1	R1	-	+	-	+	0.527778	0.527778
ERR2061622.17723064 7001289F:103:C9WFLANXX:4:2208:4203:81040/1	R1	-	+	-	+	0.710526	0.710526
ERR2061622.17723066 7001289F:103:C9WFLANXX:3:2309:7987:31995/1	R1	+	-	+	-	0.302752	0.302752
ERR2061622.17723069 7001289F:103:C9WFLANXX:4:1306:17605:69397/1	R1	+	-	+	-	0.000000	0.000000
ERR2061622.17763645 7001289F:103:C9WFLANXX:3:2315:5411:6041/1	R1	+	-	+	-	0.446429	0.446429
ERR2061622.17981367 7001289F:103:C9WFLANXX:3:1104:9457:91849/1	R1	+	-	+	-	0.885714	0.885714
ERR2061622.18051098 7001289F:103:C9WFLANXX:3:1215:10104:69428/1	R1	+	-	+	-	0.441860	0.441860
ERR2061622.18088872 7001289F:103:C9WFLANXX:4:2207:12223:35441/1	R1	+	-	+	-	0.471698	0.471698
ERR2061622.18587019 7001289F:103:C9WFLANXX:3:2306:20952:94751/1	R1	-	+	-	+	0.000000	0.000000
ERR2061622.18620773 7001289F:103:C9WFLANXX:3:2307:17435:14373/1	R1	+	-	+	-	0.320388	0.320388
ERR2061622.18668157 7001289F:103:C9WFLANXX:4:2307:18510:10678/1	R1	+	-	+	-	0.457944	0.457944
ERR2061622.18684629 7001289F:103:C9WFLANXX:4:2307:12290:67052/1	R1	+	-	+	-	0.345455	0.345455
ERR2061622.19811720 7001289F:103:C9WFLANXX:4:1304:13872:26246/1	R1	+	-	+	-	0.000000	0.000000
ERR2061622.19937007 7001289F:103:C9WFLANXX:4:1307:13746:22686/1	R1	-	+	-	+	0.787879	0.787879
ERR2061622.19985163 7001289F:103:C9WFLANXX:4:1207:8096:36430/1	R1	+	-	+	-	0.302752	0.302752
ERR2061622.20129060 7001289F:103:C9WFLANXX:4:1309:9970:7509/1	R1	-	+	-	+	0.000000	0.000000
ERR2061622.20233897 7001289F:103:C9WFLANXX:4:1314:9389:67523/1	R1	+	-	+	-	0.471698	0.471698
ERR2061622.20233899 7001289F:103:C9WFLANXX:4:1112:11244:42747/1	R1	+	-	+	-	0.302752	0.302752
ERR2061622.20233901 7001289F:103:C9WFLANXX:3:2206:13196:24585/1	R1	-	+	-	+	0.000000	0.000000
ERR2061622.20233904 7001289F:103:C9WFLANXX:4:2316:5188:65080/1	R1	-	+	-	+	0.000000	0.000000
ERR2061622.20233905 7001289F:103:C9WFLANXX:4:2103:11360:2803/1	R1	-	+	-	+	0.000000	0.000000
ERR2061622.20233907 7001289F:103:C9WFLANXX:4:1316:6039:38498/1	R1	-	+	-	+	0.000000	0.000000
ERR2061622.20233908 7001289F:103:C9WFLANXX:3:1101:1580:62805/1	R1	+	-	+	-	0.558824	0.558824
ERR2061622.20233910 7001289F:103:C9WFLANXX:3:1105:20075:7534/1	R1	+	-	+	-	0.477876	0.477876
ERR2061622.20233912 7001289F:103:C9WFLANXX:3:2314:15588:54007/1	R1	+	-	+	-	0.767442	0.767442
ERR2061622.20233913 7001289F:103:C9WFLANXX:3:2306:20458:12702/1	R1	+	-	+	-	0.387755	0.387755
ERR2061622.20233917 7001289F:103:C9WFLANXX:3:2114:20827:84253/1	R1	+	-	+	-	0.340206	0.340206
ERR2061622.20233919 7001289F:103:C9WFLANXX:3:2102:1670:13458/1	R1	+	-	+	-	0.461538	0.461538
ERR2061622.20233920 7001289F:103:C9WFLANXX:3:2101:19472:56949/1	R1	+	-	+	-	0.000000	0.000000
ERR2061622.20233921 7001289F:103:C9WFLANXX:3:1311:21175:38242/1	R1	+	-	+	-	0.387755	0.387755
ERR2061622.20233923 7001289F:103:C9WFLANXX:3:1309:14121:82181/1	R1	+	-	+	-	0.320388	0.320388
ERR2061622.20233924 7001289F:103:C9WFLANXX:3:2116:18836:26855/1	R1	+	-	+	-	0.475000	0.475000
ERR2061622.20233932 7001289F:103:C9WFLANXX:3:1202:14421:57812/1	R1	+	-	+	-	0.657895	0.657895
ERR2061622.20233936 7001289F:103:C9WFLANXX:3:1213:7456:83436/1	R1	+	-	+	-	0.553571	0.553571
ERR2061622.20233937 7001289F:103:C9WFLANXX:3:1111:14497:78577/1	R1	+	-	+	-	0.446429	0.446429
ERR2061622.20233940 7001289F:103:C9WFLANXX:3:1207:5261:54353/1	R1	+	-	+	-	0.000000	0.000000
ERR2061622.20233941 7001289F:103:C9WFLANXX:3:1205:15751:95929/1	R1	+	-	+	-	0.000000	0.000000
ERR2061622.20233946 7001289F:103:C9WFLANXX:4:2315:14768:23337/1	R1	+	-	+	-	0.000000	0.000000
ERR2061622.20233947 7001289F:103:C9WFLANXX:4:2310:11838:11008/1	R1	+	-	+	-	0.446429	0.446429
ERR2061622.20233948 7001289F:103:C9WFLANXX:4:2310:7499:62046/1	R1	+	-	+	-	0.302752	0.302752
ERR2061622.20233949 7001289F:103:C9WFLANXX:4:2309:7785:90545/1	R1	+	-	+	-	0.540984	0.540984
ERR2061622.20233951 7001289F:103:C9WFLANXX:4:2307:18212:67462/1	R1	+	-	+	-	0.485149	0.485149
ERR2061622.20233952 7001289F:103:C9WFLANXX:4:2308:7057:42994/1	R1	+	-	+	-	0.500000	0.500000
ERR2061622.20233953 7001289F:103:C9WFLANXX:4:2210:13299:28117/1	R1	+	-	+	-	0.365385	0.365385
ERR2061622.20233954 7001289F:103:C9WFLANXX:4:2210:15589:32836/1	R1	+	-	+	-	0.000000	0.000000
ERR2061622.20233956 7001289F:103:C9WFLANXX:4:2114:9160:55410/1	R1	+	-	+	-	0.446429	0.446429
ERR2061622.20233961 7001289F:103:C9WFLANXX:4:1210:14391:7793/1	R1	+	-	+	-	0.000000	0.000000
ERR2061622.20233967 7001289F:103:C9WFLANXX:4:1102:6752:28193/1	R1	+	-	+	-	0.767442	0.767442
ERR2061622.20233968 7001289F:103:C9WFLANXX:4:1115:2599:32048/1	R1	+	-	+	-	0.518868	0.518868
ERR2061622.20233970 7001289F:103:C9WFLANXX:4:1113:14549:90364/1	R1	+	-	+	-	0.760000	0.760000
ERR2061622.20233971 7001289F:103:C9WFLANXX:4:1106:8303:8538/1	R1	+	-	+	-	0.673469	0.673469
ERR2061622.20233972 7001289F:103:C9WFLANXX:4:1116:11284:48966/1	R1	+	-	+	-	0.000000	0.000000
ERR2061622.20233974 7001289F:103:C9WFLANXX:4:1107:8127:63572/1	R1	-	+	-	+	0.000000	0.000000
ERR2061622.20233975 7001289F:103:C9WFLANXX:3:2203:3674:64302/1	R1	+	-	+	-	0.678571	0.678571
ERR2061622.20233976 7001289F:103:C9WFLANXX:3:1210:8394:4655/1	R1	-	+	-	+	0.067961	0.067961
ERR2061622.20233978 7001289F:103:C9WFLANXX:4:2308:17863:23886/1	R1	-	+	-	+	0.000000	0.000000
ERR2061622.20233979 7001289F:103:C9WFLANXX:4:2109:2696:76079/1	R1	+	-	+	-	0.000000	0.000000
ERR2061622.20233980 7001289F:103:C9WFLANXX:4:2204:16395:48192/1	R1	-	+	-	+	0.153846	0.153846
ERR2061622.20233981 7001289F:103:C9WFLANXX:4:2112:7693:86212/1	R1	-	+	-	+	0.000000	0.000000
ERR2061622.20233984 7001289F:103:C9WFLANXX:3:2305:16659:50771/1	R1	+	-	+	-	0.446429	0.446429
ERR2061622.20233989 7001289F:103:C9WFLANXX:4:2115:19830:81311/1	R1	+	-	+	-	0.446429	0.446429
ERR2061622.20233991 7001289F:103:C9WFLANXX:4:2107:21271:81073/1	R1	+	-	+	-	0.446429	0.446429
ERR2061622.20233994 7001289F:103:C9WFLANXX:4:1202:1903:48085/1	R1	+	-	+	-	0.685393	0.685393
ERR2061622.20233995 7001289F:103:C9WFLANXX:4:1204:18117:84856/1	R1	-	+	-	+	0.000000	0.000000
ERR2061622.20233996 7001289F:103:C9WFLANXX:3:1216:8318:93246/1	R1	-	+	-	+	0.125000	0.125000
ERR2061622.20233998 7001289F:103:C9WFLANXX:3:2316:12847:96677/1	R1	+	-	+	-	0.000000	0.000000
ERR2061622.20234001 7001289F:103:C9WFLANXX:3:2212:18979:78412/1	R1	+	-	+	-	0.000000	0.000000
ERR2061622.20234003 7001289F:103:C9WFLANXX:3:1304:20781:88495/1	R1	+	-	+	-	0.000000	0.000000
ERR2061622.20234004 7001289F:103:C9WFLANXX:4:2316:6909:24014/1	R1	+	-	+	-	0.000000	0.000000
ERR2061622.20234005 7001289F:103:C9WFLANXX:4:1213:11628:9501/1	R1	+	-	+	-	0.471698	0.471698
ERR2061622.20234007 7001289F:103:C9WFLANXX:3:2214:10493:53881/1	R1	+	-	+	-	0.471698	0.471698
ERR2061622.20234009 7001289F:103:C9WFLANXX:3:1315:12745:26728/1	R1	+	-	+	-	0.636364	0.636364
ERR2061622.20234010 7001289F:103:C9WFLANXX:4:2302:6363:4034/1	R1	+	-	+	-	0.457944	0.457944
ERR2061622.20234011 7001289F:103:C9WFLANXX:4:2116:16177:2305/1	R1	+	-	+	-	0.302752	0.302752
ERR2061622.20234012 7001289F:103:C9WFLANXX:4:1307:10018:45910/1	R1	+	-	+	-	0.457944	0.457944
ERR2061622.20234013 7001289F:103:C9WFLANXX:4:1208:18992:45208/1	R1	+	-	+	-	0.568182	0.568182
ERR2061622.20234016 7001289F:103:C9WFLANXX:3:2211:7528:36333/1	R1	+	-	+	-	0.046296	0.046296
ERR2061622.20234017 7001289F:103:C9WFLANXX:3:2307:17569:47407/1	R1	+	-	+	-	0.457944	0.457944
ERR2061622.20234018 7001289F:103:C9WFLANXX:3:2208:13650:87788/1	R1	+	-	+	-	0.939394	0.939394
ERR2061622.20234021 7001289F:103:C9WFLANXX:3:1115:8596:88958/1	R1	+	-	+	-	0.448980	0.448980
ERR2061622.20234022 7001289F:103:C9WFLANXX:4:2302:7638:21407/1	R1	+	-	+	-	0.457944	0.457944
ERR2061622.20234023 7001289F:103:C9WFLANXX:4:2116:16388:4585/1	R1	+	-	+	-	0.000000	0.000000
ERR2061622.20234024 7001289F:103:C9WFLANXX:4:1313:13726:43190/1	R1	+	-	+	-	0.000000	0.000000
ERR2061622.20234025 7001289F:103:C9WFLANXX:4:1308:8454:10237/1	R1	+	-	+	-	0.000000	0.000000
ERR2061622.20234026 7001289F:103:C9WFLANXX:4:1109:7908:15222/1	R1	+	-	+	-	0.800000	0.800000
ERR2061622.20234030 7001289F:103:C9WFLANXX:3:2215:19416:8215/1	R1	+	-	+	-	0.387755	0.387755
ERR2061622.20234031 7001289F:103:C9WFLANXX:3:1316:5463:56884/1	R1	+	-	+	-	0.302752	0.302752
ERR2061622.20234032 7001289F:103:C9WFLANXX:3:2311:12141:56045/1	R1	+	-	+	-	0.000000	0.000000
ERR2061622.20234035 7001289F:103:C9WFLANXX:3:1204:10398:56338/1	R1	+	-	+	-	0.446429	0.446429
ERR2061622.20234039 7001289F:103:C9WFLANXX:4:2108:19564:91355/1	R1	+	-	+	-	0.446429	0.446429
ERR2061622.20234045 7001289F:103:C9WFLANXX:4:2105:19462:40661/1	R1	+	-	+	-	0.433628	0.433628
ERR2061622.20234046 7001289F:103:C9WFLANXX:3:1213:13146:96830/1	R1	-	+	-	+	0.000000	0.000000
ERR2061622.20234050 7001289F:103:C9WFLANXX:4:1314:3140:21573/1	R1	+	-	+	-	0.387755	0.387755
ERR2061622.20234051 7001289F:103:C9WFLANXX:4:1111:16987:55685/1	R1	+	-	+	-	0.471698	0.471698
ERR2061622.20234052 7001289F:103:C9WFLANXX:4:2110:14947:70394/1	R1	-	+	-	+	0.103448	0.103448
ERR2061622.20234057 7001289F:103:C9WFLANXX:4:2107:8613:8783/1	R1	+	-	+	-	0.320388	0.320388
ERR2061622.20234058 7001289F:103:C9WFLANXX:3:1107:9880:81765/1	R1	+	-	+	-	0.482143	0.482143
ERR2061622.20234062 7001289F:103:C9WFLANXX:3:2213:2352:99796/1	R1	-	+	-	+	0.000000	0.000000
ERR2061622.20234063 7001289F:103:C9WFLANXX:4:2206:6733:61955/1	R1	-	+	-	+	0.000000	0.000000
ERR2061622.20234065 7001289F:103:C9WFLANXX:4:2314:2813:41611/1	R1	-	+	-	+	0.000000	0.000000
ERR2061622.20234068 7001289F:103:C9WFLANXX:4:2308:6459:80637/1	R1	+	-	+	-	0.500000	0.500000
ERR2061622.20234069 7001289F:103:C9WFLANXX:4:2113:20893:47190/1	R1	+	-	+	-	0.413043	0.413043
ERR2061622.20234071 7001289F:103:C9WFLANXX:4:1305:4847:8260/1	R1	-	+	-	+	0.000000	0.000000
ERR2061622.20234072 7001289F:103:C9WFLANXX:3:1308:8908:3679/1	R1	-	+	-	+	0.000000	0.000000
ERR2061622.20234074 7001289F:103:C9WFLANXX:4:2106:9755:40603/1	R1	+	-	+	-	0.339450	0.339450
ERR2061622.20234075 7001289F:103:C9WFLANXX:4:2104:8184:40430/1	R1	+	-	+	-	0.446429	0.446429
ERR2061622.20234076 7001289F:103:C9WFLANXX:4:1214:6208:53174/1	R1	+	-	+	-	0.735294	0.735294
ERR2061622.20234077 7001289F:103:C9WFLANXX:4:1206:17827:69420/1	R1	+	-	+	-	0.359223	0.359223
ERR2061622.20234078 7001289F:103:C9WFLANXX:3:2110:19058:93726/1	R1	-	+	-	+	0.000000	0.000000
ERR2061622.20234079 7001289F:103:C9WFLANXX:3:1308:1918:78051/1	R1	+	-	+	-	0.446429	0.446429
ERR2061622.20234080 7001289F:103:C9WFLANXX:4:2210:10763:24803/1	R1	+	-	+	-	0.433628	0.433628
ERR2061622.20234081 7001289F:103:C9WFLANXX:4:2116:6311:4865/1	R1	+	-	+	-	0.345455	0.345455
ERR2061622.20234082 7001289F:103:C9WFLANXX:3:2310:15345:92995/1	R1	-	+	-	+	0.000000	0.000000
ERR2061622.20234083 7001289F:103:C9WFLANXX:3:1206:10413:51310/1	R1	-	+	-	+	0.065041	0.065041
ERR2061622.20234084 7001289F:103:C9WFLANXX:4:2216:15588:15661/1	R1	+	-	+	-	0.345455	0.345455
ERR2061622.20234085 7001289F:103:C9WFLANXX:3:1104:14965:11580/1	R1	+	-	+	-	0.302752	0.302752
ERR2061622.20234086 7001289F:103:C9WFLANXX:3:1102:12882:11665/1	R1	-	+	-	+	0.000000	0.000000
ERR2061622.20234092 7001289F:103:C9WFLANXX:4:1215:3368:62244/1	R1	-	+	-	+	0.342857	0.342857
ERR2061622.20234094 7001289F:103:C9WFLANXX:3:2114:8188:35774/1	R1	-	+	-	+	0.000000	0.000000
ERR2061622.20234096 7001289F:103:C9WFLANXX:4:2214:12114:26828/1	R1	-	+	-	+	0.000000	0.000000
ERR2061622.20234099 7001289F:103:C9WFLANXX:4:1106:16375:41627/1	R1	-	+	-	+	0.159091	0.159091
ERR2061622.20234100 7001289F:103:C9WFLANXX:4:2106:6862:75836/1	R1	+	-	+	-	0.000000	0.000000
ERR2061622.20234101 7001289F:103:C9WFLANXX:4:1114:1946:50837/1	R1	+	-	+	-	0.000000	0.000000
ERR2061622.20234103 7001289F:103:C9WFLANXX:4:1308:13764:47381/1	R1	+	-	+	-	0.413043	0.413043
ERR2061622.20234105 7001289F:103:C9WFLANXX:3:2106:12185:91689/1	R1	+	-	+	-	0.678571	0.678571
ERR2061622.20234110 7001289F:103:C9WFLANXX:3:2309:19286:82925/1	R1	-	+	-	+	0.000000	0.000000
ERR2061622.20234115 7001289F:103:C9WFLANXX:4:1207:7854:88023/1	R1	-	+	-	+	0.000000	0.000000
ERR2061622.20234118 7001289F:103:C9WFLANXX:3:2312:2726:62815/1	R1	+	-	+	-	0.362637	0.362637
ERR2061622.20234119 7001289F:103:C9WFLANXX:3:2112:20419:23311/1	R1	-	+	-	+	0.444444	0.444444
ERR2061622.20234120 7001289F:103:C9WFLANXX:4:1216:3074:7956/1	R1	-	+	-	+	0.428571	0.428571
ERR2061622.20234121 7001289F:103:C9WFLANXX:3:2101:6894:12530/1	R1	+	-	+	-	0.600000	0.600000
ERR2061622.20234123 7001289F:103:C9WFLANXX:3:2205:1859:82916/1	R1	-	+	-	+	0.000000	0.000000
ERR2061622.20234126 7001289F:103:C9WFLANXX:3:2211:10089:79104/1	R1	-	+	-	+	0.000000	0.000000
ERR2061622.20234127 7001289F:103:C9WFLANXX:3:1314:20878:20785/1	R1	-	+	-	+	0.000000	0.000000
ERR2061622.20234128 7001289F:103:C9WFLANXX:3:2316:17686:99388/1	R1	+	-	+	-	0.531915	0.531915
ERR2061622.20234129 7001289F:103:C9WFLANXX:3:2109:9268:33924/1	R1	+	-	+	-	0.815789	0.815789
ERR2061622.20234131 7001289F:103:C9WFLANXX:3:2313:3200:6560/1	R1	+	-	+	-	0.423077	0.423077
ERR2061622.20234133 7001289F:103:C9WFLANXX:3:2106:6073:32237/1	R1	+	-	+	-	0.558824	0.558824
ERR2061622.20234135 7001289F:103:C9WFLANXX:4:1213:5434:40801/1	R1	+	-	+	-	0.892857	0.892857
ERR2061622.20234136 7001289F:103:C9WFLANXX:3:2216:10206:46720/1	R1	-	+	-	+	0.838710	0.838710
ERR2061622.20234139 7001289F:103:C9WFLANXX:3:1206:10270:79085/1	R1	+	-	+	-	0.600000	0.600000
ERR2061622.20234142 7001289F:103:C9WFLANXX:3:2316:16596:41781/1	R1	+	-	+	-	0.000000	0.000000
ERR2061622.20234143 7001289F:103:C9WFLANXX:3:2105:10352:9287/1	R1	+	-	+	-	0.690141	0.690141
ERR2061622.20234145 7001289F:103:C9WFLANXX:4:1314:5442:65752/1	R1	+	-	+	-	0.560748	0.560748
ERR2061622.20234150 7001289F:103:C9WFLANXX:3:1207:5907:86681/1	R1	+	-	+	-	0.000000	0.000000
ERR2061622.20234153 7001289F:103:C9WFLANXX:3:2105:11322:23555/1	R1	-	+	-	+	0.000000	0.000000
ERR2061622.20234154 7001289F:103:C9WFLANXX:3:1302:7370:77737/1	R1	+	-	+	-	0.471698	0.471698
ERR2061622.20234156 7001289F:103:C9WFLANXX:3:2108:15778:65800/1	R1	+	-	+	-	0.671642	0.671642
ERR2061622.20234157 7001289F:103:C9WFLANXX:3:2203:17011:50643/1	R1	-	+	-	+	0.000000	0.000000
ERR2061622.20234158 7001289F:103:C9WFLANXX:3:2115:18297:14508/1	R1	-	+	-	+	0.000000	0.000000
ERR2061622.20234159 7001289F:103:C9WFLANXX:3:1210:7873:69832/1	R1	-	+	-	+	0.000000	0.000000
ERR2061622.20234162 7001289F:103:C9WFLANXX:3:2216:2801:5555/1	R1	+	-	+	-	0.568182	0.568182
ERR2061622.20234163 7001289F:103:C9WFLANXX:4:1203:1920:61940/1	R1	+	-	+	-	0.568182	0.568182
ERR2061622.20234165 7001289F:103:C9WFLANXX:3:2315:4756:57873/1	R1	+	-	+	-	0.345455	0.345455
ERR2061622.20234167 7001289F:103:C9WFLANXX:3:2109:16827:32016/1	R1	+	-	+	-	0.345455	0.345455
ERR2061622.20234168 7001289F:103:C9WFLANXX:3:1201:9964:29955/1	R1	+	-	+	-	0.345455	0.345455
ERR2061622.20234169 7001289F:103:C9WFLANXX:3:1115:16533:27370/1	R1	+	-	+	-	0.345455	0.345455
ERR2061622.20234173 7001289F:103:C9WFLANXX:4:1301:16983:69811/1	R1	+	-	+	-	0.345455	0.345455
ERR2061622.20234175 7001289F:103:C9WFLANXX:4:1205:3010:15582/1	R1	+	-	+	-	0.345455	0.345455
ERR2061622.20234176 7001289F:103:C9WFLANXX:3:2315:20038:70115/1	R1	+	-	+	-	0.345455	0.345455
ERR2061622.20234177 7001289F:103:C9WFLANXX:3:2102:3719:4970/1	R1	-	+	-	+	0.208791	0.208791
ERR2061622.20234178 7001289F:103:C9WFLANXX:4:1103:4110:89643/1	R1	+	-	+	-	0.345455	0.345455
ERR2061622.20234179 7001289F:103:C9WFLANXX:3:2113:16958:74013/1	R1	+	-	+	-	0.302752	0.302752
ERR2061622.20234180 7001289F:103:C9WFLANXX:3:1303:20728:44112/1	R1	+	-	+	-	0.388350	0.388350
ERR2061622.20234181 7001289F:103:C9WFLANXX:3:1302:18331:68323/1	R1	+	-	+	-	0.302752	0.302752
ERR2061622.20234183 7001289F:103:C9WFLANXX:3:1114:20248:87609/1	R1	+	-	+	-	0.302752	0.302752
ERR2061622.20234185 7001289F:103:C9WFLANXX:4:2201:16791:15944/1	R1	+	-	+	-	0.302752	0.302752
ERR2061622.20234188 7001289F:103:C9WFLANXX:4:1202:9384:82582/1	R1	+	-	+	-	0.302752	0.302752
ERR2061622.20234190 7001289F:103:C9WFLANXX:3:1306:8397:42869/1	R1	-	+	-	+	0.000000	0.000000
ERR2061622.20234195 7001289F:103:C9WFLANXX:4:1112:3119:83526/1	R1	+	-	+	-	0.000000	0.000000
ERR2061622.20234196 7001289F:103:C9WFLANXX:3:1204:8351:96140/1	R1	-	+	-	+	0.000000	0.000000
ERR2061622.20234197 7001289F:103:C9WFLANXX:4:1216:14636:17388/1	R1	-	+	-	+	0.612069	0.612069
ERR2061622.20234198 7001289F:103:C9WFLANXX:3:2301:5981:35002/1	R1	+	-	+	-	0.875000	0.875000
ERR2061622.20234200 7001289F:103:C9WFLANXX:3:2201:8461:99507/1	R1	+	-	+	-	0.740741	0.740741
ERR2061622.20234201 7001289F:103:C9WFLANXX:3:2304:6414:48680/1	R1	+	-	+	-	0.433628	0.433628
ERR2061622.20234204 7001289F:103:C9WFLANXX:3:1311:4241:68327/1	R1	+	-	+	-	0.457944	0.457944
ERR2061622.20234205 7001289F:103:C9WFLANXX:4:2311:10639:49316/1	R1	+	-	+	-	0.457944	0.457944
ERR2061622.20234208 7001289F:103:C9WFLANXX:4:1303:2242:36764/1	R1	+	-	+	-	0.433628	0.433628
ERR2061622.20234209 7001289F:103:C9WFLANXX:4:1302:20362:88152/1	R1	+	-	+	-	0.457944	0.457944
ERR2061622.20234211 7001289F:103:C9WFLANXX:4:1110:15877:56758/1	R1	+	-	+	-	0.457944	0.457944
ERR2061622.20234212 7001289F:103:C9WFLANXX:4:1309:2157:51905/1	R1	+	-	+	-	0.457944	0.457944
ERR2061622.20234213 7001289F:103:C9WFLANXX:4:1115:11754:16902/1	R1	+	-	+	-	0.433628	0.433628
ERR2061622.20234214 7001289F:103:C9WFLANXX:3:2214:11714:18125/1	R1	+	-	+	-	0.471698	0.471698
ERR2061622.20234217 7001289F:103:C9WFLANXX:3:2304:17738:61151/1	R1	+	-	+	-	0.446429	0.446429
ERR2061622.20234218 7001289F:103:C9WFLANXX:3:2205:13636:42096/1	R1	+	-	+	-	0.446429	0.446429
ERR2061622.20234221 7001289F:103:C9WFLANXX:3:1316:11329:52666/1	R1	+	-	+	-	0.446429	0.446429
ERR2061622.20234222 7001289F:103:C9WFLANXX:3:1312:10866:66779/1	R1	+	-	+	-	0.471698	0.471698
ERR2061622.20234224 7001289F:103:C9WFLANXX:3:1207:5588:32697/1	R1	+	-	+	-	0.471698	0.471698
ERR2061622.20234225 7001289F:103:C9WFLANXX:4:2113:10614:84065/1	R1	+	-	+	-	0.491071	0.491071
ERR2061622.20234227 7001289F:103:C9WFLANXX:4:1203:12825:81345/1	R1	+	-	+	-	0.446429	0.446429
ERR2061622.20234229 7001289F:103:C9WFLANXX:4:1114:9941:14859/1	R1	+	-	+	-	0.446429	0.446429
ERR2061622.20234231 7001289F:103:C9WFLANXX:3:2116:7193:52495/1	R1	+	-	+	-	0.471698	0.471698
ERR2061622.20234232 7001289F:103:C9WFLANXX:3:1209:15260:8714/1	R1	-	+	-	+	0.000000	0.000000
ERR2061622.20234233 7001289F:103:C9WFLANXX:4:1105:18771:5355/1	R1	+	-	+	-	0.446429	0.446429
ERR2061622.20234239 7001289F:103:C9WFLANXX:3:1315:15049:20285/1	R1	-	+	-	+	0.056911	0.056911
ERR2061622.20234240 7001289F:103:C9WFLANXX:3:2210:16485:75983/1	R1	+	-	+	-	0.302752	0.302752
ERR2061622.20234244 7001289F:103:C9WFLANXX:3:2215:1893:20576/1	R1	-	+	-	+	0.114286	0.114286
ERR2061622.20234245 7001289F:103:C9WFLANXX:3:1214:9352:20958/1	R1	-	+	-	+	0.000000	0.000000
ERR2061622.20234246 7001289F:103:C9WFLANXX:3:1205:5482:93912/1	R1	+	-	+	-	0.515789	0.515789
ERR2061622.20234247 7001289F:103:C9WFLANXX:3:2107:11248:99509/1	R1	+	-	+	-	0.446429	0.446429
ERR2061622.20234249 7001289F:103:C9WFLANXX:3:1302:5679:55469/1	R1	+	-	+	-	0.340206	0.340206
ERR2061622.20234250 7001289F:103:C9WFLANXX:3:2213:2266:8086/1	R1	+	-	+	-	0.433628	0.433628
ERR2061622.20234253 7001289F:103:C9WFLANXX:4:2201:8931:82391/1	R1	+	-	+	-	0.662651	0.662651
ERR2061622.20234263 7001289F:103:C9WFLANXX:4:2216:10874:62449/1	R1	-	+	-	+	0.060606	0.060606
ERR2061622.20234264 7001289F:103:C9WFLANXX:4:1311:4532:81619/1	R1	+	-	+	-	0.362637	0.362637
ERR2061622.20234268 7001289F:103:C9WFLANXX:4:2315:10254:11468/1	R1	+	-	+	-	0.513514	0.513514
ERR2061622.20234269 7001289F:103:C9WFLANXX:4:1201:2926:27775/1	R1	+	-	+	-	0.767442	0.767442
ERR2061622.20234271 7001289F:103:C9WFLANXX:4:1103:13250:81261/1	R1	-	+	-	+	0.000000	0.000000
ERR2061622.20234273 7001289F:103:C9WFLANXX:4:2101:15065:52688/1	R1	-	+	-	+	0.863636	0.863636
ERR2061622.20234278 7001289F:103:C9WFLANXX:4:1204:11713:46472/1	R1	+	-	+	-	0.000000	0.000000
ERR2061622.20234282 7001289F:103:C9WFLANXX:4:1312:11237:55320/1	R1	+	-	+	-	0.830508	0.830508
ERR2061622.20234283 7001289F:103:C9WFLANXX:4:1312:4530:44269/1	R1	+	-	+	-	0.000000	0.000000
ERR2061622.20234284 7001289F:103:C9WFLANXX:4:2310:1554:4003/1	R1	+	-	+	-	0.540984	0.540984
ERR2061622.20234285 7001289F:103:C9WFLANXX:3:2216:13659:90735/1	R1	+	-	+	-	0.000000	0.000000
ERR2061622.20234287 7001289F:103:C9WFLANXX:3:1207:1670:95153/1	R1	-	+	-	+	0.000000	0.000000
ERR2061622.20234291 7001289F:103:C9WFLANXX:4:1112:13787:8335/1	R1	+	-	+	-	0.673469	0.673469
ERR2061622.20234293 7001289F:103:C9WFLANXX:3:2108:5866:13635/1	R1	+	-	+	-	0.000000	0.000000
ERR2061622.20234294 7001289F:103:C9WFLANXX:3:2110:12518:80936/1	R1	-	+	-	+	0.000000	0.000000
ERR2061622.20234295 7001289F:103:C9WFLANXX:4:1306:11918:36578/1	R1	-	+	-	+	0.140000	0.140000
ERR2061622.20234298 7001289F:103:C9WFLANXX:3:1205:11052:93535/1	R1	+	-	+	-	0.000000	0.000000
ERR2061622.20530303 7001289F:103:C9WFLANXX:3:2103:6128:100823/1	R1	+	-	+	-	0.000000	0.000000
ERR2061622.20566837 7001289F:103:C9WFLANXX:3:2107:19224:69558/1	R1	-	+	-	+	0.200000	0.200000
ERR2061622.20729950 7001289F:103:C9WFLANXX:4:2308:3143:89435/1	R1	-	+	-	+	0.441860	0.441860
ERR2061622.20950538 7001289F:103:C9WFLANXX:3:1103:2242:53744/1	R1	+	-	+	-	0.000000	0.000000
ERR2061622.21166178 7001289F:103:C9WFLANXX:3:1205:12030:81537/1	R1	+	-	+	-	0.600000	0.600000
ERR2061622.21214835 7001289F:103:C9WFLANXX:4:1212:3794:2640/1	R1	-	+	-	+	0.000000	0.000000
ERR2061622.21290834 7001289F:103:C9WFLANXX:4:2213:18169:14252/1	R1	+	-	+	-	0.438776	0.438776
ERR2061622.21322640 7001289F:103:C9WFLANXX:4:2109:20887:47828/1	R1	-	+	-	+	0.000000	0.000000
ERR2061622.21593135 7001289F:103:C9WFLANXX:4:1116:16149:23352/1	R1	+	-	+	-	0.805556	0.805556
ERR2061622.21826449 7001289F:103:C9WFLANXX:3:2314:10413:98243/1	R1	+	-	+	-	0.000000	0.000000
ERR2061622.22112450 7001289F:103:C9WFLANXX:4:2308:17465:66403/1	R1	+	-	+	-	0.000000	0.000000
ERR2061622.22151312 7001289F:103:C9WFLANXX:4:1213:5035:15267/1	R1	-	+	-	+	0.000000	0.000000
ERR2061622.22187052 7001289F:103:C9WFLANXX:3:2211:13906:50520/1	R1	+	-	+	-	0.302752	0.302752
ERR2061622.22257628 7001289F:103:C9WFLANXX:3:1109:2092:86736/1	R1	-	+	-	+	0.000000	0.000000
ERR2061622.22376820 7001289F:103:C9WFLANXX:3:2304:11457:39812/1	R1	+	-	+	-	0.781250	0.781250
ERR2061622.22376822 7001289F:103:C9WFLANXX:3:2302:13366:43696/1	R1	+	-	+	-	0.471698	0.471698
ERR2061622.22376824 7001289F:103:C9WFLANXX:3:2103:12041:52533/1	R1	+	-	+	-	0.891892	0.891892
ERR2061622.22376825 7001289F:103:C9WFLANXX:3:1210:12466:60635/1	R1	+	-	+	-	0.446429	0.446429
ERR2061622.22376828 7001289F:103:C9WFLANXX:4:2215:11873:57883/1	R1	+	-	+	-	0.446429	0.446429
ERR2061622.22376829 7001289F:103:C9WFLANXX:4:2103:3529:47184/1	R1	+	-	+	-	0.446429	0.446429
ERR2061622.22376833 7001289F:103:C9WFLANXX:4:2107:12334:86531/1	R1	+	-	+	-	0.446429	0.446429
ERR2061622.22376835 7001289F:103:C9WFLANXX:3:2110:17964:56615/1	R1	+	-	+	-	0.345455	0.345455
ERR2061622.22376838 7001289F:103:C9WFLANXX:3:1304:6846:66925/1	R1	+	-	+	-	0.433628	0.433628
ERR2061622.22376840 7001289F:103:C9WFLANXX:4:2310:8544:12565/1	R1	+	-	+	-	0.446429	0.446429
ERR2061622.22376842 7001289F:103:C9WFLANXX:4:2209:15816:4683/1	R1	+	-	+	-	0.446429	0.446429
ERR2061622.22376843 7001289F:103:C9WFLANXX:4:2101:11136:95091/1	R1	+	-	+	-	0.446429	0.446429
ERR2061622.22376849 7001289F:103:C9WFLANXX:3:2213:14829:85686/1	R1	+	-	+	-	0.457944	0.457944
ERR2061622.22376850 7001289F:103:C9WFLANXX:3:2102:5199:47238/1	R1	+	-	+	-	0.302752	0.302752
ERR2061622.22376851 7001289F:103:C9WFLANXX:3:1306:10741:66442/1	R1	+	-	+	-	0.457944	0.457944
ERR2061622.22376853 7001289F:103:C9WFLANXX:3:1110:11190:71701/1	R1	+	-	+	-	0.000000	0.000000
ERR2061622.22376854 7001289F:103:C9WFLANXX:4:2308:15280:12588/1	R1	+	-	+	-	0.000000	0.000000
ERR2061622.22376855 7001289F:103:C9WFLANXX:4:2103:18556:20574/1	R1	+	-	+	-	0.000000	0.000000
ERR2061622.22376861 7001289F:103:C9WFLANXX:4:2203:4264:13677/1	R1	+	-	+	-	0.362637	0.362637
ERR2061622.22376864 7001289F:103:C9WFLANXX:4:1103:20290:97698/1	R1	+	-	+	-	0.000000	0.000000
ERR2061622.22376870 7001289F:103:C9WFLANXX:4:2308:17744:22041/1	R1	+	-	+	-	0.000000	0.000000
ERR2061622.22376872 7001289F:103:C9WFLANXX:4:2205:10295:4463/1	R1	-	+	-	+	0.000000	0.000000
ERR2061622.22376874 7001289F:103:C9WFLANXX:4:2112:15341:70372/1	R1	+	-	+	-	0.302752	0.302752
ERR2061622.22376876 7001289F:103:C9WFLANXX:4:1214:12290:51549/1	R1	+	-	+	-	0.798165	0.798165
ERR2061622.22376877 7001289F:103:C9WFLANXX:4:1103:2021:89041/1	R1	+	-	+	-	0.345455	0.345455
ERR2061622.22376879 7001289F:103:C9WFLANXX:3:2201:14530:85562/1	R1	+	-	+	-	0.345455	0.345455
ERR2061622.22376881 7001289F:103:C9WFLANXX:3:2203:15381:14421/1	R1	+	-	+	-	0.000000	0.000000
ERR2061622.22376882 7001289F:103:C9WFLANXX:3:1310:20588:15217/1	R1	+	-	+	-	0.081081	0.081081
ERR2061622.22376886 7001289F:103:C9WFLANXX:4:2105:13393:50897/1	R1	+	-	+	-	0.302752	0.302752
ERR2061622.22376889 7001289F:103:C9WFLANXX:3:1107:5347:84622/1	R1	+	-	+	-	0.320388	0.320388
ERR2061622.22376890 7001289F:103:C9WFLANXX:3:2311:15565:59302/1	R1	-	+	-	+	0.714286	0.714286
ERR2061622.22376896 7001289F:103:C9WFLANXX:4:2215:13238:88817/1	R1	-	+	-	+	0.000000	0.000000
ERR2061622.22376897 7001289F:103:C9WFLANXX:3:1304:19276:17493/1	R1	-	+	-	+	0.000000	0.000000
ERR2061622.22376899 7001289F:103:C9WFLANXX:4:2215:20065:99994/1	R1	+	-	+	-	0.785714	0.785714
ERR2061622.22376902 7001289F:103:C9WFLANXX:4:2214:13152:41767/1	R1	-	+	-	+	0.000000	0.000000
ERR2061622.22376907 7001289F:103:C9WFLANXX:4:1316:14470:43449/1	R1	+	-	+	-	0.678571	0.678571
ERR2061622.22376909 7001289F:103:C9WFLANXX:3:2202:14358:56052/1	R1	+	-	+	-	0.492537	0.492537
ERR2061622.22376911 7001289F:103:C9WFLANXX:4:1214:9414:34282/1	R1	+	-	+	-	0.550000	0.550000
ERR2061622.22376912 7001289F:103:C9WFLANXX:3:1115:8615:92548/1	R1	-	+	-	+	0.000000	0.000000
ERR2061622.22376913 7001289F:103:C9WFLANXX:3:1209:6249:23719/1	R1	-	+	-	+	0.000000	0.000000
ERR2061622.22376918 7001289F:103:C9WFLANXX:4:1214:21287:11632/1	R1	+	-	+	-	0.965517	0.965517
ERR2061622.22376919 7001289F:103:C9WFLANXX:3:1207:14915:14959/1	R1	-	+	-	+	0.936170	0.936170
ERR2061622.22376920 7001289F:103:C9WFLANXX:4:1112:20731:93975/1	R1	-	+	-	+	0.000000	0.000000
ERR2061622.22376923 7001289F:103:C9WFLANXX:4:1315:5600:64127/1	R1	+	-	+	-	0.550000	0.550000
ERR2061622.22376924 7001289F:103:C9WFLANXX:3:1203:3760:97668/1	R1	+	-	+	-	0.000000	0.000000
ERR2061622.22376925 7001289F:103:C9WFLANXX:3:2315:7129:73274/1	R1	-	+	-	+	0.050000	0.050000
ERR2061622.22376931 7001289F:103:C9WFLANXX:4:1207:9005:100003/1	R1	-	+	-	+	0.067308	0.067308
ERR2061622.22376932 7001289F:103:C9WFLANXX:4:2114:12074:83966/1	R1	+	-	+	-	0.515789	0.515789
ERR2061622.22376934 7001289F:103:C9WFLANXX:3:2114:18971:12899/1	R1	-	+	-	+	0.000000	0.000000
ERR2061622.22376937 7001289F:103:C9WFLANXX:3:2206:12572:81836/1	R1	-	+	-	+	0.000000	0.000000
ERR2061622.22376938 7001289F:103:C9WFLANXX:4:2111:19331:73023/1	R1	+	-	+	-	0.918367	0.918367
ERR2061622.22376939 7001289F:103:C9WFLANXX:3:1106:12931:70345/1	R1	-	+	-	+	0.000000	0.000000
ERR2061622.22376944 7001289F:103:C9WFLANXX:4:2311:21215:4424/1	R1	-	+	-	+	0.000000	0.000000
ERR2061622.22376946 7001289F:103:C9WFLANXX:3:2202:8651:53056/1	R1	+	-	+	-	0.387755	0.387755
ERR2061622.22376948 7001289F:103:C9WFLANXX:3:2210:1531:74788/1	R1	-	+	-	+	0.044944	0.044944
ERR2061622.22376949 7001289F:103:C9WFLANXX:4:1116:18685:54800/1	R1	-	+	-	+	0.000000	0.000000
ERR2061622.22376951 7001289F:103:C9WFLANXX:4:1113:18083:87320/1	R1	-	+	-	+	0.000000	0.000000
ERR2061622.22376955 7001289F:103:C9WFLANXX:4:2115:17670:67184/1	R1	+	-	+	-	0.446429	0.446429
ERR2061622.22376956 7001289F:103:C9WFLANXX:3:1113:7409:53720/1	R1	+	-	+	-	0.000000	0.000000
ERR2061622.22376960 7001289F:103:C9WFLANXX:4:1212:21099:85809/1	R1	-	+	-	+	0.116667	0.116667
ERR2061622.22376962 7001289F:103:C9WFLANXX:3:1310:4494:57723/1	R1	+	-	+	-	0.506849	0.506849
ERR2061622.22376963 7001289F:103:C9WFLANXX:4:2202:11418:28703/1	R1	-	+	-	+	0.333333	0.333333
ERR2061622.22376965 7001289F:103:C9WFLANXX:3:2309:4545:43494/1	R1	-	+	-	+	0.000000	0.000000
ERR2061622.22376969 7001289F:103:C9WFLANXX:3:2304:6491:53720/1	R1	+	-	+	-	0.540984	0.540984
ERR2061622.22376972 7001289F:103:C9WFLANXX:4:1211:16441:17940/1	R1	-	+	-	+	0.000000	0.000000
ERR2061622.22423135 7001289F:103:C9WFLANXX:4:2112:17605:10255/1	R1	+	-	+	-	0.590361	0.590361
ERR2061622.22506019 7001289F:103:C9WFLANXX:3:2209:5250:62814/1	R1	+	-	+	-	0.558824	0.558824
ERR2061622.22618968 7001289F:103:C9WFLANXX:3:2203:8294:94913/1	R1	-	+	-	+	0.000000	0.000000
ERR2061622.22832938 7001289F:103:C9WFLANXX:3:1210:15100:66367/1	R1	+	-	+	-	0.345455	0.345455
ERR2061622.23138840 7001289F:103:C9WFLANXX:3:1309:20265:65127/1	R1	+	-	+	-	0.345455	0.345455
ERR2061622.23614389 7001289F:103:C9WFLANXX:3:2314:11554:89400/1	R1	-	+	-	+	0.545455	0.545455
ERR2061622.24930562 7001289F:103:C9WFLANXX:4:2110:18765:29195/1	R1	-	+	-	+	0.631579	0.631579
ERR2061622.25666563 7001289F:103:C9WFLANXX:4:1204:1460:54589/1	R1	-	+	-	+	0.760000	0.760000
