2024-12-30T16:08:45
ID	Read	R1_Forward	R1_Reverse	R2_Forward	R2_Reverse	R1_Penalty	R2_Penalty
ERR2188722.541167 7001289F:119:HH7GHBCXY:2:2109:19658:18018/1	R1	-	+	-	+	0.950000	0.950000
ERR2188722.1682355 7001289F:119:HH7GHBCXY:1:2206:14238:10650/1	R1	-	+	-	+	0.526316	0.526316
ERR2188722.4781941 7001289F:119:HH7GHBCXY:1:2105:3874:23494/1	R1	+	-	+	-	0.469027	0.469027
ERR2188722.4781942 7001289F:119:HH7GHBCXY:1:2207:13257:7684/1	R1	+	-	+	-	0.000000	0.000000
ERR2188722.4781944 7001289F:119:HH7GHBCXY:2:1111:7102:15285/1	R1	+	-	+	-	0.685393	0.685393
ERR2188722.4781945 7001289F:119:HH7GHBCXY:1:1209:15314:74824/1	R1	+	-	+	-	0.446429	0.446429
ERR2188722.4781947 7001289F:119:HH7GHBCXY:1:2110:14857:101071/1	R1	+	-	+	-	0.446429	0.446429
ERR2188722.4781948 7001289F:119:HH7GHBCXY:1:2210:19917:31282/1	R1	+	-	+	-	0.446429	0.446429
ERR2188722.4781949 7001289F:119:HH7GHBCXY:2:1107:17014:94679/1	R1	+	-	+	-	0.365385	0.365385
ERR2188722.4781950 7001289F:119:HH7GHBCXY:2:2114:5959:92582/1	R1	+	-	+	-	0.446429	0.446429
ERR2188722.4781953 7001289F:119:HH7GHBCXY:1:1203:20046:58631/1	R1	+	-	+	-	0.417722	0.417722
ERR2188722.4781954 7001289F:119:HH7GHBCXY:1:1207:10286:91239/1	R1	+	-	+	-	0.446429	0.446429
ERR2188722.4781956 7001289F:119:HH7GHBCXY:1:2103:16304:17459/1	R1	+	-	+	-	0.433628	0.433628
ERR2188722.4781957 7001289F:119:HH7GHBCXY:1:2109:12309:69486/1	R1	+	-	+	-	0.433628	0.433628
ERR2188722.4781958 7001289F:119:HH7GHBCXY:1:2112:10539:16045/1	R1	+	-	+	-	0.433628	0.433628
ERR2188722.4781960 7001289F:119:HH7GHBCXY:1:2204:10336:63077/1	R1	+	-	+	-	0.433628	0.433628
ERR2188722.4781962 7001289F:119:HH7GHBCXY:1:2211:7549:89294/1	R1	+	-	+	-	0.734513	0.734513
ERR2188722.4781963 7001289F:119:HH7GHBCXY:1:2213:8092:27583/1	R1	+	-	+	-	0.433628	0.433628
ERR2188722.4781964 7001289F:119:HH7GHBCXY:1:2212:17457:48086/1	R1	+	-	+	-	0.539823	0.539823
ERR2188722.4781965 7001289F:119:HH7GHBCXY:1:2215:1521:66143/1	R1	+	-	+	-	0.433628	0.433628
ERR2188722.4781967 7001289F:119:HH7GHBCXY:2:1116:4175:69965/1	R1	+	-	+	-	0.787611	0.787611
ERR2188722.4781970 7001289F:119:HH7GHBCXY:2:2211:11645:22661/1	R1	+	-	+	-	0.504425	0.504425
ERR2188722.4781972 7001289F:119:HH7GHBCXY:1:1207:15082:43964/1	R1	+	-	+	-	0.457944	0.457944
ERR2188722.4781975 7001289F:119:HH7GHBCXY:1:2207:12024:38645/1	R1	+	-	+	-	0.000000	0.000000
ERR2188722.4781976 7001289F:119:HH7GHBCXY:2:1109:2963:95768/1	R1	+	-	+	-	0.457944	0.457944
ERR2188722.4781977 7001289F:119:HH7GHBCXY:2:1215:5034:77142/1	R1	+	-	+	-	0.101852	0.101852
ERR2188722.4781981 7001289F:119:HH7GHBCXY:1:1112:18301:77885/1	R1	+	-	+	-	0.302752	0.302752
ERR2188722.4781982 7001289F:119:HH7GHBCXY:1:1203:12991:29098/1	R1	+	-	+	-	0.302752	0.302752
ERR2188722.4781984 7001289F:119:HH7GHBCXY:1:2112:3198:72307/1	R1	+	-	+	-	0.302752	0.302752
ERR2188722.4781985 7001289F:119:HH7GHBCXY:1:2209:16552:60503/1	R1	+	-	+	-	0.000000	0.000000
ERR2188722.4781986 7001289F:119:HH7GHBCXY:2:2104:20288:58416/1	R1	+	-	+	-	0.000000	0.000000
ERR2188722.4781988 7001289F:119:HH7GHBCXY:1:1208:1770:74274/1	R1	+	-	+	-	0.345455	0.345455
ERR2188722.4781989 7001289F:119:HH7GHBCXY:1:1215:15111:37912/1	R1	+	-	+	-	0.435294	0.435294
ERR2188722.4781992 7001289F:119:HH7GHBCXY:2:1202:9926:41079/1	R1	+	-	+	-	0.000000	0.000000
ERR2188722.4781995 7001289F:119:HH7GHBCXY:2:1213:3831:54237/1	R1	+	-	+	-	0.457944	0.457944
ERR2188722.4781999 7001289F:119:HH7GHBCXY:1:2110:13955:16641/1	R1	-	+	-	+	0.000000	0.000000
ERR2188722.4782000 7001289F:119:HH7GHBCXY:1:1210:10897:55164/1	R1	+	-	+	-	0.585586	0.585586
ERR2188722.4782001 7001289F:119:HH7GHBCXY:1:2214:9694:29293/1	R1	+	-	+	-	0.639640	0.639640
ERR2188722.4782002 7001289F:119:HH7GHBCXY:2:1101:19409:79524/1	R1	+	-	+	-	0.345455	0.345455
ERR2188722.4782006 7001289F:119:HH7GHBCXY:1:1104:11251:90028/1	R1	+	-	+	-	0.000000	0.000000
ERR2188722.4782008 7001289F:119:HH7GHBCXY:2:2211:16944:9606/1	R1	+	-	+	-	0.000000	0.000000
ERR2188722.4782009 7001289F:119:HH7GHBCXY:1:1210:1206:72504/1	R1	+	-	+	-	0.760000	0.760000
ERR2188722.4782011 7001289F:119:HH7GHBCXY:1:2201:6374:28730/1	R1	-	+	-	+	0.000000	0.000000
ERR2188722.4782015 7001289F:119:HH7GHBCXY:1:1203:17800:25977/1	R1	-	+	-	+	0.000000	0.000000
ERR2188722.4782017 7001289F:119:HH7GHBCXY:1:2101:7856:28924/1	R1	-	+	-	+	0.000000	0.000000
ERR2188722.4782018 7001289F:119:HH7GHBCXY:1:1107:18749:20644/1	R1	-	+	-	+	0.000000	0.000000
ERR2188722.4782023 7001289F:119:HH7GHBCXY:2:2201:16735:56688/1	R1	+	-	+	-	0.365385	0.365385
ERR2188722.4782025 7001289F:119:HH7GHBCXY:1:2116:18009:58163/1	R1	-	+	-	+	0.000000	0.000000
ERR2188722.4782026 7001289F:119:HH7GHBCXY:1:2115:6356:5542/1	R1	-	+	-	+	0.000000	0.000000
ERR2188722.4782029 7001289F:119:HH7GHBCXY:1:2103:8068:19818/1	R1	-	+	-	+	0.075000	0.075000
ERR2188722.4782032 7001289F:119:HH7GHBCXY:2:1213:10093:61505/1	R1	-	+	-	+	0.192308	0.192308
ERR2188722.4782036 7001289F:119:HH7GHBCXY:2:2211:17621:99703/1	R1	+	-	+	-	0.345455	0.345455
ERR2188722.4782038 7001289F:119:HH7GHBCXY:2:2216:5759:87619/1	R1	-	+	-	+	0.060000	0.060000
ERR2188722.4782043 7001289F:119:HH7GHBCXY:2:2209:6658:84232/1	R1	-	+	-	+	0.000000	0.000000
ERR2188722.4782044 7001289F:119:HH7GHBCXY:2:1112:9947:100247/1	R1	-	+	-	+	0.500000	0.500000
ERR2188722.4782053 7001289F:119:HH7GHBCXY:1:1110:1121:27171/1	R1	+	-	+	-	0.709091	0.709091
ERR2188722.4782054 7001289F:119:HH7GHBCXY:1:1207:10167:92724/1	R1	+	-	+	-	0.000000	0.000000
ERR2188722.4782057 7001289F:119:HH7GHBCXY:1:1109:11009:17337/1	R1	+	-	+	-	0.774648	0.774648
ERR2188722.4782060 7001289F:119:HH7GHBCXY:1:2210:12869:72288/1	R1	+	-	+	-	0.523364	0.523364
ERR2188722.4782061 7001289F:119:HH7GHBCXY:2:1102:15593:39917/1	R1	+	-	+	-	0.570093	0.570093
ERR2188722.4782062 7001289F:119:HH7GHBCXY:2:2110:1989:32994/1	R1	+	-	+	-	0.515789	0.515789
ERR2188722.4782067 7001289F:119:HH7GHBCXY:1:2206:1980:23770/1	R1	+	-	+	-	0.000000	0.000000
ERR2188722.4782069 7001289F:119:HH7GHBCXY:1:1206:14486:11926/1	R1	+	-	+	-	0.387755	0.387755
ERR2188722.4782070 7001289F:119:HH7GHBCXY:1:2106:20628:18818/1	R1	+	-	+	-	0.391753	0.391753
ERR2188722.4782071 7001289F:119:HH7GHBCXY:1:2115:16335:81982/1	R1	+	-	+	-	0.348624	0.348624
ERR2188722.4782074 7001289F:119:HH7GHBCXY:2:2110:13558:93657/1	R1	+	-	+	-	0.600000	0.600000
ERR2188722.4782075 7001289F:119:HH7GHBCXY:1:1109:20731:41117/1	R1	+	-	+	-	0.417722	0.417722
ERR2188722.4782076 7001289F:119:HH7GHBCXY:2:2104:19513:47990/1	R1	+	-	+	-	0.376147	0.376147
ERR2188722.4782077 7001289F:119:HH7GHBCXY:2:1201:4488:50992/1	R1	+	-	+	-	0.812500	0.812500
ERR2188722.4782078 7001289F:119:HH7GHBCXY:1:1214:15669:77439/1	R1	+	-	+	-	0.387755	0.387755
ERR2188722.4782079 7001289F:119:HH7GHBCXY:1:2109:15527:99339/1	R1	+	-	+	-	0.345455	0.345455
ERR2188722.4782080 7001289F:119:HH7GHBCXY:1:2212:9118:29359/1	R1	+	-	+	-	0.345455	0.345455
ERR2188722.4782081 7001289F:119:HH7GHBCXY:2:1210:7610:67298/1	R1	+	-	+	-	0.345455	0.345455
ERR2188722.4782082 7001289F:119:HH7GHBCXY:2:2101:1784:64977/1	R1	+	-	+	-	0.678571	0.678571
ERR2188722.4782085 7001289F:119:HH7GHBCXY:1:1104:18438:50724/1	R1	+	-	+	-	0.345455	0.345455
ERR2188722.4782089 7001289F:119:HH7GHBCXY:2:2212:15572:74394/1	R1	+	-	+	-	0.302752	0.302752
ERR2188722.4782091 7001289F:119:HH7GHBCXY:2:1103:2870:41519/1	R1	+	-	+	-	0.000000	0.000000
ERR2188722.4782092 7001289F:119:HH7GHBCXY:2:1105:18823:62553/1	R1	+	-	+	-	0.000000	0.000000
ERR2188722.4782093 7001289F:119:HH7GHBCXY:2:1111:13047:33850/1	R1	+	-	+	-	0.433628	0.433628
ERR2188722.4782094 7001289F:119:HH7GHBCXY:2:1114:12714:45879/1	R1	+	-	+	-	0.000000	0.000000
ERR2188722.4782095 7001289F:119:HH7GHBCXY:2:1203:19068:12658/1	R1	+	-	+	-	0.000000	0.000000
ERR2188722.4782096 7001289F:119:HH7GHBCXY:2:1202:18022:14679/1	R1	+	-	+	-	0.000000	0.000000
ERR2188722.4782097 7001289F:119:HH7GHBCXY:2:1210:2170:21860/1	R1	+	-	+	-	0.000000	0.000000
ERR2188722.4782098 7001289F:119:HH7GHBCXY:2:2202:16213:93019/1	R1	+	-	+	-	0.247706	0.247706
ERR2188722.4782100 7001289F:119:HH7GHBCXY:1:1108:7419:20802/1	R1	+	-	+	-	0.433628	0.433628
ERR2188722.4782102 7001289F:119:HH7GHBCXY:1:2103:16871:23317/1	R1	+	-	+	-	0.550562	0.550562
ERR2188722.4782103 7001289F:119:HH7GHBCXY:1:2115:4050:90154/1	R1	+	-	+	-	0.433628	0.433628
ERR2188722.4782104 7001289F:119:HH7GHBCXY:1:2202:20604:73130/1	R1	+	-	+	-	0.515789	0.515789
ERR2188722.4782105 7001289F:119:HH7GHBCXY:2:1113:10152:70529/1	R1	+	-	+	-	0.433628	0.433628
ERR2188722.4782107 7001289F:119:HH7GHBCXY:2:1211:8369:14639/1	R1	+	-	+	-	0.433628	0.433628
ERR2188722.4782110 7001289F:119:HH7GHBCXY:2:2109:20592:60381/1	R1	+	-	+	-	0.550562	0.550562
ERR2188722.4782112 7001289F:119:HH7GHBCXY:2:2207:17821:6997/1	R1	+	-	+	-	0.457944	0.457944
ERR2188722.4782113 7001289F:119:HH7GHBCXY:2:2207:21116:55074/1	R1	+	-	+	-	0.457944	0.457944
ERR2188722.4782114 7001289F:119:HH7GHBCXY:2:2213:6613:32986/1	R1	+	-	+	-	0.759259	0.759259
ERR2188722.4782115 7001289F:119:HH7GHBCXY:2:2214:8134:6466/1	R1	+	-	+	-	0.433628	0.433628
ERR2188722.4782116 7001289F:119:HH7GHBCXY:1:1203:15358:30925/1	R1	-	+	-	+	0.000000	0.000000
ERR2188722.4782118 7001289F:119:HH7GHBCXY:1:2108:1749:93816/1	R1	+	-	+	-	0.446429	0.446429
ERR2188722.4782119 7001289F:119:HH7GHBCXY:1:2214:17282:59834/1	R1	+	-	+	-	0.446429	0.446429
ERR2188722.4782120 7001289F:119:HH7GHBCXY:2:1210:7198:7443/1	R1	+	-	+	-	0.446429	0.446429
ERR2188722.4782121 7001289F:119:HH7GHBCXY:2:2110:18422:81993/1	R1	+	-	+	-	0.446429	0.446429
ERR2188722.4782123 7001289F:119:HH7GHBCXY:1:1114:7533:72332/1	R1	-	+	-	+	0.137931	0.137931
ERR2188722.4782124 7001289F:119:HH7GHBCXY:2:2114:11990:6834/1	R1	+	-	+	-	0.531915	0.531915
ERR2188722.4782128 7001289F:119:HH7GHBCXY:1:2111:5997:37638/1	R1	-	+	-	+	0.000000	0.000000
ERR2188722.4782129 7001289F:119:HH7GHBCXY:1:1111:4687:92057/1	R1	-	+	-	+	0.413793	0.413793
ERR2188722.4782130 7001289F:119:HH7GHBCXY:1:1113:9245:71942/1	R1	+	-	+	-	0.302752	0.302752
ERR2188722.4782131 7001289F:119:HH7GHBCXY:1:2214:12716:45355/1	R1	+	-	+	-	0.348624	0.348624
ERR2188722.4782133 7001289F:119:HH7GHBCXY:1:1108:4474:33882/1	R1	+	-	+	-	0.000000	0.000000
ERR2188722.4782134 7001289F:119:HH7GHBCXY:2:1102:11853:61528/1	R1	+	-	+	-	0.302752	0.302752
ERR2188722.4782135 7001289F:119:HH7GHBCXY:2:2205:13820:80400/1	R1	-	+	-	+	0.000000	0.000000
ERR2188722.4782138 7001289F:119:HH7GHBCXY:2:2102:3499:56603/1	R1	+	-	+	-	0.345455	0.345455
ERR2188722.4782139 7001289F:119:HH7GHBCXY:1:1105:18627:85374/1	R1	+	-	+	-	0.537736	0.537736
ERR2188722.4782146 7001289F:119:HH7GHBCXY:1:2113:5974:69672/1	R1	-	+	-	+	0.000000	0.000000
ERR2188722.4782147 7001289F:119:HH7GHBCXY:1:2212:20121:87813/1	R1	+	-	+	-	0.345455	0.345455
ERR2188722.4782151 7001289F:119:HH7GHBCXY:2:2216:17518:100621/1	R1	+	-	+	-	0.000000	0.000000
ERR2188722.4782153 7001289F:119:HH7GHBCXY:2:1106:16670:66202/1	R1	-	+	-	+	0.000000	0.000000
ERR2188722.4782154 7001289F:119:HH7GHBCXY:2:1206:1401:61034/1	R1	+	-	+	-	0.441860	0.441860
ERR2188722.4782157 7001289F:119:HH7GHBCXY:2:2102:1907:5689/1	R1	-	+	-	+	0.000000	0.000000
ERR2188722.4782162 7001289F:119:HH7GHBCXY:1:1214:19688:41437/1	R1	-	+	-	+	0.000000	0.000000
ERR2188722.4782165 7001289F:119:HH7GHBCXY:2:2213:8088:75765/1	R1	-	+	-	+	0.000000	0.000000
ERR2188722.5284945 7001289F:119:HH7GHBCXY:1:1116:4766:61113/1	R1	+	-	+	-	0.000000	0.000000
ERR2188722.5999527 7001289F:119:HH7GHBCXY:2:1104:20427:64497/1	R1	-	+	-	+	0.480000	0.480000
ERR2188722.6064793 7001289F:119:HH7GHBCXY:2:1103:20386:16994/1	R1	+	-	+	-	0.000000	0.000000
ERR2188722.6739532 7001289F:119:HH7GHBCXY:2:2216:14175:33103/1	R1	-	+	-	+	0.428571	0.428571
ERR2188722.7478649 7001289F:119:HH7GHBCXY:2:2204:16277:33916/1	R1	-	+	-	+	0.352941	0.352941
ERR2188722.7712584 7001289F:119:HH7GHBCXY:2:2208:1868:71872/1	R1	+	-	+	-	0.433628	0.433628
ERR2188722.8265642 7001289F:119:HH7GHBCXY:1:1209:18672:51616/1	R1	+	-	+	-	0.400000	0.400000
ERR2188722.9454038 7001289F:119:HH7GHBCXY:1:1109:13488:75679/1	R1	-	+	-	+	0.000000	0.000000
ERR2188722.9761845 7001289F:119:HH7GHBCXY:2:1211:5155:93982/1	R1	-	+	-	+	0.925000	0.925000
ERR2188722.9980041 7001289F:119:HH7GHBCXY:1:1102:19665:77711/1	R1	-	+	-	+	0.000000	0.000000
ERR2188722.9980069 7001289F:119:HH7GHBCXY:1:1202:18884:90491/1	R1	-	+	-	+	0.000000	0.000000
ERR2188722.10088737 7001289F:119:HH7GHBCXY:1:2209:15872:79782/1	R1	+	-	+	-	0.907407	0.907407
ERR2188722.10088740 7001289F:119:HH7GHBCXY:1:1109:6773:21404/1	R1	+	-	+	-	0.673469	0.673469
ERR2188722.10088741 7001289F:119:HH7GHBCXY:1:1110:4854:67714/1	R1	+	-	+	-	0.000000	0.000000
ERR2188722.10088744 7001289F:119:HH7GHBCXY:1:1208:12935:38288/1	R1	+	-	+	-	0.830508	0.830508
ERR2188722.10088746 7001289F:119:HH7GHBCXY:1:2102:15108:21665/1	R1	+	-	+	-	0.000000	0.000000
ERR2188722.10088748 7001289F:119:HH7GHBCXY:1:2107:3562:59649/1	R1	+	-	+	-	0.000000	0.000000
ERR2188722.10088749 7001289F:119:HH7GHBCXY:1:2109:21241:25050/1	R1	+	-	+	-	0.433628	0.433628
ERR2188722.10088756 7001289F:119:HH7GHBCXY:1:2209:13300:76196/1	R1	+	-	+	-	0.000000	0.000000
ERR2188722.10088757 7001289F:119:HH7GHBCXY:1:2211:13892:9187/1	R1	+	-	+	-	0.742574	0.742574
ERR2188722.10088758 7001289F:119:HH7GHBCXY:1:2211:9132:98791/1	R1	+	-	+	-	0.446429	0.446429
ERR2188722.10088760 7001289F:119:HH7GHBCXY:2:1103:17210:69219/1	R1	+	-	+	-	0.000000	0.000000
ERR2188722.10088762 7001289F:119:HH7GHBCXY:2:1107:3880:92838/1	R1	+	-	+	-	0.433628	0.433628
ERR2188722.10088766 7001289F:119:HH7GHBCXY:2:1210:9141:15671/1	R1	+	-	+	-	0.000000	0.000000
ERR2188722.10088767 7001289F:119:HH7GHBCXY:2:2105:14109:42607/1	R1	+	-	+	-	0.623762	0.623762
ERR2188722.10088769 7001289F:119:HH7GHBCXY:2:2113:17323:89718/1	R1	+	-	+	-	0.522124	0.522124
ERR2188722.10088770 7001289F:119:HH7GHBCXY:2:2116:12556:62187/1	R1	+	-	+	-	0.961538	0.961538
ERR2188722.10088771 7001289F:119:HH7GHBCXY:2:2210:10607:35684/1	R1	+	-	+	-	0.000000	0.000000
ERR2188722.10088772 7001289F:119:HH7GHBCXY:2:2213:4731:34076/1	R1	+	-	+	-	0.302752	0.302752
ERR2188722.10088773 7001289F:119:HH7GHBCXY:2:2216:19887:63509/1	R1	+	-	+	-	0.759259	0.759259
ERR2188722.10088775 7001289F:119:HH7GHBCXY:1:1206:5263:27733/1	R1	+	-	+	-	0.513514	0.513514
ERR2188722.10088776 7001289F:119:HH7GHBCXY:1:2111:8589:59932/1	R1	+	-	+	-	0.345455	0.345455
ERR2188722.10088777 7001289F:119:HH7GHBCXY:1:2214:18692:60223/1	R1	+	-	+	-	0.302752	0.302752
ERR2188722.10088778 7001289F:119:HH7GHBCXY:1:1207:13648:35388/1	R1	+	-	+	-	0.446429	0.446429
ERR2188722.10088779 7001289F:119:HH7GHBCXY:1:2205:15030:12407/1	R1	-	+	-	+	0.215190	0.215190
ERR2188722.10088780 7001289F:119:HH7GHBCXY:1:2215:12443:40790/1	R1	+	-	+	-	0.446429	0.446429
ERR2188722.10088781 7001289F:119:HH7GHBCXY:2:1107:20017:77214/1	R1	+	-	+	-	0.000000	0.000000
ERR2188722.10088782 7001289F:119:HH7GHBCXY:2:1201:9185:49108/1	R1	+	-	+	-	0.390909	0.390909
ERR2188722.10088783 7001289F:119:HH7GHBCXY:2:1210:2285:39045/1	R1	+	-	+	-	0.045045	0.045045
ERR2188722.10088784 7001289F:119:HH7GHBCXY:1:1105:10772:10459/1	R1	+	-	+	-	0.433628	0.433628
ERR2188722.10088786 7001289F:119:HH7GHBCXY:1:1206:18873:21543/1	R1	+	-	+	-	0.433628	0.433628
ERR2188722.10088788 7001289F:119:HH7GHBCXY:1:2109:13077:22211/1	R1	+	-	+	-	0.433628	0.433628
ERR2188722.10088790 7001289F:119:HH7GHBCXY:1:2205:19611:24265/1	R1	+	-	+	-	0.433628	0.433628
ERR2188722.10088791 7001289F:119:HH7GHBCXY:1:2213:20691:54334/1	R1	+	-	+	-	0.433628	0.433628
ERR2188722.10088792 7001289F:119:HH7GHBCXY:2:1103:14237:79552/1	R1	+	-	+	-	0.457944	0.457944
ERR2188722.10088793 7001289F:119:HH7GHBCXY:2:1105:16625:23780/1	R1	+	-	+	-	0.568182	0.568182
ERR2188722.10088794 7001289F:119:HH7GHBCXY:2:2203:10268:91138/1	R1	+	-	+	-	0.433628	0.433628
ERR2188722.10088796 7001289F:119:HH7GHBCXY:1:1113:13561:78735/1	R1	+	-	+	-	0.000000	0.000000
ERR2188722.10088797 7001289F:119:HH7GHBCXY:1:1112:14879:63112/1	R1	+	-	+	-	0.000000	0.000000
ERR2188722.10088798 7001289F:119:HH7GHBCXY:1:1211:14753:21125/1	R1	+	-	+	-	0.457944	0.457944
ERR2188722.10088799 7001289F:119:HH7GHBCXY:1:1211:7753:83151/1	R1	+	-	+	-	0.000000	0.000000
ERR2188722.10088801 7001289F:119:HH7GHBCXY:1:2113:19644:92933/1	R1	+	-	+	-	0.560748	0.560748
ERR2188722.10088802 7001289F:119:HH7GHBCXY:1:2210:2375:3602/1	R1	+	-	+	-	0.457944	0.457944
ERR2188722.10088805 7001289F:119:HH7GHBCXY:2:1210:1301:28781/1	R1	-	+	-	+	0.000000	0.000000
ERR2188722.10088806 7001289F:119:HH7GHBCXY:2:1214:17319:59352/1	R1	+	-	+	-	0.457944	0.457944
ERR2188722.10088807 7001289F:119:HH7GHBCXY:2:2107:3799:57392/1	R1	+	-	+	-	0.457944	0.457944
ERR2188722.10088809 7001289F:119:HH7GHBCXY:2:2116:11063:61500/1	R1	+	-	+	-	0.674699	0.674699
ERR2188722.10088810 7001289F:119:HH7GHBCXY:2:2201:20733:47872/1	R1	+	-	+	-	0.457944	0.457944
ERR2188722.10088811 7001289F:119:HH7GHBCXY:1:1101:8276:32460/1	R1	-	+	-	+	0.597701	0.597701
ERR2188722.10088812 7001289F:119:HH7GHBCXY:1:1210:12672:14379/1	R1	+	-	+	-	0.457944	0.457944
ERR2188722.10088813 7001289F:119:HH7GHBCXY:1:2211:14801:19505/1	R1	+	-	+	-	0.357798	0.357798
ERR2188722.10088814 7001289F:119:HH7GHBCXY:2:1104:12594:68018/1	R1	+	-	+	-	0.703704	0.703704
ERR2188722.10088815 7001289F:119:HH7GHBCXY:2:1106:3333:15936/1	R1	+	-	+	-	0.471698	0.471698
ERR2188722.10088816 7001289F:119:HH7GHBCXY:2:1110:3749:28843/1	R1	+	-	+	-	0.302752	0.302752
ERR2188722.10088817 7001289F:119:HH7GHBCXY:1:1105:20322:40584/1	R1	+	-	+	-	0.000000	0.000000
ERR2188722.10088818 7001289F:119:HH7GHBCXY:1:1109:7312:69915/1	R1	+	-	+	-	0.345455	0.345455
ERR2188722.10088819 7001289F:119:HH7GHBCXY:1:1206:11783:23803/1	R1	+	-	+	-	0.302752	0.302752
ERR2188722.10088820 7001289F:119:HH7GHBCXY:1:1213:13389:82107/1	R1	+	-	+	-	0.413043	0.413043
ERR2188722.10088821 7001289F:119:HH7GHBCXY:1:2203:7002:97282/1	R1	+	-	+	-	0.345455	0.345455
ERR2188722.10088822 7001289F:119:HH7GHBCXY:2:1201:7859:82958/1	R1	+	-	+	-	0.345455	0.345455
ERR2188722.10088823 7001289F:119:HH7GHBCXY:2:1211:14296:41278/1	R1	+	-	+	-	0.500000	0.500000
ERR2188722.10088825 7001289F:119:HH7GHBCXY:2:2213:1790:75981/1	R1	+	-	+	-	0.345455	0.345455
ERR2188722.10088826 7001289F:119:HH7GHBCXY:2:2203:7255:40946/1	R1	+	-	+	-	0.302752	0.302752
ERR2188722.10088828 7001289F:119:HH7GHBCXY:2:1214:12938:20237/1	R1	+	-	+	-	0.600000	0.600000
ERR2188722.10088830 7001289F:119:HH7GHBCXY:2:1104:19231:88251/1	R1	+	-	+	-	0.557895	0.557895
ERR2188722.10088831 7001289F:119:HH7GHBCXY:2:1210:9153:86069/1	R1	+	-	+	-	0.515789	0.515789
ERR2188722.10088834 7001289F:119:HH7GHBCXY:2:1204:17069:21630/1	R1	+	-	+	-	0.509434	0.509434
ERR2188722.10088837 7001289F:119:HH7GHBCXY:2:2111:2193:6330/1	R1	-	+	-	+	0.000000	0.000000
ERR2188722.10088840 7001289F:119:HH7GHBCXY:1:1110:21098:74303/1	R1	+	-	+	-	0.925926	0.925926
ERR2188722.10088841 7001289F:119:HH7GHBCXY:1:2112:12027:18325/1	R1	+	-	+	-	0.000000	0.000000
ERR2188722.10088845 7001289F:119:HH7GHBCXY:1:1105:14391:63064/1	R1	-	+	-	+	0.000000	0.000000
ERR2188722.10088849 7001289F:119:HH7GHBCXY:2:1106:14778:47417/1	R1	-	+	-	+	0.000000	0.000000
ERR2188722.10088851 7001289F:119:HH7GHBCXY:2:1209:15776:35646/1	R1	-	+	-	+	0.096774	0.096774
ERR2188722.10088852 7001289F:119:HH7GHBCXY:2:1108:16957:96924/1	R1	-	+	-	+	0.112000	0.112000
ERR2188722.10088854 7001289F:119:HH7GHBCXY:2:1208:17552:48470/1	R1	+	-	+	-	0.517857	0.517857
ERR2188722.10088855 7001289F:119:HH7GHBCXY:2:1211:9319:21798/1	R1	+	-	+	-	0.759259	0.759259
ERR2188722.10088857 7001289F:119:HH7GHBCXY:2:2111:17709:41267/1	R1	+	-	+	-	0.000000	0.000000
ERR2188722.10088858 7001289F:119:HH7GHBCXY:1:1102:20874:76266/1	R1	-	+	-	+	0.000000	0.000000
ERR2188722.10088860 7001289F:119:HH7GHBCXY:1:2116:6262:52150/1	R1	+	-	+	-	0.633663	0.633663
ERR2188722.10088861 7001289F:119:HH7GHBCXY:1:2207:16717:94699/1	R1	-	+	-	+	0.000000	0.000000
ERR2188722.10088862 7001289F:119:HH7GHBCXY:2:1109:4263:33678/1	R1	+	-	+	-	0.475000	0.475000
ERR2188722.10088863 7001289F:119:HH7GHBCXY:2:1111:14788:15156/1	R1	+	-	+	-	0.486726	0.486726
ERR2188722.10088864 7001289F:119:HH7GHBCXY:1:1110:14418:94619/1	R1	+	-	+	-	0.636364	0.636364
ERR2188722.10088870 7001289F:119:HH7GHBCXY:1:2205:6761:31965/1	R1	-	+	-	+	0.000000	0.000000
ERR2188722.10088871 7001289F:119:HH7GHBCXY:2:1102:19615:40941/1	R1	+	-	+	-	0.365385	0.365385
ERR2188722.10088872 7001289F:119:HH7GHBCXY:2:2205:3506:13938/1	R1	+	-	+	-	0.703704	0.703704
ERR2188722.10088873 7001289F:119:HH7GHBCXY:1:1105:2226:63303/1	R1	+	-	+	-	0.590361	0.590361
ERR2188722.10088876 7001289F:119:HH7GHBCXY:2:2114:6146:86669/1	R1	+	-	+	-	0.738739	0.738739
ERR2188722.10088879 7001289F:119:HH7GHBCXY:2:2211:4307:27611/1	R1	+	-	+	-	0.767442	0.767442
ERR2188722.10088881 7001289F:119:HH7GHBCXY:2:1212:8540:30583/1	R1	+	-	+	-	0.625000	0.625000
ERR2188722.10088882 7001289F:119:HH7GHBCXY:2:2205:12578:62791/1	R1	+	-	+	-	0.302752	0.302752
ERR2188722.10088887 7001289F:119:HH7GHBCXY:1:2214:3219:56836/1	R1	-	+	-	+	0.000000	0.000000
ERR2188722.10088889 7001289F:119:HH7GHBCXY:2:2210:19831:27886/1	R1	+	-	+	-	0.000000	0.000000
ERR2188722.10088894 7001289F:119:HH7GHBCXY:1:2203:20521:101058/1	R1	+	-	+	-	0.570093	0.570093
ERR2188722.10088900 7001289F:119:HH7GHBCXY:1:2204:18250:76668/1	R1	+	-	+	-	0.544554	0.544554
ERR2188722.10088903 7001289F:119:HH7GHBCXY:2:2112:16565:90188/1	R1	-	+	-	+	0.444444	0.444444
ERR2188722.10088904 7001289F:119:HH7GHBCXY:1:2112:6319:87736/1	R1	+	-	+	-	0.492537	0.492537
ERR2188722.10088907 7001289F:119:HH7GHBCXY:1:1104:4495:80849/1	R1	+	-	+	-	0.514019	0.514019
ERR2188722.10088910 7001289F:119:HH7GHBCXY:1:1112:2592:6969/1	R1	+	-	+	-	0.000000	0.000000
ERR2188722.10088913 7001289F:119:HH7GHBCXY:2:1215:7253:90097/1	R1	-	+	-	+	0.000000	0.000000
ERR2188722.10088915 7001289F:119:HH7GHBCXY:1:2210:15026:38406/1	R1	-	+	-	+	0.000000	0.000000
ERR2188722.10088916 7001289F:119:HH7GHBCXY:2:1106:21202:47720/1	R1	-	+	-	+	0.631579	0.631579
ERR2188722.10088918 7001289F:119:HH7GHBCXY:1:1213:12415:36005/1	R1	+	-	+	-	0.760000	0.760000
ERR2188722.10088921 7001289F:119:HH7GHBCXY:1:2204:9170:12302/1	R1	+	-	+	-	0.492537	0.492537
ERR2188722.10088922 7001289F:119:HH7GHBCXY:1:2115:7636:48680/1	R1	+	-	+	-	0.000000	0.000000
ERR2188722.10088923 7001289F:119:HH7GHBCXY:1:1105:1429:85056/1	R1	+	-	+	-	0.433628	0.433628
ERR2188722.10088924 7001289F:119:HH7GHBCXY:1:1109:5213:93205/1	R1	+	-	+	-	0.433628	0.433628
ERR2188722.10088926 7001289F:119:HH7GHBCXY:1:2203:9269:95560/1	R1	+	-	+	-	0.570093	0.570093
ERR2188722.10088928 7001289F:119:HH7GHBCXY:2:1114:12343:84807/1	R1	+	-	+	-	0.486726	0.486726
ERR2188722.10088929 7001289F:119:HH7GHBCXY:2:1215:13600:74687/1	R1	+	-	+	-	0.433628	0.433628
ERR2188722.10088930 7001289F:119:HH7GHBCXY:2:2104:20235:42802/1	R1	+	-	+	-	0.433628	0.433628
ERR2188722.10088934 7001289F:119:HH7GHBCXY:2:2209:5642:23469/1	R1	+	-	+	-	0.433628	0.433628
ERR2188722.10088935 7001289F:119:HH7GHBCXY:2:2209:3833:64037/1	R1	+	-	+	-	0.433628	0.433628
ERR2188722.10088936 7001289F:119:HH7GHBCXY:2:2213:4545:19431/1	R1	+	-	+	-	0.433628	0.433628
ERR2188722.10088938 7001289F:119:HH7GHBCXY:1:1211:10472:84812/1	R1	+	-	+	-	0.446429	0.446429
ERR2188722.10088940 7001289F:119:HH7GHBCXY:2:1215:2502:20813/1	R1	+	-	+	-	0.446429	0.446429
ERR2188722.10088941 7001289F:119:HH7GHBCXY:2:2102:14875:22737/1	R1	+	-	+	-	0.446429	0.446429
ERR2188722.10088943 7001289F:119:HH7GHBCXY:2:2202:5788:95013/1	R1	+	-	+	-	0.446429	0.446429
ERR2188722.10088944 7001289F:119:HH7GHBCXY:1:1110:9723:7175/1	R1	+	-	+	-	0.345455	0.345455
ERR2188722.10088945 7001289F:119:HH7GHBCXY:1:1214:3029:20891/1	R1	+	-	+	-	0.345455	0.345455
ERR2188722.10088946 7001289F:119:HH7GHBCXY:1:2113:8045:84463/1	R1	+	-	+	-	0.365385	0.365385
ERR2188722.10088947 7001289F:119:HH7GHBCXY:1:2112:15535:101058/1	R1	+	-	+	-	0.345455	0.345455
ERR2188722.10088948 7001289F:119:HH7GHBCXY:1:2205:15715:31766/1	R1	+	-	+	-	0.345455	0.345455
ERR2188722.10088949 7001289F:119:HH7GHBCXY:2:2201:8582:95062/1	R1	+	-	+	-	0.345455	0.345455
ERR2188722.10088950 7001289F:119:HH7GHBCXY:1:1111:2340:88881/1	R1	+	-	+	-	0.600000	0.600000
ERR2188722.10088952 7001289F:119:HH7GHBCXY:1:2207:2550:3036/1	R1	+	-	+	-	0.302752	0.302752
ERR2188722.10088953 7001289F:119:HH7GHBCXY:1:2214:8227:93629/1	R1	+	-	+	-	0.767442	0.767442
ERR2188722.10088954 7001289F:119:HH7GHBCXY:2:1103:19713:100154/1	R1	+	-	+	-	0.302752	0.302752
ERR2188722.10088955 7001289F:119:HH7GHBCXY:2:2108:10831:30344/1	R1	+	-	+	-	0.302752	0.302752
ERR2188722.10088956 7001289F:119:HH7GHBCXY:2:2202:4344:61844/1	R1	+	-	+	-	0.320388	0.320388
ERR2188722.10088957 7001289F:119:HH7GHBCXY:1:1206:10109:57848/1	R1	-	+	-	+	0.256637	0.256637
ERR2188722.10088958 7001289F:119:HH7GHBCXY:2:2111:11552:5020/1	R1	+	-	+	-	0.302752	0.302752
ERR2188722.10088959 7001289F:119:HH7GHBCXY:1:1101:13097:32896/1	R1	+	-	+	-	0.000000	0.000000
ERR2188722.10088961 7001289F:119:HH7GHBCXY:1:2109:8477:16986/1	R1	+	-	+	-	0.302752	0.302752
ERR2188722.10088962 7001289F:119:HH7GHBCXY:1:2203:16143:71592/1	R1	+	-	+	-	0.000000	0.000000
ERR2188722.10088963 7001289F:119:HH7GHBCXY:2:2101:20588:88382/1	R1	+	-	+	-	0.000000	0.000000
ERR2188722.10088964 7001289F:119:HH7GHBCXY:1:2205:11025:100359/1	R1	+	-	+	-	0.471698	0.471698
ERR2188722.10088970 7001289F:119:HH7GHBCXY:1:2105:17507:59592/1	R1	-	+	-	+	0.000000	0.000000
ERR2188722.10088971 7001289F:119:HH7GHBCXY:1:2110:3225:66343/1	R1	-	+	-	+	0.089552	0.089552
ERR2188722.10088972 7001289F:119:HH7GHBCXY:2:1107:7041:95822/1	R1	+	-	+	-	0.446429	0.446429
ERR2188722.10088976 7001289F:119:HH7GHBCXY:1:1112:6534:15226/1	R1	-	+	-	+	0.000000	0.000000
ERR2188722.10088977 7001289F:119:HH7GHBCXY:1:1112:10611:56828/1	R1	+	-	+	-	0.000000	0.000000
ERR2188722.10088980 7001289F:119:HH7GHBCXY:2:1208:10557:61235/1	R1	-	+	-	+	0.109091	0.109091
ERR2188722.10088981 7001289F:119:HH7GHBCXY:2:1112:8087:16051/1	R1	+	-	+	-	0.000000	0.000000
ERR2188722.10088983 7001289F:119:HH7GHBCXY:1:1214:2394:68497/1	R1	+	-	+	-	0.590361	0.590361
ERR2188722.10088988 7001289F:119:HH7GHBCXY:1:1105:2555:59972/1	R1	-	+	-	+	0.000000	0.000000
ERR2188722.10088989 7001289F:119:HH7GHBCXY:1:1216:20899:33116/1	R1	-	+	-	+	0.000000	0.000000
ERR2188722.10088997 7001289F:119:HH7GHBCXY:2:2107:7425:59478/1	R1	+	-	+	-	0.457944	0.457944
ERR2188722.10089001 7001289F:119:HH7GHBCXY:1:2207:14962:40233/1	R1	-	+	-	+	0.000000	0.000000
ERR2188722.10089002 7001289F:119:HH7GHBCXY:1:2212:18491:88093/1	R1	+	-	+	-	0.433628	0.433628
ERR2188722.10089006 7001289F:119:HH7GHBCXY:2:2114:14683:81809/1	R1	-	+	-	+	0.000000	0.000000
ERR2188722.10089009 7001289F:119:HH7GHBCXY:2:2203:19315:51936/1	R1	+	-	+	-	0.746479	0.746479
ERR2188722.10089010 7001289F:119:HH7GHBCXY:2:2203:20619:94402/1	R1	-	+	-	+	0.000000	0.000000
ERR2188722.10089013 7001289F:119:HH7GHBCXY:2:2112:15604:42566/1	R1	-	+	-	+	0.787879	0.787879
ERR2188722.10089017 7001289F:119:HH7GHBCXY:1:1213:5757:56845/1	R1	-	+	-	+	0.000000	0.000000
ERR2188722.10089021 7001289F:119:HH7GHBCXY:2:1103:10960:4128/1	R1	-	+	-	+	0.000000	0.000000
ERR2188722.10089022 7001289F:119:HH7GHBCXY:2:1107:1968:43395/1	R1	-	+	-	+	0.000000	0.000000
ERR2188722.10089025 7001289F:119:HH7GHBCXY:1:1212:11540:50023/1	R1	-	+	-	+	0.093750	0.093750
ERR2188722.10089026 7001289F:119:HH7GHBCXY:1:2113:7753:5867/1	R1	+	-	+	-	0.348624	0.348624
ERR2188722.10089027 7001289F:119:HH7GHBCXY:2:2116:15954:4303/1	R1	-	+	-	+	0.000000	0.000000
ERR2188722.10089033 7001289F:119:HH7GHBCXY:1:2208:2913:61346/1	R1	-	+	-	+	0.000000	0.000000
ERR2188722.10089034 7001289F:119:HH7GHBCXY:2:2105:2661:82575/1	R1	-	+	-	+	0.101695	0.101695
ERR2188722.10089037 7001289F:119:HH7GHBCXY:1:1116:12256:12703/1	R1	-	+	-	+	0.000000	0.000000
ERR2188722.10089038 7001289F:119:HH7GHBCXY:2:2210:14759:40352/1	R1	+	-	+	-	0.000000	0.000000
ERR2188722.10089039 7001289F:119:HH7GHBCXY:2:2114:18590:3249/1	R1	-	+	-	+	0.000000	0.000000
ERR2188722.10089040 7001289F:119:HH7GHBCXY:2:2103:12022:12506/1	R1	-	+	-	+	0.000000	0.000000
ERR2188722.10089045 7001289F:119:HH7GHBCXY:1:2215:6783:19908/1	R1	+	-	+	-	0.767442	0.767442
ERR2188722.10089046 7001289F:119:HH7GHBCXY:2:2205:6094:19272/1	R1	+	-	+	-	0.000000	0.000000
ERR2188722.10089049 7001289F:119:HH7GHBCXY:1:1103:10988:20436/1	R1	+	-	+	-	0.669811	0.669811
ERR2188722.10169657 7001289F:119:HH7GHBCXY:2:1105:12525:84749/1	R1	-	+	-	+	0.428571	0.428571
ERR2188722.11494827 7001289F:119:HH7GHBCXY:1:2210:19101:88725/1	R1	+	-	+	-	0.609756	0.609756
ERR2188722.11636559 7001289F:119:HH7GHBCXY:1:1105:7805:20872/1	R1	+	-	+	-	0.000000	0.000000
ERR2188722.11636560 7001289F:119:HH7GHBCXY:1:1114:20274:95054/1	R1	+	-	+	-	0.756098	0.756098
ERR2188722.11636561 7001289F:119:HH7GHBCXY:1:1216:4210:51491/1	R1	+	-	+	-	0.000000	0.000000
ERR2188722.11636566 7001289F:119:HH7GHBCXY:2:2116:17344:61890/1	R1	-	+	-	+	0.352941	0.352941
ERR2188722.11636571 7001289F:119:HH7GHBCXY:2:2116:9617:8685/1	R1	-	+	-	+	0.545455	0.545455
ERR2188722.12206387 7001289F:119:HH7GHBCXY:1:1107:11319:100598/1	R1	-	+	-	+	0.058824	0.058824
ERR2188722.12520308 7001289F:119:HH7GHBCXY:2:1111:9722:2350/1	R1	-	+	-	+	0.000000	0.000000
ERR2188722.12728048 7001289F:119:HH7GHBCXY:1:1101:3893:43528/1	R1	+	-	+	-	0.302752	0.302752
ERR2188722.13211511 7001289F:119:HH7GHBCXY:2:1104:13959:4574/1	R1	+	-	+	-	0.485149	0.485149
ERR2188722.14147322 7001289F:119:HH7GHBCXY:1:2101:15745:24322/1	R1	+	-	+	-	0.340206	0.340206
ERR2188722.14147323 7001289F:119:HH7GHBCXY:1:2102:5843:34762/1	R1	+	-	+	-	0.345455	0.345455
ERR2188722.14147326 7001289F:119:HH7GHBCXY:2:1212:9333:9932/1	R1	+	-	+	-	0.515789	0.515789
ERR2188722.14147327 7001289F:119:HH7GHBCXY:2:2209:2376:86512/1	R1	+	-	+	-	0.916667	0.916667
ERR2188722.14147329 7001289F:119:HH7GHBCXY:1:1111:5790:96200/1	R1	+	-	+	-	0.531915	0.531915
ERR2188722.14147335 7001289F:119:HH7GHBCXY:1:2115:19044:71521/1	R1	+	-	+	-	0.000000	0.000000
ERR2188722.14147337 7001289F:119:HH7GHBCXY:1:2215:2020:68580/1	R1	+	-	+	-	0.504673	0.504673
ERR2188722.14147339 7001289F:119:HH7GHBCXY:2:1104:9777:80398/1	R1	+	-	+	-	0.000000	0.000000
ERR2188722.14147341 7001289F:119:HH7GHBCXY:2:1113:7333:20217/1	R1	+	-	+	-	0.000000	0.000000
ERR2188722.14147343 7001289F:119:HH7GHBCXY:2:1202:21208:65136/1	R1	+	-	+	-	0.391753	0.391753
ERR2188722.14147344 7001289F:119:HH7GHBCXY:2:1206:13448:66389/1	R1	+	-	+	-	0.691589	0.691589
ERR2188722.14147345 7001289F:119:HH7GHBCXY:2:2106:1973:65143/1	R1	+	-	+	-	0.387755	0.387755
ERR2188722.14147351 7001289F:119:HH7GHBCXY:1:1106:13570:72464/1	R1	+	-	+	-	0.446429	0.446429
ERR2188722.14147353 7001289F:119:HH7GHBCXY:2:1115:1422:77994/1	R1	+	-	+	-	0.457944	0.457944
ERR2188722.14147354 7001289F:119:HH7GHBCXY:2:2212:14434:45658/1	R1	+	-	+	-	0.863636	0.863636
ERR2188722.14147355 7001289F:119:HH7GHBCXY:1:1108:13968:35675/1	R1	+	-	+	-	0.433628	0.433628
ERR2188722.14147356 7001289F:119:HH7GHBCXY:1:1106:14085:49900/1	R1	+	-	+	-	0.570093	0.570093
ERR2188722.14147357 7001289F:119:HH7GHBCXY:1:1202:10250:48160/1	R1	+	-	+	-	0.457944	0.457944
ERR2188722.14147358 7001289F:119:HH7GHBCXY:1:1201:8863:7373/1	R1	+	-	+	-	0.345455	0.345455
ERR2188722.14147359 7001289F:119:HH7GHBCXY:1:1203:1414:65759/1	R1	+	-	+	-	0.590361	0.590361
ERR2188722.14147363 7001289F:119:HH7GHBCXY:1:2114:21078:90291/1	R1	+	-	+	-	0.345455	0.345455
ERR2188722.14147364 7001289F:119:HH7GHBCXY:1:2114:3908:93704/1	R1	+	-	+	-	0.433628	0.433628
ERR2188722.14147365 7001289F:119:HH7GHBCXY:1:2116:12789:31134/1	R1	+	-	+	-	0.433628	0.433628
ERR2188722.14147366 7001289F:119:HH7GHBCXY:1:2214:4296:38824/1	R1	+	-	+	-	0.734513	0.734513
ERR2188722.14147367 7001289F:119:HH7GHBCXY:2:1203:11605:89884/1	R1	+	-	+	-	0.433628	0.433628
ERR2188722.14147368 7001289F:119:HH7GHBCXY:2:1210:13567:18210/1	R1	+	-	+	-	0.590361	0.590361
ERR2188722.14147369 7001289F:119:HH7GHBCXY:2:2205:19064:43058/1	R1	+	-	+	-	0.530973	0.530973
ERR2188722.14147370 7001289F:119:HH7GHBCXY:2:2206:21030:32953/1	R1	+	-	+	-	0.433628	0.433628
ERR2188722.14147372 7001289F:119:HH7GHBCXY:1:1114:3579:7833/1	R1	+	-	+	-	0.515789	0.515789
ERR2188722.14147373 7001289F:119:HH7GHBCXY:1:1212:12386:29220/1	R1	+	-	+	-	0.657895	0.657895
ERR2188722.14147376 7001289F:119:HH7GHBCXY:1:2211:12325:38292/1	R1	+	-	+	-	0.000000	0.000000
ERR2188722.14147381 7001289F:119:HH7GHBCXY:2:2104:1523:89591/1	R1	+	-	+	-	0.000000	0.000000
ERR2188722.14147382 7001289F:119:HH7GHBCXY:2:2107:13252:41012/1	R1	+	-	+	-	0.485149	0.485149
ERR2188722.14147383 7001289F:119:HH7GHBCXY:2:2109:8881:9908/1	R1	+	-	+	-	0.457944	0.457944
ERR2188722.14147385 7001289F:119:HH7GHBCXY:2:2205:14013:41367/1	R1	+	-	+	-	0.457944	0.457944
ERR2188722.14147386 7001289F:119:HH7GHBCXY:2:2208:17133:3109/1	R1	+	-	+	-	0.000000	0.000000
ERR2188722.14147387 7001289F:119:HH7GHBCXY:2:2213:7590:73727/1	R1	+	-	+	-	0.457944	0.457944
ERR2188722.14147388 7001289F:119:HH7GHBCXY:1:1103:13383:95792/1	R1	+	-	+	-	0.302752	0.302752
ERR2188722.14147389 7001289F:119:HH7GHBCXY:1:1110:7461:39720/1	R1	+	-	+	-	0.302752	0.302752
ERR2188722.14147390 7001289F:119:HH7GHBCXY:1:1111:2507:49756/1	R1	+	-	+	-	0.302752	0.302752
ERR2188722.14147391 7001289F:119:HH7GHBCXY:1:1111:17997:75197/1	R1	+	-	+	-	0.457944	0.457944
ERR2188722.14147392 7001289F:119:HH7GHBCXY:1:2110:5978:73212/1	R1	+	-	+	-	0.457944	0.457944
ERR2188722.14147393 7001289F:119:HH7GHBCXY:1:2205:17430:72139/1	R1	+	-	+	-	0.302752	0.302752
ERR2188722.14147396 7001289F:119:HH7GHBCXY:1:1101:1371:57259/1	R1	+	-	+	-	0.433628	0.433628
ERR2188722.14147397 7001289F:119:HH7GHBCXY:1:1112:19901:84779/1	R1	+	-	+	-	0.345455	0.345455
ERR2188722.14147399 7001289F:119:HH7GHBCXY:1:1215:7781:99627/1	R1	+	-	+	-	0.830508	0.830508
ERR2188722.14147400 7001289F:119:HH7GHBCXY:1:2202:8925:54998/1	R1	+	-	+	-	0.302752	0.302752
ERR2188722.14147401 7001289F:119:HH7GHBCXY:2:1114:1545:47488/1	R1	+	-	+	-	0.457944	0.457944
ERR2188722.14147402 7001289F:119:HH7GHBCXY:2:2207:16175:32659/1	R1	+	-	+	-	0.345455	0.345455
ERR2188722.14147403 7001289F:119:HH7GHBCXY:1:1111:15662:27500/1	R1	+	-	+	-	0.000000	0.000000
ERR2188722.14147404 7001289F:119:HH7GHBCXY:2:1215:8739:19609/1	R1	-	+	-	+	0.000000	0.000000
ERR2188722.14147405 7001289F:119:HH7GHBCXY:2:2214:2060:89109/1	R1	-	+	-	+	0.330579	0.330579
ERR2188722.14147407 7001289F:119:HH7GHBCXY:2:2113:10466:65326/1	R1	+	-	+	-	0.413043	0.413043
ERR2188722.14147409 7001289F:119:HH7GHBCXY:2:2216:10051:70963/1	R1	+	-	+	-	0.891892	0.891892
ERR2188722.14147410 7001289F:119:HH7GHBCXY:1:1105:19007:77484/1	R1	+	-	+	-	0.000000	0.000000
ERR2188722.14147411 7001289F:119:HH7GHBCXY:2:2113:14994:68603/1	R1	+	-	+	-	0.062500	0.062500
ERR2188722.14147412 7001289F:119:HH7GHBCXY:2:2106:14266:23503/1	R1	-	+	-	+	0.173913	0.173913
ERR2188722.14147413 7001289F:119:HH7GHBCXY:2:1210:8158:99511/1	R1	+	-	+	-	0.000000	0.000000
ERR2188722.14147415 7001289F:119:HH7GHBCXY:1:1202:13083:15970/1	R1	-	+	-	+	0.056604	0.056604
ERR2188722.14147416 7001289F:119:HH7GHBCXY:1:2213:11566:22962/1	R1	-	+	-	+	0.000000	0.000000
ERR2188722.14147423 7001289F:119:HH7GHBCXY:1:1107:7440:71748/1	R1	+	-	+	-	0.000000	0.000000
ERR2188722.14147424 7001289F:119:HH7GHBCXY:2:1205:12236:18885/1	R1	-	+	-	+	0.000000	0.000000
ERR2188722.14147425 7001289F:119:HH7GHBCXY:2:2115:5654:76608/1	R1	+	-	+	-	0.719101	0.719101
ERR2188722.14147428 7001289F:119:HH7GHBCXY:1:2207:6980:77403/1	R1	-	+	-	+	0.000000	0.000000
ERR2188722.14147433 7001289F:119:HH7GHBCXY:2:1104:20334:17438/1	R1	+	-	+	-	0.302752	0.302752
ERR2188722.14147436 7001289F:119:HH7GHBCXY:2:1106:15181:10583/1	R1	+	-	+	-	0.345455	0.345455
ERR2188722.14147438 7001289F:119:HH7GHBCXY:2:1105:7745:52898/1	R1	+	-	+	-	0.387755	0.387755
ERR2188722.14147448 7001289F:119:HH7GHBCXY:1:1110:7003:89854/1	R1	-	+	-	+	0.000000	0.000000
ERR2188722.14147449 7001289F:119:HH7GHBCXY:2:1108:15825:40680/1	R1	-	+	-	+	0.000000	0.000000
ERR2188722.14147455 7001289F:119:HH7GHBCXY:2:2107:13082:43542/1	R1	+	-	+	-	0.714286	0.714286
ERR2188722.14147456 7001289F:119:HH7GHBCXY:1:2115:9501:86103/1	R1	-	+	-	+	0.042553	0.042553
ERR2188722.14147460 7001289F:119:HH7GHBCXY:2:2207:9846:26111/1	R1	+	-	+	-	0.590361	0.590361
ERR2188722.14147465 7001289F:119:HH7GHBCXY:1:1102:6632:41509/1	R1	+	-	+	-	0.000000	0.000000
ERR2188722.14147466 7001289F:119:HH7GHBCXY:2:2107:11375:71069/1	R1	-	+	-	+	0.000000	0.000000
ERR2188722.14147467 7001289F:119:HH7GHBCXY:1:1109:20563:83409/1	R1	+	-	+	-	0.433628	0.433628
ERR2188722.14147469 7001289F:119:HH7GHBCXY:1:2202:4238:37137/1	R1	+	-	+	-	0.759259	0.759259
ERR2188722.14147470 7001289F:119:HH7GHBCXY:1:2208:15130:62101/1	R1	+	-	+	-	0.433628	0.433628
ERR2188722.14147471 7001289F:119:HH7GHBCXY:2:1103:8600:20656/1	R1	+	-	+	-	0.433628	0.433628
ERR2188722.14147472 7001289F:119:HH7GHBCXY:2:1108:17056:79669/1	R1	+	-	+	-	0.433628	0.433628
ERR2188722.14147473 7001289F:119:HH7GHBCXY:2:1110:4762:8965/1	R1	+	-	+	-	0.700935	0.700935
ERR2188722.14147476 7001289F:119:HH7GHBCXY:2:2103:13739:15150/1	R1	+	-	+	-	0.433628	0.433628
ERR2188722.14147477 7001289F:119:HH7GHBCXY:2:2104:14899:96509/1	R1	+	-	+	-	0.433628	0.433628
ERR2188722.14147478 7001289F:119:HH7GHBCXY:2:2110:19003:62774/1	R1	+	-	+	-	0.457944	0.457944
ERR2188722.14147479 7001289F:119:HH7GHBCXY:2:2114:13529:65564/1	R1	+	-	+	-	0.433628	0.433628
ERR2188722.14147481 7001289F:119:HH7GHBCXY:2:2208:6387:50402/1	R1	+	-	+	-	0.433628	0.433628
ERR2188722.14147483 7001289F:119:HH7GHBCXY:1:1214:12987:47728/1	R1	+	-	+	-	0.433628	0.433628
ERR2188722.14147485 7001289F:119:HH7GHBCXY:1:1206:6328:54887/1	R1	+	-	+	-	0.446429	0.446429
ERR2188722.14147487 7001289F:119:HH7GHBCXY:2:2104:15682:52081/1	R1	+	-	+	-	0.518868	0.518868
ERR2188722.14147489 7001289F:119:HH7GHBCXY:2:2202:6285:76867/1	R1	+	-	+	-	0.446429	0.446429
ERR2188722.14147492 7001289F:119:HH7GHBCXY:2:2202:2686:96922/1	R1	+	-	+	-	0.000000	0.000000
ERR2188722.14147497 7001289F:119:HH7GHBCXY:1:1115:4270:54958/1	R1	+	-	+	-	0.639640	0.639640
ERR2188722.14147499 7001289F:119:HH7GHBCXY:2:1207:9079:92052/1	R1	+	-	+	-	0.639640	0.639640
ERR2188722.14147501 7001289F:119:HH7GHBCXY:2:2104:20726:64598/1	R1	+	-	+	-	0.639640	0.639640
ERR2188722.14147502 7001289F:119:HH7GHBCXY:2:2105:5116:92430/1	R1	+	-	+	-	0.767857	0.767857
ERR2188722.14147503 7001289F:119:HH7GHBCXY:2:2201:17562:3410/1	R1	+	-	+	-	0.345455	0.345455
ERR2188722.14147504 7001289F:119:HH7GHBCXY:1:1113:12453:73608/1	R1	+	-	+	-	0.302752	0.302752
ERR2188722.14147505 7001289F:119:HH7GHBCXY:1:1201:17850:18103/1	R1	+	-	+	-	0.302752	0.302752
ERR2188722.14147508 7001289F:119:HH7GHBCXY:1:1213:17209:83847/1	R1	+	-	+	-	0.673469	0.673469
ERR2188722.14147509 7001289F:119:HH7GHBCXY:1:2201:5392:30897/1	R1	+	-	+	-	0.302752	0.302752
ERR2188722.14147511 7001289F:119:HH7GHBCXY:2:1107:2057:62889/1	R1	+	-	+	-	0.302752	0.302752
ERR2188722.14147513 7001289F:119:HH7GHBCXY:2:1116:15666:70643/1	R1	+	-	+	-	0.302752	0.302752
ERR2188722.14147514 7001289F:119:HH7GHBCXY:2:2206:19056:60414/1	R1	+	-	+	-	0.302752	0.302752
ERR2188722.14147515 7001289F:119:HH7GHBCXY:1:2102:20026:79993/1	R1	+	-	+	-	0.302752	0.302752
ERR2188722.14147516 7001289F:119:HH7GHBCXY:1:1202:4746:72762/1	R1	+	-	+	-	0.000000	0.000000
ERR2188722.14147518 7001289F:119:HH7GHBCXY:1:1210:7595:59095/1	R1	+	-	+	-	0.000000	0.000000
ERR2188722.14147519 7001289F:119:HH7GHBCXY:1:2110:1781:95849/1	R1	+	-	+	-	0.000000	0.000000
ERR2188722.14147521 7001289F:119:HH7GHBCXY:1:2213:15042:5915/1	R1	+	-	+	-	0.000000	0.000000
ERR2188722.14147522 7001289F:119:HH7GHBCXY:1:2111:13676:77318/1	R1	+	-	+	-	0.672897	0.672897
ERR2188722.14147527 7001289F:119:HH7GHBCXY:2:2207:7603:27315/1	R1	+	-	+	-	0.457944	0.457944
ERR2188722.14147528 7001289F:119:HH7GHBCXY:2:2213:14729:73891/1	R1	-	+	-	+	0.375000	0.375000
ERR2188722.14147529 7001289F:119:HH7GHBCXY:1:1216:13635:3443/1	R1	+	-	+	-	0.446429	0.446429
ERR2188722.14147530 7001289F:119:HH7GHBCXY:2:2105:3240:19442/1	R1	+	-	+	-	0.000000	0.000000
ERR2188722.14147533 7001289F:119:HH7GHBCXY:1:2114:14675:52604/1	R1	+	-	+	-	0.345455	0.345455
ERR2188722.14147534 7001289F:119:HH7GHBCXY:2:1215:9289:71165/1	R1	-	+	-	+	0.000000	0.000000
ERR2188722.14147539 7001289F:119:HH7GHBCXY:1:2103:5877:97012/1	R1	+	-	+	-	0.000000	0.000000
ERR2188722.14147541 7001289F:119:HH7GHBCXY:1:1113:12985:27913/1	R1	-	+	-	+	0.000000	0.000000
ERR2188722.14147543 7001289F:119:HH7GHBCXY:2:1205:8534:74736/1	R1	+	-	+	-	0.000000	0.000000
ERR2188722.14147544 7001289F:119:HH7GHBCXY:1:2214:12666:69747/1	R1	+	-	+	-	0.590361	0.590361
ERR2188722.14147546 7001289F:119:HH7GHBCXY:1:2212:9709:41537/1	R1	-	+	-	+	0.000000	0.000000
ERR2188722.14147547 7001289F:119:HH7GHBCXY:2:1210:17710:65759/1	R1	+	-	+	-	0.433628	0.433628
ERR2188722.14147553 7001289F:119:HH7GHBCXY:2:1213:5681:69085/1	R1	-	+	-	+	0.000000	0.000000
ERR2188722.14147556 7001289F:119:HH7GHBCXY:2:2202:14807:29527/1	R1	+	-	+	-	0.980392	0.980392
ERR2188722.14147557 7001289F:119:HH7GHBCXY:1:2112:18784:69718/1	R1	+	-	+	-	0.500000	0.500000
ERR2188722.14147562 7001289F:119:HH7GHBCXY:2:2104:11407:48080/1	R1	+	-	+	-	0.433628	0.433628
ERR2188722.14147563 7001289F:119:HH7GHBCXY:1:2102:14184:32261/1	R1	+	-	+	-	0.000000	0.000000
ERR2188722.14147566 7001289F:119:HH7GHBCXY:1:2111:14560:61408/1	R1	-	+	-	+	0.000000	0.000000
ERR2188722.14147568 7001289F:119:HH7GHBCXY:1:2216:3925:61112/1	R1	-	+	-	+	0.000000	0.000000
ERR2188722.14147569 7001289F:119:HH7GHBCXY:1:1116:3638:2640/1	R1	+	-	+	-	0.000000	0.000000
ERR2188722.14147571 7001289F:119:HH7GHBCXY:1:2212:11806:55991/1	R1	+	-	+	-	0.590361	0.590361
ERR2188722.14147574 7001289F:119:HH7GHBCXY:2:2205:10019:89446/1	R1	+	-	+	-	0.617978	0.617978
ERR2188722.14147577 7001289F:119:HH7GHBCXY:2:2210:12032:7605/1	R1	+	-	+	-	0.830508	0.830508
ERR2188722.14147582 7001289F:119:HH7GHBCXY:2:1111:8669:16901/1	R1	+	-	+	-	0.612903	0.612903
ERR2188722.14147584 7001289F:119:HH7GHBCXY:1:2202:17823:92880/1	R1	-	+	-	+	0.000000	0.000000
ERR2188722.14147585 7001289F:119:HH7GHBCXY:2:1104:12065:21119/1	R1	-	+	-	+	0.696429	0.696429
ERR2188722.14147591 7001289F:119:HH7GHBCXY:2:1110:8880:95432/1	R1	+	-	+	-	0.000000	0.000000
ERR2188722.14147593 7001289F:119:HH7GHBCXY:2:2215:8688:80516/1	R1	+	-	+	-	0.345455	0.345455
ERR2188722.14147595 7001289F:119:HH7GHBCXY:1:2115:6146:31686/1	R1	+	-	+	-	0.798165	0.798165
ERR2188722.14716294 7001289F:119:HH7GHBCXY:1:1211:11803:22191/1	R1	-	+	-	+	0.000000	0.000000
ERR2188722.15619694 7001289F:119:HH7GHBCXY:2:2208:11751:99015/1	R1	-	+	-	+	0.108108	0.108108
ERR2188722.16358813 7001289F:119:HH7GHBCXY:1:1115:14373:54316/1	R1	-	+	-	+	0.592593	0.592593
ERR2188722.16774038 7001289F:119:HH7GHBCXY:1:2206:7890:37381/1	R1	-	+	-	+	0.130435	0.130435
ERR2188722.17618471 7001289F:119:HH7GHBCXY:1:2205:5199:72743/1	R1	-	+	-	+	0.000000	0.000000
ERR2188722.17679343 7001289F:119:HH7GHBCXY:1:1112:4878:79940/1	R1	+	-	+	-	0.302752	0.302752
ERR2188722.17748881 7001289F:119:HH7GHBCXY:2:1206:6806:11105/1	R1	+	-	+	-	0.540984	0.540984
ERR2188722.17748883 7001289F:119:HH7GHBCXY:2:2108:10374:21738/1	R1	+	-	+	-	0.475000	0.475000
ERR2188722.17748886 7001289F:119:HH7GHBCXY:1:1104:19813:12443/1	R1	+	-	+	-	0.433628	0.433628
ERR2188722.17748888 7001289F:119:HH7GHBCXY:1:1106:2392:59340/1	R1	+	-	+	-	0.741573	0.741573
ERR2188722.17748889 7001289F:119:HH7GHBCXY:1:1111:10025:58222/1	R1	+	-	+	-	0.579439	0.579439
ERR2188722.17748896 7001289F:119:HH7GHBCXY:1:1216:4872:37587/1	R1	+	-	+	-	0.966292	0.966292
ERR2188722.17748903 7001289F:119:HH7GHBCXY:2:1102:20449:34729/1	R1	+	-	+	-	0.684211	0.684211
ERR2188722.17748905 7001289F:119:HH7GHBCXY:2:1110:3822:31260/1	R1	+	-	+	-	0.000000	0.000000
ERR2188722.17748908 7001289F:119:HH7GHBCXY:2:1210:19661:23735/1	R1	+	-	+	-	0.617978	0.617978
ERR2188722.17748912 7001289F:119:HH7GHBCXY:2:1215:3798:37274/1	R1	+	-	+	-	0.000000	0.000000
ERR2188722.17748913 7001289F:119:HH7GHBCXY:2:1215:15925:95801/1	R1	+	-	+	-	0.185185	0.185185
ERR2188722.17748918 7001289F:119:HH7GHBCXY:1:2116:6666:47269/1	R1	-	+	-	+	0.000000	0.000000
ERR2188722.17748919 7001289F:119:HH7GHBCXY:1:1106:2116:44783/1	R1	+	-	+	-	0.433628	0.433628
ERR2188722.17748920 7001289F:119:HH7GHBCXY:1:1201:14181:32213/1	R1	+	-	+	-	0.433628	0.433628
ERR2188722.17748925 7001289F:119:HH7GHBCXY:1:2110:10345:35809/1	R1	+	-	+	-	0.446429	0.446429
ERR2188722.17748926 7001289F:119:HH7GHBCXY:1:2110:8757:62165/1	R1	+	-	+	-	0.433628	0.433628
ERR2188722.17748927 7001289F:119:HH7GHBCXY:1:2112:14753:90225/1	R1	+	-	+	-	0.433628	0.433628
ERR2188722.17748928 7001289F:119:HH7GHBCXY:1:2209:12649:66289/1	R1	+	-	+	-	0.767442	0.767442
ERR2188722.17748931 7001289F:119:HH7GHBCXY:2:1206:18868:64140/1	R1	+	-	+	-	0.433628	0.433628
ERR2188722.17748933 7001289F:119:HH7GHBCXY:2:1216:16475:73394/1	R1	+	-	+	-	0.514019	0.514019
ERR2188722.17748935 7001289F:119:HH7GHBCXY:2:2101:8393:13758/1	R1	+	-	+	-	0.345455	0.345455
ERR2188722.17748936 7001289F:119:HH7GHBCXY:2:2105:10911:25012/1	R1	+	-	+	-	0.446429	0.446429
ERR2188722.17748938 7001289F:119:HH7GHBCXY:1:1108:19754:78913/1	R1	+	-	+	-	0.138889	0.138889
ERR2188722.17748939 7001289F:119:HH7GHBCXY:1:1113:7445:73274/1	R1	+	-	+	-	0.814815	0.814815
ERR2188722.17748940 7001289F:119:HH7GHBCXY:1:1112:9232:16319/1	R1	+	-	+	-	0.759259	0.759259
ERR2188722.17748941 7001289F:119:HH7GHBCXY:1:1208:17298:78607/1	R1	+	-	+	-	0.759259	0.759259
ERR2188722.17748942 7001289F:119:HH7GHBCXY:1:1208:2659:80142/1	R1	+	-	+	-	0.400000	0.400000
ERR2188722.17748943 7001289F:119:HH7GHBCXY:1:2110:7655:46368/1	R1	+	-	+	-	0.504673	0.504673
ERR2188722.17748945 7001289F:119:HH7GHBCXY:1:2202:12540:40936/1	R1	+	-	+	-	0.000000	0.000000
ERR2188722.17748946 7001289F:119:HH7GHBCXY:1:2202:5387:48358/1	R1	+	-	+	-	0.457944	0.457944
ERR2188722.17748947 7001289F:119:HH7GHBCXY:1:2206:19226:85279/1	R1	+	-	+	-	0.000000	0.000000
ERR2188722.17748948 7001289F:119:HH7GHBCXY:1:2212:3633:81818/1	R1	+	-	+	-	0.000000	0.000000
ERR2188722.17748949 7001289F:119:HH7GHBCXY:2:1109:5006:49220/1	R1	+	-	+	-	0.954955	0.954955
ERR2188722.17748951 7001289F:119:HH7GHBCXY:2:1204:17961:58937/1	R1	+	-	+	-	0.636364	0.636364
ERR2188722.17748953 7001289F:119:HH7GHBCXY:2:2209:4808:50015/1	R1	+	-	+	-	0.000000	0.000000
ERR2188722.17748954 7001289F:119:HH7GHBCXY:2:2212:14168:31177/1	R1	+	-	+	-	0.471698	0.471698
ERR2188722.17748957 7001289F:119:HH7GHBCXY:1:2203:1310:6820/1	R1	+	-	+	-	0.471698	0.471698
ERR2188722.17748958 7001289F:119:HH7GHBCXY:2:1105:15446:40100/1	R1	+	-	+	-	0.830508	0.830508
ERR2188722.17748960 7001289F:119:HH7GHBCXY:2:1107:15324:68501/1	R1	+	-	+	-	0.357798	0.357798
ERR2188722.17748962 7001289F:119:HH7GHBCXY:2:2105:19395:9141/1	R1	+	-	+	-	0.457944	0.457944
ERR2188722.17748964 7001289F:119:HH7GHBCXY:1:1205:6747:92302/1	R1	+	-	+	-	0.413043	0.413043
ERR2188722.17748969 7001289F:119:HH7GHBCXY:1:2208:14350:22371/1	R1	+	-	+	-	0.515789	0.515789
ERR2188722.17748974 7001289F:119:HH7GHBCXY:1:2205:13976:70403/1	R1	+	-	+	-	0.747748	0.747748
ERR2188722.17748976 7001289F:119:HH7GHBCXY:1:2201:18660:87405/1	R1	+	-	+	-	0.446429	0.446429
ERR2188722.17748977 7001289F:119:HH7GHBCXY:2:2108:19942:83456/1	R1	+	-	+	-	0.345455	0.345455
ERR2188722.17748978 7001289F:119:HH7GHBCXY:2:2204:9831:8825/1	R1	+	-	+	-	0.446429	0.446429
ERR2188722.17748980 7001289F:119:HH7GHBCXY:1:2102:6586:63242/1	R1	+	-	+	-	0.515789	0.515789
ERR2188722.17748983 7001289F:119:HH7GHBCXY:1:1112:16080:71476/1	R1	+	-	+	-	0.433628	0.433628
ERR2188722.17748984 7001289F:119:HH7GHBCXY:1:1205:19261:18471/1	R1	-	+	-	+	0.000000	0.000000
ERR2188722.17748988 7001289F:119:HH7GHBCXY:1:2101:11688:32147/1	R1	-	+	-	+	0.700000	0.700000
ERR2188722.17748989 7001289F:119:HH7GHBCXY:2:2114:14195:96657/1	R1	-	+	-	+	0.528926	0.528926
ERR2188722.17748992 7001289F:119:HH7GHBCXY:2:2106:8549:73785/1	R1	+	-	+	-	0.678571	0.678571
ERR2188722.17748993 7001289F:119:HH7GHBCXY:2:2216:19458:31111/1	R1	-	+	-	+	0.000000	0.000000
ERR2188722.17748999 7001289F:119:HH7GHBCXY:2:1108:14747:38954/1	R1	+	-	+	-	0.688312	0.688312
ERR2188722.17749000 7001289F:119:HH7GHBCXY:2:1113:15278:14670/1	R1	-	+	-	+	0.378378	0.378378
ERR2188722.17749002 7001289F:119:HH7GHBCXY:2:2102:18034:9697/1	R1	+	-	+	-	0.433628	0.433628
ERR2188722.17749009 7001289F:119:HH7GHBCXY:2:2209:16159:32256/1	R1	+	-	+	-	0.954023	0.954023
ERR2188722.17749012 7001289F:119:HH7GHBCXY:2:1206:3326:76042/1	R1	-	+	-	+	0.480000	0.480000
ERR2188722.17749013 7001289F:119:HH7GHBCXY:1:2116:16998:23917/1	R1	+	-	+	-	0.472527	0.472527
ERR2188722.17749015 7001289F:119:HH7GHBCXY:1:1102:16779:67168/1	R1	+	-	+	-	0.513514	0.513514
ERR2188722.17749019 7001289F:119:HH7GHBCXY:2:1108:16267:63495/1	R1	+	-	+	-	0.600000	0.600000
ERR2188722.17749021 7001289F:119:HH7GHBCXY:2:2110:15279:18148/1	R1	-	+	-	+	0.000000	0.000000
ERR2188722.17749022 7001289F:119:HH7GHBCXY:1:2108:16693:15389/1	R1	+	-	+	-	0.362637	0.362637
ERR2188722.17749024 7001289F:119:HH7GHBCXY:2:1103:6732:38902/1	R1	-	+	-	+	0.000000	0.000000
ERR2188722.17749026 7001289F:119:HH7GHBCXY:1:2202:8346:59493/1	R1	+	-	+	-	0.387755	0.387755
ERR2188722.17749027 7001289F:119:HH7GHBCXY:2:2201:19348:92215/1	R1	-	+	-	+	0.706897	0.706897
ERR2188722.17749028 7001289F:119:HH7GHBCXY:1:1212:12072:15462/1	R1	+	-	+	-	0.673469	0.673469
ERR2188722.17749029 7001289F:119:HH7GHBCXY:1:1114:2110:68491/1	R1	+	-	+	-	0.000000	0.000000
ERR2188722.17749033 7001289F:119:HH7GHBCXY:2:2211:14605:12745/1	R1	+	-	+	-	0.000000	0.000000
ERR2188722.17749034 7001289F:119:HH7GHBCXY:2:2215:19824:60201/1	R1	+	-	+	-	0.000000	0.000000
ERR2188722.17749036 7001289F:119:HH7GHBCXY:1:1211:9162:18315/1	R1	+	-	+	-	0.345455	0.345455
ERR2188722.17749037 7001289F:119:HH7GHBCXY:1:2110:14335:39337/1	R1	+	-	+	-	0.345455	0.345455
ERR2188722.17749038 7001289F:119:HH7GHBCXY:2:1104:6171:82595/1	R1	+	-	+	-	0.345455	0.345455
ERR2188722.17749039 7001289F:119:HH7GHBCXY:2:1109:7740:53877/1	R1	+	-	+	-	0.345455	0.345455
ERR2188722.17749040 7001289F:119:HH7GHBCXY:2:1213:7772:30750/1	R1	+	-	+	-	0.862069	0.862069
ERR2188722.17749042 7001289F:119:HH7GHBCXY:2:2106:18945:72332/1	R1	+	-	+	-	0.454545	0.454545
ERR2188722.17749044 7001289F:119:HH7GHBCXY:2:2212:18971:34200/1	R1	+	-	+	-	0.345455	0.345455
ERR2188722.17749046 7001289F:119:HH7GHBCXY:1:2215:14981:98555/1	R1	+	-	+	-	0.412844	0.412844
ERR2188722.17749047 7001289F:119:HH7GHBCXY:2:1110:9434:61317/1	R1	+	-	+	-	0.417722	0.417722
ERR2188722.17749048 7001289F:119:HH7GHBCXY:2:1204:18870:75233/1	R1	+	-	+	-	0.302752	0.302752
ERR2188722.17749049 7001289F:119:HH7GHBCXY:2:2109:11307:34783/1	R1	+	-	+	-	0.302752	0.302752
ERR2188722.17749050 7001289F:119:HH7GHBCXY:2:2113:12647:95976/1	R1	+	-	+	-	0.302752	0.302752
ERR2188722.17749051 7001289F:119:HH7GHBCXY:2:2205:19486:86286/1	R1	+	-	+	-	0.340206	0.340206
ERR2188722.17749053 7001289F:119:HH7GHBCXY:1:1113:5287:46378/1	R1	+	-	+	-	0.000000	0.000000
ERR2188722.17749054 7001289F:119:HH7GHBCXY:1:2110:1538:25908/1	R1	+	-	+	-	0.000000	0.000000
ERR2188722.17749056 7001289F:119:HH7GHBCXY:2:1103:11198:94855/1	R1	+	-	+	-	0.000000	0.000000
ERR2188722.17749057 7001289F:119:HH7GHBCXY:2:1208:20696:35199/1	R1	+	-	+	-	0.000000	0.000000
ERR2188722.17749058 7001289F:119:HH7GHBCXY:2:2108:21083:89801/1	R1	+	-	+	-	0.000000	0.000000
ERR2188722.17749059 7001289F:119:HH7GHBCXY:2:2202:13331:38994/1	R1	+	-	+	-	0.000000	0.000000
ERR2188722.17749060 7001289F:119:HH7GHBCXY:1:1106:1152:22465/1	R1	+	-	+	-	0.544554	0.544554
ERR2188722.17749062 7001289F:119:HH7GHBCXY:1:1207:7675:26007/1	R1	+	-	+	-	0.990476	0.990476
ERR2188722.17749063 7001289F:119:HH7GHBCXY:1:1208:17377:93302/1	R1	+	-	+	-	0.433628	0.433628
ERR2188722.17749064 7001289F:119:HH7GHBCXY:1:1210:14031:74768/1	R1	+	-	+	-	0.433628	0.433628
ERR2188722.17749065 7001289F:119:HH7GHBCXY:1:2202:7632:34601/1	R1	+	-	+	-	0.457944	0.457944
ERR2188722.17749066 7001289F:119:HH7GHBCXY:1:2203:16801:11035/1	R1	+	-	+	-	0.457944	0.457944
ERR2188722.17749067 7001289F:119:HH7GHBCXY:1:2207:9347:66506/1	R1	+	-	+	-	0.703704	0.703704
ERR2188722.17749068 7001289F:119:HH7GHBCXY:2:1110:3138:59471/1	R1	+	-	+	-	0.861111	0.861111
ERR2188722.17749069 7001289F:119:HH7GHBCXY:2:1209:6139:41977/1	R1	+	-	+	-	0.433628	0.433628
ERR2188722.17749070 7001289F:119:HH7GHBCXY:2:1209:6016:55892/1	R1	+	-	+	-	0.433628	0.433628
ERR2188722.17749071 7001289F:119:HH7GHBCXY:2:1212:19857:63940/1	R1	+	-	+	-	0.485149	0.485149
ERR2188722.17749072 7001289F:119:HH7GHBCXY:2:2105:21132:6839/1	R1	+	-	+	-	0.568421	0.568421
ERR2188722.17749074 7001289F:119:HH7GHBCXY:2:2113:13830:93943/1	R1	+	-	+	-	0.457944	0.457944
ERR2188722.17749075 7001289F:119:HH7GHBCXY:2:2203:9794:87311/1	R1	+	-	+	-	0.433628	0.433628
ERR2188722.17749076 7001289F:119:HH7GHBCXY:2:2208:19951:20957/1	R1	+	-	+	-	0.457944	0.457944
ERR2188722.17749077 7001289F:119:HH7GHBCXY:2:2208:18621:59975/1	R1	+	-	+	-	0.433628	0.433628
ERR2188722.17749078 7001289F:119:HH7GHBCXY:1:1201:13519:40860/1	R1	+	-	+	-	0.471698	0.471698
ERR2188722.17749079 7001289F:119:HH7GHBCXY:1:2205:17183:63655/1	R1	+	-	+	-	0.446429	0.446429
ERR2188722.17749080 7001289F:119:HH7GHBCXY:2:2110:3709:20084/1	R1	+	-	+	-	0.821782	0.821782
ERR2188722.17749081 7001289F:119:HH7GHBCXY:2:2205:12638:70272/1	R1	+	-	+	-	0.471698	0.471698
ERR2188722.17749082 7001289F:119:HH7GHBCXY:1:1108:15463:77060/1	R1	+	-	+	-	0.446429	0.446429
ERR2188722.17749084 7001289F:119:HH7GHBCXY:2:1102:19916:48581/1	R1	+	-	+	-	0.345455	0.345455
ERR2188722.17749085 7001289F:119:HH7GHBCXY:2:1110:6080:77166/1	R1	+	-	+	-	0.365385	0.365385
ERR2188722.17749087 7001289F:119:HH7GHBCXY:2:2210:10604:53570/1	R1	+	-	+	-	0.345455	0.345455
ERR2188722.17749088 7001289F:119:HH7GHBCXY:1:1105:9354:92494/1	R1	+	-	+	-	0.433628	0.433628
ERR2188722.17749090 7001289F:119:HH7GHBCXY:1:2214:1907:49329/1	R1	+	-	+	-	0.000000	0.000000
ERR2188722.17749095 7001289F:119:HH7GHBCXY:1:2216:16362:2301/1	R1	+	-	+	-	0.302752	0.302752
ERR2188722.17749097 7001289F:119:HH7GHBCXY:1:2116:10617:3440/1	R1	+	-	+	-	0.452055	0.452055
ERR2188722.17749099 7001289F:119:HH7GHBCXY:1:2204:20950:55517/1	R1	+	-	+	-	0.514019	0.514019
ERR2188722.17749101 7001289F:119:HH7GHBCXY:2:1108:20537:18721/1	R1	+	-	+	-	0.629213	0.629213
ERR2188722.17749102 7001289F:119:HH7GHBCXY:2:1205:20377:68985/1	R1	+	-	+	-	0.515789	0.515789
ERR2188722.17749104 7001289F:119:HH7GHBCXY:1:1205:15110:46684/1	R1	+	-	+	-	0.000000	0.000000
ERR2188722.17749105 7001289F:119:HH7GHBCXY:2:1207:17518:82104/1	R1	+	-	+	-	0.452055	0.452055
ERR2188722.17749106 7001289F:119:HH7GHBCXY:2:2201:17574:41385/1	R1	-	+	-	+	0.000000	0.000000
ERR2188722.17749110 7001289F:119:HH7GHBCXY:2:1114:15213:61620/1	R1	+	-	+	-	0.492537	0.492537
ERR2188722.17749111 7001289F:119:HH7GHBCXY:1:2105:10078:35828/1	R1	-	+	-	+	0.000000	0.000000
ERR2188722.17749116 7001289F:119:HH7GHBCXY:2:1216:13721:25029/1	R1	+	-	+	-	0.638554	0.638554
ERR2188722.17749117 7001289F:119:HH7GHBCXY:1:1109:6059:73043/1	R1	+	-	+	-	0.943182	0.943182
ERR2188722.17749118 7001289F:119:HH7GHBCXY:1:2215:10850:100265/1	R1	-	+	-	+	0.000000	0.000000
ERR2188722.17749119 7001289F:119:HH7GHBCXY:2:2210:2164:15358/1	R1	-	+	-	+	0.000000	0.000000
ERR2188722.17749122 7001289F:119:HH7GHBCXY:2:1108:13752:76550/1	R1	-	+	-	+	0.000000	0.000000
ERR2188722.17749124 7001289F:119:HH7GHBCXY:2:2213:7620:80121/1	R1	+	-	+	-	0.513514	0.513514
ERR2188722.17749130 7001289F:119:HH7GHBCXY:1:2204:12442:29267/1	R1	-	+	-	+	0.285714	0.285714
ERR2188722.17749133 7001289F:119:HH7GHBCXY:1:2214:4669:5486/1	R1	-	+	-	+	0.000000	0.000000
ERR2188722.17854212 7001289F:119:HH7GHBCXY:1:2206:17233:35733/1	R1	-	+	-	+	0.812500	0.812500
ERR2188722.17854220 7001289F:119:HH7GHBCXY:1:2214:11664:32463/1	R1	-	+	-	+	0.000000	0.000000
ERR2188722.17854503 7001289F:119:HH7GHBCXY:2:2110:5728:73608/1	R1	+	-	+	-	0.531915	0.531915
ERR2188722.17854575 7001289F:119:HH7GHBCXY:2:2114:11952:100118/1	R1	+	-	+	-	0.000000	0.000000
ERR2188722.17854587 7001289F:119:HH7GHBCXY:1:2201:18046:45864/1	R1	+	-	+	-	0.714286	0.714286
ERR2188722.17854725 7001289F:119:HH7GHBCXY:2:1114:11714:37495/1	R1	-	+	-	+	0.000000	0.000000
ERR2188722.17854824 7001289F:119:HH7GHBCXY:1:2206:4736:41799/1	R1	+	-	+	-	0.000000	0.000000
ERR2188722.17854835 7001289F:119:HH7GHBCXY:2:1206:3351:9615/1	R1	+	-	+	-	0.589474	0.589474
ERR2188722.17854959 7001289F:119:HH7GHBCXY:1:1201:3782:85931/1	R1	-	+	-	+	0.000000	0.000000
ERR2188722.17854968 7001289F:119:HH7GHBCXY:2:1113:8935:91548/1	R1	-	+	-	+	0.000000	0.000000
ERR2188722.17855021 7001289F:119:HH7GHBCXY:2:2206:13892:44065/1	R1	-	+	-	+	0.461538	0.461538
ERR2188722.17855159 7001289F:119:HH7GHBCXY:2:2203:8936:41545/1	R1	-	+	-	+	0.000000	0.000000
ERR2188722.17855297 7001289F:119:HH7GHBCXY:2:2209:14965:36792/1	R1	+	-	+	-	0.388235	0.388235
ERR2188722.17855317 7001289F:119:HH7GHBCXY:2:2213:2610:76641/1	R1	+	-	+	-	0.674699	0.674699
ERR2188722.17856239 7001289F:119:HH7GHBCXY:1:2216:11638:97931/1	R1	-	+	-	+	0.590909	0.590909
ERR2188722.17856337 7001289F:119:HH7GHBCXY:2:2109:15076:17921/1	R1	-	+	-	+	0.000000	0.000000
ERR2188722.17856540 7001289F:119:HH7GHBCXY:1:1202:13210:45425/1	R1	+	-	+	-	0.528302	0.528302
ERR2188722.17856601 7001289F:119:HH7GHBCXY:1:1115:19056:38227/1	R1	-	+	-	+	0.363636	0.363636
ERR2188722.17856948 7001289F:119:HH7GHBCXY:2:2215:16620:51852/1	R1	+	-	+	-	0.760000	0.760000
ERR2188722.17857252 7001289F:119:HH7GHBCXY:1:1106:13371:47015/1	R1	+	-	+	-	0.000000	0.000000
ERR2188722.17857258 7001289F:119:HH7GHBCXY:1:2206:3793:8682/1	R1	+	-	+	-	0.000000	0.000000
ERR2188722.17857271 7001289F:119:HH7GHBCXY:2:2108:20853:91189/1	R1	-	+	-	+	0.812500	0.812500
ERR2188722.17857347 7001289F:119:HH7GHBCXY:2:2214:10816:19547/1	R1	+	-	+	-	0.609756	0.609756
ERR2188722.17857350 7001289F:119:HH7GHBCXY:2:1114:13121:90707/1	R1	-	+	-	+	0.363636	0.363636
ERR2188722.17858541 7001289F:119:HH7GHBCXY:1:1201:2801:96534/1	R1	-	+	-	+	0.000000	0.000000
ERR2188722.18093210 7001289F:119:HH7GHBCXY:2:1203:10928:55592/1	R1	+	-	+	-	0.446429	0.446429
ERR2188722.18630131 7001289F:119:HH7GHBCXY:2:1112:6177:59537/1	R1	+	-	+	-	0.302752	0.302752
ERR2188722.18679641 7001289F:119:HH7GHBCXY:1:1101:10972:90028/1	R1	-	+	-	+	0.000000	0.000000
ERR2188722.18859307 7001289F:119:HH7GHBCXY:1:2109:3897:19481/1	R1	-	+	-	+	0.000000	0.000000
ERR2188722.19064331 7001289F:119:HH7GHBCXY:1:2204:5603:19309/1	R1	+	-	+	-	0.719101	0.719101
ERR2188722.19535499 7001289F:119:HH7GHBCXY:1:1211:9378:29142/1	R1	+	-	+	-	0.387755	0.387755
ERR2188722.19535582 7001289F:119:HH7GHBCXY:1:2113:11419:7266/1	R1	+	-	+	-	0.345455	0.345455
ERR2188722.19535583 7001289F:119:HH7GHBCXY:1:2113:14038:20007/1	R1	+	-	+	-	0.413043	0.413043
ERR2188722.19535609 7001289F:119:HH7GHBCXY:1:2115:13914:54157/1	R1	+	-	+	-	0.320388	0.320388
ERR2188722.19535631 7001289F:119:HH7GHBCXY:1:2205:16851:78927/1	R1	+	-	+	-	0.345455	0.345455
ERR2188722.19535949 7001289F:119:HH7GHBCXY:2:2203:9863:14770/1	R1	+	-	+	-	0.457944	0.457944
ERR2188722.19536019 7001289F:119:HH7GHBCXY:2:2215:10412:8540/1	R1	+	-	+	-	0.759259	0.759259
ERR2188722.19539960 7001289F:119:HH7GHBCXY:2:2103:12902:37210/1	R1	+	-	+	-	0.691589	0.691589
ERR2188722.19540237 7001289F:119:HH7GHBCXY:1:1204:18613:51267/1	R1	+	-	+	-	0.000000	0.000000
ERR2188722.19548708 7001289F:119:HH7GHBCXY:1:1206:1944:82483/1	R1	-	+	-	+	0.000000	0.000000
ERR2188722.19649434 7001289F:119:HH7GHBCXY:2:2104:9113:30464/1	R1	+	-	+	-	0.759259	0.759259
ERR2188722.19711923 7001289F:119:HH7GHBCXY:1:2102:11878:66300/1	R1	+	-	+	-	0.433628	0.433628
ERR2188722.19868385 7001289F:119:HH7GHBCXY:2:2213:15548:42313/1	R1	-	+	-	+	0.250000	0.250000
ERR2188722.20088336 7001289F:119:HH7GHBCXY:1:1201:10085:20709/1	R1	-	+	-	+	0.363636	0.363636
ERR2188722.20387287 7001289F:119:HH7GHBCXY:1:1107:14420:62111/1	R1	+	-	+	-	0.568182	0.568182
ERR2188722.20827167 7001289F:119:HH7GHBCXY:2:1204:19919:73379/1	R1	-	+	-	+	0.850000	0.850000
ERR2188722.20864811 7001289F:119:HH7GHBCXY:2:1210:8248:100368/1	R1	+	-	+	-	0.000000	0.000000
ERR2188722.20864814 7001289F:119:HH7GHBCXY:2:1208:3049:77780/1	R1	-	+	-	+	0.000000	0.000000
ERR2188722.20864816 7001289F:119:HH7GHBCXY:1:2112:2316:38774/1	R1	+	-	+	-	0.612903	0.612903
ERR2188722.20864819 7001289F:119:HH7GHBCXY:1:2208:8219:24602/1	R1	+	-	+	-	0.714286	0.714286
ERR2188722.20864820 7001289F:119:HH7GHBCXY:2:1116:6761:31323/1	R1	+	-	+	-	0.657895	0.657895
ERR2188722.20864822 7001289F:119:HH7GHBCXY:2:2205:12625:91337/1	R1	+	-	+	-	0.000000	0.000000
ERR2188722.20864824 7001289F:119:HH7GHBCXY:1:2115:12867:27824/1	R1	+	-	+	-	0.357798	0.357798
ERR2188722.20864825 7001289F:119:HH7GHBCXY:1:2103:16775:49119/1	R1	+	-	+	-	0.000000	0.000000
ERR2188722.20864826 7001289F:119:HH7GHBCXY:2:1211:11361:67187/1	R1	+	-	+	-	0.675676	0.675676
ERR2188722.20864832 7001289F:119:HH7GHBCXY:1:2205:16515:9965/1	R1	+	-	+	-	0.471698	0.471698
ERR2188722.20864833 7001289F:119:HH7GHBCXY:1:2214:3732:25646/1	R1	+	-	+	-	0.000000	0.000000
ERR2188722.20864835 7001289F:119:HH7GHBCXY:2:1105:12707:100486/1	R1	-	+	-	+	0.144578	0.144578
ERR2188722.20864836 7001289F:119:HH7GHBCXY:2:1106:5935:4981/1	R1	+	-	+	-	0.446429	0.446429
ERR2188722.20864838 7001289F:119:HH7GHBCXY:2:1206:20831:83638/1	R1	+	-	+	-	0.452055	0.452055
ERR2188722.20864843 7001289F:119:HH7GHBCXY:2:2205:1501:53704/1	R1	+	-	+	-	0.000000	0.000000
ERR2188722.20864844 7001289F:119:HH7GHBCXY:1:1110:6080:83327/1	R1	+	-	+	-	0.433628	0.433628
ERR2188722.20864845 7001289F:119:HH7GHBCXY:1:1114:15541:77331/1	R1	+	-	+	-	0.000000	0.000000
ERR2188722.20864846 7001289F:119:HH7GHBCXY:1:1201:5852:92377/1	R1	+	-	+	-	0.433628	0.433628
ERR2188722.20864847 7001289F:119:HH7GHBCXY:1:1212:5577:96667/1	R1	+	-	+	-	0.446429	0.446429
ERR2188722.20864849 7001289F:119:HH7GHBCXY:1:2209:1353:87912/1	R1	+	-	+	-	0.485149	0.485149
ERR2188722.20864850 7001289F:119:HH7GHBCXY:2:1202:12880:85467/1	R1	+	-	+	-	0.433628	0.433628
ERR2188722.20864852 7001289F:119:HH7GHBCXY:2:2110:17076:74847/1	R1	+	-	+	-	0.433628	0.433628
ERR2188722.20864853 7001289F:119:HH7GHBCXY:2:2111:3323:3755/1	R1	+	-	+	-	0.365385	0.365385
ERR2188722.20864854 7001289F:119:HH7GHBCXY:2:2214:11741:43714/1	R1	+	-	+	-	0.433628	0.433628
ERR2188722.20864855 7001289F:119:HH7GHBCXY:2:2107:10917:66070/1	R1	-	+	-	+	0.000000	0.000000
ERR2188722.20864856 7001289F:119:HH7GHBCXY:1:2209:16946:80620/1	R1	+	-	+	-	0.387755	0.387755
ERR2188722.20864857 7001289F:119:HH7GHBCXY:2:2201:18434:29965/1	R1	+	-	+	-	0.000000	0.000000
ERR2188722.20864858 7001289F:119:HH7GHBCXY:2:2203:7244:53157/1	R1	+	-	+	-	0.457944	0.457944
ERR2188722.20864859 7001289F:119:HH7GHBCXY:2:2209:14581:2350/1	R1	+	-	+	-	0.457944	0.457944
ERR2188722.20864860 7001289F:119:HH7GHBCXY:2:2209:4528:95790/1	R1	+	-	+	-	0.590361	0.590361
ERR2188722.20864861 7001289F:119:HH7GHBCXY:1:1116:5728:17655/1	R1	+	-	+	-	0.670000	0.670000
ERR2188722.20864863 7001289F:119:HH7GHBCXY:1:2112:13011:17317/1	R1	+	-	+	-	0.302752	0.302752
ERR2188722.20864864 7001289F:119:HH7GHBCXY:1:2212:9632:46908/1	R1	+	-	+	-	0.365385	0.365385
ERR2188722.20864865 7001289F:119:HH7GHBCXY:1:2214:20329:88674/1	R1	+	-	+	-	0.000000	0.000000
ERR2188722.20864867 7001289F:119:HH7GHBCXY:2:1211:9539:97738/1	R1	+	-	+	-	0.000000	0.000000
ERR2188722.20864870 7001289F:119:HH7GHBCXY:2:2107:10110:80396/1	R1	+	-	+	-	0.532710	0.532710
ERR2188722.20864871 7001289F:119:HH7GHBCXY:1:2205:16907:75483/1	R1	-	+	-	+	0.032520	0.032520
ERR2188722.20864873 7001289F:119:HH7GHBCXY:1:1113:18422:66177/1	R1	+	-	+	-	0.590361	0.590361
ERR2188722.20864875 7001289F:119:HH7GHBCXY:1:2104:7916:69291/1	R1	+	-	+	-	0.892857	0.892857
ERR2188722.20864876 7001289F:119:HH7GHBCXY:1:2216:12872:85088/1	R1	+	-	+	-	0.457944	0.457944
ERR2188722.20864878 7001289F:119:HH7GHBCXY:2:1216:7535:90586/1	R1	+	-	+	-	0.000000	0.000000
ERR2188722.20864886 7001289F:119:HH7GHBCXY:1:2112:13111:41884/1	R1	+	-	+	-	0.402985	0.402985
ERR2188722.20864889 7001289F:119:HH7GHBCXY:1:2209:12286:71255/1	R1	-	+	-	+	0.120482	0.120482
ERR2188722.20864893 7001289F:119:HH7GHBCXY:1:1208:2705:76796/1	R1	-	+	-	+	0.085366	0.085366
ERR2188722.20864894 7001289F:119:HH7GHBCXY:1:1114:6629:89823/1	R1	-	+	-	+	0.000000	0.000000
ERR2188722.20864897 7001289F:119:HH7GHBCXY:2:2107:18648:72268/1	R1	-	+	-	+	0.063492	0.063492
ERR2188722.20864906 7001289F:119:HH7GHBCXY:1:2215:3254:60733/1	R1	-	+	-	+	0.000000	0.000000
ERR2188722.20864912 7001289F:119:HH7GHBCXY:2:2203:2283:96058/1	R1	-	+	-	+	0.000000	0.000000
ERR2188722.20864913 7001289F:119:HH7GHBCXY:1:2201:15153:73898/1	R1	+	-	+	-	0.000000	0.000000
ERR2188722.20864914 7001289F:119:HH7GHBCXY:1:1205:19469:16412/1	R1	-	+	-	+	0.521739	0.521739
ERR2188722.20864915 7001289F:119:HH7GHBCXY:2:1204:7983:15191/1	R1	+	-	+	-	0.000000	0.000000
ERR2188722.20901306 7001289F:119:HH7GHBCXY:2:1101:13557:12001/1	R1	-	+	-	+	0.282828	0.282828
ERR2188722.21838597 7001289F:119:HH7GHBCXY:2:1104:17098:18673/1	R1	-	+	-	+	0.511628	0.511628
ERR2188722.21904435 7001289F:119:HH7GHBCXY:2:1201:1768:28938/1	R1	-	+	-	+	0.000000	0.000000
ERR2188722.21915866 7001289F:119:HH7GHBCXY:2:1106:13415:7074/1	R1	-	+	-	+	0.100840	0.100840
ERR2188722.22566663 7001289F:119:HH7GHBCXY:2:2109:12409:71843/1	R1	+	-	+	-	0.000000	0.000000
ERR2188722.22626823 7001289F:119:HH7GHBCXY:1:1216:3157:49188/1	R1	-	+	-	+	0.375000	0.375000
ERR2188722.23334055 7001289F:119:HH7GHBCXY:2:2107:14211:47361/1	R1	-	+	-	+	0.950000	0.950000
ERR2188722.23334850 7001289F:119:HH7GHBCXY:1:2107:11967:21146/1	R1	-	+	-	+	1.000000	1.000000
ERR2188722.23552863 7001289F:119:HH7GHBCXY:2:1106:8056:88653/1	R1	+	-	+	-	0.000000	0.000000
ERR2188722.23552864 7001289F:119:HH7GHBCXY:2:1210:11900:47281/1	R1	+	-	+	-	0.714286	0.714286
ERR2188722.23552867 7001289F:119:HH7GHBCXY:1:2113:20878:90274/1	R1	-	+	-	+	0.770833	0.770833
ERR2188722.23552868 7001289F:119:HH7GHBCXY:1:1103:8199:45354/1	R1	+	-	+	-	0.000000	0.000000
ERR2188722.23552869 7001289F:119:HH7GHBCXY:1:1104:20119:62903/1	R1	+	-	+	-	0.000000	0.000000
ERR2188722.23552872 7001289F:119:HH7GHBCXY:1:1102:19484:22218/1	R1	+	-	+	-	0.500000	0.500000
ERR2188722.23552875 7001289F:119:HH7GHBCXY:1:1101:21127:7042/1	R1	+	-	+	-	0.000000	0.000000
ERR2188722.23552880 7001289F:119:HH7GHBCXY:1:1116:10776:58759/1	R1	+	-	+	-	0.485149	0.485149
ERR2188722.23552881 7001289F:119:HH7GHBCXY:1:1112:4080:83604/1	R1	+	-	+	-	0.365385	0.365385
ERR2188722.23552885 7001289F:119:HH7GHBCXY:1:1201:12579:7944/1	R1	+	-	+	-	0.457944	0.457944
ERR2188722.23552888 7001289F:119:HH7GHBCXY:1:1203:10380:86142/1	R1	+	-	+	-	0.000000	0.000000
ERR2188722.23552890 7001289F:119:HH7GHBCXY:1:1204:15814:45943/1	R1	+	-	+	-	0.365385	0.365385
ERR2188722.23552894 7001289F:119:HH7GHBCXY:1:1212:17089:51803/1	R1	+	-	+	-	0.365385	0.365385
ERR2188722.23552898 7001289F:119:HH7GHBCXY:1:2101:16592:37765/1	R1	+	-	+	-	0.000000	0.000000
ERR2188722.23552899 7001289F:119:HH7GHBCXY:1:2101:5545:41885/1	R1	+	-	+	-	0.302752	0.302752
ERR2188722.23552902 7001289F:119:HH7GHBCXY:1:2106:9472:20538/1	R1	+	-	+	-	0.575472	0.575472
ERR2188722.23552906 7001289F:119:HH7GHBCXY:1:2113:7378:31113/1	R1	-	+	-	+	0.000000	0.000000
ERR2188722.23552914 7001289F:119:HH7GHBCXY:1:2116:5724:17964/1	R1	+	-	+	-	0.340206	0.340206
ERR2188722.23552918 7001289F:119:HH7GHBCXY:1:2203:12212:49631/1	R1	+	-	+	-	0.534653	0.534653
ERR2188722.23552919 7001289F:119:HH7GHBCXY:1:2204:5489:43483/1	R1	+	-	+	-	0.550562	0.550562
ERR2188722.23552923 7001289F:119:HH7GHBCXY:1:2213:14859:5215/1	R1	+	-	+	-	0.000000	0.000000
ERR2188722.23552924 7001289F:119:HH7GHBCXY:1:2213:13471:48862/1	R1	+	-	+	-	0.522124	0.522124
ERR2188722.23552926 7001289F:119:HH7GHBCXY:1:2215:4590:51393/1	R1	+	-	+	-	0.368932	0.368932
ERR2188722.23552927 7001289F:119:HH7GHBCXY:2:1101:19250:36021/1	R1	+	-	+	-	0.585106	0.585106
ERR2188722.23552931 7001289F:119:HH7GHBCXY:2:1102:9322:59222/1	R1	+	-	+	-	0.000000	0.000000
ERR2188722.23552938 7001289F:119:HH7GHBCXY:2:1111:7732:99371/1	R1	+	-	+	-	0.000000	0.000000
ERR2188722.23552940 7001289F:119:HH7GHBCXY:2:1116:9352:90051/1	R1	+	-	+	-	0.515789	0.515789
ERR2188722.23552941 7001289F:119:HH7GHBCXY:2:1114:3196:18584/1	R1	+	-	+	-	0.781250	0.781250
ERR2188722.23552942 7001289F:119:HH7GHBCXY:2:1115:5055:71570/1	R1	+	-	+	-	0.767442	0.767442
ERR2188722.23552947 7001289F:119:HH7GHBCXY:2:1211:14347:31608/1	R1	+	-	+	-	0.340206	0.340206
ERR2188722.23552948 7001289F:119:HH7GHBCXY:2:1211:8882:70478/1	R1	+	-	+	-	0.000000	0.000000
ERR2188722.23552950 7001289F:119:HH7GHBCXY:2:1212:7196:24910/1	R1	+	-	+	-	0.000000	0.000000
ERR2188722.23552956 7001289F:119:HH7GHBCXY:2:2104:3625:72814/1	R1	+	-	+	-	0.000000	0.000000
ERR2188722.23552958 7001289F:119:HH7GHBCXY:2:2105:3079:12056/1	R1	+	-	+	-	0.679245	0.679245
ERR2188722.23552961 7001289F:119:HH7GHBCXY:2:2106:4586:5986/1	R1	+	-	+	-	0.590361	0.590361
ERR2188722.23552968 7001289F:119:HH7GHBCXY:2:2110:5418:55945/1	R1	+	-	+	-	0.000000	0.000000
ERR2188722.23552969 7001289F:119:HH7GHBCXY:2:2112:17446:28895/1	R1	+	-	+	-	0.433628	0.433628
ERR2188722.23552971 7001289F:119:HH7GHBCXY:2:2113:12445:16069/1	R1	+	-	+	-	0.471698	0.471698
ERR2188722.23552972 7001289F:119:HH7GHBCXY:2:2113:21150:26617/1	R1	+	-	+	-	0.433628	0.433628
ERR2188722.23552974 7001289F:119:HH7GHBCXY:2:2116:4328:38166/1	R1	+	-	+	-	0.830508	0.830508
ERR2188722.23552975 7001289F:119:HH7GHBCXY:2:2116:16196:64072/1	R1	+	-	+	-	0.000000	0.000000
ERR2188722.23552977 7001289F:119:HH7GHBCXY:2:2114:20497:96677/1	R1	+	-	+	-	0.362637	0.362637
ERR2188722.23552978 7001289F:119:HH7GHBCXY:2:2114:7664:99733/1	R1	+	-	+	-	0.759259	0.759259
ERR2188722.23552982 7001289F:119:HH7GHBCXY:2:2205:20627:59619/1	R1	+	-	+	-	0.446429	0.446429
ERR2188722.23552983 7001289F:119:HH7GHBCXY:2:2208:8519:41546/1	R1	+	-	+	-	0.515789	0.515789
ERR2188722.23552986 7001289F:119:HH7GHBCXY:2:2207:17935:45973/1	R1	+	-	+	-	0.457944	0.457944
ERR2188722.23552987 7001289F:119:HH7GHBCXY:2:2211:19599:93585/1	R1	+	-	+	-	0.357798	0.357798
ERR2188722.23552989 7001289F:119:HH7GHBCXY:2:2212:20067:44202/1	R1	+	-	+	-	0.924528	0.924528
ERR2188722.23553001 7001289F:119:HH7GHBCXY:2:1208:2394:64731/1	R1	-	+	-	+	0.000000	0.000000
ERR2188722.23553004 7001289F:119:HH7GHBCXY:2:2211:19702:46585/1	R1	+	-	+	-	0.000000	0.000000
ERR2188722.23553006 7001289F:119:HH7GHBCXY:1:1103:4227:10722/1	R1	+	-	+	-	0.433628	0.433628
ERR2188722.23553008 7001289F:119:HH7GHBCXY:1:1110:18961:50637/1	R1	+	-	+	-	0.433628	0.433628
ERR2188722.23553009 7001289F:119:HH7GHBCXY:1:1113:7467:88167/1	R1	+	-	+	-	0.471698	0.471698
ERR2188722.23553010 7001289F:119:HH7GHBCXY:1:2109:15725:72575/1	R1	+	-	+	-	0.433628	0.433628
ERR2188722.23553012 7001289F:119:HH7GHBCXY:1:2110:7337:68035/1	R1	+	-	+	-	0.433628	0.433628
ERR2188722.23553014 7001289F:119:HH7GHBCXY:2:1102:14607:60059/1	R1	+	-	+	-	0.769912	0.769912
ERR2188722.23553015 7001289F:119:HH7GHBCXY:2:1108:4865:65197/1	R1	+	-	+	-	0.532710	0.532710
ERR2188722.23553016 7001289F:119:HH7GHBCXY:2:1107:20886:57576/1	R1	+	-	+	-	0.457944	0.457944
ERR2188722.23553018 7001289F:119:HH7GHBCXY:2:1111:12078:69425/1	R1	+	-	+	-	0.433628	0.433628
ERR2188722.23553019 7001289F:119:HH7GHBCXY:2:1112:2947:80562/1	R1	+	-	+	-	0.457944	0.457944
ERR2188722.23553020 7001289F:119:HH7GHBCXY:2:1115:10059:34634/1	R1	+	-	+	-	0.433628	0.433628
ERR2188722.23553021 7001289F:119:HH7GHBCXY:2:1210:1460:38097/1	R1	+	-	+	-	0.433628	0.433628
ERR2188722.23553023 7001289F:119:HH7GHBCXY:2:2110:19182:88411/1	R1	+	-	+	-	0.433628	0.433628
ERR2188722.23553024 7001289F:119:HH7GHBCXY:2:2201:15289:95022/1	R1	+	-	+	-	0.433628	0.433628
ERR2188722.23553025 7001289F:119:HH7GHBCXY:1:1103:11297:91398/1	R1	+	-	+	-	0.471698	0.471698
ERR2188722.23553027 7001289F:119:HH7GHBCXY:1:2110:10090:9979/1	R1	+	-	+	-	0.000000	0.000000
ERR2188722.23553028 7001289F:119:HH7GHBCXY:1:2111:18270:91270/1	R1	+	-	+	-	0.457944	0.457944
ERR2188722.23553031 7001289F:119:HH7GHBCXY:2:1212:20574:92081/1	R1	+	-	+	-	0.515789	0.515789
ERR2188722.23553032 7001289F:119:HH7GHBCXY:2:1213:8514:12503/1	R1	+	-	+	-	0.000000	0.000000
ERR2188722.23553034 7001289F:119:HH7GHBCXY:2:2112:18517:65493/1	R1	+	-	+	-	0.471698	0.471698
ERR2188722.23553036 7001289F:119:HH7GHBCXY:2:2208:18224:85598/1	R1	+	-	+	-	0.471698	0.471698
ERR2188722.23553037 7001289F:119:HH7GHBCXY:2:2210:3158:93252/1	R1	+	-	+	-	0.457944	0.457944
ERR2188722.23553038 7001289F:119:HH7GHBCXY:1:1113:3755:70530/1	R1	+	-	+	-	0.302752	0.302752
ERR2188722.23553039 7001289F:119:HH7GHBCXY:1:2101:15820:41980/1	R1	+	-	+	-	0.302752	0.302752
ERR2188722.23553040 7001289F:119:HH7GHBCXY:1:2107:16232:5938/1	R1	+	-	+	-	0.000000	0.000000
ERR2188722.23553041 7001289F:119:HH7GHBCXY:1:2109:9319:51234/1	R1	+	-	+	-	0.302752	0.302752
ERR2188722.23553042 7001289F:119:HH7GHBCXY:2:2206:9041:44916/1	R1	+	-	+	-	0.302752	0.302752
ERR2188722.23553045 7001289F:119:HH7GHBCXY:1:1210:11408:20003/1	R1	+	-	+	-	0.639640	0.639640
ERR2188722.23553046 7001289F:119:HH7GHBCXY:1:2203:3771:72314/1	R1	+	-	+	-	0.362637	0.362637
ERR2188722.23553047 7001289F:119:HH7GHBCXY:2:1210:18081:56800/1	R1	+	-	+	-	0.302752	0.302752
ERR2188722.23553051 7001289F:119:HH7GHBCXY:2:2202:20227:80940/1	R1	+	-	+	-	0.000000	0.000000
ERR2188722.23553052 7001289F:119:HH7GHBCXY:2:2210:7709:88481/1	R1	+	-	+	-	0.302752	0.302752
ERR2188722.23553053 7001289F:119:HH7GHBCXY:2:2214:9093:27288/1	R1	+	-	+	-	0.345455	0.345455
ERR2188722.23553056 7001289F:119:HH7GHBCXY:2:1212:17936:28037/1	R1	-	+	-	+	0.000000	0.000000
ERR2188722.23553057 7001289F:119:HH7GHBCXY:1:1102:19050:50037/1	R1	+	-	+	-	0.000000	0.000000
ERR2188722.23553059 7001289F:119:HH7GHBCXY:1:2115:14212:55652/1	R1	+	-	+	-	0.000000	0.000000
ERR2188722.23553062 7001289F:119:HH7GHBCXY:1:1210:16966:13990/1	R1	+	-	+	-	0.446429	0.446429
ERR2188722.23553063 7001289F:119:HH7GHBCXY:1:2110:21108:63506/1	R1	+	-	+	-	0.345455	0.345455
ERR2188722.23553064 7001289F:119:HH7GHBCXY:2:2107:15066:39818/1	R1	+	-	+	-	0.000000	0.000000
ERR2188722.23553067 7001289F:119:HH7GHBCXY:2:1110:3167:72883/1	R1	+	-	+	-	0.584906	0.584906
ERR2188722.23553069 7001289F:119:HH7GHBCXY:1:1116:6408:39941/1	R1	-	+	-	+	0.139241	0.139241
ERR2188722.23553070 7001289F:119:HH7GHBCXY:1:1112:16257:85724/1	R1	-	+	-	+	0.578512	0.578512
ERR2188722.23553071 7001289F:119:HH7GHBCXY:2:1201:11570:86225/1	R1	-	+	-	+	0.000000	0.000000
ERR2188722.23553076 7001289F:119:HH7GHBCXY:1:1107:19057:12980/1	R1	+	-	+	-	0.550562	0.550562
ERR2188722.23553077 7001289F:119:HH7GHBCXY:2:2206:8853:80578/1	R1	+	-	+	-	0.452055	0.452055
ERR2188722.23553078 7001289F:119:HH7GHBCXY:1:1204:11444:85402/1	R1	+	-	+	-	0.500000	0.500000
ERR2188722.23553083 7001289F:119:HH7GHBCXY:2:2104:7758:36810/1	R1	-	+	-	+	0.000000	0.000000
ERR2188722.23553084 7001289F:119:HH7GHBCXY:1:2203:10858:77307/1	R1	+	-	+	-	0.690909	0.690909
ERR2188722.23553086 7001289F:119:HH7GHBCXY:1:1102:17628:41470/1	R1	+	-	+	-	0.362637	0.362637
ERR2188722.23553088 7001289F:119:HH7GHBCXY:1:2215:19752:51527/1	R1	+	-	+	-	0.684685	0.684685
ERR2188722.23553090 7001289F:119:HH7GHBCXY:2:1107:11099:37179/1	R1	+	-	+	-	0.891892	0.891892
ERR2188722.23553091 7001289F:119:HH7GHBCXY:2:1205:7984:39375/1	R1	+	-	+	-	0.553571	0.553571
ERR2188722.23553093 7001289F:119:HH7GHBCXY:1:1116:4682:69384/1	R1	+	-	+	-	0.485149	0.485149
ERR2188722.23553094 7001289F:119:HH7GHBCXY:1:2213:4045:31358/1	R1	+	-	+	-	0.590361	0.590361
ERR2188722.23553096 7001289F:119:HH7GHBCXY:2:1106:13977:70821/1	R1	+	-	+	-	0.557522	0.557522
ERR2188722.23553097 7001289F:119:HH7GHBCXY:2:1106:7703:80872/1	R1	-	+	-	+	0.000000	0.000000
ERR2188722.23553099 7001289F:119:HH7GHBCXY:1:1104:13815:4829/1	R1	+	-	+	-	0.550000	0.550000
ERR2188722.23553100 7001289F:119:HH7GHBCXY:1:2116:12572:15146/1	R1	+	-	+	-	0.568421	0.568421
ERR2188722.23553101 7001289F:119:HH7GHBCXY:1:2206:10398:97111/1	R1	+	-	+	-	0.000000	0.000000
ERR2188722.23553103 7001289F:119:HH7GHBCXY:2:2103:7412:20015/1	R1	+	-	+	-	0.803922	0.803922
ERR2188722.23553104 7001289F:119:HH7GHBCXY:2:2213:13495:87388/1	R1	+	-	+	-	0.590361	0.590361
ERR2188722.23553106 7001289F:119:HH7GHBCXY:2:2113:13273:14112/1	R1	+	-	+	-	0.485149	0.485149
ERR2188722.23553108 7001289F:119:HH7GHBCXY:1:1207:19097:11464/1	R1	-	+	-	+	0.000000	0.000000
ERR2188722.23553109 7001289F:119:HH7GHBCXY:1:1211:2333:99341/1	R1	+	-	+	-	0.000000	0.000000
ERR2188722.23553112 7001289F:119:HH7GHBCXY:1:1114:9912:58482/1	R1	-	+	-	+	0.000000	0.000000
ERR2188722.23553113 7001289F:119:HH7GHBCXY:1:1205:15767:72852/1	R1	-	+	-	+	0.000000	0.000000
ERR2188722.23553119 7001289F:119:HH7GHBCXY:1:2106:3067:93323/1	R1	-	+	-	+	0.000000	0.000000
ERR2188722.23553120 7001289F:119:HH7GHBCXY:2:2110:16842:71701/1	R1	-	+	-	+	0.000000	0.000000
ERR2188722.23553121 7001289F:119:HH7GHBCXY:1:2204:7302:11162/1	R1	+	-	+	-	1.000000	1.000000
ERR2188722.23553124 7001289F:119:HH7GHBCXY:2:1116:18437:61919/1	R1	-	+	-	+	0.300000	0.300000
ERR2188722.23553125 7001289F:119:HH7GHBCXY:2:1114:10526:5843/1	R1	+	-	+	-	0.457944	0.457944
ERR2188722.23553128 7001289F:119:HH7GHBCXY:1:2112:2131:2981/1	R1	+	-	+	-	0.491071	0.491071
ERR2188722.23553130 7001289F:119:HH7GHBCXY:2:2116:2201:54677/1	R1	-	+	-	+	0.000000	0.000000
ERR2188722.23553132 7001289F:119:HH7GHBCXY:1:1210:14732:93533/1	R1	+	-	+	-	0.636364	0.636364
ERR2188722.23553138 7001289F:119:HH7GHBCXY:2:2115:6222:27684/1	R1	-	+	-	+	0.600000	0.600000
ERR2188722.23553141 7001289F:119:HH7GHBCXY:1:2105:16071:14999/1	R1	+	-	+	-	0.918367	0.918367
ERR2188722.23553147 7001289F:119:HH7GHBCXY:1:2106:1841:95255/1	R1	+	-	+	-	0.000000	0.000000
ERR2188722.23553152 7001289F:119:HH7GHBCXY:2:1110:19524:51721/1	R1	-	+	-	+	0.000000	0.000000
ERR2188722.23553153 7001289F:119:HH7GHBCXY:2:1206:1996:4888/1	R1	-	+	-	+	0.000000	0.000000
ERR2188722.23553154 7001289F:119:HH7GHBCXY:1:1205:17112:91753/1	R1	+	-	+	-	0.964286	0.964286
ERR2188722.23553161 7001289F:119:HH7GHBCXY:1:2106:6005:70449/1	R1	-	+	-	+	0.000000	0.000000
ERR2188722.23553162 7001289F:119:HH7GHBCXY:2:1106:18813:51334/1	R1	-	+	-	+	0.080645	0.080645
ERR2188722.23553163 7001289F:119:HH7GHBCXY:2:1112:19526:15738/1	R1	-	+	-	+	0.033613	0.033613
ERR2188722.23553165 7001289F:119:HH7GHBCXY:2:1108:7263:9129/1	R1	+	-	+	-	0.584906	0.584906
ERR2188722.23553169 7001289F:119:HH7GHBCXY:2:2108:8823:9519/1	R1	+	-	+	-	0.000000	0.000000
ERR2188722.23553173 7001289F:119:HH7GHBCXY:1:1112:21095:83452/1	R1	-	+	-	+	0.326531	0.326531
ERR2188722.23553174 7001289F:119:HH7GHBCXY:1:1212:7749:78204/1	R1	+	-	+	-	0.381443	0.381443
ERR2188722.23553175 7001289F:119:HH7GHBCXY:2:1104:2257:55317/1	R1	+	-	+	-	0.767442	0.767442
ERR2188722.23553177 7001289F:119:HH7GHBCXY:1:1207:1933:68020/1	R1	+	-	+	-	0.621053	0.621053
ERR2188722.23553182 7001289F:119:HH7GHBCXY:1:2203:14616:26459/1	R1	+	-	+	-	0.302752	0.302752
ERR2188722.23553184 7001289F:119:HH7GHBCXY:1:2110:16512:25841/1	R1	+	-	+	-	0.485149	0.485149
ERR2188722.23553189 7001289F:119:HH7GHBCXY:2:2202:20596:18435/1	R1	+	-	+	-	0.550562	0.550562
ERR2188722.23553190 7001289F:119:HH7GHBCXY:1:1105:12299:76855/1	R1	-	+	-	+	0.098592	0.098592
ERR2188722.23553191 7001289F:119:HH7GHBCXY:1:1105:4432:79273/1	R1	+	-	+	-	0.513274	0.513274
ERR2188722.23553192 7001289F:119:HH7GHBCXY:1:1104:10965:84188/1	R1	+	-	+	-	0.345455	0.345455
ERR2188722.23553193 7001289F:119:HH7GHBCXY:1:1108:18973:34650/1	R1	+	-	+	-	0.543478	0.543478
ERR2188722.23553194 7001289F:119:HH7GHBCXY:1:1105:14553:67179/1	R1	+	-	+	-	0.798165	0.798165
ERR2188722.23553195 7001289F:119:HH7GHBCXY:1:1110:7448:28488/1	R1	+	-	+	-	0.345455	0.345455
ERR2188722.23553196 7001289F:119:HH7GHBCXY:1:2114:7777:12309/1	R1	+	-	+	-	0.345455	0.345455
ERR2188722.23553199 7001289F:119:HH7GHBCXY:2:2208:18019:5935/1	R1	+	-	+	-	0.684685	0.684685
ERR2188722.23553200 7001289F:119:HH7GHBCXY:1:2205:17992:56476/1	R1	+	-	+	-	0.345455	0.345455
ERR2188722.23553201 7001289F:119:HH7GHBCXY:1:2208:5258:32827/1	R1	+	-	+	-	0.345455	0.345455
ERR2188722.23553202 7001289F:119:HH7GHBCXY:1:1107:11187:77186/1	R1	+	-	+	-	0.302752	0.302752
ERR2188722.23553203 7001289F:119:HH7GHBCXY:1:2111:7349:75026/1	R1	+	-	+	-	0.302752	0.302752
ERR2188722.23553204 7001289F:119:HH7GHBCXY:1:2216:8014:73764/1	R1	+	-	+	-	0.302752	0.302752
ERR2188722.23553205 7001289F:119:HH7GHBCXY:2:1111:12250:53043/1	R1	+	-	+	-	0.600000	0.600000
ERR2188722.23553206 7001289F:119:HH7GHBCXY:1:2107:8464:49696/1	R1	+	-	+	-	0.000000	0.000000
ERR2188722.23553207 7001289F:119:HH7GHBCXY:1:2203:15611:93132/1	R1	+	-	+	-	0.000000	0.000000
ERR2188722.23553209 7001289F:119:HH7GHBCXY:2:2112:12588:6204/1	R1	+	-	+	-	0.000000	0.000000
ERR2188722.23553210 7001289F:119:HH7GHBCXY:1:1107:14078:80028/1	R1	+	-	+	-	0.457944	0.457944
ERR2188722.23553211 7001289F:119:HH7GHBCXY:1:1110:2050:58341/1	R1	+	-	+	-	0.495327	0.495327
ERR2188722.23553212 7001289F:119:HH7GHBCXY:1:1114:5457:30335/1	R1	+	-	+	-	0.433628	0.433628
ERR2188722.23553213 7001289F:119:HH7GHBCXY:1:1201:6576:27039/1	R1	+	-	+	-	0.433628	0.433628
ERR2188722.23553214 7001289F:119:HH7GHBCXY:1:1205:9963:66299/1	R1	+	-	+	-	0.759259	0.759259
ERR2188722.23553215 7001289F:119:HH7GHBCXY:1:1208:16401:19709/1	R1	+	-	+	-	0.636364	0.636364
ERR2188722.23553216 7001289F:119:HH7GHBCXY:1:2107:5087:59846/1	R1	+	-	+	-	0.759259	0.759259
ERR2188722.23553218 7001289F:119:HH7GHBCXY:1:2116:1493:50543/1	R1	+	-	+	-	0.485149	0.485149
ERR2188722.23553220 7001289F:119:HH7GHBCXY:1:2203:7795:11355/1	R1	+	-	+	-	0.433628	0.433628
ERR2188722.23553221 7001289F:119:HH7GHBCXY:1:2207:16489:27392/1	R1	+	-	+	-	0.433628	0.433628
ERR2188722.23553222 7001289F:119:HH7GHBCXY:1:2207:4314:36071/1	R1	+	-	+	-	0.514019	0.514019
ERR2188722.23553223 7001289F:119:HH7GHBCXY:1:2207:10560:67520/1	R1	+	-	+	-	0.433628	0.433628
ERR2188722.23553224 7001289F:119:HH7GHBCXY:2:1113:14170:73736/1	R1	+	-	+	-	0.433628	0.433628
ERR2188722.23553225 7001289F:119:HH7GHBCXY:2:1210:13173:10468/1	R1	+	-	+	-	0.457944	0.457944
ERR2188722.23553226 7001289F:119:HH7GHBCXY:2:1212:7942:85190/1	R1	+	-	+	-	0.433628	0.433628
ERR2188722.23553227 7001289F:119:HH7GHBCXY:2:2110:1935:61246/1	R1	+	-	+	-	0.433628	0.433628
ERR2188722.23553228 7001289F:119:HH7GHBCXY:2:2112:5441:51949/1	R1	+	-	+	-	0.457944	0.457944
ERR2188722.23553229 7001289F:119:HH7GHBCXY:2:2205:13541:10731/1	R1	+	-	+	-	0.433628	0.433628
ERR2188722.23553230 7001289F:119:HH7GHBCXY:2:2206:13570:22491/1	R1	+	-	+	-	0.433628	0.433628
ERR2188722.23553231 7001289F:119:HH7GHBCXY:2:2211:14930:28822/1	R1	+	-	+	-	0.433628	0.433628
ERR2188722.23553233 7001289F:119:HH7GHBCXY:1:1204:8272:44249/1	R1	+	-	+	-	0.446429	0.446429
ERR2188722.23553234 7001289F:119:HH7GHBCXY:1:1211:13756:54274/1	R1	+	-	+	-	0.446429	0.446429
ERR2188722.23553236 7001289F:119:HH7GHBCXY:2:2110:5422:98393/1	R1	+	-	+	-	0.446429	0.446429
ERR2188722.23553238 7001289F:119:HH7GHBCXY:2:2206:18589:21367/1	R1	+	-	+	-	0.446429	0.446429
ERR2188722.23553239 7001289F:119:HH7GHBCXY:2:2212:11783:94693/1	R1	+	-	+	-	0.446429	0.446429
ERR2188722.23553240 7001289F:119:HH7GHBCXY:2:2214:21220:45671/1	R1	+	-	+	-	0.734513	0.734513
ERR2188722.23553241 7001289F:119:HH7GHBCXY:2:1109:10496:67930/1	R1	+	-	+	-	0.446429	0.446429
ERR2188722.23553242 7001289F:119:HH7GHBCXY:1:2102:19098:42895/1	R1	+	-	+	-	0.345455	0.345455
ERR2188722.23553243 7001289F:119:HH7GHBCXY:2:1206:5722:100461/1	R1	+	-	+	-	0.365385	0.365385
ERR2188722.23553244 7001289F:119:HH7GHBCXY:2:1213:17203:24481/1	R1	+	-	+	-	0.365385	0.365385
ERR2188722.23553246 7001289F:119:HH7GHBCXY:2:2110:9679:37481/1	R1	+	-	+	-	0.441860	0.441860
ERR2188722.23553248 7001289F:119:HH7GHBCXY:1:1108:13440:88822/1	R1	+	-	+	-	0.302752	0.302752
ERR2188722.23553249 7001289F:119:HH7GHBCXY:1:2106:18518:89180/1	R1	+	-	+	-	0.320388	0.320388
ERR2188722.23553251 7001289F:119:HH7GHBCXY:2:2103:1752:7347/1	R1	+	-	+	-	0.000000	0.000000
ERR2188722.23553252 7001289F:119:HH7GHBCXY:2:1108:9210:16694/1	R1	+	-	+	-	0.515789	0.515789
ERR2188722.23553253 7001289F:119:HH7GHBCXY:2:1213:13628:21140/1	R1	+	-	+	-	0.433628	0.433628
ERR2188722.23553257 7001289F:119:HH7GHBCXY:2:2107:9506:90976/1	R1	+	-	+	-	0.485149	0.485149
ERR2188722.23553258 7001289F:119:HH7GHBCXY:2:1206:8202:69993/1	R1	+	-	+	-	0.471698	0.471698
ERR2188722.23553259 7001289F:119:HH7GHBCXY:1:2210:19666:42957/1	R1	+	-	+	-	0.504673	0.504673
ERR2188722.23553260 7001289F:119:HH7GHBCXY:2:1111:3772:32986/1	R1	-	+	-	+	0.084507	0.084507
ERR2188722.23553268 7001289F:119:HH7GHBCXY:2:1208:19650:22191/1	R1	-	+	-	+	0.000000	0.000000
ERR2188722.23553269 7001289F:119:HH7GHBCXY:1:1206:15909:79133/1	R1	+	-	+	-	0.472527	0.472527
ERR2188722.23553270 7001289F:119:HH7GHBCXY:1:1216:14481:18693/1	R1	+	-	+	-	0.457944	0.457944
ERR2188722.23553272 7001289F:119:HH7GHBCXY:1:2201:8346:76833/1	R1	+	-	+	-	0.626168	0.626168
ERR2188722.23553273 7001289F:119:HH7GHBCXY:1:2114:13186:60590/1	R1	+	-	+	-	0.000000	0.000000
ERR2188722.23553276 7001289F:119:HH7GHBCXY:1:1112:3023:93546/1	R1	-	+	-	+	0.081633	0.081633
ERR2188722.23553277 7001289F:119:HH7GHBCXY:2:1208:12255:21290/1	R1	-	+	-	+	0.000000	0.000000
ERR2188722.23553280 7001289F:119:HH7GHBCXY:1:1113:7794:93488/1	R1	+	-	+	-	0.714286	0.714286
ERR2188722.23553283 7001289F:119:HH7GHBCXY:2:1115:11906:67908/1	R1	-	+	-	+	0.000000	0.000000
ERR2188722.23553286 7001289F:119:HH7GHBCXY:2:1106:12757:62941/1	R1	+	-	+	-	0.417722	0.417722
ERR2188722.23553287 7001289F:119:HH7GHBCXY:2:2206:3847:3901/1	R1	+	-	+	-	0.446429	0.446429
ERR2188722.23553289 7001289F:119:HH7GHBCXY:1:2213:6143:18451/1	R1	+	-	+	-	0.639640	0.639640
ERR2188722.23553290 7001289F:119:HH7GHBCXY:1:1113:8832:64158/1	R1	+	-	+	-	0.390909	0.390909
ERR2188722.23553293 7001289F:119:HH7GHBCXY:2:1104:6503:66734/1	R1	+	-	+	-	0.457944	0.457944
ERR2188722.23553294 7001289F:119:HH7GHBCXY:2:1201:14368:30113/1	R1	+	-	+	-	0.515789	0.515789
ERR2188722.23553295 7001289F:119:HH7GHBCXY:2:2209:15536:46037/1	R1	-	+	-	+	0.577778	0.577778
ERR2188722.23553296 7001289F:119:HH7GHBCXY:1:1214:17316:20525/1	R1	+	-	+	-	0.362637	0.362637
ERR2188722.23553297 7001289F:119:HH7GHBCXY:1:1112:2125:46855/1	R1	+	-	+	-	0.000000	0.000000
ERR2188722.23553304 7001289F:119:HH7GHBCXY:1:1112:20368:69410/1	R1	-	+	-	+	0.000000	0.000000
ERR2188722.23553306 7001289F:119:HH7GHBCXY:2:1109:2855:8519/1	R1	+	-	+	-	0.365385	0.365385
ERR2188722.23553307 7001289F:119:HH7GHBCXY:2:1116:17998:19307/1	R1	-	+	-	+	0.000000	0.000000
ERR2188722.23553308 7001289F:119:HH7GHBCXY:1:1213:11973:100329/1	R1	-	+	-	+	0.065574	0.065574
ERR2188722.23553311 7001289F:119:HH7GHBCXY:2:1215:5150:41788/1	R1	+	-	+	-	0.452055	0.452055
ERR2188722.23553314 7001289F:119:HH7GHBCXY:1:1116:20800:68796/1	R1	+	-	+	-	0.914894	0.914894
ERR2188722.23553316 7001289F:119:HH7GHBCXY:2:1116:4370:81546/1	R1	+	-	+	-	0.597015	0.597015
ERR2188722.23553317 7001289F:119:HH7GHBCXY:1:2109:19951:43216/1	R1	-	+	-	+	0.000000	0.000000
ERR2188722.23553321 7001289F:119:HH7GHBCXY:2:2115:7099:38326/1	R1	+	-	+	-	0.636364	0.636364
ERR2188722.23553323 7001289F:119:HH7GHBCXY:2:2101:20804:89610/1	R1	+	-	+	-	0.621053	0.621053
ERR2188722.23553324 7001289F:119:HH7GHBCXY:2:2109:5277:88114/1	R1	+	-	+	-	0.413043	0.413043
ERR2188722.23656563 7001289F:119:HH7GHBCXY:1:1115:6137:91465/1	R1	+	-	+	-	0.417722	0.417722
ERR2188722.23863003 7001289F:119:HH7GHBCXY:1:2204:5746:40316/1	R1	+	-	+	-	0.531915	0.531915
ERR2188722.24011500 7001289F:119:HH7GHBCXY:2:1116:10271:6608/1	R1	-	+	-	+	0.312500	0.312500
ERR2188722.24023368 7001289F:119:HH7GHBCXY:2:2208:16018:38339/1	R1	-	+	-	+	0.000000	0.000000
ERR2188722.24199187 7001289F:119:HH7GHBCXY:1:2114:19745:34660/1	R1	+	-	+	-	0.582090	0.582090
ERR2188722.24505193 7001289F:119:HH7GHBCXY:2:1203:6199:35115/1	R1	+	-	+	-	0.000000	0.000000
ERR2188722.24606709 7001289F:119:HH7GHBCXY:1:2215:5982:40898/1	R1	+	-	+	-	0.302752	0.302752
ERR2188722.24707656 7001289F:119:HH7GHBCXY:2:1106:5885:33963/1	R1	-	+	-	+	0.000000	0.000000
ERR2188722.24740321 7001289F:119:HH7GHBCXY:1:2110:14712:99996/1	R1	-	+	-	+	0.363636	0.363636
ERR2188722.24882089 7001289F:119:HH7GHBCXY:2:1112:20004:45473/1	R1	+	-	+	-	0.703704	0.703704
ERR2188722.24905207 7001289F:119:HH7GHBCXY:2:2209:20047:61663/1	R1	-	+	-	+	0.000000	0.000000
ERR2188722.25031951 7001289F:119:HH7GHBCXY:2:1207:18489:93087/1	R1	+	-	+	-	0.362637	0.362637
ERR2188722.25187525 7001289F:119:HH7GHBCXY:2:2110:12182:37804/1	R1	-	+	-	+	0.428571	0.428571
ERR2188722.25203647 7001289F:119:HH7GHBCXY:1:1105:14509:7435/1	R1	-	+	-	+	0.000000	0.000000
ERR2188722.25299536 7001289F:119:HH7GHBCXY:1:2107:13932:86764/1	R1	+	-	+	-	0.345455	0.345455
ERR2188722.25692539 7001289F:119:HH7GHBCXY:1:2213:20937:30347/1	R1	-	+	-	+	0.000000	0.000000
ERR2188722.25807739 7001289F:119:HH7GHBCXY:2:1112:14253:100184/1	R1	+	-	+	-	0.345455	0.345455
ERR2188722.25807742 7001289F:119:HH7GHBCXY:1:2211:6877:24071/1	R1	+	-	+	-	0.551402	0.551402
ERR2188722.25807744 7001289F:119:HH7GHBCXY:2:2103:20347:38670/1	R1	+	-	+	-	0.348624	0.348624
ERR2188722.25807749 7001289F:119:HH7GHBCXY:1:2114:18705:49878/1	R1	+	-	+	-	0.446429	0.446429
ERR2188722.25807750 7001289F:119:HH7GHBCXY:1:2115:9353:13808/1	R1	+	-	+	-	0.446429	0.446429
ERR2188722.25807752 7001289F:119:HH7GHBCXY:2:2211:12809:54783/1	R1	+	-	+	-	0.446429	0.446429
ERR2188722.25807753 7001289F:119:HH7GHBCXY:1:1103:3028:76820/1	R1	+	-	+	-	0.446429	0.446429
ERR2188722.25807754 7001289F:119:HH7GHBCXY:1:1102:11244:26392/1	R1	+	-	+	-	0.433628	0.433628
ERR2188722.25807755 7001289F:119:HH7GHBCXY:1:1105:1319:35469/1	R1	+	-	+	-	0.433628	0.433628
ERR2188722.25807756 7001289F:119:HH7GHBCXY:1:1208:13196:93978/1	R1	+	-	+	-	0.433628	0.433628
ERR2188722.25807757 7001289F:119:HH7GHBCXY:1:2101:20046:40699/1	R1	+	-	+	-	0.433628	0.433628
ERR2188722.25807760 7001289F:119:HH7GHBCXY:1:2214:6707:74714/1	R1	+	-	+	-	0.446429	0.446429
ERR2188722.25807762 7001289F:119:HH7GHBCXY:2:1203:2406:89716/1	R1	+	-	+	-	0.590361	0.590361
ERR2188722.25807763 7001289F:119:HH7GHBCXY:2:1202:5488:81022/1	R1	+	-	+	-	0.433628	0.433628
ERR2188722.25807764 7001289F:119:HH7GHBCXY:2:1212:6878:98953/1	R1	+	-	+	-	0.433628	0.433628
ERR2188722.25807766 7001289F:119:HH7GHBCXY:2:2113:13257:44113/1	R1	+	-	+	-	0.433628	0.433628
ERR2188722.25807769 7001289F:119:HH7GHBCXY:1:2111:4954:89258/1	R1	+	-	+	-	0.457944	0.457944
ERR2188722.25807771 7001289F:119:HH7GHBCXY:1:2205:9418:73528/1	R1	+	-	+	-	0.457944	0.457944
ERR2188722.25807773 7001289F:119:HH7GHBCXY:2:2212:11608:23404/1	R1	+	-	+	-	0.636364	0.636364
ERR2188722.25807775 7001289F:119:HH7GHBCXY:1:2110:11736:57304/1	R1	+	-	+	-	0.302752	0.302752
ERR2188722.25807776 7001289F:119:HH7GHBCXY:1:2110:8892:66972/1	R1	+	-	+	-	0.457944	0.457944
ERR2188722.25807778 7001289F:119:HH7GHBCXY:1:2213:4411:56882/1	R1	+	-	+	-	0.320388	0.320388
ERR2188722.25807780 7001289F:119:HH7GHBCXY:1:2214:4409:87407/1	R1	+	-	+	-	0.000000	0.000000
ERR2188722.25807781 7001289F:119:HH7GHBCXY:2:1202:15412:50592/1	R1	+	-	+	-	0.345455	0.345455
ERR2188722.25807782 7001289F:119:HH7GHBCXY:2:2204:3266:74890/1	R1	+	-	+	-	0.362637	0.362637
ERR2188722.25807783 7001289F:119:HH7GHBCXY:2:2211:13778:77690/1	R1	+	-	+	-	0.302752	0.302752
ERR2188722.25807785 7001289F:119:HH7GHBCXY:1:1104:4435:19584/1	R1	+	-	+	-	0.798165	0.798165
ERR2188722.25807787 7001289F:119:HH7GHBCXY:1:1112:17155:89234/1	R1	+	-	+	-	0.365385	0.365385
ERR2188722.25807789 7001289F:119:HH7GHBCXY:1:1207:4864:89990/1	R1	+	-	+	-	0.340206	0.340206
ERR2188722.25807790 7001289F:119:HH7GHBCXY:1:1209:17144:46475/1	R1	+	-	+	-	0.302752	0.302752
ERR2188722.25807792 7001289F:119:HH7GHBCXY:1:2111:6388:78945/1	R1	+	-	+	-	0.345455	0.345455
ERR2188722.25807793 7001289F:119:HH7GHBCXY:1:2205:15827:2895/1	R1	+	-	+	-	0.320388	0.320388
ERR2188722.25807794 7001289F:119:HH7GHBCXY:2:1211:5788:32281/1	R1	+	-	+	-	0.302752	0.302752
ERR2188722.25807795 7001289F:119:HH7GHBCXY:2:1214:10974:67065/1	R1	+	-	+	-	0.457944	0.457944
ERR2188722.25807796 7001289F:119:HH7GHBCXY:2:2108:6934:26116/1	R1	+	-	+	-	0.302752	0.302752
ERR2188722.25807797 7001289F:119:HH7GHBCXY:2:2206:16721:76744/1	R1	+	-	+	-	0.345455	0.345455
ERR2188722.25807799 7001289F:119:HH7GHBCXY:2:2212:15078:48605/1	R1	+	-	+	-	0.000000	0.000000
ERR2188722.25807800 7001289F:119:HH7GHBCXY:1:1106:20622:64427/1	R1	+	-	+	-	0.669903	0.669903
ERR2188722.25807802 7001289F:119:HH7GHBCXY:1:2112:18344:30371/1	R1	+	-	+	-	0.345455	0.345455
ERR2188722.25807804 7001289F:119:HH7GHBCXY:2:1103:18558:10238/1	R1	+	-	+	-	0.000000	0.000000
ERR2188722.25807808 7001289F:119:HH7GHBCXY:2:2114:13400:6279/1	R1	+	-	+	-	0.417722	0.417722
ERR2188722.25807810 7001289F:119:HH7GHBCXY:2:1107:4535:12322/1	R1	+	-	+	-	0.000000	0.000000
ERR2188722.25807812 7001289F:119:HH7GHBCXY:2:1213:6565:86781/1	R1	+	-	+	-	0.574468	0.574468
ERR2188722.25807819 7001289F:119:HH7GHBCXY:1:1208:4768:10841/1	R1	+	-	+	-	0.523364	0.523364
ERR2188722.25807823 7001289F:119:HH7GHBCXY:2:2201:14259:71869/1	R1	-	+	-	+	0.000000	0.000000
ERR2188722.25807827 7001289F:119:HH7GHBCXY:1:2205:19633:50414/1	R1	+	-	+	-	0.752809	0.752809
ERR2188722.25807828 7001289F:119:HH7GHBCXY:1:2205:19820:8914/1	R1	+	-	+	-	0.485149	0.485149
ERR2188722.25807829 7001289F:119:HH7GHBCXY:2:2106:15037:32631/1	R1	-	+	-	+	0.000000	0.000000
ERR2188722.25807830 7001289F:119:HH7GHBCXY:1:1205:8404:7461/1	R1	-	+	-	+	0.000000	0.000000
ERR2188722.25807834 7001289F:119:HH7GHBCXY:2:2114:13131:39279/1	R1	+	-	+	-	0.000000	0.000000
ERR2188722.25807835 7001289F:119:HH7GHBCXY:2:1106:14968:26562/1	R1	-	+	-	+	0.000000	0.000000
ERR2188722.25807840 7001289F:119:HH7GHBCXY:1:2112:20862:80794/1	R1	+	-	+	-	0.514019	0.514019
ERR2188722.25807843 7001289F:119:HH7GHBCXY:2:1210:16313:58681/1	R1	+	-	+	-	0.961538	0.961538
ERR2188722.25807844 7001289F:119:HH7GHBCXY:1:1215:3077:62272/1	R1	-	+	-	+	0.000000	0.000000
ERR2188722.25807845 7001289F:119:HH7GHBCXY:2:1114:7424:28153/1	R1	+	-	+	-	0.000000	0.000000
ERR2188722.25807846 7001289F:119:HH7GHBCXY:2:2214:1481:68123/1	R1	+	-	+	-	0.452055	0.452055
ERR2188722.25807847 7001289F:119:HH7GHBCXY:2:2104:10502:31699/1	R1	-	+	-	+	0.000000	0.000000
ERR2188722.25807849 7001289F:119:HH7GHBCXY:2:1102:19103:74951/1	R1	-	+	-	+	0.056075	0.056075
ERR2188722.25807855 7001289F:119:HH7GHBCXY:2:1204:9769:47204/1	R1	-	+	-	+	0.425743	0.425743
ERR2188722.25807857 7001289F:119:HH7GHBCXY:1:2106:9998:31557/1	R1	-	+	-	+	0.000000	0.000000
ERR2188722.25807859 7001289F:119:HH7GHBCXY:1:1216:9957:6764/1	R1	-	+	-	+	0.172414	0.172414
ERR2188722.25807860 7001289F:119:HH7GHBCXY:2:2212:15756:59941/1	R1	-	+	-	+	0.083333	0.083333
ERR2188722.25807864 7001289F:119:HH7GHBCXY:2:1204:3035:50506/1	R1	-	+	-	+	0.000000	0.000000
ERR2188722.25807869 7001289F:119:HH7GHBCXY:2:1201:2184:9587/1	R1	+	-	+	-	0.736842	0.736842
ERR2188722.25807873 7001289F:119:HH7GHBCXY:1:1205:19386:17394/1	R1	+	-	+	-	0.333333	0.333333
ERR2188722.25865465 7001289F:119:HH7GHBCXY:2:1102:5817:61867/1	R1	-	+	-	+	0.000000	0.000000
ERR2188722.25939483 7001289F:119:HH7GHBCXY:1:1212:18502:61282/1	R1	+	-	+	-	0.558824	0.558824
ERR2188722.25939489 7001289F:119:HH7GHBCXY:1:2107:15234:37315/1	R1	+	-	+	-	0.841121	0.841121
ERR2188722.25939741 7001289F:119:HH7GHBCXY:2:1211:9197:22801/1	R1	+	-	+	-	0.433628	0.433628
ERR2188722.25939780 7001289F:119:HH7GHBCXY:1:1116:3233:11020/1	R1	+	-	+	-	0.723810	0.723810
ERR2188722.26129322 7001289F:119:HH7GHBCXY:1:2203:4114:58149/1	R1	-	+	-	+	0.000000	0.000000
ERR2188722.26473701 7001289F:119:HH7GHBCXY:1:1211:6854:27989/1	R1	-	+	-	+	0.000000	0.000000
ERR2188722.26614092 7001289F:119:HH7GHBCXY:1:1201:8323:48979/1	R1	-	+	-	+	0.352941	0.352941
ERR2188722.26738988 7001289F:119:HH7GHBCXY:1:2104:1507:69713/1	R1	-	+	-	+	0.500000	0.500000
ERR2188722.27013153 7001289F:119:HH7GHBCXY:1:1115:18306:21076/1	R1	-	+	-	+	0.809524	0.809524
ERR2188722.27293326 7001289F:119:HH7GHBCXY:1:1211:5960:94803/1	R1	-	+	-	+	0.480000	0.480000
ERR2188722.27890645 7001289F:119:HH7GHBCXY:1:2206:12390:3550/1	R1	-	+	-	+	0.904762	0.904762
ERR2188722.27963219 7001289F:119:HH7GHBCXY:1:2211:2594:63089/1	R1	-	+	-	+	0.950000	0.950000
ERR2188722.28586322 7001289F:119:HH7GHBCXY:2:1207:8962:32492/1	R1	-	+	-	+	0.950000	0.950000
ERR2188722.28852247 7001289F:119:HH7GHBCXY:2:2104:13490:86529/1	R1	-	+	-	+	0.950000	0.950000
ERR2188722.29155910 7001289F:119:HH7GHBCXY:2:2202:15680:100607/1	R1	-	+	-	+	0.631579	0.631579
ERR2188722.29306097 7001289F:119:HH7GHBCXY:2:2210:17943:33072/1	R1	-	+	-	+	0.526316	0.526316
