2024-12-30T12:24:21
ID	Read	R1_Forward	R1_Reverse	R2_Forward	R2_Reverse	R1_Penalty	R2_Penalty
ERR2061608.291499 7001289F:103:C9WFLANXX:4:2302:8228:81482/1	R1	-	+	-	+	0.526316	0.526316
ERR2061608.397845 7001289F:103:C9WFLANXX:3:1215:6581:38678/1	R1	-	+	-	+	1.000000	1.000000
ERR2061608.3264875 7001289F:103:C9WFLANXX:4:1215:6965:24993/1	R1	+	-	+	-	0.000000	0.000000
ERR2061608.3264878 7001289F:103:C9WFLANXX:3:1101:11955:2128/1	R1	+	-	+	-	0.446429	0.446429
ERR2061608.3264879 7001289F:103:C9WFLANXX:3:1203:3493:74994/1	R1	+	-	+	-	0.446429	0.446429
ERR2061608.3264880 7001289F:103:C9WFLANXX:3:1113:13655:22165/1	R1	+	-	+	-	0.446429	0.446429
ERR2061608.3264882 7001289F:103:C9WFLANXX:4:1311:6042:65946/1	R1	+	-	+	-	0.446429	0.446429
ERR2061608.3264884 7001289F:103:C9WFLANXX:3:2201:5764:85045/1	R1	+	-	+	-	0.446429	0.446429
ERR2061608.3264886 7001289F:103:C9WFLANXX:3:2106:15812:45705/1	R1	+	-	+	-	0.457944	0.457944
ERR2061608.3264887 7001289F:103:C9WFLANXX:3:1202:11618:54360/1	R1	+	-	+	-	0.446429	0.446429
ERR2061608.3264888 7001289F:103:C9WFLANXX:3:1114:5619:27857/1	R1	+	-	+	-	0.477876	0.477876
ERR2061608.3264891 7001289F:103:C9WFLANXX:4:1301:6038:53606/1	R1	+	-	+	-	0.433628	0.433628
ERR2061608.3264892 7001289F:103:C9WFLANXX:4:1202:6447:24670/1	R1	+	-	+	-	0.446429	0.446429
ERR2061608.3264894 7001289F:103:C9WFLANXX:3:2309:4373:57738/1	R1	+	-	+	-	0.000000	0.000000
ERR2061608.3264895 7001289F:103:C9WFLANXX:3:2302:9498:65238/1	R1	+	-	+	-	0.775701	0.775701
ERR2061608.3264898 7001289F:103:C9WFLANXX:3:1211:6054:40651/1	R1	+	-	+	-	0.457944	0.457944
ERR2061608.3264900 7001289F:103:C9WFLANXX:4:1316:13183:19168/1	R1	+	-	+	-	0.000000	0.000000
ERR2061608.3264901 7001289F:103:C9WFLANXX:4:1208:12569:63829/1	R1	+	-	+	-	0.961538	0.961538
ERR2061608.3264904 7001289F:103:C9WFLANXX:3:2204:3973:13946/1	R1	+	-	+	-	0.471698	0.471698
ERR2061608.3264906 7001289F:103:C9WFLANXX:4:2214:14921:23870/1	R1	+	-	+	-	0.000000	0.000000
ERR2061608.3264907 7001289F:103:C9WFLANXX:4:2216:16841:18755/1	R1	+	-	+	-	0.457944	0.457944
ERR2061608.3264908 7001289F:103:C9WFLANXX:4:2116:18996:37162/1	R1	+	-	+	-	0.830508	0.830508
ERR2061608.3264910 7001289F:103:C9WFLANXX:3:1105:14215:23560/1	R1	+	-	+	-	0.000000	0.000000
ERR2061608.3264914 7001289F:103:C9WFLANXX:3:2304:7195:69703/1	R1	+	-	+	-	0.345455	0.345455
ERR2061608.3264915 7001289F:103:C9WFLANXX:3:1303:4849:59349/1	R1	+	-	+	-	0.302752	0.302752
ERR2061608.3264918 7001289F:103:C9WFLANXX:3:1209:10075:59022/1	R1	+	-	+	-	0.600000	0.600000
ERR2061608.3264919 7001289F:103:C9WFLANXX:3:1312:2189:7822/1	R1	+	-	+	-	0.302752	0.302752
ERR2061608.3264921 7001289F:103:C9WFLANXX:3:1216:2709:35426/1	R1	+	-	+	-	0.345455	0.345455
ERR2061608.3264922 7001289F:103:C9WFLANXX:4:2315:18299:30725/1	R1	+	-	+	-	0.302752	0.302752
ERR2061608.3264923 7001289F:103:C9WFLANXX:4:1212:12583:80818/1	R1	+	-	+	-	0.302752	0.302752
ERR2061608.3264924 7001289F:103:C9WFLANXX:4:1106:17653:75683/1	R1	+	-	+	-	0.345455	0.345455
ERR2061608.3264933 7001289F:103:C9WFLANXX:4:1312:15022:14182/1	R1	+	-	+	-	0.000000	0.000000
ERR2061608.3264934 7001289F:103:C9WFLANXX:4:1111:3590:66087/1	R1	+	-	+	-	0.000000	0.000000
ERR2061608.3264936 7001289F:103:C9WFLANXX:3:2301:17207:72337/1	R1	+	-	+	-	0.000000	0.000000
ERR2061608.3264938 7001289F:103:C9WFLANXX:3:1303:8426:89632/1	R1	+	-	+	-	0.000000	0.000000
ERR2061608.3264939 7001289F:103:C9WFLANXX:4:1113:16012:37263/1	R1	+	-	+	-	0.446429	0.446429
ERR2061608.3264940 7001289F:103:C9WFLANXX:3:2216:17780:25398/1	R1	-	+	-	+	0.436170	0.436170
ERR2061608.3264941 7001289F:103:C9WFLANXX:4:1106:7799:25204/1	R1	+	-	+	-	0.452055	0.452055
ERR2061608.3264942 7001289F:103:C9WFLANXX:4:2109:5765:24358/1	R1	-	+	-	+	0.000000	0.000000
ERR2061608.3264945 7001289F:103:C9WFLANXX:4:1212:18272:71372/1	R1	+	-	+	-	0.492537	0.492537
ERR2061608.3264946 7001289F:103:C9WFLANXX:3:2306:19370:33957/1	R1	-	+	-	+	0.000000	0.000000
ERR2061608.3264947 7001289F:103:C9WFLANXX:4:1102:3481:1970/1	R1	+	-	+	-	0.704225	0.704225
ERR2061608.3264948 7001289F:103:C9WFLANXX:4:2214:13048:90531/1	R1	+	-	+	-	0.000000	0.000000
ERR2061608.3264949 7001289F:103:C9WFLANXX:4:1110:11051:91389/1	R1	+	-	+	-	0.433628	0.433628
ERR2061608.3264950 7001289F:103:C9WFLANXX:3:2114:1749:30775/1	R1	-	+	-	+	0.000000	0.000000
ERR2061608.3264953 7001289F:103:C9WFLANXX:3:1305:10191:56571/1	R1	+	-	+	-	0.000000	0.000000
ERR2061608.3264954 7001289F:103:C9WFLANXX:4:1108:7209:81378/1	R1	+	-	+	-	0.550562	0.550562
ERR2061608.3264955 7001289F:103:C9WFLANXX:4:1310:14342:26721/1	R1	+	-	+	-	0.000000	0.000000
ERR2061608.3264956 7001289F:103:C9WFLANXX:3:1208:6065:80297/1	R1	+	-	+	-	0.000000	0.000000
ERR2061608.3264957 7001289F:103:C9WFLANXX:4:2113:9441:86658/1	R1	+	-	+	-	0.000000	0.000000
ERR2061608.3264959 7001289F:103:C9WFLANXX:4:1102:6658:29396/1	R1	+	-	+	-	0.200000	0.200000
ERR2061608.3264960 7001289F:103:C9WFLANXX:3:1307:17568:4473/1	R1	-	+	-	+	0.164948	0.164948
ERR2061608.3264961 7001289F:103:C9WFLANXX:4:1102:14060:15138/1	R1	-	+	-	+	0.000000	0.000000
ERR2061608.3264964 7001289F:103:C9WFLANXX:3:1114:13706:62332/1	R1	+	-	+	-	0.000000	0.000000
ERR2061608.3264967 7001289F:103:C9WFLANXX:4:1208:7863:15978/1	R1	+	-	+	-	0.714286	0.714286
ERR2061608.3264969 7001289F:103:C9WFLANXX:3:2204:9221:16490/1	R1	-	+	-	+	0.000000	0.000000
ERR2061608.3264970 7001289F:103:C9WFLANXX:3:2305:10958:12903/1	R1	+	-	+	-	0.911111	0.911111
ERR2061608.3264975 7001289F:103:C9WFLANXX:4:2310:5045:64830/1	R1	+	-	+	-	0.540984	0.540984
ERR2061608.3264980 7001289F:103:C9WFLANXX:3:2204:1661:96747/1	R1	+	-	+	-	0.891892	0.891892
ERR2061608.3264982 7001289F:103:C9WFLANXX:4:2213:15503:53052/1	R1	+	-	+	-	0.704545	0.704545
ERR2061608.3264983 7001289F:103:C9WFLANXX:3:2204:16170:2803/1	R1	-	+	-	+	0.068966	0.068966
ERR2061608.3265000 7001289F:103:C9WFLANXX:4:2214:21075:4562/1	R1	+	-	+	-	0.000000	0.000000
ERR2061608.3265001 7001289F:103:C9WFLANXX:4:1207:15146:69365/1	R1	+	-	+	-	0.000000	0.000000
ERR2061608.3265002 7001289F:103:C9WFLANXX:3:2304:15912:87940/1	R1	+	-	+	-	0.477876	0.477876
ERR2061608.3265004 7001289F:103:C9WFLANXX:4:1113:5218:46531/1	R1	+	-	+	-	0.550562	0.550562
ERR2061608.3265006 7001289F:103:C9WFLANXX:4:1110:18984:6924/1	R1	+	-	+	-	0.775701	0.775701
ERR2061608.3265007 7001289F:103:C9WFLANXX:4:1301:10533:46785/1	R1	+	-	+	-	0.000000	0.000000
ERR2061608.3265008 7001289F:103:C9WFLANXX:4:2210:3219:77073/1	R1	+	-	+	-	0.390909	0.390909
ERR2061608.3265009 7001289F:103:C9WFLANXX:4:2108:6038:61084/1	R1	+	-	+	-	0.413043	0.413043
ERR2061608.3265014 7001289F:103:C9WFLANXX:3:1216:15989:51470/1	R1	+	-	+	-	0.000000	0.000000
ERR2061608.3265016 7001289F:103:C9WFLANXX:3:2213:4811:55321/1	R1	+	-	+	-	0.345455	0.345455
ERR2061608.3265017 7001289F:103:C9WFLANXX:3:2104:17482:81887/1	R1	+	-	+	-	0.345455	0.345455
ERR2061608.3265018 7001289F:103:C9WFLANXX:3:1312:14946:87626/1	R1	+	-	+	-	0.413043	0.413043
ERR2061608.3265023 7001289F:103:C9WFLANXX:4:1105:17466:74843/1	R1	+	-	+	-	0.345455	0.345455
ERR2061608.3265025 7001289F:103:C9WFLANXX:3:1110:2960:2313/1	R1	+	-	+	-	0.302752	0.302752
ERR2061608.3265026 7001289F:103:C9WFLANXX:4:2312:8964:66808/1	R1	+	-	+	-	0.366972	0.366972
ERR2061608.3265027 7001289F:103:C9WFLANXX:4:2114:20401:5127/1	R1	+	-	+	-	0.302752	0.302752
ERR2061608.3265030 7001289F:103:C9WFLANXX:4:2201:3299:9176/1	R1	-	+	-	+	0.067308	0.067308
ERR2061608.3265031 7001289F:103:C9WFLANXX:3:2114:2076:28122/1	R1	+	-	+	-	0.302752	0.302752
ERR2061608.3265032 7001289F:103:C9WFLANXX:3:1115:2631:85339/1	R1	+	-	+	-	0.357798	0.357798
ERR2061608.3265033 7001289F:103:C9WFLANXX:3:2306:7613:77595/1	R1	+	-	+	-	0.000000	0.000000
ERR2061608.3265034 7001289F:103:C9WFLANXX:3:2211:19913:81798/1	R1	+	-	+	-	0.000000	0.000000
ERR2061608.3265036 7001289F:103:C9WFLANXX:3:2205:14940:12022/1	R1	+	-	+	-	0.000000	0.000000
ERR2061608.3265037 7001289F:103:C9WFLANXX:3:1110:7535:10141/1	R1	+	-	+	-	0.000000	0.000000
ERR2061608.3265038 7001289F:103:C9WFLANXX:3:1204:11359:52242/1	R1	+	-	+	-	0.000000	0.000000
ERR2061608.3265039 7001289F:103:C9WFLANXX:4:2212:18433:2687/1	R1	+	-	+	-	0.000000	0.000000
ERR2061608.3265040 7001289F:103:C9WFLANXX:4:2102:4134:90190/1	R1	+	-	+	-	0.302752	0.302752
ERR2061608.3265041 7001289F:103:C9WFLANXX:4:2115:19340:11569/1	R1	+	-	+	-	0.000000	0.000000
ERR2061608.3265042 7001289F:103:C9WFLANXX:4:2112:17107:30577/1	R1	+	-	+	-	0.000000	0.000000
ERR2061608.3265046 7001289F:103:C9WFLANXX:4:2301:5055:89211/1	R1	+	-	+	-	0.457944	0.457944
ERR2061608.3265047 7001289F:103:C9WFLANXX:4:2115:11900:62083/1	R1	+	-	+	-	0.433628	0.433628
ERR2061608.3265052 7001289F:103:C9WFLANXX:4:1106:4397:44014/1	R1	+	-	+	-	0.485149	0.485149
ERR2061608.3265053 7001289F:103:C9WFLANXX:3:2110:17702:62138/1	R1	+	-	+	-	0.000000	0.000000
ERR2061608.3265054 7001289F:103:C9WFLANXX:3:2101:9315:88486/1	R1	+	-	+	-	0.457944	0.457944
ERR2061608.3265056 7001289F:103:C9WFLANXX:3:2116:2308:51818/1	R1	+	-	+	-	0.531915	0.531915
ERR2061608.3265059 7001289F:103:C9WFLANXX:4:2111:3027:83281/1	R1	+	-	+	-	0.446429	0.446429
ERR2061608.3265062 7001289F:103:C9WFLANXX:4:1107:14333:40464/1	R1	+	-	+	-	0.500000	0.500000
ERR2061608.3265063 7001289F:103:C9WFLANXX:4:2308:4595:27428/1	R1	-	+	-	+	0.000000	0.000000
ERR2061608.3265064 7001289F:103:C9WFLANXX:4:1313:13655:37092/1	R1	+	-	+	-	0.471698	0.471698
ERR2061608.3265065 7001289F:103:C9WFLANXX:4:2310:9016:27720/1	R1	+	-	+	-	0.000000	0.000000
ERR2061608.3265066 7001289F:103:C9WFLANXX:3:1302:19585:94897/1	R1	+	-	+	-	0.365385	0.365385
ERR2061608.3265067 7001289F:103:C9WFLANXX:4:1209:2201:81488/1	R1	+	-	+	-	0.441860	0.441860
ERR2061608.3265069 7001289F:103:C9WFLANXX:4:2107:3563:99735/1	R1	+	-	+	-	0.302752	0.302752
ERR2061608.3265070 7001289F:103:C9WFLANXX:4:1209:10268:47604/1	R1	+	-	+	-	0.830508	0.830508
ERR2061608.3265075 7001289F:103:C9WFLANXX:3:2310:8769:90817/1	R1	+	-	+	-	0.000000	0.000000
ERR2061608.3265076 7001289F:103:C9WFLANXX:4:1203:11221:35684/1	R1	+	-	+	-	0.000000	0.000000
ERR2061608.3265077 7001289F:103:C9WFLANXX:4:1203:11442:71944/1	R1	+	-	+	-	0.000000	0.000000
ERR2061608.3265081 7001289F:103:C9WFLANXX:4:1215:8304:86678/1	R1	+	-	+	-	0.457944	0.457944
ERR2061608.3265082 7001289F:103:C9WFLANXX:4:1214:9437:88667/1	R1	+	-	+	-	0.873684	0.873684
ERR2061608.3265087 7001289F:103:C9WFLANXX:4:1307:12888:86669/1	R1	+	-	+	-	0.340206	0.340206
ERR2061608.3265091 7001289F:103:C9WFLANXX:4:1306:14915:29509/1	R1	+	-	+	-	0.558824	0.558824
ERR2061608.3265092 7001289F:103:C9WFLANXX:4:2113:14663:4300/1	R1	+	-	+	-	0.657895	0.657895
ERR2061608.3265094 7001289F:103:C9WFLANXX:4:2301:8970:34481/1	R1	+	-	+	-	0.345455	0.345455
ERR2061608.3265095 7001289F:103:C9WFLANXX:3:2205:16526:18074/1	R1	+	-	+	-	0.593750	0.593750
ERR2061608.3265097 7001289F:103:C9WFLANXX:4:1108:19158:18735/1	R1	+	-	+	-	0.000000	0.000000
ERR2061608.3265098 7001289F:103:C9WFLANXX:4:1104:4200:86929/1	R1	+	-	+	-	0.000000	0.000000
ERR2061608.3265100 7001289F:103:C9WFLANXX:4:2309:8192:16918/1	R1	+	-	+	-	0.862069	0.862069
ERR2061608.3265104 7001289F:103:C9WFLANXX:3:2107:19307:61469/1	R1	-	+	-	+	0.460526	0.460526
ERR2061608.3265105 7001289F:103:C9WFLANXX:3:1314:15526:61908/1	R1	+	-	+	-	0.000000	0.000000
ERR2061608.3265109 7001289F:103:C9WFLANXX:4:2210:6716:2848/1	R1	-	+	-	+	0.117647	0.117647
ERR2061608.3265115 7001289F:103:C9WFLANXX:3:2208:8881:36237/1	R1	+	-	+	-	0.636364	0.636364
ERR2061608.3265116 7001289F:103:C9WFLANXX:4:2101:14185:70516/1	R1	+	-	+	-	0.636364	0.636364
ERR2061608.3265120 7001289F:103:C9WFLANXX:4:1212:12506:74260/1	R1	+	-	+	-	0.513514	0.513514
ERR2061608.3265122 7001289F:103:C9WFLANXX:3:1305:16698:34152/1	R1	+	-	+	-	0.000000	0.000000
ERR2061608.3265127 7001289F:103:C9WFLANXX:4:1203:18069:60330/1	R1	+	-	+	-	0.540984	0.540984
ERR2061608.3265128 7001289F:103:C9WFLANXX:4:1203:5948:63131/1	R1	+	-	+	-	0.000000	0.000000
ERR2061608.3265129 7001289F:103:C9WFLANXX:4:1210:6901:95595/1	R1	+	-	+	-	0.862069	0.862069
ERR2061608.3265130 7001289F:103:C9WFLANXX:3:2213:4245:98622/1	R1	-	+	-	+	0.000000	0.000000
ERR2061608.3265136 7001289F:103:C9WFLANXX:3:1311:6449:52559/1	R1	-	+	-	+	0.140000	0.140000
ERR2061608.3265137 7001289F:103:C9WFLANXX:4:2114:10419:79578/1	R1	+	-	+	-	0.000000	0.000000
ERR2061608.3265139 7001289F:103:C9WFLANXX:4:2105:13605:64755/1	R1	+	-	+	-	0.767442	0.767442
ERR2061608.3265140 7001289F:103:C9WFLANXX:3:2109:13613:24549/1	R1	+	-	+	-	0.763636	0.763636
ERR2061608.3265143 7001289F:103:C9WFLANXX:3:1104:14487:72941/1	R1	-	+	-	+	0.000000	0.000000
ERR2061608.3265144 7001289F:103:C9WFLANXX:4:2210:9037:21333/1	R1	+	-	+	-	0.891892	0.891892
ERR2061608.3265147 7001289F:103:C9WFLANXX:3:2208:2961:2264/1	R1	+	-	+	-	0.000000	0.000000
ERR2061608.3265150 7001289F:103:C9WFLANXX:4:1314:10288:100297/1	R1	-	+	-	+	0.269231	0.269231
ERR2061608.3265151 7001289F:103:C9WFLANXX:4:1113:17701:55547/1	R1	+	-	+	-	0.714286	0.714286
ERR2061608.3284682 7001289F:103:C9WFLANXX:3:2202:16108:5251/1	R1	-	+	-	+	0.000000	0.000000
ERR2061608.3284790 7001289F:103:C9WFLANXX:4:1309:3326:77696/1	R1	-	+	-	+	0.125000	0.125000
ERR2061608.3285166 7001289F:103:C9WFLANXX:4:2201:11859:22500/1	R1	+	-	+	-	0.446429	0.446429
ERR2061608.3768974 7001289F:103:C9WFLANXX:3:2103:14349:77470/1	R1	-	+	-	+	0.000000	0.000000
ERR2061608.4037813 7001289F:103:C9WFLANXX:3:1112:10312:66302/1	R1	+	-	+	-	0.302752	0.302752
ERR2061608.6710391 7001289F:103:C9WFLANXX:4:2206:18376:65089/1	R1	-	+	-	+	0.000000	0.000000
ERR2061608.6710774 7001289F:103:C9WFLANXX:4:2111:1558:46567/1	R1	+	-	+	-	0.000000	0.000000
ERR2061608.6710900 7001289F:103:C9WFLANXX:4:1208:14112:86077/1	R1	+	-	+	-	0.514019	0.514019
ERR2061608.6793982 7001289F:103:C9WFLANXX:3:1302:15540:73525/1	R1	+	-	+	-	0.000000	0.000000
ERR2061608.6793983 7001289F:103:C9WFLANXX:3:1205:13142:4671/1	R1	+	-	+	-	0.000000	0.000000
ERR2061608.6793984 7001289F:103:C9WFLANXX:3:1102:1777:59831/1	R1	+	-	+	-	0.000000	0.000000
ERR2061608.6793985 7001289F:103:C9WFLANXX:3:2303:17128:17181/1	R1	+	-	+	-	0.531915	0.531915
ERR2061608.6793986 7001289F:103:C9WFLANXX:3:2306:17757:60243/1	R1	+	-	+	-	0.785714	0.785714
ERR2061608.6793987 7001289F:103:C9WFLANXX:3:2306:13795:95310/1	R1	+	-	+	-	0.500000	0.500000
ERR2061608.6793988 7001289F:103:C9WFLANXX:3:2211:17744:63421/1	R1	+	-	+	-	0.433628	0.433628
ERR2061608.6793990 7001289F:103:C9WFLANXX:3:2202:9510:67174/1	R1	+	-	+	-	0.657895	0.657895
ERR2061608.6793993 7001289F:103:C9WFLANXX:3:2201:13766:75705/1	R1	+	-	+	-	0.862069	0.862069
ERR2061608.6793997 7001289F:103:C9WFLANXX:3:2109:4372:97587/1	R1	+	-	+	-	0.485149	0.485149
ERR2061608.6793998 7001289F:103:C9WFLANXX:3:2216:6232:80689/1	R1	+	-	+	-	0.891892	0.891892
ERR2061608.6793999 7001289F:103:C9WFLANXX:3:1314:19841:86065/1	R1	+	-	+	-	0.000000	0.000000
ERR2061608.6794001 7001289F:103:C9WFLANXX:3:1306:15905:22847/1	R1	+	-	+	-	0.000000	0.000000
ERR2061608.6794003 7001289F:103:C9WFLANXX:3:1305:3711:4374/1	R1	+	-	+	-	0.000000	0.000000
ERR2061608.6794004 7001289F:103:C9WFLANXX:3:1214:12138:8847/1	R1	+	-	+	-	0.531915	0.531915
ERR2061608.6794005 7001289F:103:C9WFLANXX:3:1202:2732:37687/1	R1	+	-	+	-	0.515789	0.515789
ERR2061608.6794006 7001289F:103:C9WFLANXX:3:1109:12815:15893/1	R1	+	-	+	-	0.961538	0.961538
ERR2061608.6794010 7001289F:103:C9WFLANXX:4:2315:13807:4210/1	R1	+	-	+	-	0.924528	0.924528
ERR2061608.6794011 7001289F:103:C9WFLANXX:4:2309:17036:35772/1	R1	+	-	+	-	0.302752	0.302752
ERR2061608.6794013 7001289F:103:C9WFLANXX:4:2307:2336:75263/1	R1	+	-	+	-	0.558824	0.558824
ERR2061608.6794016 7001289F:103:C9WFLANXX:4:2209:10621:69035/1	R1	+	-	+	-	0.365385	0.365385
ERR2061608.6794019 7001289F:103:C9WFLANXX:4:2201:1738:68964/1	R1	+	-	+	-	0.000000	0.000000
ERR2061608.6794021 7001289F:103:C9WFLANXX:4:2111:5046:51960/1	R1	+	-	+	-	0.457944	0.457944
ERR2061608.6794025 7001289F:103:C9WFLANXX:4:2109:17685:35907/1	R1	+	-	+	-	0.000000	0.000000
ERR2061608.6794027 7001289F:103:C9WFLANXX:4:2208:16566:84252/1	R1	+	-	+	-	0.531915	0.531915
ERR2061608.6794030 7001289F:103:C9WFLANXX:4:2116:10372:42137/1	R1	+	-	+	-	0.690141	0.690141
ERR2061608.6794033 7001289F:103:C9WFLANXX:4:2112:4198:27304/1	R1	+	-	+	-	0.568182	0.568182
ERR2061608.6794035 7001289F:103:C9WFLANXX:4:2104:12424:36790/1	R1	+	-	+	-	0.387755	0.387755
ERR2061608.6794038 7001289F:103:C9WFLANXX:4:1114:10360:60640/1	R1	+	-	+	-	0.000000	0.000000
ERR2061608.6794042 7001289F:103:C9WFLANXX:3:1114:15379:64163/1	R1	+	-	+	-	0.000000	0.000000
ERR2061608.6794043 7001289F:103:C9WFLANXX:4:2312:16412:34308/1	R1	-	+	-	+	0.000000	0.000000
ERR2061608.6794044 7001289F:103:C9WFLANXX:3:1111:2210:81975/1	R1	+	-	+	-	0.717172	0.717172
ERR2061608.6794045 7001289F:103:C9WFLANXX:4:1306:11409:94380/1	R1	+	-	+	-	0.320388	0.320388
ERR2061608.6794046 7001289F:103:C9WFLANXX:3:2301:12819:15399/1	R1	+	-	+	-	0.513514	0.513514
ERR2061608.6794047 7001289F:103:C9WFLANXX:3:2308:8478:98863/1	R1	+	-	+	-	0.961538	0.961538
ERR2061608.6794048 7001289F:103:C9WFLANXX:3:2215:16457:31434/1	R1	+	-	+	-	0.388235	0.388235
ERR2061608.6794049 7001289F:103:C9WFLANXX:3:1306:2675:15771/1	R1	+	-	+	-	0.600000	0.600000
ERR2061608.6794050 7001289F:103:C9WFLANXX:4:1310:5574:24104/1	R1	+	-	+	-	0.891892	0.891892
ERR2061608.6794051 7001289F:103:C9WFLANXX:3:1105:12038:29769/1	R1	+	-	+	-	0.446429	0.446429
ERR2061608.6794052 7001289F:103:C9WFLANXX:3:1303:11244:76667/1	R1	+	-	+	-	0.471698	0.471698
ERR2061608.6794054 7001289F:103:C9WFLANXX:3:1112:4594:39547/1	R1	+	-	+	-	0.471698	0.471698
ERR2061608.6794055 7001289F:103:C9WFLANXX:4:2308:8429:16047/1	R1	+	-	+	-	0.446429	0.446429
ERR2061608.6794057 7001289F:103:C9WFLANXX:4:2109:15980:91174/1	R1	+	-	+	-	0.446429	0.446429
ERR2061608.6794059 7001289F:103:C9WFLANXX:4:1212:17550:65135/1	R1	+	-	+	-	0.446429	0.446429
ERR2061608.6794060 7001289F:103:C9WFLANXX:3:2308:18498:85536/1	R1	+	-	+	-	0.302752	0.302752
ERR2061608.6794063 7001289F:103:C9WFLANXX:4:2211:10633:35156/1	R1	+	-	+	-	0.471698	0.471698
ERR2061608.6794064 7001289F:103:C9WFLANXX:4:2103:20685:35776/1	R1	+	-	+	-	0.433628	0.433628
ERR2061608.6794067 7001289F:103:C9WFLANXX:3:1305:10423:76431/1	R1	+	-	+	-	0.568182	0.568182
ERR2061608.6794068 7001289F:103:C9WFLANXX:3:1213:10840:12828/1	R1	+	-	+	-	0.457944	0.457944
ERR2061608.6794070 7001289F:103:C9WFLANXX:3:1212:12723:89303/1	R1	+	-	+	-	0.357798	0.357798
ERR2061608.6794072 7001289F:103:C9WFLANXX:4:2109:12866:23843/1	R1	+	-	+	-	0.471698	0.471698
ERR2061608.6794073 7001289F:103:C9WFLANXX:4:1314:9862:21380/1	R1	+	-	+	-	0.457944	0.457944
ERR2061608.6794075 7001289F:103:C9WFLANXX:4:1313:14092:40042/1	R1	+	-	+	-	0.457944	0.457944
ERR2061608.6794076 7001289F:103:C9WFLANXX:4:1210:4462:80172/1	R1	+	-	+	-	0.000000	0.000000
ERR2061608.6794078 7001289F:103:C9WFLANXX:4:1204:4643:89736/1	R1	+	-	+	-	0.457944	0.457944
ERR2061608.6794079 7001289F:103:C9WFLANXX:3:2209:2590:46529/1	R1	+	-	+	-	0.457944	0.457944
ERR2061608.6794081 7001289F:103:C9WFLANXX:3:1313:9740:71258/1	R1	-	+	-	+	0.000000	0.000000
ERR2061608.6794082 7001289F:103:C9WFLANXX:4:2314:8609:17303/1	R1	-	+	-	+	0.000000	0.000000
ERR2061608.6794083 7001289F:103:C9WFLANXX:4:1111:6073:28894/1	R1	+	-	+	-	0.000000	0.000000
ERR2061608.6794084 7001289F:103:C9WFLANXX:3:1212:16644:21041/1	R1	-	+	-	+	0.000000	0.000000
ERR2061608.6794086 7001289F:103:C9WFLANXX:3:2308:11342:61460/1	R1	+	-	+	-	0.454545	0.454545
ERR2061608.6794087 7001289F:103:C9WFLANXX:3:2114:13714:31786/1	R1	+	-	+	-	0.000000	0.000000
ERR2061608.6794088 7001289F:103:C9WFLANXX:3:2106:4894:43198/1	R1	+	-	+	-	0.515789	0.515789
ERR2061608.6794089 7001289F:103:C9WFLANXX:3:1311:18405:69460/1	R1	+	-	+	-	0.340206	0.340206
ERR2061608.6794090 7001289F:103:C9WFLANXX:3:1308:19868:48499/1	R1	+	-	+	-	0.000000	0.000000
ERR2061608.6794091 7001289F:103:C9WFLANXX:3:1110:9369:88348/1	R1	+	-	+	-	0.302752	0.302752
ERR2061608.6794093 7001289F:103:C9WFLANXX:4:2316:14305:43277/1	R1	+	-	+	-	0.612903	0.612903
ERR2061608.6794095 7001289F:103:C9WFLANXX:4:2216:8300:12849/1	R1	+	-	+	-	0.340206	0.340206
ERR2061608.6794096 7001289F:103:C9WFLANXX:4:1215:13033:90989/1	R1	+	-	+	-	0.365385	0.365385
ERR2061608.6794097 7001289F:103:C9WFLANXX:3:1115:19870:27139/1	R1	+	-	+	-	0.763441	0.763441
ERR2061608.6794099 7001289F:103:C9WFLANXX:3:2310:11387:27006/1	R1	+	-	+	-	0.750000	0.750000
ERR2061608.6794100 7001289F:103:C9WFLANXX:4:2111:17776:59301/1	R1	+	-	+	-	0.417722	0.417722
ERR2061608.6794107 7001289F:103:C9WFLANXX:3:2116:5942:91789/1	R1	+	-	+	-	0.000000	0.000000
ERR2061608.6794112 7001289F:103:C9WFLANXX:3:2115:11996:41908/1	R1	+	-	+	-	0.446429	0.446429
ERR2061608.6794113 7001289F:103:C9WFLANXX:3:1113:7259:19617/1	R1	-	+	-	+	0.322917	0.322917
ERR2061608.6794114 7001289F:103:C9WFLANXX:4:2301:2712:80061/1	R1	-	+	-	+	0.000000	0.000000
ERR2061608.6794118 7001289F:103:C9WFLANXX:3:2315:20742:57917/1	R1	+	-	+	-	0.000000	0.000000
ERR2061608.6794119 7001289F:103:C9WFLANXX:3:1315:13312:55977/1	R1	+	-	+	-	0.000000	0.000000
ERR2061608.6794120 7001289F:103:C9WFLANXX:4:2306:18766:88508/1	R1	+	-	+	-	0.961538	0.961538
ERR2061608.6794121 7001289F:103:C9WFLANXX:3:1116:9752:84961/1	R1	-	+	-	+	0.000000	0.000000
ERR2061608.6794122 7001289F:103:C9WFLANXX:4:2210:3885:86587/1	R1	+	-	+	-	0.753846	0.753846
ERR2061608.6794125 7001289F:103:C9WFLANXX:3:2102:13401:21135/1	R1	+	-	+	-	0.657895	0.657895
ERR2061608.6794126 7001289F:103:C9WFLANXX:4:1115:17826:41671/1	R1	+	-	+	-	0.362637	0.362637
ERR2061608.6794128 7001289F:103:C9WFLANXX:3:1204:4654:19168/1	R1	-	+	-	+	0.102941	0.102941
ERR2061608.6794129 7001289F:103:C9WFLANXX:3:1212:8242:52679/1	R1	+	-	+	-	0.568182	0.568182
ERR2061608.6794131 7001289F:103:C9WFLANXX:4:2207:16847:78392/1	R1	+	-	+	-	0.531915	0.531915
ERR2061608.6794132 7001289F:103:C9WFLANXX:4:1311:10358:87112/1	R1	-	+	-	+	0.000000	0.000000
ERR2061608.6794133 7001289F:103:C9WFLANXX:3:2309:13538:74776/1	R1	+	-	+	-	0.504673	0.504673
ERR2061608.6794134 7001289F:103:C9WFLANXX:3:2206:5516:44653/1	R1	-	+	-	+	0.333333	0.333333
ERR2061608.6794140 7001289F:103:C9WFLANXX:3:1116:8344:17142/1	R1	+	-	+	-	0.612903	0.612903
ERR2061608.6794143 7001289F:103:C9WFLANXX:4:1305:15740:52189/1	R1	+	-	+	-	0.719626	0.719626
ERR2061608.6794145 7001289F:103:C9WFLANXX:4:1111:10260:36702/1	R1	-	+	-	+	0.000000	0.000000
ERR2061608.6794152 7001289F:103:C9WFLANXX:3:1212:7845:48416/1	R1	+	-	+	-	0.417722	0.417722
ERR2061608.6794155 7001289F:103:C9WFLANXX:4:2116:9929:58205/1	R1	-	+	-	+	0.044643	0.044643
ERR2061608.6794156 7001289F:103:C9WFLANXX:4:1103:10906:80730/1	R1	+	-	+	-	0.000000	0.000000
ERR2061608.6794157 7001289F:103:C9WFLANXX:3:1309:1324:41055/1	R1	-	+	-	+	0.000000	0.000000
ERR2061608.6794158 7001289F:103:C9WFLANXX:4:2105:12046:53289/1	R1	+	-	+	-	0.609756	0.609756
ERR2061608.6794161 7001289F:103:C9WFLANXX:3:1212:12023:21096/1	R1	+	-	+	-	0.550000	0.550000
ERR2061608.6794168 7001289F:103:C9WFLANXX:4:2306:20076:66621/1	R1	-	+	-	+	0.000000	0.000000
ERR2061608.6794169 7001289F:103:C9WFLANXX:4:1216:17676:53909/1	R1	-	+	-	+	0.000000	0.000000
ERR2061608.6794171 7001289F:103:C9WFLANXX:4:2112:3814:44816/1	R1	-	+	-	+	0.321429	0.321429
ERR2061608.6794172 7001289F:103:C9WFLANXX:3:1214:11568:83730/1	R1	-	+	-	+	0.684211	0.684211
ERR2061608.6794173 7001289F:103:C9WFLANXX:3:2215:6410:63739/1	R1	-	+	-	+	0.000000	0.000000
ERR2061608.6794175 7001289F:103:C9WFLANXX:4:1211:8076:87842/1	R1	-	+	-	+	0.957746	0.957746
ERR2061608.6794179 7001289F:103:C9WFLANXX:4:2213:4922:58534/1	R1	+	-	+	-	0.000000	0.000000
ERR2061608.6794180 7001289F:103:C9WFLANXX:4:1106:5696:73941/1	R1	+	-	+	-	0.753846	0.753846
ERR2061608.6794188 7001289F:103:C9WFLANXX:3:1201:4589:69690/1	R1	-	+	-	+	0.117647	0.117647
ERR2061608.6794198 7001289F:103:C9WFLANXX:4:2204:2274:67005/1	R1	+	-	+	-	0.000000	0.000000
ERR2061608.6794199 7001289F:103:C9WFLANXX:3:2201:11644:25001/1	R1	+	-	+	-	0.876543	0.876543
ERR2061608.6794201 7001289F:103:C9WFLANXX:3:1107:17002:81644/1	R1	-	+	-	+	0.272727	0.272727
ERR2061608.6794213 7001289F:103:C9WFLANXX:3:1214:19819:39842/1	R1	+	-	+	-	0.000000	0.000000
ERR2061608.6794216 7001289F:103:C9WFLANXX:3:2206:16333:46497/1	R1	-	+	-	+	0.198198	0.198198
ERR2061608.6794217 7001289F:103:C9WFLANXX:4:1312:9189:48822/1	R1	+	-	+	-	0.320388	0.320388
ERR2061608.6794220 7001289F:103:C9WFLANXX:3:2209:13498:23692/1	R1	+	-	+	-	0.000000	0.000000
ERR2061608.6794223 7001289F:103:C9WFLANXX:4:2216:10484:73972/1	R1	+	-	+	-	0.000000	0.000000
ERR2061608.6794226 7001289F:103:C9WFLANXX:4:1113:8138:79714/1	R1	+	-	+	-	0.000000	0.000000
ERR2061608.6794228 7001289F:103:C9WFLANXX:4:1101:17551:22143/1	R1	+	-	+	-	0.000000	0.000000
ERR2061608.6794230 7001289F:103:C9WFLANXX:3:2209:12534:89507/1	R1	+	-	+	-	0.457944	0.457944
ERR2061608.6794236 7001289F:103:C9WFLANXX:4:1305:8038:9632/1	R1	+	-	+	-	0.759259	0.759259
ERR2061608.6794239 7001289F:103:C9WFLANXX:4:1112:13640:69367/1	R1	+	-	+	-	0.433628	0.433628
ERR2061608.6794240 7001289F:103:C9WFLANXX:3:2211:8550:6183/1	R1	-	+	-	+	0.320000	0.320000
ERR2061608.6794241 7001289F:103:C9WFLANXX:3:2207:8070:14424/1	R1	+	-	+	-	0.457944	0.457944
ERR2061608.6794242 7001289F:103:C9WFLANXX:3:1316:5824:22157/1	R1	+	-	+	-	0.446429	0.446429
ERR2061608.6794246 7001289F:103:C9WFLANXX:4:1205:20028:78797/1	R1	+	-	+	-	0.446429	0.446429
ERR2061608.6794247 7001289F:103:C9WFLANXX:3:2301:10779:67190/1	R1	+	-	+	-	0.000000	0.000000
ERR2061608.6794248 7001289F:103:C9WFLANXX:4:1308:19615:2444/1	R1	-	+	-	+	0.000000	0.000000
ERR2061608.6794249 7001289F:103:C9WFLANXX:3:1103:17096:53803/1	R1	+	-	+	-	0.345455	0.345455
ERR2061608.6794250 7001289F:103:C9WFLANXX:3:2211:5212:37085/1	R1	+	-	+	-	0.345455	0.345455
ERR2061608.6794251 7001289F:103:C9WFLANXX:3:2107:14467:15826/1	R1	+	-	+	-	0.441860	0.441860
ERR2061608.6794252 7001289F:103:C9WFLANXX:3:1207:19612:36945/1	R1	+	-	+	-	0.345455	0.345455
ERR2061608.6794253 7001289F:103:C9WFLANXX:4:2304:20855:40748/1	R1	+	-	+	-	0.345455	0.345455
ERR2061608.6794254 7001289F:103:C9WFLANXX:4:2204:6795:36265/1	R1	+	-	+	-	0.345455	0.345455
ERR2061608.6794255 7001289F:103:C9WFLANXX:4:1307:11490:89912/1	R1	+	-	+	-	0.345455	0.345455
ERR2061608.6794256 7001289F:103:C9WFLANXX:3:1107:3157:85378/1	R1	-	+	-	+	0.625000	0.625000
ERR2061608.6794262 7001289F:103:C9WFLANXX:4:1206:19715:85690/1	R1	+	-	+	-	0.302752	0.302752
ERR2061608.6794264 7001289F:103:C9WFLANXX:3:1205:14944:34296/1	R1	+	-	+	-	0.000000	0.000000
ERR2061608.6794265 7001289F:103:C9WFLANXX:4:1214:16002:91829/1	R1	+	-	+	-	0.000000	0.000000
ERR2061608.6794267 7001289F:103:C9WFLANXX:4:1106:10504:40752/1	R1	+	-	+	-	0.000000	0.000000
ERR2061608.6794268 7001289F:103:C9WFLANXX:3:2108:11238:37258/1	R1	-	+	-	+	0.000000	0.000000
ERR2061608.6794269 7001289F:103:C9WFLANXX:3:1115:12863:83883/1	R1	+	-	+	-	0.000000	0.000000
ERR2061608.6794272 7001289F:103:C9WFLANXX:4:2313:7923:44599/1	R1	+	-	+	-	0.759259	0.759259
ERR2061608.6794273 7001289F:103:C9WFLANXX:4:2204:12834:51557/1	R1	+	-	+	-	0.457944	0.457944
ERR2061608.6794275 7001289F:103:C9WFLANXX:3:1309:15420:80455/1	R1	-	+	-	+	0.320000	0.320000
ERR2061608.6794277 7001289F:103:C9WFLANXX:3:2304:18658:75195/1	R1	+	-	+	-	0.560000	0.560000
ERR2061608.6794279 7001289F:103:C9WFLANXX:4:2115:9270:44488/1	R1	+	-	+	-	0.446429	0.446429
ERR2061608.6794281 7001289F:103:C9WFLANXX:4:1105:18381:36849/1	R1	+	-	+	-	0.560000	0.560000
ERR2061608.6794282 7001289F:103:C9WFLANXX:3:2104:11141:7140/1	R1	-	+	-	+	0.000000	0.000000
ERR2061608.6794283 7001289F:103:C9WFLANXX:4:2306:19821:72858/1	R1	+	-	+	-	0.798165	0.798165
ERR2061608.6794285 7001289F:103:C9WFLANXX:3:2205:12150:90522/1	R1	+	-	+	-	0.636364	0.636364
ERR2061608.6794286 7001289F:103:C9WFLANXX:4:1115:5425:51721/1	R1	+	-	+	-	0.753846	0.753846
ERR2061608.6794287 7001289F:103:C9WFLANXX:3:1313:11457:25938/1	R1	-	+	-	+	0.000000	0.000000
ERR2061608.6794288 7001289F:103:C9WFLANXX:3:1104:16746:57108/1	R1	-	+	-	+	0.000000	0.000000
ERR2061608.6794289 7001289F:103:C9WFLANXX:3:2111:6420:55640/1	R1	+	-	+	-	0.482143	0.482143
ERR2061608.6794290 7001289F:103:C9WFLANXX:3:1316:18430:27322/1	R1	+	-	+	-	1.000000	1.000000
ERR2061608.6794292 7001289F:103:C9WFLANXX:4:1309:16942:82522/1	R1	+	-	+	-	0.714286	0.714286
ERR2061608.6794295 7001289F:103:C9WFLANXX:3:1316:11535:85148/1	R1	-	+	-	+	0.083333	0.083333
ERR2061608.6794298 7001289F:103:C9WFLANXX:3:2101:2115:72020/1	R1	+	-	+	-	0.000000	0.000000
ERR2061608.6794299 7001289F:103:C9WFLANXX:4:2206:18435:66910/1	R1	+	-	+	-	0.000000	0.000000
ERR2061608.6794300 7001289F:103:C9WFLANXX:3:2105:19964:78708/1	R1	+	-	+	-	0.924528	0.924528
ERR2061608.6794301 7001289F:103:C9WFLANXX:4:2301:9954:80925/1	R1	-	+	-	+	0.660000	0.660000
ERR2061608.6794303 7001289F:103:C9WFLANXX:3:1305:15017:87560/1	R1	+	-	+	-	0.000000	0.000000
ERR2061608.6794304 7001289F:103:C9WFLANXX:4:1312:11505:31296/1	R1	+	-	+	-	0.781250	0.781250
ERR2061608.6794307 7001289F:103:C9WFLANXX:4:1314:10858:90745/1	R1	+	-	+	-	0.612903	0.612903
ERR2061608.6794309 7001289F:103:C9WFLANXX:4:1314:19943:32329/1	R1	+	-	+	-	0.976190	0.976190
ERR2061608.6794311 7001289F:103:C9WFLANXX:4:1209:4729:16133/1	R1	-	+	-	+	0.109589	0.109589
ERR2061608.6794315 7001289F:103:C9WFLANXX:3:1109:2911:35561/1	R1	+	-	+	-	0.568421	0.568421
ERR2061608.6794319 7001289F:103:C9WFLANXX:3:1310:16686:3279/1	R1	+	-	+	-	0.000000	0.000000
ERR2061608.6794320 7001289F:103:C9WFLANXX:3:1306:11760:71110/1	R1	-	+	-	+	0.000000	0.000000
ERR2061608.7205367 7001289F:103:C9WFLANXX:4:2308:16280:71118/1	R1	-	+	-	+	0.000000	0.000000
ERR2061608.7257955 7001289F:103:C9WFLANXX:3:2213:16135:16952/1	R1	+	-	+	-	0.477876	0.477876
ERR2061608.7819572 7001289F:103:C9WFLANXX:3:1306:16159:16777/1	R1	+	-	+	-	0.515789	0.515789
ERR2061608.9124337 7001289F:103:C9WFLANXX:3:2212:9253:82262/1	R1	+	-	+	-	0.000000	0.000000
ERR2061608.9455224 7001289F:103:C9WFLANXX:4:1202:7580:8990/1	R1	-	+	-	+	0.000000	0.000000
ERR2061608.9493188 7001289F:103:C9WFLANXX:3:2204:21246:51728/1	R1	+	-	+	-	0.365385	0.365385
ERR2061608.9493190 7001289F:103:C9WFLANXX:3:1112:5006:40475/1	R1	+	-	+	-	0.621053	0.621053
ERR2061608.9493192 7001289F:103:C9WFLANXX:4:1304:7523:27423/1	R1	+	-	+	-	0.000000	0.000000
ERR2061608.9493194 7001289F:103:C9WFLANXX:3:1307:15861:44441/1	R1	+	-	+	-	0.000000	0.000000
ERR2061608.9493195 7001289F:103:C9WFLANXX:3:1109:19235:65215/1	R1	+	-	+	-	0.446429	0.446429
ERR2061608.9493196 7001289F:103:C9WFLANXX:4:1307:18174:67697/1	R1	+	-	+	-	0.345455	0.345455
ERR2061608.9493198 7001289F:103:C9WFLANXX:3:2109:1424:56827/1	R1	+	-	+	-	0.767442	0.767442
ERR2061608.9493199 7001289F:103:C9WFLANXX:3:2101:15255:65886/1	R1	-	+	-	+	0.101266	0.101266
ERR2061608.9493201 7001289F:103:C9WFLANXX:4:1112:11037:16403/1	R1	-	+	-	+	0.208955	0.208955
ERR2061608.9493206 7001289F:103:C9WFLANXX:3:2208:7259:72450/1	R1	+	-	+	-	0.433628	0.433628
ERR2061608.9493213 7001289F:103:C9WFLANXX:4:1305:15548:85522/1	R1	+	-	+	-	0.433628	0.433628
ERR2061608.9493219 7001289F:103:C9WFLANXX:3:2304:20030:40618/1	R1	+	-	+	-	0.457944	0.457944
ERR2061608.9493220 7001289F:103:C9WFLANXX:3:2114:14035:12657/1	R1	+	-	+	-	0.457944	0.457944
ERR2061608.9493225 7001289F:103:C9WFLANXX:3:1113:11045:71399/1	R1	+	-	+	-	0.000000	0.000000
ERR2061608.9493226 7001289F:103:C9WFLANXX:4:2309:8733:79573/1	R1	+	-	+	-	0.000000	0.000000
ERR2061608.9493227 7001289F:103:C9WFLANXX:4:2208:9255:47617/1	R1	+	-	+	-	0.471698	0.471698
ERR2061608.9493228 7001289F:103:C9WFLANXX:4:1316:6866:48581/1	R1	+	-	+	-	0.457944	0.457944
ERR2061608.9493229 7001289F:103:C9WFLANXX:3:2311:17084:90653/1	R1	+	-	+	-	0.457944	0.457944
ERR2061608.9493230 7001289F:103:C9WFLANXX:3:2210:7202:42216/1	R1	+	-	+	-	0.000000	0.000000
ERR2061608.9493238 7001289F:103:C9WFLANXX:4:2116:17565:66948/1	R1	+	-	+	-	0.600000	0.600000
ERR2061608.9493240 7001289F:103:C9WFLANXX:4:1111:6734:29112/1	R1	+	-	+	-	0.381818	0.381818
ERR2061608.9493242 7001289F:103:C9WFLANXX:3:2315:15892:89934/1	R1	-	+	-	+	0.000000	0.000000
ERR2061608.9493243 7001289F:103:C9WFLANXX:3:2312:15451:73263/1	R1	-	+	-	+	0.000000	0.000000
ERR2061608.9493244 7001289F:103:C9WFLANXX:4:1303:6908:12445/1	R1	-	+	-	+	0.000000	0.000000
ERR2061608.9493245 7001289F:103:C9WFLANXX:3:2106:2810:48902/1	R1	+	-	+	-	0.000000	0.000000
ERR2061608.9493246 7001289F:103:C9WFLANXX:3:1316:19676:50435/1	R1	+	-	+	-	0.000000	0.000000
ERR2061608.9493248 7001289F:103:C9WFLANXX:4:2214:19716:38783/1	R1	+	-	+	-	0.428571	0.428571
ERR2061608.9493249 7001289F:103:C9WFLANXX:4:2216:18468:52109/1	R1	-	+	-	+	0.040000	0.040000
ERR2061608.9493250 7001289F:103:C9WFLANXX:4:1205:4822:83937/1	R1	-	+	-	+	0.095238	0.095238
ERR2061608.9493253 7001289F:103:C9WFLANXX:3:1303:17623:55292/1	R1	-	+	-	+	0.157025	0.157025
ERR2061608.9493255 7001289F:103:C9WFLANXX:4:2209:14576:21056/1	R1	-	+	-	+	0.000000	0.000000
ERR2061608.9493257 7001289F:103:C9WFLANXX:4:1107:7672:87957/1	R1	-	+	-	+	0.000000	0.000000
ERR2061608.9493258 7001289F:103:C9WFLANXX:3:1104:16352:99720/1	R1	+	-	+	-	0.000000	0.000000
ERR2061608.9493261 7001289F:103:C9WFLANXX:3:2303:9457:43795/1	R1	+	-	+	-	0.000000	0.000000
ERR2061608.9493262 7001289F:103:C9WFLANXX:3:1107:4934:91734/1	R1	+	-	+	-	0.370000	0.370000
ERR2061608.9493266 7001289F:103:C9WFLANXX:3:1208:14789:2050/1	R1	+	-	+	-	0.590361	0.590361
ERR2061608.9493267 7001289F:103:C9WFLANXX:4:2311:11568:70748/1	R1	-	+	-	+	0.000000	0.000000
ERR2061608.9493268 7001289F:103:C9WFLANXX:4:2308:6119:100138/1	R1	+	-	+	-	0.531915	0.531915
ERR2061608.9493269 7001289F:103:C9WFLANXX:3:2214:4402:52028/1	R1	+	-	+	-	0.714286	0.714286
ERR2061608.9493273 7001289F:103:C9WFLANXX:3:1214:12392:14607/1	R1	+	-	+	-	0.730769	0.730769
ERR2061608.9493274 7001289F:103:C9WFLANXX:3:1213:18681:11017/1	R1	+	-	+	-	0.534653	0.534653
ERR2061608.9493275 7001289F:103:C9WFLANXX:4:2115:11466:56368/1	R1	-	+	-	+	0.337662	0.337662
ERR2061608.9493276 7001289F:103:C9WFLANXX:4:2209:8709:12907/1	R1	+	-	+	-	0.631579	0.631579
ERR2061608.9493280 7001289F:103:C9WFLANXX:4:1313:7071:96256/1	R1	+	-	+	-	0.000000	0.000000
ERR2061608.9493281 7001289F:103:C9WFLANXX:3:2205:2947:98096/1	R1	-	+	-	+	0.750000	0.750000
ERR2061608.9493284 7001289F:103:C9WFLANXX:3:1211:19594:74280/1	R1	+	-	+	-	0.714286	0.714286
ERR2061608.9493289 7001289F:103:C9WFLANXX:3:2204:13378:64821/1	R1	+	-	+	-	0.961538	0.961538
ERR2061608.9493290 7001289F:103:C9WFLANXX:4:2107:8157:100664/1	R1	+	-	+	-	0.000000	0.000000
ERR2061608.9493294 7001289F:103:C9WFLANXX:4:2109:19824:83282/1	R1	-	+	-	+	0.000000	0.000000
ERR2061608.9493300 7001289F:103:C9WFLANXX:4:2203:20915:47958/1	R1	-	+	-	+	0.000000	0.000000
ERR2061608.9493301 7001289F:103:C9WFLANXX:4:1215:9522:10119/1	R1	+	-	+	-	0.433628	0.433628
ERR2061608.9493322 7001289F:103:C9WFLANXX:3:1203:8041:62383/1	R1	+	-	+	-	0.000000	0.000000
ERR2061608.9493324 7001289F:103:C9WFLANXX:3:1104:2318:27748/1	R1	-	+	-	+	0.000000	0.000000
ERR2061608.9493326 7001289F:103:C9WFLANXX:4:2102:5173:81581/1	R1	+	-	+	-	0.471698	0.471698
ERR2061608.9493328 7001289F:103:C9WFLANXX:3:1209:4736:71977/1	R1	+	-	+	-	0.388235	0.388235
ERR2061608.9493329 7001289F:103:C9WFLANXX:3:1116:16049:87104/1	R1	+	-	+	-	0.550562	0.550562
ERR2061608.9493332 7001289F:103:C9WFLANXX:4:1211:16358:21931/1	R1	+	-	+	-	0.961538	0.961538
ERR2061608.9493333 7001289F:103:C9WFLANXX:3:1205:13356:60872/1	R1	-	+	-	+	0.064516	0.064516
ERR2061608.9493336 7001289F:103:C9WFLANXX:4:2210:11642:45981/1	R1	+	-	+	-	0.000000	0.000000
ERR2061608.9493340 7001289F:103:C9WFLANXX:4:1214:9273:11327/1	R1	+	-	+	-	0.000000	0.000000
ERR2061608.9493343 7001289F:103:C9WFLANXX:3:2113:16814:6578/1	R1	+	-	+	-	0.962963	0.962963
ERR2061608.9493344 7001289F:103:C9WFLANXX:3:1303:7253:99367/1	R1	+	-	+	-	0.753846	0.753846
ERR2061608.9493345 7001289F:103:C9WFLANXX:3:1214:8749:27975/1	R1	+	-	+	-	0.457944	0.457944
ERR2061608.9493346 7001289F:103:C9WFLANXX:3:1214:13089:46559/1	R1	+	-	+	-	0.433628	0.433628
ERR2061608.9493349 7001289F:103:C9WFLANXX:4:2215:16383:15724/1	R1	+	-	+	-	0.433628	0.433628
ERR2061608.9493350 7001289F:103:C9WFLANXX:4:1213:16338:61683/1	R1	+	-	+	-	0.457944	0.457944
ERR2061608.9493353 7001289F:103:C9WFLANXX:4:2307:5273:74570/1	R1	+	-	+	-	0.759259	0.759259
ERR2061608.9493357 7001289F:103:C9WFLANXX:4:2209:9449:14272/1	R1	+	-	+	-	0.446429	0.446429
ERR2061608.9493358 7001289F:103:C9WFLANXX:3:1311:13183:100688/1	R1	-	+	-	+	0.000000	0.000000
ERR2061608.9493359 7001289F:103:C9WFLANXX:4:2311:13182:24294/1	R1	-	+	-	+	0.000000	0.000000
ERR2061608.9493360 7001289F:103:C9WFLANXX:3:2302:18936:95804/1	R1	+	-	+	-	0.381818	0.381818
ERR2061608.9493361 7001289F:103:C9WFLANXX:3:2306:16536:89350/1	R1	+	-	+	-	0.345455	0.345455
ERR2061608.9493362 7001289F:103:C9WFLANXX:3:1109:12999:30479/1	R1	+	-	+	-	0.345455	0.345455
ERR2061608.9493363 7001289F:103:C9WFLANXX:4:2313:9864:24475/1	R1	+	-	+	-	0.345455	0.345455
ERR2061608.9493364 7001289F:103:C9WFLANXX:4:1111:14639:23108/1	R1	-	+	-	+	0.000000	0.000000
ERR2061608.9493365 7001289F:103:C9WFLANXX:3:2316:18661:98313/1	R1	+	-	+	-	0.302752	0.302752
ERR2061608.9493366 7001289F:103:C9WFLANXX:3:2213:6691:48070/1	R1	+	-	+	-	0.302752	0.302752
ERR2061608.9493368 7001289F:103:C9WFLANXX:3:1212:19782:39085/1	R1	+	-	+	-	0.600000	0.600000
ERR2061608.9493369 7001289F:103:C9WFLANXX:4:1309:1501:78343/1	R1	+	-	+	-	0.634615	0.634615
ERR2061608.9493370 7001289F:103:C9WFLANXX:3:2211:18800:7795/1	R1	+	-	+	-	0.000000	0.000000
ERR2061608.9493371 7001289F:103:C9WFLANXX:3:2202:17787:91270/1	R1	+	-	+	-	0.000000	0.000000
ERR2061608.9493372 7001289F:103:C9WFLANXX:3:1202:13428:12120/1	R1	+	-	+	-	0.000000	0.000000
ERR2061608.9493374 7001289F:103:C9WFLANXX:4:2113:8573:37358/1	R1	+	-	+	-	0.000000	0.000000
ERR2061608.9493375 7001289F:103:C9WFLANXX:3:1114:3922:29917/1	R1	+	-	+	-	0.320388	0.320388
ERR2061608.9493377 7001289F:103:C9WFLANXX:3:2102:18211:60165/1	R1	+	-	+	-	0.457944	0.457944
ERR2061608.9493378 7001289F:103:C9WFLANXX:3:2113:18721:88962/1	R1	+	-	+	-	0.485149	0.485149
ERR2061608.9493381 7001289F:103:C9WFLANXX:4:1107:5910:51268/1	R1	+	-	+	-	0.457944	0.457944
ERR2061608.9493382 7001289F:103:C9WFLANXX:4:2112:11102:73900/1	R1	+	-	+	-	0.457944	0.457944
ERR2061608.9493383 7001289F:103:C9WFLANXX:3:2116:13480:39221/1	R1	+	-	+	-	0.471698	0.471698
ERR2061608.9493384 7001289F:103:C9WFLANXX:4:2306:15013:46815/1	R1	+	-	+	-	0.446429	0.446429
ERR2061608.9493389 7001289F:103:C9WFLANXX:3:2108:16061:50140/1	R1	+	-	+	-	0.760000	0.760000
ERR2061608.9493392 7001289F:103:C9WFLANXX:4:1114:17976:19950/1	R1	-	+	-	+	0.000000	0.000000
ERR2061608.9493395 7001289F:103:C9WFLANXX:4:2213:12916:50276/1	R1	+	-	+	-	0.568182	0.568182
ERR2061608.9493400 7001289F:103:C9WFLANXX:4:1304:12806:3704/1	R1	-	+	-	+	0.194444	0.194444
ERR2061608.9493404 7001289F:103:C9WFLANXX:4:1310:10650:21401/1	R1	+	-	+	-	0.612903	0.612903
ERR2061608.9493405 7001289F:103:C9WFLANXX:3:2210:6531:56156/1	R1	-	+	-	+	0.166667	0.166667
ERR2061608.9493406 7001289F:103:C9WFLANXX:4:1115:15622:96985/1	R1	+	-	+	-	0.000000	0.000000
ERR2061608.9493407 7001289F:103:C9WFLANXX:3:2113:10848:57255/1	R1	-	+	-	+	0.362069	0.362069
ERR2061608.9493408 7001289F:103:C9WFLANXX:3:1206:16435:39647/1	R1	-	+	-	+	0.000000	0.000000
ERR2061608.9493411 7001289F:103:C9WFLANXX:3:1101:9412:44138/1	R1	-	+	-	+	0.000000	0.000000
ERR2061608.9493413 7001289F:103:C9WFLANXX:3:1205:6618:47636/1	R1	+	-	+	-	0.457944	0.457944
ERR2061608.9493419 7001289F:103:C9WFLANXX:3:1109:1990:74894/1	R1	-	+	-	+	0.693878	0.693878
ERR2061608.9493422 7001289F:103:C9WFLANXX:3:1305:10297:34596/1	R1	+	-	+	-	0.000000	0.000000
ERR2061608.9493423 7001289F:103:C9WFLANXX:4:2112:13304:90860/1	R1	+	-	+	-	0.000000	0.000000
ERR2061608.9493424 7001289F:103:C9WFLANXX:4:2303:18860:81241/1	R1	-	+	-	+	0.145833	0.145833
ERR2061608.9493425 7001289F:103:C9WFLANXX:4:1105:8854:76941/1	R1	-	+	-	+	0.000000	0.000000
ERR2061608.9493426 7001289F:103:C9WFLANXX:4:1108:20410:87244/1	R1	-	+	-	+	0.000000	0.000000
ERR2061608.9548924 7001289F:103:C9WFLANXX:4:2310:12010:68425/1	R1	+	-	+	-	0.433628	0.433628
ERR2061608.9740927 7001289F:103:C9WFLANXX:3:2301:20516:60072/1	R1	+	-	+	-	0.457944	0.457944
ERR2061608.10754661 7001289F:103:C9WFLANXX:4:2108:4865:82504/1	R1	+	-	+	-	0.854167	0.854167
ERR2061608.11886442 7001289F:103:C9WFLANXX:3:2316:4340:57910/1	R1	+	-	+	-	0.504587	0.504587
ERR2061608.11886444 7001289F:103:C9WFLANXX:3:1116:9743:100159/1	R1	+	-	+	-	0.753846	0.753846
ERR2061608.11886446 7001289F:103:C9WFLANXX:3:2102:3199:92721/1	R1	+	-	+	-	0.457944	0.457944
ERR2061608.11886453 7001289F:103:C9WFLANXX:4:1204:12950:63025/1	R1	+	-	+	-	0.000000	0.000000
ERR2061608.11886454 7001289F:103:C9WFLANXX:3:2303:16267:22800/1	R1	+	-	+	-	0.000000	0.000000
ERR2061608.11886455 7001289F:103:C9WFLANXX:3:2308:8347:24569/1	R1	+	-	+	-	0.457944	0.457944
ERR2061608.11886457 7001289F:103:C9WFLANXX:3:2213:5168:47853/1	R1	+	-	+	-	0.457944	0.457944
ERR2061608.11886458 7001289F:103:C9WFLANXX:3:1313:3121:89349/1	R1	+	-	+	-	0.457944	0.457944
ERR2061608.11886462 7001289F:103:C9WFLANXX:4:2105:16889:86686/1	R1	+	-	+	-	0.457944	0.457944
ERR2061608.11886463 7001289F:103:C9WFLANXX:4:1316:9522:38364/1	R1	+	-	+	-	0.000000	0.000000
ERR2061608.11886465 7001289F:103:C9WFLANXX:4:1201:5729:87190/1	R1	+	-	+	-	0.457944	0.457944
ERR2061608.11886468 7001289F:103:C9WFLANXX:4:2312:4744:93586/1	R1	+	-	+	-	0.000000	0.000000
ERR2061608.11886469 7001289F:103:C9WFLANXX:4:2202:19587:9544/1	R1	+	-	+	-	0.000000	0.000000
ERR2061608.11886473 7001289F:103:C9WFLANXX:4:1205:19292:20254/1	R1	+	-	+	-	0.000000	0.000000
ERR2061608.11886475 7001289F:103:C9WFLANXX:3:2102:16818:6171/1	R1	+	-	+	-	0.457944	0.457944
ERR2061608.11886476 7001289F:103:C9WFLANXX:3:2212:12999:95314/1	R1	+	-	+	-	0.302752	0.302752
ERR2061608.11886477 7001289F:103:C9WFLANXX:4:2314:17544:29997/1	R1	+	-	+	-	0.345455	0.345455
ERR2061608.11886478 7001289F:103:C9WFLANXX:4:2203:5047:28304/1	R1	+	-	+	-	0.753846	0.753846
ERR2061608.11886483 7001289F:103:C9WFLANXX:4:1315:13830:98787/1	R1	+	-	+	-	0.302752	0.302752
ERR2061608.11886484 7001289F:103:C9WFLANXX:4:1110:11332:71692/1	R1	+	-	+	-	0.000000	0.000000
ERR2061608.11886485 7001289F:103:C9WFLANXX:4:1101:17690:4275/1	R1	+	-	+	-	0.730769	0.730769
ERR2061608.11886489 7001289F:103:C9WFLANXX:4:2112:13204:98564/1	R1	+	-	+	-	0.345455	0.345455
ERR2061608.11886490 7001289F:103:C9WFLANXX:3:1211:20147:100740/1	R1	+	-	+	-	0.446429	0.446429
ERR2061608.11886491 7001289F:103:C9WFLANXX:3:1305:9714:89178/1	R1	+	-	+	-	0.365385	0.365385
ERR2061608.11886493 7001289F:103:C9WFLANXX:3:1207:8562:29649/1	R1	+	-	+	-	0.446429	0.446429
ERR2061608.11886494 7001289F:103:C9WFLANXX:4:2301:11550:34584/1	R1	+	-	+	-	0.446429	0.446429
ERR2061608.11886495 7001289F:103:C9WFLANXX:4:2211:8751:80226/1	R1	+	-	+	-	0.446429	0.446429
ERR2061608.11886496 7001289F:103:C9WFLANXX:4:2210:12873:24790/1	R1	+	-	+	-	0.446429	0.446429
ERR2061608.11886497 7001289F:103:C9WFLANXX:4:2109:18648:65312/1	R1	+	-	+	-	0.446429	0.446429
ERR2061608.11886498 7001289F:103:C9WFLANXX:4:1309:9743:86943/1	R1	+	-	+	-	0.365385	0.365385
ERR2061608.11886499 7001289F:103:C9WFLANXX:4:1211:20202:14186/1	R1	+	-	+	-	0.302752	0.302752
ERR2061608.11886503 7001289F:103:C9WFLANXX:3:2109:14892:95974/1	R1	+	-	+	-	0.000000	0.000000
ERR2061608.11886506 7001289F:103:C9WFLANXX:3:2206:1575:56809/1	R1	-	+	-	+	0.000000	0.000000
ERR2061608.11886507 7001289F:103:C9WFLANXX:4:2107:16181:25536/1	R1	-	+	-	+	0.000000	0.000000
ERR2061608.11886509 7001289F:103:C9WFLANXX:3:2313:5961:47917/1	R1	-	+	-	+	0.102564	0.102564
ERR2061608.11886510 7001289F:103:C9WFLANXX:4:2206:12826:10059/1	R1	-	+	-	+	0.000000	0.000000
ERR2061608.11886513 7001289F:103:C9WFLANXX:3:2214:5564:62164/1	R1	-	+	-	+	0.041667	0.041667
ERR2061608.11886514 7001289F:103:C9WFLANXX:3:2113:4944:46352/1	R1	+	-	+	-	0.753846	0.753846
ERR2061608.11886520 7001289F:103:C9WFLANXX:4:2207:17252:48978/1	R1	-	+	-	+	0.529412	0.529412
ERR2061608.11886522 7001289F:103:C9WFLANXX:4:2314:8829:21259/1	R1	-	+	-	+	0.000000	0.000000
ERR2061608.11886524 7001289F:103:C9WFLANXX:4:2103:19797:38672/1	R1	-	+	-	+	0.000000	0.000000
ERR2061608.11886525 7001289F:103:C9WFLANXX:3:2113:17648:95835/1	R1	-	+	-	+	0.000000	0.000000
ERR2061608.11886526 7001289F:103:C9WFLANXX:4:2203:10805:53004/1	R1	+	-	+	-	0.961538	0.961538
ERR2061608.11886528 7001289F:103:C9WFLANXX:4:1313:9022:54780/1	R1	+	-	+	-	0.000000	0.000000
ERR2061608.11886529 7001289F:103:C9WFLANXX:4:1305:2944:82314/1	R1	+	-	+	-	0.000000	0.000000
ERR2061608.11886532 7001289F:103:C9WFLANXX:4:1104:8025:36052/1	R1	-	+	-	+	0.000000	0.000000
ERR2061608.11886535 7001289F:103:C9WFLANXX:3:1315:11647:19780/1	R1	+	-	+	-	0.000000	0.000000
ERR2061608.11886538 7001289F:103:C9WFLANXX:4:1201:14490:33763/1	R1	+	-	+	-	0.000000	0.000000
ERR2061608.11886539 7001289F:103:C9WFLANXX:3:1113:2059:6278/1	R1	-	+	-	+	0.133333	0.133333
ERR2061608.11886541 7001289F:103:C9WFLANXX:3:1102:9074:66885/1	R1	+	-	+	-	0.862069	0.862069
ERR2061608.11886542 7001289F:103:C9WFLANXX:3:1316:12224:19727/1	R1	+	-	+	-	0.796296	0.796296
ERR2061608.11886543 7001289F:103:C9WFLANXX:4:1203:9122:36342/1	R1	+	-	+	-	0.000000	0.000000
ERR2061608.11886546 7001289F:103:C9WFLANXX:3:1208:20616:90974/1	R1	-	+	-	+	0.000000	0.000000
ERR2061608.11886547 7001289F:103:C9WFLANXX:4:1313:6583:27125/1	R1	+	-	+	-	0.000000	0.000000
ERR2061608.11886548 7001289F:103:C9WFLANXX:3:2213:14282:66920/1	R1	-	+	-	+	0.702703	0.702703
ERR2061608.11886554 7001289F:103:C9WFLANXX:3:2308:15966:24639/1	R1	+	-	+	-	0.345455	0.345455
ERR2061608.11886560 7001289F:103:C9WFLANXX:3:2215:19017:91226/1	R1	-	+	-	+	0.000000	0.000000
ERR2061608.11886561 7001289F:103:C9WFLANXX:3:2112:7745:20763/1	R1	-	+	-	+	0.117647	0.117647
ERR2061608.11886565 7001289F:103:C9WFLANXX:4:2313:11650:44808/1	R1	+	-	+	-	0.862069	0.862069
ERR2061608.11886566 7001289F:103:C9WFLANXX:4:2307:16600:68569/1	R1	+	-	+	-	0.863636	0.863636
ERR2061608.11886568 7001289F:103:C9WFLANXX:3:2106:4234:19263/1	R1	+	-	+	-	0.417722	0.417722
ERR2061608.11886569 7001289F:103:C9WFLANXX:3:1312:11270:50289/1	R1	-	+	-	+	0.000000	0.000000
ERR2061608.11886575 7001289F:103:C9WFLANXX:4:2307:2305:65141/1	R1	+	-	+	-	0.824074	0.824074
ERR2061608.11886576 7001289F:103:C9WFLANXX:4:2310:14905:60473/1	R1	-	+	-	+	0.625000	0.625000
ERR2061608.11886581 7001289F:103:C9WFLANXX:3:2215:3034:13519/1	R1	+	-	+	-	0.961538	0.961538
ERR2061608.11886586 7001289F:103:C9WFLANXX:4:1116:17785:65716/1	R1	+	-	+	-	0.345455	0.345455
ERR2061608.11886589 7001289F:103:C9WFLANXX:4:1201:8406:94415/1	R1	-	+	-	+	0.000000	0.000000
ERR2061608.11886591 7001289F:103:C9WFLANXX:3:1215:5866:76587/1	R1	+	-	+	-	0.320388	0.320388
ERR2061608.11886594 7001289F:103:C9WFLANXX:3:2311:17906:52950/1	R1	+	-	+	-	0.000000	0.000000
ERR2061608.11886595 7001289F:103:C9WFLANXX:3:2307:8015:46102/1	R1	+	-	+	-	0.000000	0.000000
ERR2061608.11886597 7001289F:103:C9WFLANXX:3:2216:10559:61398/1	R1	+	-	+	-	0.000000	0.000000
ERR2061608.11886601 7001289F:103:C9WFLANXX:4:2210:14161:23888/1	R1	+	-	+	-	0.000000	0.000000
ERR2061608.11886603 7001289F:103:C9WFLANXX:4:2208:19524:99468/1	R1	+	-	+	-	0.000000	0.000000
ERR2061608.11886605 7001289F:103:C9WFLANXX:4:2105:17034:96037/1	R1	+	-	+	-	0.000000	0.000000
ERR2061608.11886607 7001289F:103:C9WFLANXX:4:1301:13447:56357/1	R1	+	-	+	-	0.000000	0.000000
ERR2061608.11886608 7001289F:103:C9WFLANXX:3:2206:11856:67651/1	R1	+	-	+	-	0.000000	0.000000
ERR2061608.11886614 7001289F:103:C9WFLANXX:3:2215:20584:91209/1	R1	+	-	+	-	0.433628	0.433628
ERR2061608.11886615 7001289F:103:C9WFLANXX:3:2103:18225:42344/1	R1	+	-	+	-	0.457944	0.457944
ERR2061608.11886617 7001289F:103:C9WFLANXX:3:1307:3291:56651/1	R1	+	-	+	-	0.457944	0.457944
ERR2061608.11886618 7001289F:103:C9WFLANXX:3:1305:5117:8072/1	R1	+	-	+	-	0.457944	0.457944
ERR2061608.11886623 7001289F:103:C9WFLANXX:3:1101:13146:98931/1	R1	+	-	+	-	0.500000	0.500000
ERR2061608.11886624 7001289F:103:C9WFLANXX:3:1107:6480:53289/1	R1	+	-	+	-	0.446429	0.446429
ERR2061608.11886625 7001289F:103:C9WFLANXX:3:2310:11696:30667/1	R1	+	-	+	-	0.471698	0.471698
ERR2061608.11886627 7001289F:103:C9WFLANXX:3:2214:5268:92242/1	R1	+	-	+	-	0.446429	0.446429
ERR2061608.11886630 7001289F:103:C9WFLANXX:3:1110:4916:52977/1	R1	+	-	+	-	0.714286	0.714286
ERR2061608.11886634 7001289F:103:C9WFLANXX:4:1214:14377:45323/1	R1	+	-	+	-	0.446429	0.446429
ERR2061608.11886637 7001289F:103:C9WFLANXX:3:2106:4425:11403/1	R1	-	+	-	+	0.000000	0.000000
ERR2061608.11886640 7001289F:103:C9WFLANXX:3:1313:6067:63560/1	R1	+	-	+	-	0.413043	0.413043
ERR2061608.11886642 7001289F:103:C9WFLANXX:4:2116:10151:22178/1	R1	+	-	+	-	0.387755	0.387755
ERR2061608.11886644 7001289F:103:C9WFLANXX:3:1216:9584:56567/1	R1	+	-	+	-	0.000000	0.000000
ERR2061608.11886647 7001289F:103:C9WFLANXX:4:1209:13665:88846/1	R1	+	-	+	-	0.095238	0.095238
ERR2061608.11886648 7001289F:103:C9WFLANXX:3:2108:4745:21259/1	R1	-	+	-	+	0.000000	0.000000
ERR2061608.11886650 7001289F:103:C9WFLANXX:3:1209:5109:54038/1	R1	+	-	+	-	0.457944	0.457944
ERR2061608.11886653 7001289F:103:C9WFLANXX:4:1302:13425:5126/1	R1	-	+	-	+	0.978261	0.978261
ERR2061608.11886655 7001289F:103:C9WFLANXX:3:1110:9680:66438/1	R1	+	-	+	-	0.513514	0.513514
ERR2061608.11886662 7001289F:103:C9WFLANXX:3:2207:1568:38976/1	R1	+	-	+	-	0.000000	0.000000
ERR2061608.11886663 7001289F:103:C9WFLANXX:3:1202:7222:23871/1	R1	+	-	+	-	0.302752	0.302752
ERR2061608.11886665 7001289F:103:C9WFLANXX:3:2210:15601:11458/1	R1	-	+	-	+	0.083333	0.083333
ERR2061608.11886667 7001289F:103:C9WFLANXX:3:1212:7624:12641/1	R1	+	-	+	-	0.451923	0.451923
ERR2061608.11886668 7001289F:103:C9WFLANXX:4:2313:9988:3123/1	R1	+	-	+	-	0.544304	0.544304
ERR2061608.11886669 7001289F:103:C9WFLANXX:4:1308:5867:25764/1	R1	+	-	+	-	0.000000	0.000000
ERR2061608.11886670 7001289F:103:C9WFLANXX:3:1103:8974:70746/1	R1	-	+	-	+	0.000000	0.000000
ERR2061608.11886671 7001289F:103:C9WFLANXX:3:2111:6093:26755/1	R1	-	+	-	+	0.000000	0.000000
ERR2061608.11886673 7001289F:103:C9WFLANXX:4:1212:21142:16375/1	R1	-	+	-	+	0.000000	0.000000
ERR2061608.11886675 7001289F:103:C9WFLANXX:4:2211:8271:10475/1	R1	-	+	-	+	0.000000	0.000000
ERR2061608.11886676 7001289F:103:C9WFLANXX:4:2109:18221:5233/1	R1	-	+	-	+	0.291667	0.291667
ERR2061608.11886679 7001289F:103:C9WFLANXX:4:1315:5658:100368/1	R1	-	+	-	+	0.258065	0.258065
ERR2061608.11886690 7001289F:103:C9WFLANXX:4:2210:12767:77096/1	R1	+	-	+	-	0.000000	0.000000
ERR2061608.11886694 7001289F:103:C9WFLANXX:4:2112:13333:37450/1	R1	-	+	-	+	0.000000	0.000000
ERR2061608.11968506 7001289F:103:C9WFLANXX:3:1101:6976:26419/1	R1	-	+	-	+	0.684211	0.684211
ERR2061608.11968627 7001289F:103:C9WFLANXX:3:2301:14066:93044/1	R1	-	+	-	+	0.382353	0.382353
ERR2061608.11969240 7001289F:103:C9WFLANXX:4:1314:7987:12481/1	R1	-	+	-	+	0.227273	0.227273
ERR2061608.11970334 7001289F:103:C9WFLANXX:4:1114:13060:79387/1	R1	-	+	-	+	0.553191	0.553191
ERR2061608.11971002 7001289F:103:C9WFLANXX:3:2215:18512:45199/1	R1	-	+	-	+	0.304348	0.304348
ERR2061608.11971113 7001289F:103:C9WFLANXX:3:1304:10294:66893/1	R1	-	+	-	+	0.000000	0.000000
ERR2061608.11971115 7001289F:103:C9WFLANXX:3:1216:6116:73026/1	R1	-	+	-	+	0.000000	0.000000
ERR2061608.11971245 7001289F:103:C9WFLANXX:4:1206:16804:8065/1	R1	-	+	-	+	0.000000	0.000000
ERR2061608.11972140 7001289F:103:C9WFLANXX:4:2108:16553:86599/1	R1	-	+	-	+	0.000000	0.000000
ERR2061608.11972607 7001289F:103:C9WFLANXX:4:2214:9642:95721/1	R1	-	+	-	+	0.926829	0.926829
ERR2061608.11972811 7001289F:103:C9WFLANXX:3:2308:20827:89567/1	R1	-	+	-	+	0.695652	0.695652
ERR2061608.11972827 7001289F:103:C9WFLANXX:4:2306:14275:25037/1	R1	-	+	-	+	0.000000	0.000000
ERR2061608.11972829 7001289F:103:C9WFLANXX:4:1303:20039:31832/1	R1	-	+	-	+	0.806452	0.806452
ERR2061608.11972833 7001289F:103:C9WFLANXX:3:1202:13420:32434/1	R1	-	+	-	+	0.375000	0.375000
ERR2061608.11973012 7001289F:103:C9WFLANXX:3:1216:15024:26847/1	R1	-	+	-	+	0.000000	0.000000
ERR2061608.11973346 7001289F:103:C9WFLANXX:3:2307:10925:2421/1	R1	-	+	-	+	0.472727	0.472727
ERR2061608.11973560 7001289F:103:C9WFLANXX:4:1310:21034:87775/1	R1	-	+	-	+	0.241379	0.241379
ERR2061608.12394768 7001289F:103:C9WFLANXX:3:1113:3954:3884/1	R1	+	-	+	-	0.550000	0.550000
ERR2061608.12447046 7001289F:103:C9WFLANXX:4:2114:20217:97391/1	R1	+	-	+	-	0.000000	0.000000
ERR2061608.12527029 7001289F:103:C9WFLANXX:4:2312:6547:59148/1	R1	+	-	+	-	0.452055	0.452055
ERR2061608.12541589 7001289F:103:C9WFLANXX:3:1103:15056:99272/1	R1	-	+	-	+	0.180328	0.180328
ERR2061608.13090945 7001289F:103:C9WFLANXX:4:1110:10156:92607/1	R1	+	-	+	-	0.000000	0.000000
ERR2061608.13095737 7001289F:103:C9WFLANXX:3:1306:18417:98440/1	R1	+	-	+	-	0.961538	0.961538
ERR2061608.13095896 7001289F:103:C9WFLANXX:3:1304:2908:53053/1	R1	+	-	+	-	0.345455	0.345455
ERR2061608.13095906 7001289F:103:C9WFLANXX:3:1109:5306:51849/1	R1	+	-	+	-	0.000000	0.000000
ERR2061608.13095915 7001289F:103:C9WFLANXX:3:1216:15881:33182/1	R1	+	-	+	-	0.302752	0.302752
ERR2061608.13096292 7001289F:103:C9WFLANXX:4:2215:3512:50124/1	R1	+	-	+	-	0.000000	0.000000
ERR2061608.13096660 7001289F:103:C9WFLANXX:4:1303:15730:83572/1	R1	+	-	+	-	0.000000	0.000000
ERR2061608.13097090 7001289F:103:C9WFLANXX:4:1107:12230:92434/1	R1	+	-	+	-	0.000000	0.000000
ERR2061608.13110820 7001289F:103:C9WFLANXX:4:1215:2686:97328/1	R1	+	-	+	-	0.673469	0.673469
ERR2061608.13110999 7001289F:103:C9WFLANXX:4:2116:8769:74557/1	R1	+	-	+	-	0.000000	0.000000
ERR2061608.13995933 7001289F:103:C9WFLANXX:4:2302:6858:85816/1	R1	+	-	+	-	0.000000	0.000000
ERR2061608.13995935 7001289F:103:C9WFLANXX:4:1303:14611:50945/1	R1	+	-	+	-	0.863636	0.863636
ERR2061608.13995938 7001289F:103:C9WFLANXX:3:1309:20655:4956/1	R1	-	+	-	+	0.000000	0.000000
ERR2061608.13995940 7001289F:103:C9WFLANXX:3:2211:11530:97121/1	R1	+	-	+	-	0.000000	0.000000
ERR2061608.13995946 7001289F:103:C9WFLANXX:3:1213:16284:92663/1	R1	+	-	+	-	0.000000	0.000000
ERR2061608.13995951 7001289F:103:C9WFLANXX:4:2110:1417:53963/1	R1	+	-	+	-	0.870130	0.870130
ERR2061608.13995954 7001289F:103:C9WFLANXX:4:1303:20011:78198/1	R1	+	-	+	-	0.609756	0.609756
ERR2061608.13995955 7001289F:103:C9WFLANXX:4:1302:14406:4966/1	R1	+	-	+	-	0.000000	0.000000
ERR2061608.13995960 7001289F:103:C9WFLANXX:3:2210:18959:5807/1	R1	+	-	+	-	0.345455	0.345455
ERR2061608.13995961 7001289F:103:C9WFLANXX:3:1315:2812:31674/1	R1	+	-	+	-	0.433628	0.433628
ERR2061608.13995962 7001289F:103:C9WFLANXX:3:1308:17633:14353/1	R1	+	-	+	-	0.433628	0.433628
ERR2061608.13995963 7001289F:103:C9WFLANXX:4:2310:16637:49075/1	R1	+	-	+	-	0.433628	0.433628
ERR2061608.13995964 7001289F:103:C9WFLANXX:4:2213:18728:32532/1	R1	+	-	+	-	0.486726	0.486726
ERR2061608.13995966 7001289F:103:C9WFLANXX:4:2205:10496:36940/1	R1	+	-	+	-	0.446429	0.446429
ERR2061608.13995967 7001289F:103:C9WFLANXX:4:2102:19777:15110/1	R1	+	-	+	-	0.446429	0.446429
ERR2061608.13995968 7001289F:103:C9WFLANXX:4:2208:19692:53430/1	R1	-	+	-	+	0.000000	0.000000
ERR2061608.13995969 7001289F:103:C9WFLANXX:4:1306:11750:26363/1	R1	+	-	+	-	0.340206	0.340206
ERR2061608.13995970 7001289F:103:C9WFLANXX:3:1102:3417:91435/1	R1	+	-	+	-	0.000000	0.000000
ERR2061608.13995974 7001289F:103:C9WFLANXX:3:2113:8283:17905/1	R1	-	+	-	+	0.000000	0.000000
ERR2061608.13995978 7001289F:103:C9WFLANXX:3:1206:11430:60499/1	R1	+	-	+	-	0.457944	0.457944
ERR2061608.13995979 7001289F:103:C9WFLANXX:4:2316:13752:42928/1	R1	+	-	+	-	0.000000	0.000000
ERR2061608.13995980 7001289F:103:C9WFLANXX:4:2307:7420:38534/1	R1	+	-	+	-	0.544554	0.544554
ERR2061608.13995984 7001289F:103:C9WFLANXX:4:1311:3242:57378/1	R1	+	-	+	-	0.000000	0.000000
ERR2061608.13995985 7001289F:103:C9WFLANXX:3:2208:15836:11789/1	R1	-	+	-	+	0.000000	0.000000
ERR2061608.13995988 7001289F:103:C9WFLANXX:3:1310:17928:15672/1	R1	+	-	+	-	0.247706	0.247706
ERR2061608.13995990 7001289F:103:C9WFLANXX:4:2308:4327:89638/1	R1	+	-	+	-	0.654545	0.654545
ERR2061608.13995992 7001289F:103:C9WFLANXX:4:2201:2613:15638/1	R1	+	-	+	-	0.550562	0.550562
ERR2061608.13995993 7001289F:103:C9WFLANXX:4:1303:7017:65588/1	R1	+	-	+	-	0.000000	0.000000
ERR2061608.13995994 7001289F:103:C9WFLANXX:4:1305:15916:41906/1	R1	+	-	+	-	0.000000	0.000000
ERR2061608.13995995 7001289F:103:C9WFLANXX:4:1113:6824:68631/1	R1	+	-	+	-	0.500000	0.500000
ERR2061608.13995996 7001289F:103:C9WFLANXX:3:2309:1622:38016/1	R1	+	-	+	-	0.000000	0.000000
ERR2061608.13995997 7001289F:103:C9WFLANXX:4:1205:3588:44387/1	R1	-	+	-	+	0.094828	0.094828
ERR2061608.13995998 7001289F:103:C9WFLANXX:4:1104:8079:79821/1	R1	+	-	+	-	0.000000	0.000000
ERR2061608.13996005 7001289F:103:C9WFLANXX:4:2213:1783:19117/1	R1	-	+	-	+	0.102941	0.102941
ERR2061608.13996008 7001289F:103:C9WFLANXX:3:1302:2190:4783/1	R1	+	-	+	-	0.000000	0.000000
ERR2061608.13996009 7001289F:103:C9WFLANXX:3:1313:10493:8622/1	R1	+	-	+	-	0.863636	0.863636
ERR2061608.13996010 7001289F:103:C9WFLANXX:3:2315:16897:20546/1	R1	-	+	-	+	0.872727	0.872727
ERR2061608.13996012 7001289F:103:C9WFLANXX:3:2308:19613:36869/1	R1	-	+	-	+	0.000000	0.000000
ERR2061608.13996014 7001289F:103:C9WFLANXX:3:1207:3298:71225/1	R1	+	-	+	-	0.000000	0.000000
ERR2061608.13996016 7001289F:103:C9WFLANXX:3:2109:6422:71057/1	R1	-	+	-	+	0.064516	0.064516
ERR2061608.13996017 7001289F:103:C9WFLANXX:3:2116:18529:27987/1	R1	-	+	-	+	0.000000	0.000000
ERR2061608.13996018 7001289F:103:C9WFLANXX:3:1109:6565:10180/1	R1	-	+	-	+	0.950000	0.950000
ERR2061608.13996022 7001289F:103:C9WFLANXX:3:2210:18442:28760/1	R1	+	-	+	-	0.775701	0.775701
ERR2061608.13996024 7001289F:103:C9WFLANXX:4:2316:14383:37414/1	R1	+	-	+	-	0.862069	0.862069
ERR2061608.13996030 7001289F:103:C9WFLANXX:4:2214:6262:38909/1	R1	-	+	-	+	0.740000	0.740000
ERR2061608.13996031 7001289F:103:C9WFLANXX:4:1213:5851:88437/1	R1	-	+	-	+	0.000000	0.000000
ERR2061608.13996032 7001289F:103:C9WFLANXX:3:2216:4066:43403/1	R1	-	+	-	+	0.865385	0.865385
ERR2061608.14771697 7001289F:103:C9WFLANXX:3:1312:15518:57593/1	R1	-	+	-	+	0.108696	0.108696
ERR2061608.15094436 7001289F:103:C9WFLANXX:3:2101:14719:15770/1	R1	-	+	-	+	0.000000	0.000000
ERR2061608.15166269 7001289F:103:C9WFLANXX:4:2208:4475:33490/1	R1	+	-	+	-	0.863636	0.863636
ERR2061608.15214468 7001289F:103:C9WFLANXX:3:2209:15370:34247/1	R1	-	+	-	+	0.000000	0.000000
ERR2061608.15402929 7001289F:103:C9WFLANXX:4:2203:10348:59829/1	R1	+	-	+	-	0.471698	0.471698
ERR2061608.15403079 7001289F:103:C9WFLANXX:3:2312:14294:27145/1	R1	+	-	+	-	0.000000	0.000000
ERR2061608.15488553 7001289F:103:C9WFLANXX:3:2214:4050:58447/1	R1	+	-	+	-	0.387755	0.387755
ERR2061608.15586956 7001289F:103:C9WFLANXX:3:2113:4448:92091/1	R1	-	+	-	+	0.000000	0.000000
ERR2061608.15654037 7001289F:103:C9WFLANXX:3:2205:11931:63013/1	R1	+	-	+	-	0.457944	0.457944
ERR2061608.15687342 7001289F:103:C9WFLANXX:3:2305:10229:98105/1	R1	-	+	-	+	1.000000	1.000000
ERR2061608.15687992 7001289F:103:C9WFLANXX:4:1310:9843:89497/1	R1	-	+	-	+	0.950000	0.950000
ERR2061608.15792787 7001289F:103:C9WFLANXX:3:2312:19118:68512/1	R1	+	-	+	-	0.862069	0.862069
ERR2061608.15834538 7001289F:103:C9WFLANXX:4:2305:4228:48876/1	R1	+	-	+	-	0.403670	0.403670
ERR2061608.15834540 7001289F:103:C9WFLANXX:3:2311:2097:21605/1	R1	+	-	+	-	0.911111	0.911111
ERR2061608.15834541 7001289F:103:C9WFLANXX:3:2302:7820:36197/1	R1	+	-	+	-	0.000000	0.000000
ERR2061608.15834544 7001289F:103:C9WFLANXX:3:2316:3145:96461/1	R1	+	-	+	-	0.471698	0.471698
ERR2061608.15834545 7001289F:103:C9WFLANXX:3:2214:4332:64852/1	R1	+	-	+	-	0.387755	0.387755
ERR2061608.15834546 7001289F:103:C9WFLANXX:3:2305:4394:18410/1	R1	+	-	+	-	0.781250	0.781250
ERR2061608.15834547 7001289F:103:C9WFLANXX:3:2202:3933:15590/1	R1	+	-	+	-	0.491071	0.491071
ERR2061608.15834548 7001289F:103:C9WFLANXX:3:2206:17958:12175/1	R1	+	-	+	-	0.500000	0.500000
ERR2061608.15834553 7001289F:103:C9WFLANXX:3:2113:3887:20879/1	R1	+	-	+	-	0.475248	0.475248
ERR2061608.15834554 7001289F:103:C9WFLANXX:3:2113:10336:70812/1	R1	+	-	+	-	0.457944	0.457944
ERR2061608.15834555 7001289F:103:C9WFLANXX:3:1310:12053:59302/1	R1	+	-	+	-	0.457944	0.457944
ERR2061608.15834557 7001289F:103:C9WFLANXX:3:1314:9322:56814/1	R1	+	-	+	-	0.500000	0.500000
ERR2061608.15834560 7001289F:103:C9WFLANXX:3:1313:13706:8018/1	R1	+	-	+	-	0.340206	0.340206
ERR2061608.15834564 7001289F:103:C9WFLANXX:3:1312:17850:71923/1	R1	+	-	+	-	0.000000	0.000000
ERR2061608.15834566 7001289F:103:C9WFLANXX:3:1308:11545:43763/1	R1	+	-	+	-	0.471698	0.471698
ERR2061608.15834567 7001289F:103:C9WFLANXX:3:1206:12838:13933/1	R1	+	-	+	-	0.676190	0.676190
ERR2061608.15834568 7001289F:103:C9WFLANXX:3:1111:4258:15903/1	R1	+	-	+	-	0.550562	0.550562
ERR2061608.15834569 7001289F:103:C9WFLANXX:3:1207:7737:37894/1	R1	+	-	+	-	0.441860	0.441860
ERR2061608.15834571 7001289F:103:C9WFLANXX:3:1205:8599:35084/1	R1	+	-	+	-	0.830508	0.830508
ERR2061608.15834572 7001289F:103:C9WFLANXX:3:1212:9383:89691/1	R1	+	-	+	-	0.423077	0.423077
ERR2061608.15834573 7001289F:103:C9WFLANXX:3:1115:12401:84692/1	R1	+	-	+	-	0.515789	0.515789
ERR2061608.15834575 7001289F:103:C9WFLANXX:4:2311:13525:10976/1	R1	+	-	+	-	0.485149	0.485149
ERR2061608.15834578 7001289F:103:C9WFLANXX:4:2306:19542:72446/1	R1	+	-	+	-	0.417722	0.417722
ERR2061608.15834580 7001289F:103:C9WFLANXX:4:2316:3535:74993/1	R1	+	-	+	-	0.000000	0.000000
ERR2061608.15834581 7001289F:103:C9WFLANXX:4:2316:14593:91836/1	R1	+	-	+	-	0.000000	0.000000
ERR2061608.15834582 7001289F:103:C9WFLANXX:4:2307:17284:68090/1	R1	+	-	+	-	0.821782	0.821782
ERR2061608.15834584 7001289F:103:C9WFLANXX:4:2304:14699:2901/1	R1	+	-	+	-	0.471698	0.471698
ERR2061608.15834586 7001289F:103:C9WFLANXX:4:2210:16624:57513/1	R1	+	-	+	-	0.365385	0.365385
ERR2061608.15834587 7001289F:103:C9WFLANXX:4:2203:2186:39022/1	R1	+	-	+	-	0.485149	0.485149
ERR2061608.15834588 7001289F:103:C9WFLANXX:4:2215:17861:80795/1	R1	+	-	+	-	0.345455	0.345455
ERR2061608.15834589 7001289F:103:C9WFLANXX:4:2216:2894:8947/1	R1	+	-	+	-	0.345455	0.345455
ERR2061608.15834591 7001289F:103:C9WFLANXX:4:2115:18134:35420/1	R1	+	-	+	-	0.302752	0.302752
ERR2061608.15834592 7001289F:103:C9WFLANXX:4:2115:17950:49063/1	R1	+	-	+	-	0.000000	0.000000
ERR2061608.15834593 7001289F:103:C9WFLANXX:4:2113:17448:40869/1	R1	+	-	+	-	0.000000	0.000000
ERR2061608.15834596 7001289F:103:C9WFLANXX:4:1302:17222:8325/1	R1	+	-	+	-	0.457944	0.457944
ERR2061608.15834599 7001289F:103:C9WFLANXX:4:1211:12219:26076/1	R1	+	-	+	-	0.531915	0.531915
ERR2061608.15834600 7001289F:103:C9WFLANXX:4:2104:2098:37997/1	R1	+	-	+	-	0.000000	0.000000
ERR2061608.15834605 7001289F:103:C9WFLANXX:4:1206:19807:33435/1	R1	+	-	+	-	0.000000	0.000000
ERR2061608.15834606 7001289F:103:C9WFLANXX:4:1304:11661:33011/1	R1	+	-	+	-	0.531915	0.531915
ERR2061608.15834611 7001289F:103:C9WFLANXX:4:1115:18412:33545/1	R1	+	-	+	-	0.000000	0.000000
ERR2061608.15834612 7001289F:103:C9WFLANXX:4:1113:8646:95299/1	R1	+	-	+	-	0.457944	0.457944
ERR2061608.15834613 7001289F:103:C9WFLANXX:4:1116:4287:7895/1	R1	+	-	+	-	0.515789	0.515789
ERR2061608.15834614 7001289F:103:C9WFLANXX:4:1116:12372:75114/1	R1	+	-	+	-	0.471698	0.471698
ERR2061608.15834615 7001289F:103:C9WFLANXX:4:1107:9422:2031/1	R1	+	-	+	-	0.457944	0.457944
ERR2061608.15834618 7001289F:103:C9WFLANXX:3:2306:10721:88188/1	R1	+	-	+	-	0.854167	0.854167
ERR2061608.15834619 7001289F:103:C9WFLANXX:3:2203:14486:56461/1	R1	-	+	-	+	0.000000	0.000000
ERR2061608.15834620 7001289F:103:C9WFLANXX:3:2109:13086:66424/1	R1	+	-	+	-	0.513514	0.513514
ERR2061608.15834621 7001289F:103:C9WFLANXX:3:1314:8689:77841/1	R1	-	+	-	+	0.066667	0.066667
ERR2061608.15834622 7001289F:103:C9WFLANXX:3:1306:13279:89311/1	R1	+	-	+	-	0.000000	0.000000
ERR2061608.15834624 7001289F:103:C9WFLANXX:4:2315:13477:5561/1	R1	-	+	-	+	0.000000	0.000000
ERR2061608.15834625 7001289F:103:C9WFLANXX:4:2312:3717:18102/1	R1	-	+	-	+	0.112903	0.112903
ERR2061608.15834626 7001289F:103:C9WFLANXX:4:1313:14109:85801/1	R1	+	-	+	-	0.000000	0.000000
ERR2061608.15834627 7001289F:103:C9WFLANXX:4:1304:3960:60160/1	R1	-	+	-	+	0.000000	0.000000
ERR2061608.15834628 7001289F:103:C9WFLANXX:4:1108:15238:74125/1	R1	-	+	-	+	0.000000	0.000000
ERR2061608.15834630 7001289F:103:C9WFLANXX:3:2306:6192:65204/1	R1	+	-	+	-	0.568182	0.568182
ERR2061608.15834633 7001289F:103:C9WFLANXX:3:2114:18113:43377/1	R1	+	-	+	-	0.891892	0.891892
ERR2061608.15834634 7001289F:103:C9WFLANXX:3:2114:5852:47667/1	R1	+	-	+	-	0.500000	0.500000
ERR2061608.15834635 7001289F:103:C9WFLANXX:3:1310:7764:58156/1	R1	+	-	+	-	0.446429	0.446429
ERR2061608.15834638 7001289F:103:C9WFLANXX:3:2104:20872:61649/1	R1	+	-	+	-	0.000000	0.000000
ERR2061608.15834641 7001289F:103:C9WFLANXX:4:2314:10648:24833/1	R1	+	-	+	-	0.612903	0.612903
ERR2061608.15834644 7001289F:103:C9WFLANXX:4:2101:18135:40956/1	R1	+	-	+	-	0.320388	0.320388
ERR2061608.15834645 7001289F:103:C9WFLANXX:4:2107:12675:95603/1	R1	+	-	+	-	0.891892	0.891892
ERR2061608.15834648 7001289F:103:C9WFLANXX:4:1209:3369:75131/1	R1	+	-	+	-	0.924528	0.924528
ERR2061608.15834649 7001289F:103:C9WFLANXX:4:1213:13231:66356/1	R1	+	-	+	-	0.441860	0.441860
ERR2061608.15834650 7001289F:103:C9WFLANXX:4:1111:3415:88187/1	R1	+	-	+	-	0.457944	0.457944
ERR2061608.15834654 7001289F:103:C9WFLANXX:4:1316:17809:81281/1	R1	-	+	-	+	0.000000	0.000000
ERR2061608.15834656 7001289F:103:C9WFLANXX:3:2302:13580:33239/1	R1	+	-	+	-	0.628319	0.628319
ERR2061608.15834658 7001289F:103:C9WFLANXX:3:2313:19335:85636/1	R1	+	-	+	-	0.433628	0.433628
ERR2061608.15834659 7001289F:103:C9WFLANXX:3:2204:5746:21048/1	R1	+	-	+	-	0.446429	0.446429
ERR2061608.15834660 7001289F:103:C9WFLANXX:3:1304:11537:26840/1	R1	+	-	+	-	0.477876	0.477876
ERR2061608.15834663 7001289F:103:C9WFLANXX:4:2215:9170:2812/1	R1	+	-	+	-	0.568182	0.568182
ERR2061608.15834665 7001289F:103:C9WFLANXX:4:1216:13307:56775/1	R1	+	-	+	-	0.446429	0.446429
ERR2061608.15834666 7001289F:103:C9WFLANXX:3:2313:5473:60616/1	R1	+	-	+	-	0.000000	0.000000
ERR2061608.15834668 7001289F:103:C9WFLANXX:3:2109:5164:88089/1	R1	+	-	+	-	0.603960	0.603960
ERR2061608.15834671 7001289F:103:C9WFLANXX:3:2104:11826:53849/1	R1	+	-	+	-	0.457944	0.457944
ERR2061608.15834673 7001289F:103:C9WFLANXX:4:2306:20974:11767/1	R1	+	-	+	-	0.457944	0.457944
ERR2061608.15834674 7001289F:103:C9WFLANXX:4:2304:13571:22242/1	R1	+	-	+	-	0.590361	0.590361
ERR2061608.15834676 7001289F:103:C9WFLANXX:4:1215:6398:4642/1	R1	+	-	+	-	0.568182	0.568182
ERR2061608.15834677 7001289F:103:C9WFLANXX:3:2205:7948:14236/1	R1	+	-	+	-	0.446429	0.446429
ERR2061608.15834678 7001289F:103:C9WFLANXX:3:1114:6158:14705/1	R1	-	+	-	+	0.247863	0.247863
ERR2061608.15834683 7001289F:103:C9WFLANXX:3:1311:7737:40346/1	R1	+	-	+	-	0.625000	0.625000
ERR2061608.15834686 7001289F:103:C9WFLANXX:4:2113:13925:16520/1	R1	+	-	+	-	0.000000	0.000000
ERR2061608.15834690 7001289F:103:C9WFLANXX:3:1104:2203:23935/1	R1	-	+	-	+	0.000000	0.000000
ERR2061608.15834693 7001289F:103:C9WFLANXX:3:1303:9509:86739/1	R1	+	-	+	-	0.550562	0.550562
ERR2061608.15834694 7001289F:103:C9WFLANXX:3:1315:12743:73855/1	R1	+	-	+	-	0.590361	0.590361
ERR2061608.15834697 7001289F:103:C9WFLANXX:3:1112:15916:13244/1	R1	+	-	+	-	0.302752	0.302752
ERR2061608.15834699 7001289F:103:C9WFLANXX:4:2213:14238:61922/1	R1	+	-	+	-	0.000000	0.000000
ERR2061608.15834702 7001289F:103:C9WFLANXX:3:1105:14919:52040/1	R1	-	+	-	+	0.000000	0.000000
ERR2061608.15834704 7001289F:103:C9WFLANXX:3:2204:5131:93506/1	R1	+	-	+	-	0.345455	0.345455
ERR2061608.15834705 7001289F:103:C9WFLANXX:3:1303:5422:15539/1	R1	+	-	+	-	0.302752	0.302752
ERR2061608.15834706 7001289F:103:C9WFLANXX:4:2116:4744:18948/1	R1	+	-	+	-	0.365385	0.365385
ERR2061608.15834708 7001289F:103:C9WFLANXX:3:2311:2277:9089/1	R1	+	-	+	-	0.381818	0.381818
ERR2061608.15834709 7001289F:103:C9WFLANXX:3:1208:6728:23293/1	R1	+	-	+	-	0.446429	0.446429
ERR2061608.15834710 7001289F:103:C9WFLANXX:4:1108:15854:14768/1	R1	+	-	+	-	0.446429	0.446429
ERR2061608.15834713 7001289F:103:C9WFLANXX:3:1208:17559:81739/1	R1	+	-	+	-	0.600000	0.600000
ERR2061608.15834715 7001289F:103:C9WFLANXX:4:2112:1843:51618/1	R1	-	+	-	+	0.000000	0.000000
ERR2061608.15834716 7001289F:103:C9WFLANXX:3:1111:12707:57809/1	R1	+	-	+	-	0.830508	0.830508
ERR2061608.15834717 7001289F:103:C9WFLANXX:3:2102:4660:61352/1	R1	+	-	+	-	0.636364	0.636364
ERR2061608.15834719 7001289F:103:C9WFLANXX:3:1112:2520:93323/1	R1	+	-	+	-	0.560748	0.560748
ERR2061608.15834720 7001289F:103:C9WFLANXX:4:1303:15434:6946/1	R1	-	+	-	+	0.000000	0.000000
ERR2061608.15834722 7001289F:103:C9WFLANXX:3:2213:13716:55625/1	R1	+	-	+	-	0.514019	0.514019
ERR2061608.15834723 7001289F:103:C9WFLANXX:3:2310:6051:60977/1	R1	+	-	+	-	0.000000	0.000000
ERR2061608.15834724 7001289F:103:C9WFLANXX:3:2101:3371:53921/1	R1	+	-	+	-	0.403846	0.403846
ERR2061608.15834725 7001289F:103:C9WFLANXX:3:1312:4893:50199/1	R1	+	-	+	-	0.673469	0.673469
ERR2061608.15834728 7001289F:103:C9WFLANXX:3:2305:6620:19307/1	R1	+	-	+	-	0.433628	0.433628
ERR2061608.15834729 7001289F:103:C9WFLANXX:3:2214:18842:55455/1	R1	-	+	-	+	0.000000	0.000000
ERR2061608.15834731 7001289F:103:C9WFLANXX:3:2209:10309:29297/1	R1	-	+	-	+	0.000000	0.000000
ERR2061608.15834735 7001289F:103:C9WFLANXX:3:2110:17556:96091/1	R1	+	-	+	-	0.492537	0.492537
ERR2061608.15834738 7001289F:103:C9WFLANXX:4:1314:2420:66411/1	R1	+	-	+	-	0.340206	0.340206
ERR2061608.15834739 7001289F:103:C9WFLANXX:3:2315:18372:4326/1	R1	-	+	-	+	0.758065	0.758065
ERR2061608.15834741 7001289F:103:C9WFLANXX:3:1310:8775:77628/1	R1	-	+	-	+	0.000000	0.000000
ERR2061608.15834744 7001289F:103:C9WFLANXX:4:2211:18401:36197/1	R1	+	-	+	-	0.861111	0.861111
ERR2061608.15834747 7001289F:103:C9WFLANXX:4:2305:5410:83282/1	R1	+	-	+	-	0.500000	0.500000
ERR2061608.15834748 7001289F:103:C9WFLANXX:4:1308:11585:36754/1	R1	-	+	-	+	0.000000	0.000000
ERR2061608.15834749 7001289F:103:C9WFLANXX:4:2205:14878:75696/1	R1	-	+	-	+	0.950000	0.950000
ERR2061608.15834750 7001289F:103:C9WFLANXX:3:2106:8833:23413/1	R1	-	+	-	+	0.000000	0.000000
ERR2061608.15834756 7001289F:103:C9WFLANXX:4:2203:11317:5948/1	R1	+	-	+	-	0.863636	0.863636
ERR2061608.15834759 7001289F:103:C9WFLANXX:3:1103:3055:16349/1	R1	+	-	+	-	0.000000	0.000000
ERR2061608.15834762 7001289F:103:C9WFLANXX:4:1308:15925:71269/1	R1	+	-	+	-	0.000000	0.000000
ERR2061608.15834764 7001289F:103:C9WFLANXX:3:2102:16361:98828/1	R1	-	+	-	+	0.000000	0.000000
ERR2061608.15834765 7001289F:103:C9WFLANXX:4:1211:4521:32484/1	R1	+	-	+	-	0.924528	0.924528
ERR2061608.15834766 7001289F:103:C9WFLANXX:4:1104:4306:54620/1	R1	+	-	+	-	0.471154	0.471154
ERR2061608.15834767 7001289F:103:C9WFLANXX:3:2307:9789:70442/1	R1	+	-	+	-	0.862069	0.862069
ERR2061608.15834771 7001289F:103:C9WFLANXX:4:1315:7450:37277/1	R1	-	+	-	+	0.000000	0.000000
ERR2061608.15834772 7001289F:103:C9WFLANXX:3:2214:17282:31541/1	R1	+	-	+	-	0.446429	0.446429
ERR2061608.15834773 7001289F:103:C9WFLANXX:3:2107:20070:80817/1	R1	-	+	-	+	0.000000	0.000000
ERR2061608.15834785 7001289F:103:C9WFLANXX:3:2201:7416:7063/1	R1	+	-	+	-	0.388235	0.388235
ERR2061608.15834786 7001289F:103:C9WFLANXX:4:1109:10440:20533/1	R1	+	-	+	-	0.000000	0.000000
ERR2061608.15834788 7001289F:103:C9WFLANXX:4:1205:4693:87383/1	R1	-	+	-	+	0.000000	0.000000
ERR2061608.15834791 7001289F:103:C9WFLANXX:4:2107:19611:37146/1	R1	-	+	-	+	0.131148	0.131148
ERR2061608.15834793 7001289F:103:C9WFLANXX:4:1210:9354:72609/1	R1	+	-	+	-	0.111111	0.111111
ERR2061608.15834795 7001289F:103:C9WFLANXX:4:1211:19501:50103/1	R1	-	+	-	+	0.000000	0.000000
ERR2061608.15834803 7001289F:103:C9WFLANXX:4:1316:15839:78182/1	R1	+	-	+	-	0.261905	0.261905
ERR2061608.15834804 7001289F:103:C9WFLANXX:3:2106:9304:42809/1	R1	+	-	+	-	0.775701	0.775701
ERR2061608.15834806 7001289F:103:C9WFLANXX:3:2201:15482:40614/1	R1	-	+	-	+	0.000000	0.000000
ERR2061608.15834807 7001289F:103:C9WFLANXX:4:1305:3186:40972/1	R1	-	+	-	+	0.000000	0.000000
ERR2061608.15834809 7001289F:103:C9WFLANXX:3:2312:20117:73568/1	R1	+	-	+	-	0.409091	0.409091
ERR2061608.15834814 7001289F:103:C9WFLANXX:4:1111:15961:21513/1	R1	+	-	+	-	0.320388	0.320388
ERR2061608.15834815 7001289F:103:C9WFLANXX:4:2110:7380:25467/1	R1	+	-	+	-	0.000000	0.000000
ERR2061608.15834816 7001289F:103:C9WFLANXX:3:1206:10748:73823/1	R1	+	-	+	-	0.000000	0.000000
ERR2061608.15834817 7001289F:103:C9WFLANXX:3:1209:20035:75933/1	R1	+	-	+	-	0.678571	0.678571
ERR2061608.15834819 7001289F:103:C9WFLANXX:3:1316:6100:33361/1	R1	+	-	+	-	0.000000	0.000000
ERR2061608.15834822 7001289F:103:C9WFLANXX:4:1316:9275:15753/1	R1	+	-	+	-	0.753846	0.753846
ERR2061608.15834823 7001289F:103:C9WFLANXX:3:2206:15140:33910/1	R1	+	-	+	-	0.961538	0.961538
ERR2061608.15834824 7001289F:103:C9WFLANXX:3:2206:17752:49859/1	R1	-	+	-	+	0.000000	0.000000
ERR2061608.15834827 7001289F:103:C9WFLANXX:3:1112:9735:55406/1	R1	+	-	+	-	0.976190	0.976190
ERR2061608.15834829 7001289F:103:C9WFLANXX:3:2313:5932:31348/1	R1	-	+	-	+	0.245614	0.245614
ERR2061608.15834830 7001289F:103:C9WFLANXX:3:2203:14172:2019/1	R1	+	-	+	-	0.568182	0.568182
ERR2061608.15834832 7001289F:103:C9WFLANXX:3:1112:8259:98151/1	R1	+	-	+	-	0.500000	0.500000
ERR2061608.15834833 7001289F:103:C9WFLANXX:4:1312:19827:59241/1	R1	-	+	-	+	0.147059	0.147059
ERR2061608.15834835 7001289F:103:C9WFLANXX:3:1316:5792:83842/1	R1	+	-	+	-	0.345455	0.345455
ERR2061608.15834837 7001289F:103:C9WFLANXX:4:2110:8383:58775/1	R1	+	-	+	-	0.345455	0.345455
ERR2061608.15834838 7001289F:103:C9WFLANXX:4:2216:10578:26305/1	R1	+	-	+	-	0.345455	0.345455
ERR2061608.15834840 7001289F:103:C9WFLANXX:4:1202:19448:56014/1	R1	+	-	+	-	0.639640	0.639640
ERR2061608.15834841 7001289F:103:C9WFLANXX:4:1112:16587:46166/1	R1	+	-	+	-	0.345455	0.345455
ERR2061608.15834843 7001289F:103:C9WFLANXX:4:2112:18695:83297/1	R1	-	+	-	+	0.000000	0.000000
ERR2061608.15834846 7001289F:103:C9WFLANXX:3:2203:19310:54803/1	R1	+	-	+	-	0.000000	0.000000
ERR2061608.15834847 7001289F:103:C9WFLANXX:3:2207:15501:36965/1	R1	+	-	+	-	0.000000	0.000000
ERR2061608.15834848 7001289F:103:C9WFLANXX:3:2205:12435:23899/1	R1	+	-	+	-	0.000000	0.000000
ERR2061608.15834849 7001289F:103:C9WFLANXX:3:1305:10103:48273/1	R1	+	-	+	-	0.320388	0.320388
ERR2061608.15834850 7001289F:103:C9WFLANXX:4:2116:6862:6466/1	R1	+	-	+	-	0.000000	0.000000
ERR2061608.15834852 7001289F:103:C9WFLANXX:3:2302:6922:19635/1	R1	+	-	+	-	0.457944	0.457944
ERR2061608.15834854 7001289F:103:C9WFLANXX:3:1303:13883:64065/1	R1	+	-	+	-	0.457944	0.457944
ERR2061608.15834855 7001289F:103:C9WFLANXX:3:1315:20016:80081/1	R1	+	-	+	-	0.433628	0.433628
ERR2061608.15834862 7001289F:103:C9WFLANXX:4:1215:4145:95510/1	R1	+	-	+	-	0.433628	0.433628
ERR2061608.15834864 7001289F:103:C9WFLANXX:3:1105:10404:48872/1	R1	+	-	+	-	0.446429	0.446429
ERR2061608.15834865 7001289F:103:C9WFLANXX:3:2303:19528:33566/1	R1	+	-	+	-	0.471698	0.471698
ERR2061608.15834867 7001289F:103:C9WFLANXX:3:1304:9694:96069/1	R1	+	-	+	-	0.471698	0.471698
ERR2061608.15834872 7001289F:103:C9WFLANXX:4:2107:11438:28269/1	R1	+	-	+	-	0.446429	0.446429
ERR2061608.15834875 7001289F:103:C9WFLANXX:4:2306:4185:46497/1	R1	-	+	-	+	0.000000	0.000000
ERR2061608.15834876 7001289F:103:C9WFLANXX:3:2216:7452:87996/1	R1	+	-	+	-	0.000000	0.000000
ERR2061608.15834879 7001289F:103:C9WFLANXX:4:1214:3178:27535/1	R1	+	-	+	-	0.448980	0.448980
ERR2061608.15834880 7001289F:103:C9WFLANXX:3:2310:13055:86938/1	R1	+	-	+	-	0.302752	0.302752
ERR2061608.15834881 7001289F:103:C9WFLANXX:4:2104:16191:21593/1	R1	+	-	+	-	0.302752	0.302752
ERR2061608.15834882 7001289F:103:C9WFLANXX:3:2213:17181:86787/1	R1	+	-	+	-	0.000000	0.000000
ERR2061608.15834884 7001289F:103:C9WFLANXX:3:2102:6527:2401/1	R1	+	-	+	-	0.000000	0.000000
ERR2061608.15834885 7001289F:103:C9WFLANXX:4:1305:20845:51824/1	R1	+	-	+	-	0.560748	0.560748
ERR2061608.15834886 7001289F:103:C9WFLANXX:4:1110:17913:32462/1	R1	-	+	-	+	0.083333	0.083333
ERR2061608.15834888 7001289F:103:C9WFLANXX:3:1114:14392:37188/1	R1	+	-	+	-	0.471698	0.471698
ERR2061608.15834895 7001289F:103:C9WFLANXX:4:2212:3964:80863/1	R1	-	+	-	+	0.312500	0.312500
ERR2061608.15834897 7001289F:103:C9WFLANXX:4:2312:9510:26304/1	R1	+	-	+	-	0.475000	0.475000
ERR2061608.15834899 7001289F:103:C9WFLANXX:4:2314:21079:73288/1	R1	+	-	+	-	0.924528	0.924528
ERR2061608.15834900 7001289F:103:C9WFLANXX:3:1308:1765:91608/1	R1	+	-	+	-	0.000000	0.000000
ERR2061608.15834901 7001289F:103:C9WFLANXX:4:2116:14774:47063/1	R1	-	+	-	+	0.000000	0.000000
ERR2061608.15834902 7001289F:103:C9WFLANXX:4:2304:8790:88553/1	R1	+	-	+	-	0.365385	0.365385
ERR2061608.15834903 7001289F:103:C9WFLANXX:3:1208:9716:77979/1	R1	-	+	-	+	0.080000	0.080000
ERR2061608.15834904 7001289F:103:C9WFLANXX:4:2103:13418:76225/1	R1	+	-	+	-	0.830508	0.830508
ERR2061608.15834909 7001289F:103:C9WFLANXX:3:2304:16451:91921/1	R1	-	+	-	+	0.000000	0.000000
ERR2061608.15834912 7001289F:103:C9WFLANXX:4:2313:6810:65154/1	R1	+	-	+	-	0.500000	0.500000
ERR2061608.15834915 7001289F:103:C9WFLANXX:4:2313:20144:6920/1	R1	-	+	-	+	0.000000	0.000000
ERR2061608.15834916 7001289F:103:C9WFLANXX:3:1114:8540:87848/1	R1	+	-	+	-	0.657895	0.657895
ERR2061608.15834917 7001289F:103:C9WFLANXX:3:1211:7881:64476/1	R1	+	-	+	-	0.657895	0.657895
ERR2061608.15834922 7001289F:103:C9WFLANXX:3:2216:13773:95904/1	R1	+	-	+	-	0.000000	0.000000
ERR2061608.15834923 7001289F:103:C9WFLANXX:4:2210:5111:28671/1	R1	+	-	+	-	0.690141	0.690141
ERR2061608.15834924 7001289F:103:C9WFLANXX:4:1216:9639:43120/1	R1	+	-	+	-	0.567568	0.567568
ERR2061608.15834926 7001289F:103:C9WFLANXX:3:1115:12849:78154/1	R1	+	-	+	-	0.891892	0.891892
ERR2061608.15834927 7001289F:103:C9WFLANXX:4:2201:8554:51826/1	R1	-	+	-	+	0.087500	0.087500
ERR2061608.15834928 7001289F:103:C9WFLANXX:3:1315:19500:88170/1	R1	-	+	-	+	0.000000	0.000000
ERR2061608.15834929 7001289F:103:C9WFLANXX:3:2301:20457:42737/1	R1	-	+	-	+	0.101266	0.101266
ERR2061608.15834931 7001289F:103:C9WFLANXX:3:2106:14421:89360/1	R1	-	+	-	+	0.269231	0.269231
ERR2061608.15834932 7001289F:103:C9WFLANXX:3:1308:2487:6908/1	R1	-	+	-	+	0.093333	0.093333
ERR2061608.15834934 7001289F:103:C9WFLANXX:3:2311:17496:5996/1	R1	-	+	-	+	0.084507	0.084507
ERR2061608.15834935 7001289F:103:C9WFLANXX:3:1215:10808:37325/1	R1	+	-	+	-	0.000000	0.000000
ERR2061608.15834936 7001289F:103:C9WFLANXX:4:2105:13250:41879/1	R1	+	-	+	-	0.924528	0.924528
ERR2061608.15834937 7001289F:103:C9WFLANXX:3:1309:11571:5645/1	R1	-	+	-	+	0.112903	0.112903
ERR2061608.15834939 7001289F:103:C9WFLANXX:4:2115:11964:3816/1	R1	-	+	-	+	0.000000	0.000000
ERR2061608.15834940 7001289F:103:C9WFLANXX:4:2312:18563:96059/1	R1	+	-	+	-	0.340206	0.340206
ERR2061608.16085399 7001289F:103:C9WFLANXX:4:2215:17289:82816/1	R1	+	-	+	-	0.357798	0.357798
ERR2061608.16677509 7001289F:103:C9WFLANXX:3:2313:13266:89035/1	R1	+	-	+	-	0.557895	0.557895
ERR2061608.16831376 7001289F:103:C9WFLANXX:3:1309:4265:55957/1	R1	+	-	+	-	0.345455	0.345455
ERR2061608.16831451 7001289F:103:C9WFLANXX:3:1113:14022:97668/1	R1	+	-	+	-	0.600000	0.600000
ERR2061608.16831471 7001289F:103:C9WFLANXX:3:1307:1491:71485/1	R1	+	-	+	-	0.534653	0.534653
ERR2061608.17334778 7001289F:103:C9WFLANXX:3:1102:1701:58968/1	R1	+	-	+	-	0.345455	0.345455
ERR2061608.17385405 7001289F:103:C9WFLANXX:3:2303:3863:34850/1	R1	+	-	+	-	0.446429	0.446429
ERR2061608.17385406 7001289F:103:C9WFLANXX:3:2115:5275:38585/1	R1	+	-	+	-	0.446429	0.446429
ERR2061608.17385411 7001289F:103:C9WFLANXX:4:1114:3317:76216/1	R1	+	-	+	-	0.446429	0.446429
ERR2061608.17385413 7001289F:103:C9WFLANXX:3:2202:14784:80202/1	R1	+	-	+	-	0.590361	0.590361
ERR2061608.17385414 7001289F:103:C9WFLANXX:3:1207:4586:44247/1	R1	+	-	+	-	0.976190	0.976190
ERR2061608.17385415 7001289F:103:C9WFLANXX:3:1112:7729:24709/1	R1	+	-	+	-	0.433628	0.433628
ERR2061608.17385416 7001289F:103:C9WFLANXX:4:2314:3161:52287/1	R1	+	-	+	-	0.495327	0.495327
ERR2061608.17385420 7001289F:103:C9WFLANXX:4:1313:20599:88201/1	R1	+	-	+	-	0.433628	0.433628
ERR2061608.17385421 7001289F:103:C9WFLANXX:4:2104:13765:82128/1	R1	+	-	+	-	0.446429	0.446429
ERR2061608.17385423 7001289F:103:C9WFLANXX:4:1115:5992:48998/1	R1	+	-	+	-	0.433628	0.433628
ERR2061608.17385428 7001289F:103:C9WFLANXX:3:2203:3641:29108/1	R1	+	-	+	-	0.000000	0.000000
ERR2061608.17385429 7001289F:103:C9WFLANXX:3:2206:3413:77402/1	R1	+	-	+	-	0.471698	0.471698
ERR2061608.17385430 7001289F:103:C9WFLANXX:3:1302:20180:25678/1	R1	+	-	+	-	0.500000	0.500000
ERR2061608.17385431 7001289F:103:C9WFLANXX:3:1215:18948:77679/1	R1	+	-	+	-	0.000000	0.000000
ERR2061608.17385432 7001289F:103:C9WFLANXX:4:2303:5501:53686/1	R1	+	-	+	-	0.000000	0.000000
ERR2061608.17385434 7001289F:103:C9WFLANXX:4:2207:4170:72913/1	R1	+	-	+	-	0.000000	0.000000
ERR2061608.17385435 7001289F:103:C9WFLANXX:4:1313:14261:81479/1	R1	+	-	+	-	0.101852	0.101852
ERR2061608.17385436 7001289F:103:C9WFLANXX:4:1205:18971:32298/1	R1	+	-	+	-	0.457944	0.457944
ERR2061608.17385438 7001289F:103:C9WFLANXX:3:1109:5986:38160/1	R1	+	-	+	-	0.471698	0.471698
ERR2061608.17385442 7001289F:103:C9WFLANXX:4:2204:9368:89747/1	R1	+	-	+	-	0.457944	0.457944
ERR2061608.17385443 7001289F:103:C9WFLANXX:3:1311:19549:8511/1	R1	-	+	-	+	0.000000	0.000000
ERR2061608.17385444 7001289F:103:C9WFLANXX:3:1104:7891:16402/1	R1	+	-	+	-	0.000000	0.000000
ERR2061608.17385446 7001289F:103:C9WFLANXX:3:2309:18618:35866/1	R1	+	-	+	-	0.634615	0.634615
ERR2061608.17385447 7001289F:103:C9WFLANXX:3:2210:8049:67039/1	R1	+	-	+	-	0.413043	0.413043
ERR2061608.17385449 7001289F:103:C9WFLANXX:3:1316:18188:10076/1	R1	+	-	+	-	0.302752	0.302752
ERR2061608.17385450 7001289F:103:C9WFLANXX:3:1304:13009:88838/1	R1	+	-	+	-	0.345455	0.345455
ERR2061608.17385453 7001289F:103:C9WFLANXX:4:2102:17240:64203/1	R1	+	-	+	-	0.000000	0.000000
ERR2061608.17385454 7001289F:103:C9WFLANXX:4:1305:6079:96167/1	R1	+	-	+	-	0.345455	0.345455
ERR2061608.17385456 7001289F:103:C9WFLANXX:4:1112:5005:21100/1	R1	+	-	+	-	0.000000	0.000000
ERR2061608.17385457 7001289F:103:C9WFLANXX:3:1101:15305:53999/1	R1	+	-	+	-	0.000000	0.000000
ERR2061608.17385458 7001289F:103:C9WFLANXX:3:1104:10547:34117/1	R1	+	-	+	-	0.000000	0.000000
ERR2061608.17385464 7001289F:103:C9WFLANXX:3:2102:4419:51422/1	R1	+	-	+	-	0.000000	0.000000
ERR2061608.17385469 7001289F:103:C9WFLANXX:4:2216:9601:71074/1	R1	-	+	-	+	0.666667	0.666667
ERR2061608.17385472 7001289F:103:C9WFLANXX:3:2113:12406:17545/1	R1	+	-	+	-	0.863636	0.863636
ERR2061608.17385474 7001289F:103:C9WFLANXX:4:2206:5070:27457/1	R1	-	+	-	+	0.000000	0.000000
ERR2061608.17385476 7001289F:103:C9WFLANXX:3:1111:14626:25738/1	R1	+	-	+	-	0.976190	0.976190
ERR2061608.17385477 7001289F:103:C9WFLANXX:3:2209:18547:13774/1	R1	+	-	+	-	0.550562	0.550562
ERR2061608.17385478 7001289F:103:C9WFLANXX:3:2101:9748:38869/1	R1	-	+	-	+	0.061728	0.061728
ERR2061608.17385487 7001289F:103:C9WFLANXX:3:2213:19502:56245/1	R1	+	-	+	-	0.417722	0.417722
ERR2061608.17385489 7001289F:103:C9WFLANXX:3:2205:18960:21813/1	R1	+	-	+	-	0.000000	0.000000
ERR2061608.17385490 7001289F:103:C9WFLANXX:4:1315:16090:63859/1	R1	+	-	+	-	0.000000	0.000000
ERR2061608.17385496 7001289F:103:C9WFLANXX:4:1206:15413:21191/1	R1	+	-	+	-	0.000000	0.000000
ERR2061608.17385499 7001289F:103:C9WFLANXX:3:1206:16866:49078/1	R1	-	+	-	+	0.402062	0.402062
ERR2061608.17385502 7001289F:103:C9WFLANXX:4:2209:1399:41178/1	R1	+	-	+	-	0.457944	0.457944
ERR2061608.17385503 7001289F:103:C9WFLANXX:4:2108:8442:56956/1	R1	-	+	-	+	0.000000	0.000000
ERR2061608.17385504 7001289F:103:C9WFLANXX:3:2308:3096:94986/1	R1	-	+	-	+	0.116667	0.116667
ERR2061608.17385509 7001289F:103:C9WFLANXX:4:2202:12424:85207/1	R1	-	+	-	+	0.000000	0.000000
ERR2061608.17385510 7001289F:103:C9WFLANXX:4:1107:8225:78266/1	R1	+	-	+	-	0.000000	0.000000
ERR2061608.17385513 7001289F:103:C9WFLANXX:3:1301:4419:90469/1	R1	+	-	+	-	0.441860	0.441860
ERR2061608.17385515 7001289F:103:C9WFLANXX:4:2312:4908:42297/1	R1	-	+	-	+	0.000000	0.000000
ERR2061608.17385518 7001289F:103:C9WFLANXX:4:2203:3036:85271/1	R1	-	+	-	+	0.000000	0.000000
ERR2061608.17385520 7001289F:103:C9WFLANXX:3:1110:11030:93393/1	R1	-	+	-	+	0.000000	0.000000
ERR2061608.17385521 7001289F:103:C9WFLANXX:3:1207:9278:21113/1	R1	-	+	-	+	0.448276	0.448276
ERR2061608.17385523 7001289F:103:C9WFLANXX:3:2115:14376:64079/1	R1	+	-	+	-	0.000000	0.000000
ERR2061608.17385525 7001289F:103:C9WFLANXX:4:2306:15431:98019/1	R1	+	-	+	-	0.673469	0.673469
ERR2061608.17385526 7001289F:103:C9WFLANXX:4:1209:6566:15609/1	R1	+	-	+	-	0.000000	0.000000
ERR2061608.17385528 7001289F:103:C9WFLANXX:3:1208:2126:61690/1	R1	+	-	+	-	0.388235	0.388235
ERR2061608.17385529 7001289F:103:C9WFLANXX:4:2116:12451:49543/1	R1	+	-	+	-	0.000000	0.000000
ERR2061608.17385531 7001289F:103:C9WFLANXX:4:1203:15470:72602/1	R1	+	-	+	-	0.558824	0.558824
ERR2061608.17385532 7001289F:103:C9WFLANXX:4:1312:2016:9025/1	R1	-	+	-	+	0.000000	0.000000
ERR2061608.17385533 7001289F:103:C9WFLANXX:4:1107:7255:58669/1	R1	-	+	-	+	0.000000	0.000000
ERR2061608.17385534 7001289F:103:C9WFLANXX:3:2116:17438:59737/1	R1	-	+	-	+	0.000000	0.000000
ERR2061608.17385537 7001289F:103:C9WFLANXX:4:1307:7132:83161/1	R1	+	-	+	-	0.590361	0.590361
ERR2061608.17385540 7001289F:103:C9WFLANXX:4:2315:2209:24851/1	R1	+	-	+	-	0.388235	0.388235
ERR2061608.17385541 7001289F:103:C9WFLANXX:4:2209:16164:23988/1	R1	-	+	-	+	0.000000	0.000000
ERR2061608.17385542 7001289F:103:C9WFLANXX:4:1102:2472:87047/1	R1	+	-	+	-	0.690141	0.690141
ERR2061608.17385544 7001289F:103:C9WFLANXX:4:2304:18035:98500/1	R1	-	+	-	+	0.000000	0.000000
ERR2061608.17385545 7001289F:103:C9WFLANXX:4:1111:16755:9706/1	R1	-	+	-	+	0.119403	0.119403
ERR2061608.17385549 7001289F:103:C9WFLANXX:3:2303:6256:23796/1	R1	+	-	+	-	0.673469	0.673469
ERR2061608.17385552 7001289F:103:C9WFLANXX:3:1216:11401:70607/1	R1	-	+	-	+	0.000000	0.000000
ERR2061608.17385556 7001289F:103:C9WFLANXX:3:1209:19853:74588/1	R1	-	+	-	+	0.000000	0.000000
ERR2061608.17385558 7001289F:103:C9WFLANXX:4:1203:3564:68644/1	R1	+	-	+	-	0.891892	0.891892
ERR2061608.17479295 7001289F:103:C9WFLANXX:3:1102:7815:7594/1	R1	+	-	+	-	0.362637	0.362637
ERR2061608.17500047 7001289F:103:C9WFLANXX:3:1203:7352:20364/1	R1	+	-	+	-	0.495327	0.495327
ERR2061608.17606138 7001289F:103:C9WFLANXX:4:2113:3225:15180/1	R1	+	-	+	-	0.518868	0.518868
ERR2061608.17717808 7001289F:103:C9WFLANXX:3:2208:1786:41638/1	R1	-	+	-	+	0.000000	0.000000
ERR2061608.18332875 7001289F:103:C9WFLANXX:3:2309:10772:66291/1	R1	-	+	-	+	0.227273	0.227273
ERR2061608.19253988 7001289F:103:C9WFLANXX:3:1205:7289:10970/1	R1	+	-	+	-	0.000000	0.000000
ERR2061608.19284209 7001289F:103:C9WFLANXX:3:1212:5561:55692/1	R1	+	-	+	-	0.000000	0.000000
ERR2061608.19363659 7001289F:103:C9WFLANXX:3:1112:12955:95552/1	R1	-	+	-	+	0.904762	0.904762
ERR2061608.19472173 7001289F:103:C9WFLANXX:4:2316:10474:77530/1	R1	-	+	-	+	0.250000	0.250000
ERR2061608.19600207 7001289F:103:C9WFLANXX:4:2214:8895:51042/1	R1	-	+	-	+	0.950000	0.950000
ERR2061608.19830453 7001289F:103:C9WFLANXX:4:2101:4966:81103/1	R1	-	+	-	+	0.950000	0.950000
ERR2061608.20175618 7001289F:103:C9WFLANXX:4:1202:16592:32924/1	R1	+	-	+	-	0.000000	0.000000
ERR2061608.20444821 7001289F:103:C9WFLANXX:4:1204:7351:54001/1	R1	-	+	-	+	0.526316	0.526316
ERR2061608.20504836 7001289F:103:C9WFLANXX:4:1108:2306:43726/1	R1	-	+	-	+	0.000000	0.000000
